I1209 00:52:50.890033  7161 logging.cpp:172] INFO level logging started!
I1209 00:52:50.890189  7161 main.cpp:156] Build: 2015-03-26 13:36:52 by root
I1209 00:52:50.890200  7161 main.cpp:158] Version: 0.22.0
I1209 00:52:50.890205  7161 main.cpp:161] Git tag: 0.22.0
I1209 00:52:50.890210  7161 main.cpp:165] Git SHA: e890e2414903bb69cab730d5204f10b10d2e91bb
I1209 00:52:50.890277  7161 containerizer.cpp:110] Using isolation: posix/cpu,posix/mem
I1209 00:52:50.890422  7161 main.cpp:200] Starting Mesos slave
I1209 00:52:50.890609  7161 slave.cpp:174] Slave started on 1)@10.0.0.5:5051
I1209 00:52:50.890714  7161 slave.cpp:299] Slave resources: cpus(*):1; mem(*):2927; disk(*):33172; ports(*):[31000-32000]
I1209 00:52:50.890733  7161 slave.cpp:328] Slave hostname: n4
I1209 00:52:50.890739  7161 slave.cpp:329] Slave checkpoint: true
2015-12-09 00:52:50,910:7161(0x7f565ce02700):ZOO_INFO@log_env@712: Client environment:zookeeper.version=zookeeper C client 3.4.5
2015-12-09 00:52:50,910:7161(0x7f565ce02700):ZOO_INFO@log_env@716: Client environment:host.name=b58abb9488e9
2015-12-09 00:52:50,910:7161(0x7f565ce02700):ZOO_INFO@log_env@723: Client environment:os.name=Linux
2015-12-09 00:52:50,910:7161(0x7f565ce02700):ZOO_INFO@log_env@724: Client environment:os.arch=4.1.12-boot2docker
2015-12-09 00:52:50,910:7161(0x7f565ce02700):ZOO_INFO@log_env@725: Client environment:os.version=#1 SMP Tue Nov 3 06:03:36 UTC 2015
2015-12-09 00:52:50,910:7161(0x7f565ce02700):ZOO_INFO@log_env@733: Client environment:user.name=(null)
2015-12-09 00:52:50,910:7161(0x7f565ce02700):ZOO_INFO@log_env@741: Client environment:user.home=/root
2015-12-09 00:52:50,910:7161(0x7f565ce02700):ZOO_INFO@log_env@753: Client environment:user.dir=/var/lib/mesos/slave
2015-12-09 00:52:50,910:7161(0x7f565ce02700):ZOO_INFO@zookeeper_init@786: Initiating client connection, host=n1:2181,n2:2181,n3:2181,n4:2181,n5:2181 sessionTimeout=10000 watcher=0x7f5666231200 sessionId=0 sessionPasswd=<null> context=0x7f564c003110 flags=0
2015-12-09 00:52:50,923:7161(0x7f565a5c7700):ZOO_INFO@check_events@1703: initiated connection to server [10.0.0.6:2181]
2015-12-09 00:52:50,923:7161(0x7f565a5c7700):ZOO_INFO@check_events@1750: session establishment complete on server [10.0.0.6:2181], sessionId=0x151840888c60009, negotiated timeout=10000
I1209 00:52:50.923744  7168 group.cpp:313] Group process (group(1)@10.0.0.5:5051) connected to ZooKeeper
I1209 00:52:50.923768  7168 group.cpp:790] Syncing group operations: queue size (joins, cancels, datas) = (0, 0, 0)
I1209 00:52:50.923776  7168 group.cpp:385] Trying to create path '/mesos' in ZooKeeper
I1209 00:52:50.936954  7168 detector.cpp:138] Detected a new leader: (id='7')
I1209 00:52:50.937041  7168 group.cpp:659] Trying to get '/mesos/info_0000000007' in ZooKeeper
I1209 00:52:50.937711  7168 detector.cpp:452] A new leading master (UPID=master@10.0.0.4:5050) is detected
I1209 00:52:50.944540  7165 state.cpp:35] Recovering state from '/var/lib/mesos/slave/meta'
I1209 00:52:50.976900  7167 status_update_manager.cpp:197] Recovering status update manager
I1209 00:52:50.976959  7167 containerizer.cpp:307] Recovering containerizer
I1209 00:52:50.977072  7167 slave.cpp:3778] Finished recovery
I1209 00:52:50.977382  7167 slave.cpp:624] New master detected at master@10.0.0.4:5050
I1209 00:52:50.977706  7168 status_update_manager.cpp:171] Pausing sending status updates
I1209 00:52:50.977767  7167 slave.cpp:649] No credentials provided. Attempting to register without authentication
I1209 00:52:50.977787  7167 slave.cpp:660] Detecting new master
I1209 00:52:53.369364  7167 slave.cpp:792] Registered with master master@10.0.0.4:5050; given slave ID 20151209-005250-67108874-5050-7209-S0
I1209 00:52:53.377188  7168 status_update_manager.cpp:178] Resuming sending status updates
2015-12-09 00:52:57,951:7161(0x7f565a5c7700):ZOO_WARN@zookeeper_interest@1557: Exceeded deadline by 31ms
2015-12-09 00:53:01,300:7161(0x7f565a5c7700):ZOO_WARN@zookeeper_interest@1557: Exceeded deadline by 15ms
