I1210 20:28:50.287236  4938 logging.cpp:172] INFO level logging started!
I1210 20:28:50.287547  4938 main.cpp:156] Build: 2015-03-26 13:36:52 by root
I1210 20:28:50.287571  4938 main.cpp:158] Version: 0.22.0
I1210 20:28:50.287582  4938 main.cpp:161] Git tag: 0.22.0
I1210 20:28:50.287591  4938 main.cpp:165] Git SHA: e890e2414903bb69cab730d5204f10b10d2e91bb
I1210 20:28:50.290829  4938 containerizer.cpp:110] Using isolation: posix/cpu,posix/mem
2015-12-10 20:28:50,294:4938(0x7f39362b1700):ZOO_INFO@log_env@712: Client environment:zookeeper.version=zookeeper C client 3.4.5
2015-12-10 20:28:50,294:4938(0x7f39362b1700):ZOO_INFO@log_env@716: Client environment:host.name=e1a07ef53986
2015-12-10 20:28:50,294:4938(0x7f39362b1700):ZOO_INFO@log_env@723: Client environment:os.name=Linux
2015-12-10 20:28:50,294:4938(0x7f39362b1700):ZOO_INFO@log_env@724: Client environment:os.arch=4.1.10-boot2docker
2015-12-10 20:28:50,294:4938(0x7f39362b1700):ZOO_INFO@log_env@725: Client environment:os.version=#1 SMP Mon Oct 12 18:36:49 UTC 2015
2015-12-10 20:28:50,294:4938(0x7f39362b1700):ZOO_INFO@log_env@733: Client environment:user.name=(null)
I1210 20:28:50.294491  4938 main.cpp:200] Starting Mesos slave
2015-12-10 20:28:50,301:4938(0x7f39362b1700):ZOO_INFO@log_env@741: Client environment:user.home=/root
2015-12-10 20:28:50,301:4938(0x7f39362b1700):ZOO_INFO@log_env@753: Client environment:user.dir=/var/lib/mesos/slave
2015-12-10 20:28:50,301:4938(0x7f39362b1700):ZOO_INFO@zookeeper_init@786: Initiating client connection, host=n1:2181,n2:2181,n3:2181,n4:2181,n5:2181 sessionTimeout=10000 watcher=0x7f393eedf200 sessionId=0 sessionPasswd=<null> context=0x7f3920001250 flags=0
2015-12-10 20:28:50,305:4938(0x7f3933275700):ZOO_INFO@check_events@1703: initiated connection to server [10.0.0.5:2181]
I1210 20:28:50.307350  4938 slave.cpp:174] Slave started on 1)@10.0.0.5:5051
I1210 20:28:50.310523  4938 slave.cpp:299] Slave resources: cpus(*):4; mem(*):1001; disk(*):23327; ports(*):[31000-32000]
I1210 20:28:50.310590  4938 slave.cpp:328] Slave hostname: n4
I1210 20:28:50.310606  4938 slave.cpp:329] Slave checkpoint: true
I1210 20:28:50.325878  4949 state.cpp:35] Recovering state from '/var/lib/mesos/slave/meta'
I1210 20:28:50.377482  4947 status_update_manager.cpp:197] Recovering status update manager
I1210 20:28:50.382140  4947 containerizer.cpp:307] Recovering containerizer
I1210 20:28:50.382380  4947 slave.cpp:3778] Finished recovery
2015-12-10 20:28:50,384:4938(0x7f3933275700):ZOO_INFO@check_events@1750: session establishment complete on server [10.0.0.5:2181], sessionId=0x2518d94afe00000, negotiated timeout=10000
I1210 20:28:50.384428  4947 group.cpp:313] Group process (group(1)@10.0.0.5:5051) connected to ZooKeeper
I1210 20:28:50.384465  4947 group.cpp:790] Syncing group operations: queue size (joins, cancels, datas) = (0, 0, 0)
I1210 20:28:50.384484  4947 group.cpp:385] Trying to create path '/mesos' in ZooKeeper
I1210 20:28:50.702450  4947 detector.cpp:138] Detected a new leader: (id='1')
I1210 20:28:50.702627  4947 group.cpp:659] Trying to get '/mesos/info_0000000001' in ZooKeeper
I1210 20:28:50.706449  4947 detector.cpp:452] A new leading master (UPID=master@10.0.0.2:5050) is detected
I1210 20:28:50.706696  4948 status_update_manager.cpp:171] Pausing sending status updates
I1210 20:28:50.706605  4947 slave.cpp:624] New master detected at master@10.0.0.2:5050
I1210 20:28:50.707468  4947 slave.cpp:649] No credentials provided. Attempting to register without authentication
I1210 20:28:50.707532  4947 slave.cpp:660] Detecting new master
2015-12-10 20:29:01,507:4938(0x7f3933275700):ZOO_WARN@zookeeper_interest@1557: Exceeded deadline by 800ms
2015-12-10 20:29:48,700:4938(0x7f3933275700):ZOO_WARN@zookeeper_interest@1557: Exceeded deadline by 15ms
I1210 20:29:51.145809  4947 slave.cpp:3618] Current disk usage 14.66%. Max allowed age: 5.274066098178518days
2015-12-10 20:30:02,081:4938(0x7f3933275700):ZOO_WARN@zookeeper_interest@1557: Exceeded deadline by 38ms
I1210 20:30:04.121577  4949 slave.cpp:792] Registered with master master@10.0.0.2:5050; given slave ID 20151210-202731-33554442-5050-4930-S1
I1210 20:30:04.124189  4943 status_update_manager.cpp:178] Resuming sending status updates
I1210 20:30:51.245376  4943 slave.cpp:3618] Current disk usage 18.15%. Max allowed age: 5.029397408147731days
2015-12-10 20:31:05,726:4938(0x7f3933275700):ZOO_WARN@zookeeper_interest@1557: Exceeded deadline by 36ms
2015-12-10 20:31:49,132:4938(0x7f3933275700):ZOO_WARN@zookeeper_interest@1557: Exceeded deadline by 35ms
I1210 20:31:51.293229  4946 slave.cpp:3618] Current disk usage 20.85%. Max allowed age: 4.840843361929838days
I1210 20:32:51.304426  4947 slave.cpp:3618] Current disk usage 23.33%. Max allowed age: 4.666799536044236days
I1210 20:33:51.310549  4944 slave.cpp:3618] Current disk usage 23.37%. Max allowed age: 4.664221607392199days
I1210 20:34:51.317332  4944 slave.cpp:3618] Current disk usage 23.37%. Max allowed age: 4.664205267053982days
I1210 20:35:51.319560  4944 slave.cpp:3618] Current disk usage 23.37%. Max allowed age: 4.664187004323044days
2015-12-10 20:36:28,912:4938(0x7f3933275700):ZOO_ERROR@handle_socket_error_msg@1721: Socket [10.0.0.5:2181] zk retcode=-4, errno=112(Host is down): failed while receiving a server response
I1210 20:36:28.916395  4944 group.cpp:418] Lost connection to ZooKeeper, attempting to reconnect ...
2015-12-10 20:36:35,580:4938(0x7f3933275700):ZOO_ERROR@handle_socket_error_msg@1643: Socket [10.0.0.2:2181] zk retcode=-7, errno=110(Connection timed out): connection to 10.0.0.2:2181 timed out (exceeded timeout by 2ms)
W1210 20:36:38.920743  4948 group.cpp:456] Timed out waiting to reconnect to ZooKeeper. Forcing ZooKeeper session (sessionId=2518d94afe00000) expiration
I1210 20:36:38.921941  4948 group.cpp:472] ZooKeeper session expired
I1210 20:36:38.922766  4947 detector.cpp:138] Detected a new leader: None
I1210 20:36:38.924188  4945 slave.cpp:617] Lost leading master
I1210 20:36:38.924271  4945 slave.cpp:660] Detecting new master
I1210 20:36:38.924343  4949 status_update_manager.cpp:171] Pausing sending status updates
2015-12-10 20:36:38,926:4938(0x7f3935ab0700):ZOO_INFO@zookeeper_close@2522: Freeing zookeeper resources for sessionId=0x2518d94afe00000

2015-12-10 20:36:38,927:4938(0x7f3935ab0700):ZOO_INFO@log_env@712: Client environment:zookeeper.version=zookeeper C client 3.4.5
2015-12-10 20:36:38,927:4938(0x7f3935ab0700):ZOO_INFO@log_env@716: Client environment:host.name=e1a07ef53986
2015-12-10 20:36:38,927:4938(0x7f3935ab0700):ZOO_INFO@log_env@723: Client environment:os.name=Linux
2015-12-10 20:36:38,927:4938(0x7f3935ab0700):ZOO_INFO@log_env@724: Client environment:os.arch=4.1.10-boot2docker
2015-12-10 20:36:38,927:4938(0x7f3935ab0700):ZOO_INFO@log_env@725: Client environment:os.version=#1 SMP Mon Oct 12 18:36:49 UTC 2015
2015-12-10 20:36:38,927:4938(0x7f3935ab0700):ZOO_INFO@log_env@733: Client environment:user.name=(null)
2015-12-10 20:36:38,928:4938(0x7f3935ab0700):ZOO_INFO@log_env@741: Client environment:user.home=/root
2015-12-10 20:36:38,928:4938(0x7f3935ab0700):ZOO_INFO@log_env@753: Client environment:user.dir=/var/lib/mesos/slave
2015-12-10 20:36:38,928:4938(0x7f3935ab0700):ZOO_INFO@zookeeper_init@786: Initiating client connection, host=n1:2181,n2:2181,n3:2181,n4:2181,n5:2181 sessionTimeout=10000 watcher=0x7f393eedf200 sessionId=0 sessionPasswd=<null> context=0x7f39280010e0 flags=0
2015-12-10 20:36:45,602:4938(0x7f3932a74700):ZOO_ERROR@handle_socket_error_msg@1643: Socket [10.0.0.3:2181] zk retcode=-7, errno=110(Connection timed out): connection to 10.0.0.3:2181 timed out (exceeded timeout by 1ms)
2015-12-10 20:36:45,604:4938(0x7f3932a74700):ZOO_INFO@check_events@1703: initiated connection to server [10.0.0.5:2181]
2015-12-10 20:36:45,607:4938(0x7f3932a74700):ZOO_INFO@check_events@1750: session establishment complete on server [10.0.0.5:2181], sessionId=0x2518d9c0a950004, negotiated timeout=10000
I1210 20:36:45.607390  4945 group.cpp:313] Group process (group(1)@10.0.0.5:5051) connected to ZooKeeper
I1210 20:36:45.607430  4945 group.cpp:790] Syncing group operations: queue size (joins, cancels, datas) = (0, 0, 0)
I1210 20:36:45.607441  4945 group.cpp:385] Trying to create path '/mesos' in ZooKeeper
I1210 20:36:45.613603  4945 detector.cpp:138] Detected a new leader: (id='4')
I1210 20:36:45.613879  4950 group.cpp:659] Trying to get '/mesos/info_0000000004' in ZooKeeper
I1210 20:36:45.614861  4950 detector.cpp:452] A new leading master (UPID=master@10.0.0.4:5050) is detected
I1210 20:36:45.614934  4950 slave.cpp:624] New master detected at master@10.0.0.4:5050
I1210 20:36:45.614969  4943 status_update_manager.cpp:171] Pausing sending status updates
I1210 20:36:45.615137  4950 slave.cpp:649] No credentials provided. Attempting to register without authentication
I1210 20:36:45.615402  4950 slave.cpp:660] Detecting new master
I1210 20:36:51.320058  4944 slave.cpp:3618] Current disk usage 23.37%. Max allowed age: 4.664100496650162days
I1210 20:37:19.235842  4944 slave.cpp:2908] No pings from master received within 75secs
I1210 20:37:51.342444  4944 slave.cpp:3618] Current disk usage 23.37%. Max allowed age: 4.664050514439155days
I1210 20:38:44.078914  4944 slave.cpp:2918] master@10.0.0.4:5050 exited
W1210 20:38:44.079166  4944 slave.cpp:2921] Master disconnected! Waiting for a new master to be elected
I1210 20:38:51.359036  4946 slave.cpp:3618] Current disk usage 23.37%. Max allowed age: 4.664002454620880days
I1210 20:38:52.014554  4946 detector.cpp:138] Detected a new leader: None
I1210 20:38:52.014811  4946 slave.cpp:617] Lost leading master
I1210 20:38:52.014827  4946 slave.cpp:660] Detecting new master
I1210 20:38:52.014856  4946 status_update_manager.cpp:171] Pausing sending status updates
I1210 20:39:22.891206  4947 slave.cpp:948] Skipping registration because no master present
I1210 20:39:41.831563  4949 detector.cpp:138] Detected a new leader: (id='5')
I1210 20:39:41.832525  4949 group.cpp:659] Trying to get '/mesos/info_0000000005' in ZooKeeper
I1210 20:39:41.833519  4949 detector.cpp:452] A new leading master (UPID=master@10.0.0.2:5050) is detected
I1210 20:39:41.833794  4949 slave.cpp:624] New master detected at master@10.0.0.2:5050
I1210 20:39:41.833915  4949 slave.cpp:649] No credentials provided. Attempting to register without authentication
I1210 20:39:41.833966  4949 slave.cpp:660] Detecting new master
I1210 20:39:41.833843  4943 status_update_manager.cpp:171] Pausing sending status updates
/usr/sbin/mesos-slave already running.
I1210 20:39:42.525410  4949 slave.cpp:2918] master@10.0.0.2:5050 exited
W1210 20:39:42.525616  4949 slave.cpp:2921] Master disconnected! Waiting for a new master to be elected
I1210 20:39:42.881953  4950 slave.cpp:860] Re-registered with master master@10.0.0.2:5050
I1210 20:39:42.882906  4947 status_update_manager.cpp:178] Resuming sending status updates
I1210 20:39:42.887918  4950 slave.cpp:2010] Updated checkpointed resources from  to 
W1210 20:39:47.587601  4944 slave.cpp:1911] Ignoring updating pid for framework 20151210-202731-33554442-5050-4930-0000 because it does not exist
I1210 20:39:51.363226  4945 slave.cpp:3618] Current disk usage 23.37%. Max allowed age: 4.663882305075209days
2015-12-10 20:39:54,490:4938(0x7f3932a74700):ZOO_WARN@zookeeper_interest@1557: Exceeded deadline by 15ms
2015-12-10 20:40:04,598:4938(0x7f3932a74700):ZOO_WARN@zookeeper_interest@1557: Exceeded deadline by 21ms
I1210 20:40:51.374043  4943 slave.cpp:3618] Current disk usage 23.37%. Max allowed age: 4.663848663202419days
I1210 20:41:51.386672  4950 slave.cpp:3618] Current disk usage 23.37%. Max allowed age: 4.663833284060567days
I1210 20:42:51.395558  4944 slave.cpp:3618] Current disk usage 23.37%. Max allowed age: 4.663815021329629days
/usr/sbin/mesos-slave already running.
I1210 20:43:51.401253  4948 slave.cpp:3618] Current disk usage 23.37%. Max allowed age: 4.663773689885915days
I1210 20:44:51.409631  4949 slave.cpp:3618] Current disk usage 23.37%. Max allowed age: 4.663757349547708days
I1210 20:45:51.413596  4947 slave.cpp:3618] Current disk usage 23.38%. Max allowed age: 4.663741009209491days
I1210 20:46:51.429914  4945 slave.cpp:3618] Current disk usage 23.38%. Max allowed age: 4.663724668871285days
I1210 20:47:51.437688  4948 slave.cpp:3618] Current disk usage 23.38%. Max allowed age: 4.663709289729433days
I1210 20:48:51.449481  4943 slave.cpp:3618] Current disk usage 23.38%. Max allowed age: 4.663691988194861days
I1210 20:49:51.463080  4949 slave.cpp:3618] Current disk usage 23.38%. Max allowed age: 4.663675647856643days
2015-12-10 20:50:28,799:4938(0x7f3932a74700):ZOO_WARN@zookeeper_interest@1557: Exceeded deadline by 14ms
I1210 20:50:51.470064  4947 slave.cpp:3618] Current disk usage 23.38%. Max allowed age: 4.663657385125706days
I1210 20:51:51.471724  4950 slave.cpp:3618] Current disk usage 23.38%. Max allowed age: 4.663642005983855days
I1210 20:52:51.479281  4944 slave.cpp:3618] Current disk usage 23.38%. Max allowed age: 4.663625665645637days
I1210 20:53:51.483706  4946 slave.cpp:3618] Current disk usage 23.38%. Max allowed age: 4.663609325307431days
I1210 20:54:51.488399  4948 slave.cpp:3618] Current disk usage 23.38%. Max allowed age: 4.663592984969213days
I1210 20:55:51.497733  4947 slave.cpp:3618] Current disk usage 23.38%. Max allowed age: 4.663576644631007days
