I1210 23:58:15.809216  4921 logging.cpp:172] INFO level logging started!
I1210 23:58:15.809357  4921 main.cpp:156] Build: 2015-03-26 13:36:52 by root
I1210 23:58:15.809368  4921 main.cpp:158] Version: 0.22.0
I1210 23:58:15.809372  4921 main.cpp:161] Git tag: 0.22.0
I1210 23:58:15.809377  4921 main.cpp:165] Git SHA: e890e2414903bb69cab730d5204f10b10d2e91bb
I1210 23:58:15.809433  4921 containerizer.cpp:110] Using isolation: posix/cpu,posix/mem
2015-12-10 23:58:15,809:4921(0x7f0406f50700):ZOO_INFO@log_env@712: Client environment:zookeeper.version=zookeeper C client 3.4.5
2015-12-10 23:58:15,809:4921(0x7f0406f50700):ZOO_INFO@log_env@716: Client environment:host.name=5b0a294d4b1f
2015-12-10 23:58:15,810:4921(0x7f0406f50700):ZOO_INFO@log_env@723: Client environment:os.name=Linux
2015-12-10 23:58:15,810:4921(0x7f0406f50700):ZOO_INFO@log_env@724: Client environment:os.arch=4.1.12-boot2docker
2015-12-10 23:58:15,810:4921(0x7f0406f50700):ZOO_INFO@log_env@725: Client environment:os.version=#1 SMP Tue Nov 3 06:03:36 UTC 2015
2015-12-10 23:58:15,810:4921(0x7f0406f50700):ZOO_INFO@log_env@733: Client environment:user.name=(null)
2015-12-10 23:58:15,810:4921(0x7f0406f50700):ZOO_INFO@log_env@741: Client environment:user.home=/root
2015-12-10 23:58:15,810:4921(0x7f0406f50700):ZOO_INFO@log_env@753: Client environment:user.dir=/var/lib/mesos/slave
2015-12-10 23:58:15,810:4921(0x7f0406f50700):ZOO_INFO@zookeeper_init@786: Initiating client connection, host=n1:2181,n2:2181,n3:2181,n4:2181,n5:2181 sessionTimeout=10000 watcher=0x7f0410b80200 sessionId=0 sessionPasswd=<null> context=0x7f0400003990 flags=0
I1210 23:58:15.819968  4921 main.cpp:200] Starting Mesos slave
I1210 23:58:15.820384  4921 slave.cpp:174] Slave started on 1)@10.0.0.6:5051
I1210 23:58:15.820495  4921 slave.cpp:299] Slave resources: cpus(*):1; mem(*):2927; disk(*):33172; ports(*):[31000-32000]
I1210 23:58:15.820516  4921 slave.cpp:328] Slave hostname: n5
I1210 23:58:15.820521  4921 slave.cpp:329] Slave checkpoint: true
I1210 23:58:15.821841  4926 state.cpp:35] Recovering state from '/var/lib/mesos/slave/meta'
I1210 23:58:15.821924  4926 status_update_manager.cpp:197] Recovering status update manager
I1210 23:58:15.821950  4926 containerizer.cpp:307] Recovering containerizer
I1210 23:58:15.822042  4926 slave.cpp:3778] Finished recovery
2015-12-10 23:58:15,829:4921(0x7f0404f16700):ZOO_INFO@check_events@1703: initiated connection to server [10.0.0.3:2181]
2015-12-10 23:58:15,829:4921(0x7f0404f16700):ZOO_INFO@check_events@1750: session establishment complete on server [10.0.0.3:2181], sessionId=0x4518e51764e0008, negotiated timeout=10000
I1210 23:58:15.839740  4925 group.cpp:313] Group process (group(1)@10.0.0.6:5051) connected to ZooKeeper
I1210 23:58:15.839779  4925 group.cpp:790] Syncing group operations: queue size (joins, cancels, datas) = (0, 0, 0)
I1210 23:58:15.839788  4925 group.cpp:385] Trying to create path '/mesos' in ZooKeeper
I1210 23:58:15.856959  4925 detector.cpp:138] Detected a new leader: (id='1')
I1210 23:58:15.857049  4925 group.cpp:659] Trying to get '/mesos/info_0000000001' in ZooKeeper
I1210 23:58:15.857488  4925 detector.cpp:452] A new leading master (UPID=master@10.0.0.2:5050) is detected
I1210 23:58:15.857529  4925 slave.cpp:624] New master detected at master@10.0.0.2:5050
I1210 23:58:15.857897  4929 status_update_manager.cpp:171] Pausing sending status updates
I1210 23:58:15.857951  4925 slave.cpp:649] No credentials provided. Attempting to register without authentication
I1210 23:58:15.857971  4925 slave.cpp:660] Detecting new master
I1210 23:58:16.483922  4925 slave.cpp:792] Registered with master master@10.0.0.2:5050; given slave ID 20151210-235410-33554442-5050-4912-S1
I1210 23:58:16.484324  4925 status_update_manager.cpp:178] Resuming sending status updates
2015-12-11 00:01:27,988:4921(0x7f0404f16700):ZOO_WARN@zookeeper_interest@1557: Exceeded deadline by 152088ms
2015-12-11 00:01:27,988:4921(0x7f0404f16700):ZOO_ERROR@handle_socket_error_msg@1643: Socket [10.0.0.3:2181] zk retcode=-7, errno=110(Connection timed out): connection to 10.0.0.3:2181 timed out (exceeded timeout by 148755ms)
2015-12-11 00:01:27,989:4921(0x7f0404f16700):ZOO_WARN@zookeeper_interest@1557: Exceeded deadline by 152088ms
2015-12-11 00:01:27,989:4921(0x7f0404f16700):ZOO_INFO@check_events@1703: initiated connection to server [10.0.0.2:2181]
I1211 00:01:27.991189  4925 group.cpp:418] Lost connection to ZooKeeper, attempting to reconnect ...
2015-12-11 00:01:28,001:4921(0x7f0404f16700):ZOO_INFO@check_events@1750: session establishment complete on server [10.0.0.2:2181], sessionId=0x4518e51764e0008, negotiated timeout=10000
I1211 00:01:28.002066  4929 group.cpp:313] Group process (group(1)@10.0.0.6:5051) reconnected to ZooKeeper
I1211 00:01:28.002094  4929 group.cpp:790] Syncing group operations: queue size (joins, cancels, datas) = (0, 0, 0)
I1211 00:01:28.229239  4928 slave.cpp:2918] master@10.0.0.2:5050 exited
W1211 00:01:28.229272  4928 slave.cpp:2921] Master disconnected! Waiting for a new master to be elected
I1211 00:01:28.253546  4922 detector.cpp:138] Detected a new leader: None
I1211 00:01:28.253614  4922 slave.cpp:617] Lost leading master
I1211 00:01:28.253623  4922 slave.cpp:660] Detecting new master
I1211 00:01:28.253640  4922 status_update_manager.cpp:171] Pausing sending status updates
I1211 00:01:28.360627  4922 detector.cpp:138] Detected a new leader: (id='4')
I1211 00:01:28.360694  4922 group.cpp:659] Trying to get '/mesos/info_0000000004' in ZooKeeper
I1211 00:01:28.364089  4922 detector.cpp:452] A new leading master (UPID=master@10.0.0.4:5050) is detected
I1211 00:01:28.364131  4922 slave.cpp:624] New master detected at master@10.0.0.4:5050
I1211 00:01:28.364234  4922 slave.cpp:649] No credentials provided. Attempting to register without authentication
I1211 00:01:28.364250  4922 slave.cpp:660] Detecting new master
I1211 00:01:28.364270  4922 status_update_manager.cpp:171] Pausing sending status updates
I1211 00:01:47.923745  4922 slave.cpp:3618] Current disk usage 24.66%. Max allowed age: 4.573897350605590days
I1211 00:01:47.933466  4922 slave.cpp:860] Re-registered with master master@10.0.0.4:5050
I1211 00:01:47.933948  4922 status_update_manager.cpp:178] Resuming sending status updates
I1211 00:01:47.940244  4929 slave.cpp:2010] Updated checkpointed resources from  to 
I1211 00:02:47.929234  4928 slave.cpp:3618] Current disk usage 24.69%. Max allowed age: 4.571972909086377days
I1211 00:03:47.939121  4928 slave.cpp:3618] Current disk usage 24.69%. Max allowed age: 4.571949344496343days
I1211 00:04:47.944785  4928 slave.cpp:3618] Current disk usage 24.69%. Max allowed age: 4.571932920691169days
2015-12-11 00:05:02,041:4921(0x7f0404f16700):ZOO_WARN@zookeeper_interest@1557: Exceeded deadline by 31ms
I1211 00:05:10.024978  4928 detector.cpp:138] Detected a new leader: None
I1211 00:05:10.025082  4928 slave.cpp:617] Lost leading master
I1211 00:05:10.025094  4928 slave.cpp:660] Detecting new master
I1211 00:05:10.025112  4928 status_update_manager.cpp:171] Pausing sending status updates
I1211 00:05:47.945667  4928 slave.cpp:3618] Current disk usage 24.69%. Max allowed age: 4.571905785708715days
I1211 00:06:02.954991  4928 slave.cpp:2908] No pings from master received within 75secs
I1211 00:06:47.962869  4928 slave.cpp:3618] Current disk usage 24.69%. Max allowed age: 4.571885791511111days
I1211 00:07:47.963511  4928 slave.cpp:3618] Current disk usage 24.69%. Max allowed age: 4.571867939548970days
I1211 00:08:23.138522  4928 detector.cpp:138] Detected a new leader: (id='6')
I1211 00:08:23.138592  4928 group.cpp:659] Trying to get '/mesos/info_0000000006' in ZooKeeper
I1211 00:08:23.138967  4928 detector.cpp:452] A new leading master (UPID=master@10.0.0.3:5050) is detected
I1211 00:08:23.139001  4928 slave.cpp:624] New master detected at master@10.0.0.3:5050
I1211 00:08:23.139180  4927 status_update_manager.cpp:171] Pausing sending status updates
I1211 00:08:23.139248  4928 slave.cpp:649] No credentials provided. Attempting to register without authentication
I1211 00:08:23.139266  4928 slave.cpp:660] Detecting new master
/usr/sbin/mesos-slave already running.
I1211 00:08:29.235878  4928 slave.cpp:860] Re-registered with master master@10.0.0.3:5050
I1211 00:08:29.244479  4928 slave.cpp:2010] Updated checkpointed resources from  to 
I1211 00:08:29.245633  4929 status_update_manager.cpp:178] Resuming sending status updates
2015-12-11 00:08:34,181:4921(0x7f0404f16700):ZOO_WARN@zookeeper_interest@1557: Exceeded deadline by 11ms
I1211 00:08:47.966553  4926 slave.cpp:3618] Current disk usage 24.69%. Max allowed age: 4.571796531700382days
I1211 00:09:47.971652  4926 slave.cpp:3618] Current disk usage 24.69%. Max allowed age: 4.571777965659757days
I1211 00:10:47.976644  4926 slave.cpp:3618] Current disk usage 24.69%. Max allowed age: 4.571759399619120days
I1211 00:11:47.985270  4926 slave.cpp:3618] Current disk usage 24.69%. Max allowed age: 4.571746546206377days
/usr/sbin/mesos-slave already running.
2015-12-11 00:11:54,459:4921(0x7f0404f16700):ZOO_WARN@zookeeper_interest@1557: Exceeded deadline by 19ms
2015-12-11 00:12:04,490:4921(0x7f0404f16700):ZOO_WARN@zookeeper_interest@1557: Exceeded deadline by 17ms
I1211 00:12:47.988499  4926 slave.cpp:3618] Current disk usage 24.69%. Max allowed age: 4.571733692793634days
I1211 00:13:47.990097  4926 slave.cpp:3618] Current disk usage 24.69%. Max allowed age: 4.571720125302408days
I1211 00:14:47.991086  4926 slave.cpp:3618] Current disk usage 24.69%. Max allowed age: 4.571707271889665days
I1211 00:15:47.994755  4926 slave.cpp:3618] Current disk usage 24.69%. Max allowed age: 4.571697274790856days
I1211 00:16:47.996122  4926 slave.cpp:3618] Current disk usage 24.69%. Max allowed age: 4.571684421378113days
I1211 00:17:48.000860  4926 slave.cpp:3618] Current disk usage 24.69%. Max allowed age: 4.571670853886887days
I1211 00:18:48.002632  4926 slave.cpp:3618] Current disk usage 24.69%. Max allowed age: 4.571660856788090days
I1211 00:19:48.006029  4926 slave.cpp:3618] Current disk usage 24.69%. Max allowed age: 4.571648003375347days
I1211 00:20:48.007110  4926 slave.cpp:3618] Current disk usage 24.69%. Max allowed age: 4.571635149962592days
I1211 00:21:48.010440  4926 slave.cpp:3618] Current disk usage 25.63%. Max allowed age: 4.505837816046030days
I1211 00:22:48.012598  4926 slave.cpp:3618] Current disk usage 25.63%. Max allowed age: 4.505822820397835days
I1211 00:23:48.015972  4926 slave.cpp:3618] Current disk usage 25.63%. Max allowed age: 4.505809966985081days
I1211 00:24:48.019819  4926 slave.cpp:3618] Current disk usage 25.63%. Max allowed age: 4.505799255807801days
