I1209 03:03:10.353335 13103 logging.cpp:172] INFO level logging started!
I1209 03:03:10.353499 13103 main.cpp:156] Build: 2015-03-26 13:36:52 by root
I1209 03:03:10.353510 13103 main.cpp:158] Version: 0.22.0
I1209 03:03:10.353515 13103 main.cpp:161] Git tag: 0.22.0
I1209 03:03:10.353519 13103 main.cpp:165] Git SHA: e890e2414903bb69cab730d5204f10b10d2e91bb
I1209 03:03:10.353569 13103 containerizer.cpp:110] Using isolation: posix/cpu,posix/mem
I1209 03:03:10.353682 13103 main.cpp:200] Starting Mesos slave
I1209 03:03:10.353832 13103 slave.cpp:174] Slave started on 1)@10.0.0.6:5051
I1209 03:03:10.353922 13103 slave.cpp:299] Slave resources: cpus(*):1; mem(*):2927; disk(*):33172; ports(*):[31000-32000]
I1209 03:03:10.353940 13103 slave.cpp:328] Slave hostname: n5
I1209 03:03:10.353945 13103 slave.cpp:329] Slave checkpoint: true
2015-12-09 03:03:10,377:13103(0x7f7a75b0c700):ZOO_INFO@log_env@712: Client environment:zookeeper.version=zookeeper C client 3.4.5
2015-12-09 03:03:10,377:13103(0x7f7a75b0c700):ZOO_INFO@log_env@716: Client environment:host.name=8284f094f1ce
2015-12-09 03:03:10,377:13103(0x7f7a75b0c700):ZOO_INFO@log_env@723: Client environment:os.name=Linux
2015-12-09 03:03:10,377:13103(0x7f7a75b0c700):ZOO_INFO@log_env@724: Client environment:os.arch=4.1.12-boot2docker
2015-12-09 03:03:10,377:13103(0x7f7a75b0c700):ZOO_INFO@log_env@725: Client environment:os.version=#1 SMP Tue Nov 3 06:03:36 UTC 2015
2015-12-09 03:03:10,377:13103(0x7f7a75b0c700):ZOO_INFO@log_env@733: Client environment:user.name=(null)
2015-12-09 03:03:10,377:13103(0x7f7a75b0c700):ZOO_INFO@log_env@741: Client environment:user.home=/root
2015-12-09 03:03:10,377:13103(0x7f7a75b0c700):ZOO_INFO@log_env@753: Client environment:user.dir=/var/lib/mesos/slave
2015-12-09 03:03:10,377:13103(0x7f7a75b0c700):ZOO_INFO@zookeeper_init@786: Initiating client connection, host=n1:2181,n2:2181,n3:2181,n4:2181,n5:2181 sessionTimeout=10000 watcher=0x7f7a7f73c200 sessionId=0 sessionPasswd=<null> context=0x7f7a70004160 flags=0
2015-12-09 03:03:10,378:13103(0x7f7a6f9d4700):ZOO_INFO@check_events@1703: initiated connection to server [10.0.0.4:2181]
I1209 03:03:10.384974 13106 state.cpp:35] Recovering state from '/var/lib/mesos/slave/meta'
2015-12-09 03:03:10,437:13103(0x7f7a6f9d4700):ZOO_INFO@check_events@1750: session establishment complete on server [10.0.0.4:2181], sessionId=0x35184b11fe00000, negotiated timeout=10000
I1209 03:03:10.439132 13109 status_update_manager.cpp:197] Recovering status update manager
I1209 03:03:10.439196 13109 containerizer.cpp:307] Recovering containerizer
I1209 03:03:10.439296 13109 slave.cpp:3778] Finished recovery
I1209 03:03:10.439611 13110 group.cpp:313] Group process (group(1)@10.0.0.6:5051) connected to ZooKeeper
I1209 03:03:10.439628 13110 group.cpp:790] Syncing group operations: queue size (joins, cancels, datas) = (0, 0, 0)
I1209 03:03:10.439647 13110 group.cpp:385] Trying to create path '/mesos' in ZooKeeper
I1209 03:03:10.517396 13110 detector.cpp:138] Detected a new leader: (id='19')
I1209 03:03:10.517488 13110 group.cpp:659] Trying to get '/mesos/info_0000000019' in ZooKeeper
I1209 03:03:10.528543 13110 detector.cpp:452] A new leading master (UPID=master@10.0.0.4:5050) is detected
I1209 03:03:10.528619 13110 slave.cpp:624] New master detected at master@10.0.0.4:5050
I1209 03:03:10.528782 13110 slave.cpp:649] No credentials provided. Attempting to register without authentication
I1209 03:03:10.528838 13110 slave.cpp:660] Detecting new master
I1209 03:03:10.528861 13110 status_update_manager.cpp:171] Pausing sending status updates
I1209 03:03:10.861004 13110 slave.cpp:792] Registered with master master@10.0.0.4:5050; given slave ID 20151209-030254-67108874-5050-10587-S1
I1209 03:03:10.861380 13110 status_update_manager.cpp:178] Resuming sending status updates
2015-12-09 03:03:23,882:13103(0x7f7a6f9d4700):ZOO_WARN@zookeeper_interest@1557: Exceeded deadline by 13ms
W1209 03:03:26.930125 13110 slave.cpp:1911] Ignoring updating pid for framework 20151208-234739-33554442-5050-4904-0000 because it does not exist
I1209 03:04:10.391824 13110 slave.cpp:3618] Current disk usage 26.61%. Max allowed age: 4.437603332257454days
I1209 03:05:10.406374 13110 slave.cpp:3618] Current disk usage 26.61%. Max allowed age: 4.437582623981366days
I1209 03:06:10.420498 13110 slave.cpp:3618] Current disk usage 26.61%. Max allowed age: 4.437560487548299days
2015-12-09 03:06:46,535:13103(0x7f7a6f9d4700):ZOO_ERROR@handle_socket_error_msg@1721: Socket [10.0.0.4:2181] zk retcode=-4, errno=112(Host is down): failed while receiving a server response
I1209 03:06:46.535866 13110 group.cpp:418] Lost connection to ZooKeeper, attempting to reconnect ...
I1209 03:06:50.337743 13108 slave.cpp:2918] master@10.0.0.4:5050 exited
W1209 03:06:50.337779 13108 slave.cpp:2921] Master disconnected! Waiting for a new master to be elected
2015-12-09 03:06:53,204:13103(0x7f7a6f9d4700):ZOO_ERROR@handle_socket_error_msg@1643: Socket [10.0.0.2:2181] zk retcode=-7, errno=110(Connection timed out): connection to 10.0.0.2:2181 timed out (exceeded timeout by 4ms)
2015-12-09 03:06:53,205:13103(0x7f7a6f9d4700):ZOO_INFO@check_events@1703: initiated connection to server [10.0.0.5:2181]
2015-12-09 03:06:53,206:13103(0x7f7a6f9d4700):ZOO_INFO@check_events@1750: session establishment complete on server [10.0.0.5:2181], sessionId=0x35184b11fe00000, negotiated timeout=10000
I1209 03:06:53.206955 13108 group.cpp:313] Group process (group(1)@10.0.0.6:5051) reconnected to ZooKeeper
I1209 03:06:53.206995 13108 group.cpp:790] Syncing group operations: queue size (joins, cancels, datas) = (0, 0, 0)
I1209 03:06:58.024427 13107 detector.cpp:138] Detected a new leader: None
I1209 03:06:58.024515 13107 slave.cpp:617] Lost leading master
I1209 03:06:58.024525 13107 slave.cpp:660] Detecting new master
I1209 03:06:58.024544 13107 status_update_manager.cpp:171] Pausing sending status updates
I1209 03:07:10.431447 13107 slave.cpp:3618] Current disk usage 26.61%. Max allowed age: 4.437478368522431days
I1209 03:07:55.927121 13107 slave.cpp:2908] No pings from master received within 75secs
I1209 03:08:10.445015 13107 slave.cpp:3618] Current disk usage 26.61%. Max allowed age: 4.437399105810509days
I1209 03:09:10.446265 13107 slave.cpp:3618] Current disk usage 26.61%. Max allowed age: 4.437319129020104days
2015-12-09 03:09:58,190:13103(0x7f7a6f9d4700):ZOO_WARN@zookeeper_interest@1557: Exceeded deadline by 15ms
/usr/sbin/mesos-slave already running.
I1209 03:09:59.607763 13107 detector.cpp:138] Detected a new leader: (id='22')
I1209 03:09:59.628015 13107 group.cpp:659] Trying to get '/mesos/info_0000000022' in ZooKeeper
I1209 03:09:59.642782 13107 detector.cpp:452] A new leading master (UPID=master@10.0.0.4:5050) is detected
I1209 03:09:59.645032 13107 slave.cpp:624] New master detected at master@10.0.0.4:5050
I1209 03:09:59.647209 13107 slave.cpp:649] No credentials provided. Attempting to register without authentication
I1209 03:09:59.648458 13107 slave.cpp:660] Detecting new master
I1209 03:09:59.647045 13109 status_update_manager.cpp:171] Pausing sending status updates
I1209 03:10:10.466207 13107 slave.cpp:3618] Current disk usage 26.61%. Max allowed age: 4.437199163834491days
2015-12-09 03:10:14,507:13103(0x7f7a6f9d4700):ZOO_WARN@zookeeper_interest@1557: Exceeded deadline by 22ms
2015-12-09 03:10:17,855:13103(0x7f7a6f9d4700):ZOO_WARN@zookeeper_interest@1557: Exceeded deadline by 15ms
2015-12-09 03:10:21,201:13103(0x7f7a6f9d4700):ZOO_WARN@zookeeper_interest@1557: Exceeded deadline by 12ms
I1209 03:11:10.483939 13107 slave.cpp:3618] Current disk usage 26.61%. Max allowed age: 4.437192737128114days
I1209 03:11:59.704336 13107 slave.cpp:2918] master@10.0.0.4:5050 exited
W1209 03:11:59.704419 13107 slave.cpp:2921] Master disconnected! Waiting for a new master to be elected
I1209 03:12:10.020335 13104 detector.cpp:138] Detected a new leader: (id='23')
I1209 03:12:10.021389 13104 group.cpp:659] Trying to get '/mesos/info_0000000023' in ZooKeeper
I1209 03:12:10.022312 13104 detector.cpp:452] A new leading master (UPID=master@10.0.0.2:5050) is detected
I1209 03:12:10.022536 13104 slave.cpp:624] New master detected at master@10.0.0.2:5050
I1209 03:12:10.022969 13104 slave.cpp:649] No credentials provided. Attempting to register without authentication
I1209 03:12:10.023228 13104 slave.cpp:660] Detecting new master
I1209 03:12:10.022781 13105 status_update_manager.cpp:171] Pausing sending status updates
I1209 03:12:10.110908 13104 slave.cpp:860] Re-registered with master master@10.0.0.2:5050
I1209 03:12:10.111248 13104 status_update_manager.cpp:178] Resuming sending status updates
I1209 03:12:10.117907 13104 slave.cpp:2010] Updated checkpointed resources from  to 
I1209 03:12:10.484558 13111 slave.cpp:3618] Current disk usage 26.61%. Max allowed age: 4.437165602145660days
W1209 03:12:10.615692 13111 slave.cpp:1911] Ignoring updating pid for framework 20151208-234739-33554442-5050-4904-0000 because it does not exist
I1209 03:13:10.485352 13106 slave.cpp:3618] Current disk usage 26.61%. Max allowed age: 4.437154176889885days
/usr/sbin/mesos-slave already running.
2015-12-09 03:13:29,856:13103(0x7f7a6f9d4700):ZOO_WARN@zookeeper_interest@1557: Exceeded deadline by 16ms
2015-12-09 03:13:33,201:13103(0x7f7a6f9d4700):ZOO_WARN@zookeeper_interest@1557: Exceeded deadline by 11ms
2015-12-09 03:13:39,894:13103(0x7f7a6f9d4700):ZOO_WARN@zookeeper_interest@1557: Exceeded deadline by 20ms
I1209 03:14:10.486562 13106 slave.cpp:3618] Current disk usage 26.61%. Max allowed age: 4.437124185593484days
I1209 03:15:10.487861 13106 slave.cpp:3618] Current disk usage 26.61%. Max allowed age: 4.437110618102257days
I1209 03:16:10.488173 13106 slave.cpp:3618] Current disk usage 26.61%. Max allowed age: 4.437096336532535days
I1209 03:17:10.488826 13106 slave.cpp:3618] Current disk usage 26.61%. Max allowed age: 4.437082769041308days
I1209 03:18:10.489934 13106 slave.cpp:3618] Current disk usage 26.61%. Max allowed age: 4.437069201550081days
I1209 03:19:10.491246 13106 slave.cpp:3618] Current disk usage 26.61%. Max allowed age: 4.437056348137326days
I1209 03:20:10.491482 13106 slave.cpp:3618] Current disk usage 26.61%. Max allowed age: 4.437042066567615days
I1209 03:21:10.492329 13106 slave.cpp:3618] Current disk usage 26.61%. Max allowed age: 4.437028499076389days
I1209 03:22:10.492812 13106 slave.cpp:3618] Current disk usage 26.61%. Max allowed age: 4.437014217506666days
I1209 03:23:10.493096 13106 slave.cpp:3618] Current disk usage 26.61%. Max allowed age: 4.436999221858472days
I1209 03:24:10.493547 13106 slave.cpp:3618] Current disk usage 26.61%. Max allowed age: 4.436984940288750days
I1209 03:25:10.493978 13106 slave.cpp:3618] Current disk usage 26.61%. Max allowed age: 4.436972086876007days
I1209 03:26:10.494901 13106 slave.cpp:3618] Current disk usage 26.61%. Max allowed age: 4.436957091227801days
