I1211 01:44:03.045888 10727 logging.cpp:172] INFO level logging started!
I1211 01:44:03.046087 10727 main.cpp:156] Build: 2015-03-26 13:36:52 by root
I1211 01:44:03.046097 10727 main.cpp:158] Version: 0.22.0
I1211 01:44:03.046103 10727 main.cpp:161] Git tag: 0.22.0
I1211 01:44:03.046106 10727 main.cpp:165] Git SHA: e890e2414903bb69cab730d5204f10b10d2e91bb
I1211 01:44:03.046165 10727 containerizer.cpp:110] Using isolation: posix/cpu,posix/mem
I1211 01:44:03.046288 10727 main.cpp:200] Starting Mesos slave
I1211 01:44:03.046452 10727 slave.cpp:174] Slave started on 1)@10.0.0.6:5051
Failed to determine slave resources: Bad type for resource disk value 1000" type TEXT
I1211 01:47:31.675554 10954 logging.cpp:172] INFO level logging started!
I1211 01:47:31.675747 10954 main.cpp:156] Build: 2015-03-26 13:36:52 by root
I1211 01:47:31.675758 10954 main.cpp:158] Version: 0.22.0
I1211 01:47:31.675765 10954 main.cpp:161] Git tag: 0.22.0
I1211 01:47:31.675768 10954 main.cpp:165] Git SHA: e890e2414903bb69cab730d5204f10b10d2e91bb
I1211 01:47:31.675827 10954 containerizer.cpp:110] Using isolation: posix/cpu,posix/mem
I1211 01:47:31.675945 10954 main.cpp:200] Starting Mesos slave
I1211 01:47:31.676096 10954 slave.cpp:174] Slave started on 1)@10.0.0.6:5051
Failed to determine slave resources: Bad type for resource disk value 1000" type TEXT
I1211 01:51:09.354552 11166 logging.cpp:172] INFO level logging started!
I1211 01:51:09.354749 11166 main.cpp:156] Build: 2015-03-26 13:36:52 by root
I1211 01:51:09.354760 11166 main.cpp:158] Version: 0.22.0
I1211 01:51:09.354766 11166 main.cpp:161] Git tag: 0.22.0
I1211 01:51:09.354771 11166 main.cpp:165] Git SHA: e890e2414903bb69cab730d5204f10b10d2e91bb
I1211 01:51:09.354828 11166 containerizer.cpp:110] Using isolation: posix/cpu,posix/mem
I1211 01:51:09.354950 11166 main.cpp:200] Starting Mesos slave
I1211 01:51:09.355118 11166 slave.cpp:174] Slave started on 1)@10.0.0.6:5051
Failed to determine slave resources: Bad type for resource disk value 1000" type TEXT
