I1209 18:25:33.799688  7196 logging.cpp:172] INFO level logging started!
I1209 18:25:33.799828  7196 main.cpp:156] Build: 2015-03-26 13:36:52 by root
I1209 18:25:33.799837  7196 main.cpp:158] Version: 0.22.0
I1209 18:25:33.799842  7196 main.cpp:161] Git tag: 0.22.0
I1209 18:25:33.799847  7196 main.cpp:165] Git SHA: e890e2414903bb69cab730d5204f10b10d2e91bb
I1209 18:25:33.810237  7196 containerizer.cpp:110] Using isolation: posix/cpu,posix/mem
I1209 18:25:33.810583  7196 main.cpp:200] Starting Mesos slave
2015-12-09 18:25:33,810:7196(0x7fabd3239700):ZOO_INFO@log_env@712: Client environment:zookeeper.version=zookeeper C client 3.4.5
2015-12-09 18:25:33,810:7196(0x7fabd3239700):ZOO_INFO@log_env@716: Client environment:host.name=9c383fda5168
2015-12-09 18:25:33,810:7196(0x7fabd3239700):ZOO_INFO@log_env@723: Client environment:os.name=Linux
2015-12-09 18:25:33,810:7196(0x7fabd3239700):ZOO_INFO@log_env@724: Client environment:os.arch=4.1.12-boot2docker
2015-12-09 18:25:33,810:7196(0x7fabd3239700):ZOO_INFO@log_env@725: Client environment:os.version=#1 SMP Tue Nov 3 06:03:36 UTC 2015
2015-12-09 18:25:33,810:7196(0x7fabd3239700):ZOO_INFO@log_env@733: Client environment:user.name=(null)
2015-12-09 18:25:33,811:7196(0x7fabd3239700):ZOO_INFO@log_env@741: Client environment:user.home=/root
2015-12-09 18:25:33,811:7196(0x7fabd3239700):ZOO_INFO@log_env@753: Client environment:user.dir=/var/lib/mesos/slave
2015-12-09 18:25:33,811:7196(0x7fabd3239700):ZOO_INFO@zookeeper_init@786: Initiating client connection, host=n1:2181,n2:2181,n3:2181,n4:2181,n5:2181 sessionTimeout=10000 watcher=0x7fabd9e63200 sessionId=0 sessionPasswd=<null> context=0x7fabc8003990 flags=0
I1209 18:25:33.859498  7203 slave.cpp:174] Slave started on 1)@10.0.0.5:5051
I1209 18:25:33.859650  7203 slave.cpp:299] Slave resources: cpus(*):1; mem(*):2927; disk(*):33172; ports(*):[31000-32000]
I1209 18:25:33.859673  7203 slave.cpp:328] Slave hostname: n4
I1209 18:25:33.859678  7203 slave.cpp:329] Slave checkpoint: true
2015-12-09 18:25:33,861:7196(0x7fabce1f9700):ZOO_INFO@check_events@1703: initiated connection to server [10.0.0.2:2181]
2015-12-09 18:25:33,861:7196(0x7fabce1f9700):ZOO_INFO@check_events@1750: session establishment complete on server [10.0.0.2:2181], sessionId=0x55184e0a7050012, negotiated timeout=10000
I1209 18:25:33.873281  7205 group.cpp:313] Group process (group(1)@10.0.0.5:5051) connected to ZooKeeper
I1209 18:25:33.873322  7205 group.cpp:790] Syncing group operations: queue size (joins, cancels, datas) = (0, 0, 0)
I1209 18:25:33.873332  7205 group.cpp:385] Trying to create path '/mesos' in ZooKeeper
I1209 18:25:33.908064  7203 state.cpp:35] Recovering state from '/var/lib/mesos/slave/meta'
I1209 18:25:33.910126  7203 status_update_manager.cpp:197] Recovering status update manager
I1209 18:25:33.912938  7203 containerizer.cpp:307] Recovering containerizer
I1209 18:25:33.913069  7203 slave.cpp:3778] Finished recovery
I1209 18:25:34.084121  7203 detector.cpp:138] Detected a new leader: (id='7')
I1209 18:25:34.084209  7203 group.cpp:659] Trying to get '/mesos/info_0000000007' in ZooKeeper
I1209 18:25:34.085520  7203 detector.cpp:452] A new leading master (UPID=master@10.0.0.4:5050) is detected
I1209 18:25:34.085561  7203 slave.cpp:624] New master detected at master@10.0.0.4:5050
I1209 18:25:34.085682  7203 slave.cpp:649] No credentials provided. Attempting to register without authentication
I1209 18:25:34.085703  7203 slave.cpp:660] Detecting new master
I1209 18:25:34.085721  7203 status_update_manager.cpp:171] Pausing sending status updates
I1209 18:25:35.887279  7203 slave.cpp:792] Registered with master master@10.0.0.4:5050; given slave ID 20151209-182533-67108874-5050-7197-S0
I1209 18:25:35.888173  7203 status_update_manager.cpp:178] Resuming sending status updates
2015-12-09 18:25:40,986:7196(0x7fabce1f9700):ZOO_WARN@zookeeper_interest@1557: Exceeded deadline by 11ms
2015-12-09 18:25:51,035:7196(0x7fabce1f9700):ZOO_WARN@zookeeper_interest@1557: Exceeded deadline by 39ms
2015-12-09 18:25:54,390:7196(0x7fabce1f9700):ZOO_WARN@zookeeper_interest@1557: Exceeded deadline by 21ms
2015-12-09 18:25:57,741:7196(0x7fabce1f9700):ZOO_WARN@zookeeper_interest@1557: Exceeded deadline by 17ms
W1209 18:26:04.676439  7203 slave.cpp:1911] Ignoring updating pid for framework 20151209-040641-50331658-5050-6643-0000 because it does not exist
I1209 18:26:33.873464  7203 slave.cpp:3618] Current disk usage 40.63%. Max allowed age: 3.455658296714699days
I1209 18:27:33.882740  7203 slave.cpp:3618] Current disk usage 40.63%. Max allowed age: 3.455646157380440days
I1209 18:28:33.895751  7203 slave.cpp:3618] Current disk usage 40.63%. Max allowed age: 3.455629019496782days
I1209 18:29:24.010555  7203 detector.cpp:138] Detected a new leader: (id='8')
I1209 18:29:24.010624  7203 group.cpp:659] Trying to get '/mesos/info_0000000008' in ZooKeeper
I1209 18:29:24.015069  7203 detector.cpp:452] A new leading master (UPID=master@10.0.0.3:5050) is detected
I1209 18:29:24.015115  7203 slave.cpp:624] New master detected at master@10.0.0.3:5050
I1209 18:29:24.015221  7203 slave.cpp:649] No credentials provided. Attempting to register without authentication
I1209 18:29:24.015241  7203 slave.cpp:660] Detecting new master
I1209 18:29:24.015259  7203 status_update_manager.cpp:171] Pausing sending status updates
I1209 18:29:24.781018  7203 slave.cpp:860] Re-registered with master master@10.0.0.3:5050
I1209 18:29:24.781062  7203 status_update_manager.cpp:178] Resuming sending status updates
I1209 18:29:24.781697  7203 slave.cpp:2010] Updated checkpointed resources from  to 
I1209 18:29:33.897094  7203 slave.cpp:3618] Current disk usage 40.63%. Max allowed age: 3.455593315572500days
W1209 18:29:38.221586  7203 slave.cpp:1911] Ignoring updating pid for framework 20151209-040641-50331658-5050-6643-0000 because it does not exist
I1209 18:30:33.906015  7200 slave.cpp:3618] Current disk usage 40.64%. Max allowed age: 3.455529762587257days
I1209 18:31:33.908154  7200 slave.cpp:3618] Current disk usage 40.64%. Max allowed age: 3.455466923680509days
I1209 18:32:33.917968  7200 slave.cpp:3618] Current disk usage 40.64%. Max allowed age: 3.455405512930729days
2015-12-09 18:32:34,217:7196(0x7fabce1f9700):ZOO_WARN@zookeeper_interest@1557: Exceeded deadline by 13ms
/usr/sbin/mesos-slave already running.
2015-12-09 18:32:52,325:7196(0x7fabce1f9700):ZOO_WARN@zookeeper_interest@1557: Exceeded deadline by 35ms
I1209 18:33:33.919024  7200 slave.cpp:3618] Current disk usage 40.63%. Max allowed age: 3.455671864205938days
I1209 18:34:33.928165  7200 slave.cpp:3618] Current disk usage 40.63%. Max allowed age: 3.455660438950162days
I1209 18:35:33.929442  7200 slave.cpp:3618] Current disk usage 40.63%. Max allowed age: 3.455647585537419days
/usr/sbin/mesos-slave already running.
2015-12-09 18:36:15,894:7196(0x7fabce1f9700):ZOO_WARN@zookeeper_interest@1557: Exceeded deadline by 38ms
2015-12-09 18:36:19,240:7196(0x7fabce1f9700):ZOO_WARN@zookeeper_interest@1557: Exceeded deadline by 11ms
I1209 18:36:33.935631  7200 slave.cpp:3618] Current disk usage 40.63%. Max allowed age: 3.455619022397986days
I1209 18:37:33.938369  7200 slave.cpp:3618] Current disk usage 40.63%. Max allowed age: 3.455606883063727days
I1209 18:38:33.939266  7200 slave.cpp:3618] Current disk usage 40.63%. Max allowed age: 3.455595457807951days
I1209 18:39:33.944135  7200 slave.cpp:3618] Current disk usage 40.63%. Max allowed age: 3.455584032552176days
I1209 18:40:33.944618  7200 slave.cpp:3618] Current disk usage 40.63%. Max allowed age: 3.455571893217916days
I1209 18:41:33.946015  7200 slave.cpp:3618] Current disk usage 40.63%. Max allowed age: 3.455559753883669days
I1209 18:42:33.947213  7200 slave.cpp:3618] Current disk usage 40.64%. Max allowed age: 3.455547614549410days
I1209 18:43:33.952409  7200 slave.cpp:3618] Current disk usage 40.64%. Max allowed age: 3.455534761136655days
I1209 18:44:33.960187  7200 slave.cpp:3618] Current disk usage 40.64%. Max allowed age: 3.455522621802408days
I1209 18:45:33.966125  7200 slave.cpp:3618] Current disk usage 40.64%. Max allowed age: 3.455511196546632days
I1209 18:46:33.966750  7200 slave.cpp:3618] Current disk usage 40.64%. Max allowed age: 3.455499057212373days
I1209 18:47:33.975523  7200 slave.cpp:3618] Current disk usage 40.64%. Max allowed age: 3.455486203799630days
I1209 18:48:33.983763  7200 slave.cpp:3618] Current disk usage 40.64%. Max allowed age: 3.455474778543854days
