I1211 01:06:17.396823  9271 logging.cpp:172] INFO level logging started!
I1211 01:06:17.396950  9271 main.cpp:156] Build: 2015-03-26 13:36:52 by root
I1211 01:06:17.396960  9271 main.cpp:158] Version: 0.22.0
I1211 01:06:17.396965  9271 main.cpp:161] Git tag: 0.22.0
I1211 01:06:17.396970  9271 main.cpp:165] Git SHA: e890e2414903bb69cab730d5204f10b10d2e91bb
I1211 01:06:17.397032  9271 containerizer.cpp:110] Using isolation: posix/cpu,posix/mem
I1211 01:06:17.397153  9271 main.cpp:200] Starting Mesos slave
I1211 01:06:17.397341  9271 slave.cpp:174] Slave started on 1)@10.0.0.5:5051
I1211 01:06:17.397440  9271 slave.cpp:299] Slave resources: cpus(*):1; mem(*):2927; disk(*):33172; ports(*):[31000-32000]
I1211 01:06:17.397459  9271 slave.cpp:328] Slave hostname: n4
I1211 01:06:17.397465  9271 slave.cpp:329] Slave checkpoint: true
2015-12-11 01:06:17,399:9271(0x7f57f64f7700):ZOO_INFO@log_env@712: Client environment:zookeeper.version=zookeeper C client 3.4.5
2015-12-11 01:06:17,399:9271(0x7f57f64f7700):ZOO_INFO@log_env@716: Client environment:host.name=aab7befaccb5
2015-12-11 01:06:17,399:9271(0x7f57f64f7700):ZOO_INFO@log_env@723: Client environment:os.name=Linux
2015-12-11 01:06:17,399:9271(0x7f57f64f7700):ZOO_INFO@log_env@724: Client environment:os.arch=4.1.12-boot2docker
2015-12-11 01:06:17,399:9271(0x7f57f64f7700):ZOO_INFO@log_env@725: Client environment:os.version=#1 SMP Tue Nov 3 06:03:36 UTC 2015
I1211 01:06:17.399113  9278 state.cpp:35] Recovering state from '/var/lib/mesos/slave/meta'
I1211 01:06:17.403448  9278 status_update_manager.cpp:197] Recovering status update manager
I1211 01:06:17.403496  9278 containerizer.cpp:307] Recovering containerizer
2015-12-11 01:06:17,406:9271(0x7f57f64f7700):ZOO_INFO@log_env@733: Client environment:user.name=(null)
2015-12-11 01:06:17,407:9271(0x7f57f64f7700):ZOO_INFO@log_env@741: Client environment:user.home=/root
2015-12-11 01:06:17,407:9271(0x7f57f64f7700):ZOO_INFO@log_env@753: Client environment:user.dir=/var/lib/mesos/slave
2015-12-11 01:06:17,407:9271(0x7f57f64f7700):ZOO_INFO@zookeeper_init@786: Initiating client connection, host=n1:2181,n2:2181,n3:2181,n4:2181,n5:2181 sessionTimeout=10000 watcher=0x7f5800928200 sessionId=0 sessionPasswd=<null> context=0x7f57f0004570 flags=0
I1211 01:06:17.417064  9278 slave.cpp:3778] Finished recovery
2015-12-11 01:06:17,417:9271(0x7f57f4cbe700):ZOO_ERROR@handle_socket_error_msg@1697: Socket [10.0.0.6:2181] zk retcode=-4, errno=111(Connection refused): server refused to accept the client
2015-12-11 01:06:17,463:9271(0x7f57f4cbe700):ZOO_INFO@check_events@1703: initiated connection to server [10.0.0.5:2181]
2015-12-11 01:06:18,117:9271(0x7f57f4cbe700):ZOO_INFO@check_events@1750: session establishment complete on server [10.0.0.5:2181], sessionId=0x2518e92fd400000, negotiated timeout=10000
I1211 01:06:18.117398  9278 group.cpp:313] Group process (group(1)@10.0.0.5:5051) connected to ZooKeeper
I1211 01:06:18.117425  9278 group.cpp:790] Syncing group operations: queue size (joins, cancels, datas) = (0, 0, 0)
I1211 01:06:18.117434  9278 group.cpp:385] Trying to create path '/mesos' in ZooKeeper
I1211 01:06:18.617632  9278 detector.cpp:138] Detected a new leader: (id='0')
I1211 01:06:18.617724  9278 group.cpp:659] Trying to get '/mesos/info_0000000000' in ZooKeeper
I1211 01:06:18.651490  9278 detector.cpp:452] A new leading master (UPID=master@10.0.0.4:5050) is detected
I1211 01:06:18.651549  9278 slave.cpp:624] New master detected at master@10.0.0.4:5050
I1211 01:06:18.651710  9278 slave.cpp:649] No credentials provided. Attempting to register without authentication
I1211 01:06:18.651741  9278 slave.cpp:660] Detecting new master
I1211 01:06:18.651759  9278 status_update_manager.cpp:171] Pausing sending status updates
I1211 01:06:20.894346  9278 slave.cpp:792] Registered with master master@10.0.0.4:5050; given slave ID 20151211-010617-67108874-5050-9066-S0
I1211 01:06:20.894774  9278 status_update_manager.cpp:178] Resuming sending status updates
2015-12-11 01:06:28,700:9271(0x7f57f4cbe700):ZOO_WARN@zookeeper_interest@1557: Exceeded deadline by 24ms
2015-12-11 01:06:32,048:9271(0x7f57f4cbe700):ZOO_WARN@zookeeper_interest@1557: Exceeded deadline by 15ms
2015-12-11 01:06:42,079:9271(0x7f57f4cbe700):ZOO_WARN@zookeeper_interest@1557: Exceeded deadline by 17ms
2015-12-11 01:06:48,763:9271(0x7f57f4cbe700):ZOO_WARN@zookeeper_interest@1557: Exceeded deadline by 14ms
W1211 01:06:50.438786  9278 slave.cpp:1911] Ignoring updating pid for framework 20151211-003753-50331658-5050-7178-0000 because it does not exist
I1211 01:07:17.404491  9276 slave.cpp:3618] Current disk usage 25.65%. Max allowed age: 4.504360387658924days
I1211 01:08:17.410953  9276 slave.cpp:3618] Current disk usage 25.65%. Max allowed age: 4.504337537147372days
2015-12-11 01:08:26,883:9271(0x7f57f4cbe700):ZOO_ERROR@handle_socket_error_msg@1721: Socket [10.0.0.5:2181] zk retcode=-4, errno=112(Host is down): failed while receiving a server response
I1211 01:08:26.887472  9276 group.cpp:418] Lost connection to ZooKeeper, attempting to reconnect ...
2015-12-11 01:08:26,890:9271(0x7f57f4cbe700):ZOO_INFO@check_events@1703: initiated connection to server [10.0.0.3:2181]
2015-12-11 01:08:26,890:9271(0x7f57f4cbe700):ZOO_ERROR@handle_socket_error_msg@1721: Socket [10.0.0.3:2181] zk retcode=-4, errno=112(Host is down): failed while receiving a server response
2015-12-11 01:08:33,557:9271(0x7f57f4cbe700):ZOO_ERROR@handle_socket_error_msg@1643: Socket [10.0.0.4:2181] zk retcode=-7, errno=110(Connection timed out): connection to 10.0.0.4:2181 timed out (exceeded timeout by 2ms)
W1211 01:08:36.893710  9274 group.cpp:456] Timed out waiting to reconnect to ZooKeeper. Forcing ZooKeeper session (sessionId=2518e92fd400000) expiration
I1211 01:08:36.893882  9274 group.cpp:472] ZooKeeper session expired
I1211 01:08:36.894132  9277 detector.cpp:138] Detected a new leader: None
I1211 01:08:36.894196  9277 slave.cpp:617] Lost leading master
I1211 01:08:36.894207  9277 slave.cpp:660] Detecting new master
I1211 01:08:36.894232  9277 status_update_manager.cpp:171] Pausing sending status updates
2015-12-11 01:08:36,894:9271(0x7f57f8cfc700):ZOO_INFO@zookeeper_close@2522: Freeing zookeeper resources for sessionId=0x2518e92fd400000

2015-12-11 01:08:36,894:9271(0x7f57f8cfc700):ZOO_INFO@log_env@712: Client environment:zookeeper.version=zookeeper C client 3.4.5
2015-12-11 01:08:36,894:9271(0x7f57f8cfc700):ZOO_INFO@log_env@716: Client environment:host.name=aab7befaccb5
2015-12-11 01:08:36,894:9271(0x7f57f8cfc700):ZOO_INFO@log_env@723: Client environment:os.name=Linux
2015-12-11 01:08:36,894:9271(0x7f57f8cfc700):ZOO_INFO@log_env@724: Client environment:os.arch=4.1.12-boot2docker
2015-12-11 01:08:36,894:9271(0x7f57f8cfc700):ZOO_INFO@log_env@725: Client environment:os.version=#1 SMP Tue Nov 3 06:03:36 UTC 2015
2015-12-11 01:08:36,894:9271(0x7f57f8cfc700):ZOO_INFO@log_env@733: Client environment:user.name=(null)
2015-12-11 01:08:36,894:9271(0x7f57f8cfc700):ZOO_INFO@log_env@741: Client environment:user.home=/root
2015-12-11 01:08:36,894:9271(0x7f57f8cfc700):ZOO_INFO@log_env@753: Client environment:user.dir=/var/lib/mesos/slave
2015-12-11 01:08:36,894:9271(0x7f57f8cfc700):ZOO_INFO@zookeeper_init@786: Initiating client connection, host=n1:2181,n2:2181,n3:2181,n4:2181,n5:2181 sessionTimeout=10000 watcher=0x7f5800928200 sessionId=0 sessionPasswd=<null> context=0x178def0 flags=0
2015-12-11 01:08:43,563:9271(0x7f57e7fff700):ZOO_ERROR@handle_socket_error_msg@1643: Socket [10.0.0.2:2181] zk retcode=-7, errno=110(Connection timed out): connection to 10.0.0.2:2181 timed out (exceeded timeout by 3ms)
2015-12-11 01:08:43,567:9271(0x7f57e7fff700):ZOO_INFO@check_events@1703: initiated connection to server [10.0.0.3:2181]
2015-12-11 01:08:43,568:9271(0x7f57e7fff700):ZOO_INFO@check_events@1750: session establishment complete on server [10.0.0.3:2181], sessionId=0x4518e9510f10004, negotiated timeout=10000
I1211 01:08:43.569099  9277 group.cpp:313] Group process (group(1)@10.0.0.5:5051) connected to ZooKeeper
I1211 01:08:43.569130  9277 group.cpp:790] Syncing group operations: queue size (joins, cancels, datas) = (0, 0, 0)
I1211 01:08:43.569139  9277 group.cpp:385] Trying to create path '/mesos' in ZooKeeper
I1211 01:08:43.569965  9277 detector.cpp:138] Detected a new leader: (id='0')
I1211 01:08:43.570101  9277 group.cpp:659] Trying to get '/mesos/info_0000000000' in ZooKeeper
I1211 01:08:43.570411  9277 detector.cpp:452] A new leading master (UPID=master@10.0.0.4:5050) is detected
I1211 01:08:43.570448  9277 slave.cpp:624] New master detected at master@10.0.0.4:5050
I1211 01:08:43.570511  9277 slave.cpp:649] No credentials provided. Attempting to register without authentication
I1211 01:08:43.570543  9277 slave.cpp:660] Detecting new master
I1211 01:08:43.570485  9272 status_update_manager.cpp:171] Pausing sending status updates
I1211 01:08:44.053267  9277 detector.cpp:138] Detected a new leader: (id='4')
I1211 01:08:44.053335  9277 group.cpp:659] Trying to get '/mesos/info_0000000004' in ZooKeeper
I1211 01:08:44.054143  9277 detector.cpp:452] A new leading master (UPID=master@10.0.0.3:5050) is detected
I1211 01:08:44.054177  9277 slave.cpp:624] New master detected at master@10.0.0.3:5050
I1211 01:08:44.054280  9277 slave.cpp:649] No credentials provided. Attempting to register without authentication
I1211 01:08:44.054301  9277 slave.cpp:660] Detecting new master
I1211 01:08:44.054363  9273 status_update_manager.cpp:171] Pausing sending status updates
I1211 01:09:17.412734  9277 slave.cpp:3618] Current disk usage 25.65%. Max allowed age: 4.504219714197222days
I1211 01:09:20.901222  9277 slave.cpp:2908] No pings from master received within 75secs
/usr/sbin/mesos-slave already running.
I1211 01:10:09.013784  9277 slave.cpp:860] Re-registered with master master@10.0.0.3:5050
I1211 01:10:09.016723  9277 slave.cpp:2010] Updated checkpointed resources from  to 
I1211 01:10:09.016748  9277 status_update_manager.cpp:178] Resuming sending status updates
2015-12-11 01:10:16,447:9271(0x7f57e7fff700):ZOO_WARN@zookeeper_interest@1557: Exceeded deadline by 43ms
I1211 01:10:17.444424  9277 slave.cpp:3618] Current disk usage 25.66%. Max allowed age: 4.504088323755833days
I1211 01:10:18.073652  9277 slave.cpp:1121] Got assigned task 1449796216318-www-data-devel-job15-0-148fcf1a-9086-44ed-a916-5712b4686d01 for framework 20151211-003753-50331658-5050-7178-0000
I1211 01:10:18.074337  9277 slave.cpp:1231] Launching task 1449796216318-www-data-devel-job15-0-148fcf1a-9086-44ed-a916-5712b4686d01 for framework 20151211-003753-50331658-5050-7178-0000
I1211 01:10:18.095033  9277 slave.cpp:4160] Launching executor thermos-1449796216318-www-data-devel-job15-0-148fcf1a-9086-44ed-a916-5712b4686d01 of framework 20151211-003753-50331658-5050-7178-0000 in work directory '/var/lib/mesos/slave/slaves/20151211-010617-67108874-5050-9066-S0/frameworks/20151211-003753-50331658-5050-7178-0000/executors/thermos-1449796216318-www-data-devel-job15-0-148fcf1a-9086-44ed-a916-5712b4686d01/runs/dbac2ce4-f6b3-471a-b869-c07fb9019b24'
I1211 01:10:18.103425  9276 containerizer.cpp:472] Starting container 'dbac2ce4-f6b3-471a-b869-c07fb9019b24' for executor 'thermos-1449796216318-www-data-devel-job15-0-148fcf1a-9086-44ed-a916-5712b4686d01' of framework '20151211-003753-50331658-5050-7178-0000'
I1211 01:10:18.104151  9277 slave.cpp:1378] Queuing task '1449796216318-www-data-devel-job15-0-148fcf1a-9086-44ed-a916-5712b4686d01' for executor thermos-1449796216318-www-data-devel-job15-0-148fcf1a-9086-44ed-a916-5712b4686d01 of framework '20151211-003753-50331658-5050-7178-0000
I1211 01:10:18.105157  9276 launcher.cpp:130] Forked child with pid '9621' for container 'dbac2ce4-f6b3-471a-b869-c07fb9019b24'
I1211 01:10:18.129616  9276 containerizer.cpp:682] Checkpointing executor's forked pid 9621 to '/var/lib/mesos/slave/meta/slaves/20151211-010617-67108874-5050-9066-S0/frameworks/20151211-003753-50331658-5050-7178-0000/executors/thermos-1449796216318-www-data-devel-job15-0-148fcf1a-9086-44ed-a916-5712b4686d01/runs/dbac2ce4-f6b3-471a-b869-c07fb9019b24/pids/forked.pid'
I1211 01:10:18.230805  9276 fetcher.cpp:238] Fetching URIs using command '/usr/libexec/mesos/mesos-fetcher'
I1211 01:10:18.865264  9276 slave.cpp:3135] Monitoring executor 'thermos-1449796216318-www-data-devel-job15-0-148fcf1a-9086-44ed-a916-5712b4686d01' of framework '20151211-003753-50331658-5050-7178-0000' in container 'dbac2ce4-f6b3-471a-b869-c07fb9019b24'
I1211 01:10:18.973340  9276 containerizer.cpp:1111] Executor for container 'dbac2ce4-f6b3-471a-b869-c07fb9019b24' has exited
I1211 01:10:18.973445  9276 containerizer.cpp:906] Destroying container 'dbac2ce4-f6b3-471a-b869-c07fb9019b24'
I1211 01:10:18.976038  9273 slave.cpp:3193] Executor 'thermos-1449796216318-www-data-devel-job15-0-148fcf1a-9086-44ed-a916-5712b4686d01' of framework 20151211-003753-50331658-5050-7178-0000 exited with status 0
I1211 01:10:18.979493  9273 slave.cpp:2508] Handling status update TASK_LOST (UUID: f1655ea0-ead2-495c-b359-06b359c1f27f) for task 1449796216318-www-data-devel-job15-0-148fcf1a-9086-44ed-a916-5712b4686d01 of framework 20151211-003753-50331658-5050-7178-0000 from @0.0.0.0:0
W1211 01:10:18.979780  9276 containerizer.cpp:802] Ignoring update for unknown container: dbac2ce4-f6b3-471a-b869-c07fb9019b24
I1211 01:10:18.979877  9277 status_update_manager.cpp:317] Received status update TASK_LOST (UUID: f1655ea0-ead2-495c-b359-06b359c1f27f) for task 1449796216318-www-data-devel-job15-0-148fcf1a-9086-44ed-a916-5712b4686d01 of framework 20151211-003753-50331658-5050-7178-0000
I1211 01:10:18.980052  9277 status_update_manager.hpp:346] Checkpointing UPDATE for status update TASK_LOST (UUID: f1655ea0-ead2-495c-b359-06b359c1f27f) for task 1449796216318-www-data-devel-job15-0-148fcf1a-9086-44ed-a916-5712b4686d01 of framework 20151211-003753-50331658-5050-7178-0000
I1211 01:10:18.993808  9277 slave.cpp:2753] Forwarding the update TASK_LOST (UUID: f1655ea0-ead2-495c-b359-06b359c1f27f) for task 1449796216318-www-data-devel-job15-0-148fcf1a-9086-44ed-a916-5712b4686d01 of framework 20151211-003753-50331658-5050-7178-0000 to master@10.0.0.3:5050
I1211 01:10:19.771752  9279 slave.cpp:1558] Asked to kill task 1449796216318-www-data-devel-job15-0-148fcf1a-9086-44ed-a916-5712b4686d01 of framework 20151211-003753-50331658-5050-7178-0000
W1211 01:10:19.771885  9279 slave.cpp:1683] Ignoring kill task 1449796216318-www-data-devel-job15-0-148fcf1a-9086-44ed-a916-5712b4686d01 of framework 20151211-003753-50331658-5050-7178-0000 because the executor 'thermos-1449796216318-www-data-devel-job15-0-148fcf1a-9086-44ed-a916-5712b4686d01' is terminating/terminated
I1211 01:10:19.872776  9278 status_update_manager.cpp:389] Received status update acknowledgement (UUID: f1655ea0-ead2-495c-b359-06b359c1f27f) for task 1449796216318-www-data-devel-job15-0-148fcf1a-9086-44ed-a916-5712b4686d01 of framework 20151211-003753-50331658-5050-7178-0000
I1211 01:10:19.876951  9278 status_update_manager.hpp:346] Checkpointing ACK for status update TASK_LOST (UUID: f1655ea0-ead2-495c-b359-06b359c1f27f) for task 1449796216318-www-data-devel-job15-0-148fcf1a-9086-44ed-a916-5712b4686d01 of framework 20151211-003753-50331658-5050-7178-0000
I1211 01:10:19.881355  9278 slave.cpp:3302] Cleaning up executor 'thermos-1449796216318-www-data-devel-job15-0-148fcf1a-9086-44ed-a916-5712b4686d01' of framework 20151211-003753-50331658-5050-7178-0000
I1211 01:10:19.882660  9278 slave.cpp:3381] Cleaning up framework 20151211-003753-50331658-5050-7178-0000
I1211 01:10:19.883180  9278 status_update_manager.cpp:279] Closing status update streams for framework 20151211-003753-50331658-5050-7178-0000
I1211 01:10:19.882977  9274 gc.cpp:56] Scheduling '/var/lib/mesos/slave/slaves/20151211-010617-67108874-5050-9066-S0/frameworks/20151211-003753-50331658-5050-7178-0000/executors/thermos-1449796216318-www-data-devel-job15-0-148fcf1a-9086-44ed-a916-5712b4686d01/runs/dbac2ce4-f6b3-471a-b869-c07fb9019b24' for gc 6.99998978496296days in the future
I1211 01:10:19.883412  9274 gc.cpp:56] Scheduling '/var/lib/mesos/slave/slaves/20151211-010617-67108874-5050-9066-S0/frameworks/20151211-003753-50331658-5050-7178-0000/executors/thermos-1449796216318-www-data-devel-job15-0-148fcf1a-9086-44ed-a916-5712b4686d01' for gc 6.99998978456days in the future
I1211 01:10:19.883432  9274 gc.cpp:56] Scheduling '/var/lib/mesos/slave/meta/slaves/20151211-010617-67108874-5050-9066-S0/frameworks/20151211-003753-50331658-5050-7178-0000/executors/thermos-1449796216318-www-data-devel-job15-0-148fcf1a-9086-44ed-a916-5712b4686d01/runs/dbac2ce4-f6b3-471a-b869-c07fb9019b24' for gc 6.99998978432889days in the future
I1211 01:10:19.883451  9274 gc.cpp:56] Scheduling '/var/lib/mesos/slave/meta/slaves/20151211-010617-67108874-5050-9066-S0/frameworks/20151211-003753-50331658-5050-7178-0000/executors/thermos-1449796216318-www-data-devel-job15-0-148fcf1a-9086-44ed-a916-5712b4686d01' for gc 6.99998978414519days in the future
I1211 01:10:19.883874  9274 gc.cpp:56] Scheduling '/var/lib/mesos/slave/slaves/20151211-010617-67108874-5050-9066-S0/frameworks/20151211-003753-50331658-5050-7178-0000' for gc 6.99998977857481days in the future
I1211 01:10:19.883978  9274 gc.cpp:56] Scheduling '/var/lib/mesos/slave/meta/slaves/20151211-010617-67108874-5050-9066-S0/frameworks/20151211-003753-50331658-5050-7178-0000' for gc 6.99998977827556days in the future
I1211 01:10:20.079421  9272 slave.cpp:1121] Got assigned task 1449796219366-www-data-devel-job15-0-ea50d4c5-cf6b-4af4-b10e-f96d6d8f5d26 for framework 20151211-003753-50331658-5050-7178-0000
I1211 01:10:20.081475  9272 gc.cpp:84] Unscheduling '/var/lib/mesos/slave/slaves/20151211-010617-67108874-5050-9066-S0/frameworks/20151211-003753-50331658-5050-7178-0000' from gc
I1211 01:10:20.093415  9272 gc.cpp:84] Unscheduling '/var/lib/mesos/slave/meta/slaves/20151211-010617-67108874-5050-9066-S0/frameworks/20151211-003753-50331658-5050-7178-0000' from gc
I1211 01:10:20.093770  9272 slave.cpp:1231] Launching task 1449796219366-www-data-devel-job15-0-ea50d4c5-cf6b-4af4-b10e-f96d6d8f5d26 for framework 20151211-003753-50331658-5050-7178-0000
I1211 01:10:20.094801  9272 slave.cpp:4160] Launching executor thermos-1449796219366-www-data-devel-job15-0-ea50d4c5-cf6b-4af4-b10e-f96d6d8f5d26 of framework 20151211-003753-50331658-5050-7178-0000 in work directory '/var/lib/mesos/slave/slaves/20151211-010617-67108874-5050-9066-S0/frameworks/20151211-003753-50331658-5050-7178-0000/executors/thermos-1449796219366-www-data-devel-job15-0-ea50d4c5-cf6b-4af4-b10e-f96d6d8f5d26/runs/0f01f42c-8b52-4b7d-9bf1-a748dbf74065'
I1211 01:10:20.104249  9276 containerizer.cpp:472] Starting container '0f01f42c-8b52-4b7d-9bf1-a748dbf74065' for executor 'thermos-1449796219366-www-data-devel-job15-0-ea50d4c5-cf6b-4af4-b10e-f96d6d8f5d26' of framework '20151211-003753-50331658-5050-7178-0000'
I1211 01:10:20.112769  9276 launcher.cpp:130] Forked child with pid '9641' for container '0f01f42c-8b52-4b7d-9bf1-a748dbf74065'
I1211 01:10:20.112959  9276 containerizer.cpp:682] Checkpointing executor's forked pid 9641 to '/var/lib/mesos/slave/meta/slaves/20151211-010617-67108874-5050-9066-S0/frameworks/20151211-003753-50331658-5050-7178-0000/executors/thermos-1449796219366-www-data-devel-job15-0-ea50d4c5-cf6b-4af4-b10e-f96d6d8f5d26/runs/0f01f42c-8b52-4b7d-9bf1-a748dbf74065/pids/forked.pid'
I1211 01:10:20.116145  9272 slave.cpp:1378] Queuing task '1449796219366-www-data-devel-job15-0-ea50d4c5-cf6b-4af4-b10e-f96d6d8f5d26' for executor thermos-1449796219366-www-data-devel-job15-0-ea50d4c5-cf6b-4af4-b10e-f96d6d8f5d26 of framework '20151211-003753-50331658-5050-7178-0000
I1211 01:10:20.185444  9274 fetcher.cpp:238] Fetching URIs using command '/usr/libexec/mesos/mesos-fetcher'
I1211 01:10:21.207044  9274 slave.cpp:3135] Monitoring executor 'thermos-1449796219366-www-data-devel-job15-0-ea50d4c5-cf6b-4af4-b10e-f96d6d8f5d26' of framework '20151211-003753-50331658-5050-7178-0000' in container '0f01f42c-8b52-4b7d-9bf1-a748dbf74065'
I1211 01:10:21.321190  9274 containerizer.cpp:1111] Executor for container '0f01f42c-8b52-4b7d-9bf1-a748dbf74065' has exited
I1211 01:10:21.321276  9274 containerizer.cpp:906] Destroying container '0f01f42c-8b52-4b7d-9bf1-a748dbf74065'
I1211 01:10:21.322185  9274 slave.cpp:3193] Executor 'thermos-1449796219366-www-data-devel-job15-0-ea50d4c5-cf6b-4af4-b10e-f96d6d8f5d26' of framework 20151211-003753-50331658-5050-7178-0000 exited with status 0
I1211 01:10:21.322773  9274 slave.cpp:2508] Handling status update TASK_LOST (UUID: 4631a6d3-a85c-4948-aeb5-16a76932dd3d) for task 1449796219366-www-data-devel-job15-0-ea50d4c5-cf6b-4af4-b10e-f96d6d8f5d26 of framework 20151211-003753-50331658-5050-7178-0000 from @0.0.0.0:0
W1211 01:10:21.322865  9279 containerizer.cpp:802] Ignoring update for unknown container: 0f01f42c-8b52-4b7d-9bf1-a748dbf74065
I1211 01:10:21.323072  9276 status_update_manager.cpp:317] Received status update TASK_LOST (UUID: 4631a6d3-a85c-4948-aeb5-16a76932dd3d) for task 1449796219366-www-data-devel-job15-0-ea50d4c5-cf6b-4af4-b10e-f96d6d8f5d26 of framework 20151211-003753-50331658-5050-7178-0000
I1211 01:10:21.323245  9276 status_update_manager.hpp:346] Checkpointing UPDATE for status update TASK_LOST (UUID: 4631a6d3-a85c-4948-aeb5-16a76932dd3d) for task 1449796219366-www-data-devel-job15-0-ea50d4c5-cf6b-4af4-b10e-f96d6d8f5d26 of framework 20151211-003753-50331658-5050-7178-0000
I1211 01:10:21.325793  9276 slave.cpp:2753] Forwarding the update TASK_LOST (UUID: 4631a6d3-a85c-4948-aeb5-16a76932dd3d) for task 1449796219366-www-data-devel-job15-0-ea50d4c5-cf6b-4af4-b10e-f96d6d8f5d26 of framework 20151211-003753-50331658-5050-7178-0000 to master@10.0.0.3:5050
I1211 01:10:21.591446  9272 slave.cpp:1558] Asked to kill task 1449796219366-www-data-devel-job15-0-ea50d4c5-cf6b-4af4-b10e-f96d6d8f5d26 of framework 20151211-003753-50331658-5050-7178-0000
W1211 01:10:21.591507  9272 slave.cpp:1683] Ignoring kill task 1449796219366-www-data-devel-job15-0-ea50d4c5-cf6b-4af4-b10e-f96d6d8f5d26 of framework 20151211-003753-50331658-5050-7178-0000 because the executor 'thermos-1449796219366-www-data-devel-job15-0-ea50d4c5-cf6b-4af4-b10e-f96d6d8f5d26' is terminating/terminated
I1211 01:10:21.627246  9273 status_update_manager.cpp:389] Received status update acknowledgement (UUID: 4631a6d3-a85c-4948-aeb5-16a76932dd3d) for task 1449796219366-www-data-devel-job15-0-ea50d4c5-cf6b-4af4-b10e-f96d6d8f5d26 of framework 20151211-003753-50331658-5050-7178-0000
I1211 01:10:21.627285  9273 status_update_manager.hpp:346] Checkpointing ACK for status update TASK_LOST (UUID: 4631a6d3-a85c-4948-aeb5-16a76932dd3d) for task 1449796219366-www-data-devel-job15-0-ea50d4c5-cf6b-4af4-b10e-f96d6d8f5d26 of framework 20151211-003753-50331658-5050-7178-0000
I1211 01:10:21.629458  9273 slave.cpp:3302] Cleaning up executor 'thermos-1449796219366-www-data-devel-job15-0-ea50d4c5-cf6b-4af4-b10e-f96d6d8f5d26' of framework 20151211-003753-50331658-5050-7178-0000
I1211 01:10:21.629716  9273 slave.cpp:3381] Cleaning up framework 20151211-003753-50331658-5050-7178-0000
I1211 01:10:21.629776  9273 gc.cpp:56] Scheduling '/var/lib/mesos/slave/slaves/20151211-010617-67108874-5050-9066-S0/frameworks/20151211-003753-50331658-5050-7178-0000/executors/thermos-1449796219366-www-data-devel-job15-0-ea50d4c5-cf6b-4af4-b10e-f96d6d8f5d26/runs/0f01f42c-8b52-4b7d-9bf1-a748dbf74065' for gc 6.99999271255704days in the future
I1211 01:10:21.629822  9273 gc.cpp:56] Scheduling '/var/lib/mesos/slave/slaves/20151211-010617-67108874-5050-9066-S0/frameworks/20151211-003753-50331658-5050-7178-0000/executors/thermos-1449796219366-www-data-devel-job15-0-ea50d4c5-cf6b-4af4-b10e-f96d6d8f5d26' for gc 6.99999271221037days in the future
I1211 01:10:21.629835  9273 gc.cpp:56] Scheduling '/var/lib/mesos/slave/meta/slaves/20151211-010617-67108874-5050-9066-S0/frameworks/20151211-003753-50331658-5050-7178-0000/executors/thermos-1449796219366-www-data-devel-job15-0-ea50d4c5-cf6b-4af4-b10e-f96d6d8f5d26/runs/0f01f42c-8b52-4b7d-9bf1-a748dbf74065' for gc 6.99999271196741days in the future
I1211 01:10:21.629847  9273 gc.cpp:56] Scheduling '/var/lib/mesos/slave/meta/slaves/20151211-010617-67108874-5050-9066-S0/frameworks/20151211-003753-50331658-5050-7178-0000/executors/thermos-1449796219366-www-data-devel-job15-0-ea50d4c5-cf6b-4af4-b10e-f96d6d8f5d26' for gc 6.99999271168days in the future
I1211 01:10:21.629858  9273 gc.cpp:56] Scheduling '/var/lib/mesos/slave/slaves/20151211-010617-67108874-5050-9066-S0/frameworks/20151211-003753-50331658-5050-7178-0000' for gc 6.99999271123852days in the future
I1211 01:10:21.629884  9273 gc.cpp:56] Scheduling '/var/lib/mesos/slave/meta/slaves/20151211-010617-67108874-5050-9066-S0/frameworks/20151211-003753-50331658-5050-7178-0000' for gc 6.9999927110637days in the future
I1211 01:10:21.629925  9275 status_update_manager.cpp:279] Closing status update streams for framework 20151211-003753-50331658-5050-7178-0000
I1211 01:10:21.680377  9277 slave.cpp:1121] Got assigned task 1449796220556-www-data-devel-job16-0-a1afb068-4985-43f5-9ded-f6ba2194cd0d for framework 20151211-003753-50331658-5050-7178-0000
I1211 01:10:21.681017  9277 gc.cpp:84] Unscheduling '/var/lib/mesos/slave/slaves/20151211-010617-67108874-5050-9066-S0/frameworks/20151211-003753-50331658-5050-7178-0000' from gc
I1211 01:10:21.681365  9277 gc.cpp:84] Unscheduling '/var/lib/mesos/slave/meta/slaves/20151211-010617-67108874-5050-9066-S0/frameworks/20151211-003753-50331658-5050-7178-0000' from gc
I1211 01:10:21.681404  9277 slave.cpp:1231] Launching task 1449796220556-www-data-devel-job16-0-a1afb068-4985-43f5-9ded-f6ba2194cd0d for framework 20151211-003753-50331658-5050-7178-0000
I1211 01:10:21.682435  9277 slave.cpp:4160] Launching executor thermos-1449796220556-www-data-devel-job16-0-a1afb068-4985-43f5-9ded-f6ba2194cd0d of framework 20151211-003753-50331658-5050-7178-0000 in work directory '/var/lib/mesos/slave/slaves/20151211-010617-67108874-5050-9066-S0/frameworks/20151211-003753-50331658-5050-7178-0000/executors/thermos-1449796220556-www-data-devel-job16-0-a1afb068-4985-43f5-9ded-f6ba2194cd0d/runs/aeb34098-9d54-442a-9448-b8f3e409af5e'
I1211 01:10:21.682586  9276 containerizer.cpp:472] Starting container 'aeb34098-9d54-442a-9448-b8f3e409af5e' for executor 'thermos-1449796220556-www-data-devel-job16-0-a1afb068-4985-43f5-9ded-f6ba2194cd0d' of framework '20151211-003753-50331658-5050-7178-0000'
I1211 01:10:21.683282  9276 launcher.cpp:130] Forked child with pid '9657' for container 'aeb34098-9d54-442a-9448-b8f3e409af5e'
I1211 01:10:21.683434  9276 containerizer.cpp:682] Checkpointing executor's forked pid 9657 to '/var/lib/mesos/slave/meta/slaves/20151211-010617-67108874-5050-9066-S0/frameworks/20151211-003753-50331658-5050-7178-0000/executors/thermos-1449796220556-www-data-devel-job16-0-a1afb068-4985-43f5-9ded-f6ba2194cd0d/runs/aeb34098-9d54-442a-9448-b8f3e409af5e/pids/forked.pid'
I1211 01:10:21.686363  9277 slave.cpp:1378] Queuing task '1449796220556-www-data-devel-job16-0-a1afb068-4985-43f5-9ded-f6ba2194cd0d' for executor thermos-1449796220556-www-data-devel-job16-0-a1afb068-4985-43f5-9ded-f6ba2194cd0d of framework '20151211-003753-50331658-5050-7178-0000
I1211 01:10:21.732204  9276 fetcher.cpp:238] Fetching URIs using command '/usr/libexec/mesos/mesos-fetcher'
I1211 01:10:21.939710  9276 slave.cpp:3135] Monitoring executor 'thermos-1449796220556-www-data-devel-job16-0-a1afb068-4985-43f5-9ded-f6ba2194cd0d' of framework '20151211-003753-50331658-5050-7178-0000' in container 'aeb34098-9d54-442a-9448-b8f3e409af5e'
I1211 01:10:22.046243  9276 containerizer.cpp:1111] Executor for container 'aeb34098-9d54-442a-9448-b8f3e409af5e' has exited
I1211 01:10:22.046291  9276 containerizer.cpp:906] Destroying container 'aeb34098-9d54-442a-9448-b8f3e409af5e'
I1211 01:10:22.046963  9276 slave.cpp:3193] Executor 'thermos-1449796220556-www-data-devel-job16-0-a1afb068-4985-43f5-9ded-f6ba2194cd0d' of framework 20151211-003753-50331658-5050-7178-0000 exited with status 0
I1211 01:10:22.047703  9276 slave.cpp:2508] Handling status update TASK_LOST (UUID: ff2400f2-16dc-47de-8896-e4a4a77b7014) for task 1449796220556-www-data-devel-job16-0-a1afb068-4985-43f5-9ded-f6ba2194cd0d of framework 20151211-003753-50331658-5050-7178-0000 from @0.0.0.0:0
W1211 01:10:22.047798  9272 containerizer.cpp:802] Ignoring update for unknown container: aeb34098-9d54-442a-9448-b8f3e409af5e
I1211 01:10:22.047997  9275 status_update_manager.cpp:317] Received status update TASK_LOST (UUID: ff2400f2-16dc-47de-8896-e4a4a77b7014) for task 1449796220556-www-data-devel-job16-0-a1afb068-4985-43f5-9ded-f6ba2194cd0d of framework 20151211-003753-50331658-5050-7178-0000
I1211 01:10:22.048168  9275 status_update_manager.hpp:346] Checkpointing UPDATE for status update TASK_LOST (UUID: ff2400f2-16dc-47de-8896-e4a4a77b7014) for task 1449796220556-www-data-devel-job16-0-a1afb068-4985-43f5-9ded-f6ba2194cd0d of framework 20151211-003753-50331658-5050-7178-0000
I1211 01:10:22.050699  9275 slave.cpp:2753] Forwarding the update TASK_LOST (UUID: ff2400f2-16dc-47de-8896-e4a4a77b7014) for task 1449796220556-www-data-devel-job16-0-a1afb068-4985-43f5-9ded-f6ba2194cd0d of framework 20151211-003753-50331658-5050-7178-0000 to master@10.0.0.3:5050
I1211 01:10:22.095187  9278 slave.cpp:1558] Asked to kill task 1449796220556-www-data-devel-job16-0-a1afb068-4985-43f5-9ded-f6ba2194cd0d of framework 20151211-003753-50331658-5050-7178-0000
W1211 01:10:22.095242  9278 slave.cpp:1683] Ignoring kill task 1449796220556-www-data-devel-job16-0-a1afb068-4985-43f5-9ded-f6ba2194cd0d of framework 20151211-003753-50331658-5050-7178-0000 because the executor 'thermos-1449796220556-www-data-devel-job16-0-a1afb068-4985-43f5-9ded-f6ba2194cd0d' is terminating/terminated
I1211 01:10:22.125056  9273 status_update_manager.cpp:389] Received status update acknowledgement (UUID: ff2400f2-16dc-47de-8896-e4a4a77b7014) for task 1449796220556-www-data-devel-job16-0-a1afb068-4985-43f5-9ded-f6ba2194cd0d of framework 20151211-003753-50331658-5050-7178-0000
I1211 01:10:22.125098  9273 status_update_manager.hpp:346] Checkpointing ACK for status update TASK_LOST (UUID: ff2400f2-16dc-47de-8896-e4a4a77b7014) for task 1449796220556-www-data-devel-job16-0-a1afb068-4985-43f5-9ded-f6ba2194cd0d of framework 20151211-003753-50331658-5050-7178-0000
I1211 01:10:22.127292  9273 slave.cpp:3302] Cleaning up executor 'thermos-1449796220556-www-data-devel-job16-0-a1afb068-4985-43f5-9ded-f6ba2194cd0d' of framework 20151211-003753-50331658-5050-7178-0000
I1211 01:10:22.127506  9273 slave.cpp:3381] Cleaning up framework 20151211-003753-50331658-5050-7178-0000
I1211 01:10:22.127555  9273 gc.cpp:56] Scheduling '/var/lib/mesos/slave/slaves/20151211-010617-67108874-5050-9066-S0/frameworks/20151211-003753-50331658-5050-7178-0000/executors/thermos-1449796220556-www-data-devel-job16-0-a1afb068-4985-43f5-9ded-f6ba2194cd0d/runs/aeb34098-9d54-442a-9448-b8f3e409af5e' for gc 6.99999852500148days in the future
I1211 01:10:22.127581  9273 gc.cpp:56] Scheduling '/var/lib/mesos/slave/slaves/20151211-010617-67108874-5050-9066-S0/frameworks/20151211-003753-50331658-5050-7178-0000/executors/thermos-1449796220556-www-data-devel-job16-0-a1afb068-4985-43f5-9ded-f6ba2194cd0d' for gc 6.99999852467556days in the future
I1211 01:10:22.127594  9273 gc.cpp:56] Scheduling '/var/lib/mesos/slave/meta/slaves/20151211-010617-67108874-5050-9066-S0/frameworks/20151211-003753-50331658-5050-7178-0000/executors/thermos-1449796220556-www-data-devel-job16-0-a1afb068-4985-43f5-9ded-f6ba2194cd0d/runs/aeb34098-9d54-442a-9448-b8f3e409af5e' for gc 6.99999852446815days in the future
I1211 01:10:22.127614  9273 gc.cpp:56] Scheduling '/var/lib/mesos/slave/meta/slaves/20151211-010617-67108874-5050-9066-S0/frameworks/20151211-003753-50331658-5050-7178-0000/executors/thermos-1449796220556-www-data-devel-job16-0-a1afb068-4985-43f5-9ded-f6ba2194cd0d' for gc 6.99999852430518days in the future
I1211 01:10:22.127624  9273 gc.cpp:56] Scheduling '/var/lib/mesos/slave/slaves/20151211-010617-67108874-5050-9066-S0/frameworks/20151211-003753-50331658-5050-7178-0000' for gc 6.99999852391407days in the future
I1211 01:10:22.127643  9273 gc.cpp:56] Scheduling '/var/lib/mesos/slave/meta/slaves/20151211-010617-67108874-5050-9066-S0/frameworks/20151211-003753-50331658-5050-7178-0000' for gc 6.99999852376days in the future
I1211 01:10:22.127655  9273 status_update_manager.cpp:279] Closing status update streams for framework 20151211-003753-50331658-5050-7178-0000
I1211 01:11:17.454933  9276 slave.cpp:3618] Current disk usage 25.66%. Max allowed age: 4.503934082802905days
I1211 01:11:18.103941  9277 slave.cpp:3534] Framework 20151211-003753-50331658-5050-7178-0000 seems to have exited. Ignoring registration timeout for executor 'thermos-1449796216318-www-data-devel-job15-0-148fcf1a-9086-44ed-a916-5712b4686d01'
I1211 01:11:20.116032  9274 slave.cpp:3534] Framework 20151211-003753-50331658-5050-7178-0000 seems to have exited. Ignoring registration timeout for executor 'thermos-1449796219366-www-data-devel-job15-0-ea50d4c5-cf6b-4af4-b10e-f96d6d8f5d26'
I1211 01:11:21.686823  9279 slave.cpp:3534] Framework 20151211-003753-50331658-5050-7178-0000 seems to have exited. Ignoring registration timeout for executor 'thermos-1449796220556-www-data-devel-job16-0-a1afb068-4985-43f5-9ded-f6ba2194cd0d'
I1211 01:11:22.098860  9276 slave.cpp:1121] Got assigned task 1449796222059-www-data-devel-job16-0-10932c30-82a2-4219-ad44-07738103b093 for framework 20151211-003753-50331658-5050-7178-0000
I1211 01:11:22.099658  9276 gc.cpp:84] Unscheduling '/var/lib/mesos/slave/slaves/20151211-010617-67108874-5050-9066-S0/frameworks/20151211-003753-50331658-5050-7178-0000' from gc
I1211 01:11:22.099737  9276 gc.cpp:84] Unscheduling '/var/lib/mesos/slave/meta/slaves/20151211-010617-67108874-5050-9066-S0/frameworks/20151211-003753-50331658-5050-7178-0000' from gc
I1211 01:11:22.099838  9276 slave.cpp:1231] Launching task 1449796222059-www-data-devel-job16-0-10932c30-82a2-4219-ad44-07738103b093 for framework 20151211-003753-50331658-5050-7178-0000
I1211 01:11:22.100745  9276 slave.cpp:4160] Launching executor thermos-1449796222059-www-data-devel-job16-0-10932c30-82a2-4219-ad44-07738103b093 of framework 20151211-003753-50331658-5050-7178-0000 in work directory '/var/lib/mesos/slave/slaves/20151211-010617-67108874-5050-9066-S0/frameworks/20151211-003753-50331658-5050-7178-0000/executors/thermos-1449796222059-www-data-devel-job16-0-10932c30-82a2-4219-ad44-07738103b093/runs/a7aa976f-adf0-418d-bf4f-4cc4241270f5'
I1211 01:11:22.101200  9274 containerizer.cpp:472] Starting container 'a7aa976f-adf0-418d-bf4f-4cc4241270f5' for executor 'thermos-1449796222059-www-data-devel-job16-0-10932c30-82a2-4219-ad44-07738103b093' of framework '20151211-003753-50331658-5050-7178-0000'
I1211 01:11:22.101966  9274 launcher.cpp:130] Forked child with pid '9667' for container 'a7aa976f-adf0-418d-bf4f-4cc4241270f5'
I1211 01:11:22.103446  9274 containerizer.cpp:682] Checkpointing executor's forked pid 9667 to '/var/lib/mesos/slave/meta/slaves/20151211-010617-67108874-5050-9066-S0/frameworks/20151211-003753-50331658-5050-7178-0000/executors/thermos-1449796222059-www-data-devel-job16-0-10932c30-82a2-4219-ad44-07738103b093/runs/a7aa976f-adf0-418d-bf4f-4cc4241270f5/pids/forked.pid'
I1211 01:11:22.110798  9276 slave.cpp:1378] Queuing task '1449796222059-www-data-devel-job16-0-10932c30-82a2-4219-ad44-07738103b093' for executor thermos-1449796222059-www-data-devel-job16-0-10932c30-82a2-4219-ad44-07738103b093 of framework '20151211-003753-50331658-5050-7178-0000
I1211 01:11:22.140269  9273 fetcher.cpp:238] Fetching URIs using command '/usr/libexec/mesos/mesos-fetcher'
I1211 01:11:22.195057  9273 slave.cpp:3135] Monitoring executor 'thermos-1449796222059-www-data-devel-job16-0-10932c30-82a2-4219-ad44-07738103b093' of framework '20151211-003753-50331658-5050-7178-0000' in container 'a7aa976f-adf0-418d-bf4f-4cc4241270f5'
I1211 01:11:22.298368  9273 containerizer.cpp:1111] Executor for container 'a7aa976f-adf0-418d-bf4f-4cc4241270f5' has exited
I1211 01:11:22.298439  9273 containerizer.cpp:906] Destroying container 'a7aa976f-adf0-418d-bf4f-4cc4241270f5'
I1211 01:11:22.299666  9273 slave.cpp:3193] Executor 'thermos-1449796222059-www-data-devel-job16-0-10932c30-82a2-4219-ad44-07738103b093' of framework 20151211-003753-50331658-5050-7178-0000 exited with status 0
I1211 01:11:22.300639  9273 slave.cpp:2508] Handling status update TASK_LOST (UUID: 03775f35-ceb1-4e44-82c3-02288b24a921) for task 1449796222059-www-data-devel-job16-0-10932c30-82a2-4219-ad44-07738103b093 of framework 20151211-003753-50331658-5050-7178-0000 from @0.0.0.0:0
W1211 01:11:22.300755  9279 containerizer.cpp:802] Ignoring update for unknown container: a7aa976f-adf0-418d-bf4f-4cc4241270f5
I1211 01:11:22.301518  9274 status_update_manager.cpp:317] Received status update TASK_LOST (UUID: 03775f35-ceb1-4e44-82c3-02288b24a921) for task 1449796222059-www-data-devel-job16-0-10932c30-82a2-4219-ad44-07738103b093 of framework 20151211-003753-50331658-5050-7178-0000
I1211 01:11:22.301825  9274 status_update_manager.hpp:346] Checkpointing UPDATE for status update TASK_LOST (UUID: 03775f35-ceb1-4e44-82c3-02288b24a921) for task 1449796222059-www-data-devel-job16-0-10932c30-82a2-4219-ad44-07738103b093 of framework 20151211-003753-50331658-5050-7178-0000
I1211 01:11:22.305860  9274 slave.cpp:2753] Forwarding the update TASK_LOST (UUID: 03775f35-ceb1-4e44-82c3-02288b24a921) for task 1449796222059-www-data-devel-job16-0-10932c30-82a2-4219-ad44-07738103b093 of framework 20151211-003753-50331658-5050-7178-0000 to master@10.0.0.3:5050
I1211 01:11:22.317540  9276 slave.cpp:1558] Asked to kill task 1449796222059-www-data-devel-job16-0-10932c30-82a2-4219-ad44-07738103b093 of framework 20151211-003753-50331658-5050-7178-0000
W1211 01:11:22.317575  9276 slave.cpp:1683] Ignoring kill task 1449796222059-www-data-devel-job16-0-10932c30-82a2-4219-ad44-07738103b093 of framework 20151211-003753-50331658-5050-7178-0000 because the executor 'thermos-1449796222059-www-data-devel-job16-0-10932c30-82a2-4219-ad44-07738103b093' is terminating/terminated
I1211 01:11:22.334157  9276 status_update_manager.cpp:389] Received status update acknowledgement (UUID: 03775f35-ceb1-4e44-82c3-02288b24a921) for task 1449796222059-www-data-devel-job16-0-10932c30-82a2-4219-ad44-07738103b093 of framework 20151211-003753-50331658-5050-7178-0000
I1211 01:11:22.334216  9276 status_update_manager.hpp:346] Checkpointing ACK for status update TASK_LOST (UUID: 03775f35-ceb1-4e44-82c3-02288b24a921) for task 1449796222059-www-data-devel-job16-0-10932c30-82a2-4219-ad44-07738103b093 of framework 20151211-003753-50331658-5050-7178-0000
I1211 01:11:22.336220  9276 slave.cpp:3302] Cleaning up executor 'thermos-1449796222059-www-data-devel-job16-0-10932c30-82a2-4219-ad44-07738103b093' of framework 20151211-003753-50331658-5050-7178-0000
I1211 01:11:22.336433  9276 slave.cpp:3381] Cleaning up framework 20151211-003753-50331658-5050-7178-0000
I1211 01:11:22.336485  9276 gc.cpp:56] Scheduling '/var/lib/mesos/slave/slaves/20151211-010617-67108874-5050-9066-S0/frameworks/20151211-003753-50331658-5050-7178-0000/executors/thermos-1449796222059-www-data-devel-job16-0-10932c30-82a2-4219-ad44-07738103b093/runs/a7aa976f-adf0-418d-bf4f-4cc4241270f5' for gc 6.99999610682963days in the future
I1211 01:11:22.336509  9276 gc.cpp:56] Scheduling '/var/lib/mesos/slave/slaves/20151211-010617-67108874-5050-9066-S0/frameworks/20151211-003753-50331658-5050-7178-0000/executors/thermos-1449796222059-www-data-devel-job16-0-10932c30-82a2-4219-ad44-07738103b093' for gc 6.99999610651556days in the future
I1211 01:11:22.336521  9276 gc.cpp:56] Scheduling '/var/lib/mesos/slave/meta/slaves/20151211-010617-67108874-5050-9066-S0/frameworks/20151211-003753-50331658-5050-7178-0000/executors/thermos-1449796222059-www-data-devel-job16-0-10932c30-82a2-4219-ad44-07738103b093/runs/a7aa976f-adf0-418d-bf4f-4cc4241270f5' for gc 6.99999610631704days in the future
I1211 01:11:22.336531  9276 gc.cpp:56] Scheduling '/var/lib/mesos/slave/meta/slaves/20151211-010617-67108874-5050-9066-S0/frameworks/20151211-003753-50331658-5050-7178-0000/executors/thermos-1449796222059-www-data-devel-job16-0-10932c30-82a2-4219-ad44-07738103b093' for gc 6.99999610615704days in the future
I1211 01:11:22.336541  9276 gc.cpp:56] Scheduling '/var/lib/mesos/slave/slaves/20151211-010617-67108874-5050-9066-S0/frameworks/20151211-003753-50331658-5050-7178-0000' for gc 6.99999610577482days in the future
I1211 01:11:22.336557  9276 gc.cpp:56] Scheduling '/var/lib/mesos/slave/meta/slaves/20151211-010617-67108874-5050-9066-S0/frameworks/20151211-003753-50331658-5050-7178-0000' for gc 6.99999610562667days in the future
I1211 01:11:22.336568  9276 status_update_manager.cpp:279] Closing status update streams for framework 20151211-003753-50331658-5050-7178-0000
I1211 01:12:17.456131  9275 slave.cpp:3618] Current disk usage 25.66%. Max allowed age: 4.503794837498171days
I1211 01:12:22.109810  9272 slave.cpp:3534] Framework 20151211-003753-50331658-5050-7178-0000 seems to have exited. Ignoring registration timeout for executor 'thermos-1449796222059-www-data-devel-job16-0-10932c30-82a2-4219-ad44-07738103b093'
I1211 01:13:17.457243  9278 slave.cpp:3618] Current disk usage 25.66%. Max allowed age: 4.503704149530474days
I1211 01:13:21.821198  9277 slave.cpp:1121] Got assigned task 1449796281782-www-data-devel-job15-0-aa4e4238-a791-4680-9552-29278ae9a301 for framework 20151211-003753-50331658-5050-7178-0000
I1211 01:13:21.822130  9277 gc.cpp:84] Unscheduling '/var/lib/mesos/slave/slaves/20151211-010617-67108874-5050-9066-S0/frameworks/20151211-003753-50331658-5050-7178-0000' from gc
I1211 01:13:21.822190  9277 gc.cpp:84] Unscheduling '/var/lib/mesos/slave/meta/slaves/20151211-010617-67108874-5050-9066-S0/frameworks/20151211-003753-50331658-5050-7178-0000' from gc
I1211 01:13:21.822226  9277 slave.cpp:1231] Launching task 1449796281782-www-data-devel-job15-0-aa4e4238-a791-4680-9552-29278ae9a301 for framework 20151211-003753-50331658-5050-7178-0000
I1211 01:13:21.823133  9277 slave.cpp:4160] Launching executor thermos-1449796281782-www-data-devel-job15-0-aa4e4238-a791-4680-9552-29278ae9a301 of framework 20151211-003753-50331658-5050-7178-0000 in work directory '/var/lib/mesos/slave/slaves/20151211-010617-67108874-5050-9066-S0/frameworks/20151211-003753-50331658-5050-7178-0000/executors/thermos-1449796281782-www-data-devel-job15-0-aa4e4238-a791-4680-9552-29278ae9a301/runs/3a6a1cc4-fdd8-4c26-ab80-a9711e85998a'
I1211 01:13:21.823418  9276 containerizer.cpp:472] Starting container '3a6a1cc4-fdd8-4c26-ab80-a9711e85998a' for executor 'thermos-1449796281782-www-data-devel-job15-0-aa4e4238-a791-4680-9552-29278ae9a301' of framework '20151211-003753-50331658-5050-7178-0000'
I1211 01:13:21.824128  9276 launcher.cpp:130] Forked child with pid '9691' for container '3a6a1cc4-fdd8-4c26-ab80-a9711e85998a'
I1211 01:13:21.824306  9276 containerizer.cpp:682] Checkpointing executor's forked pid 9691 to '/var/lib/mesos/slave/meta/slaves/20151211-010617-67108874-5050-9066-S0/frameworks/20151211-003753-50331658-5050-7178-0000/executors/thermos-1449796281782-www-data-devel-job15-0-aa4e4238-a791-4680-9552-29278ae9a301/runs/3a6a1cc4-fdd8-4c26-ab80-a9711e85998a/pids/forked.pid'
I1211 01:13:21.829375  9277 slave.cpp:1378] Queuing task '1449796281782-www-data-devel-job15-0-aa4e4238-a791-4680-9552-29278ae9a301' for executor thermos-1449796281782-www-data-devel-job15-0-aa4e4238-a791-4680-9552-29278ae9a301 of framework '20151211-003753-50331658-5050-7178-0000
I1211 01:13:21.855221  9272 fetcher.cpp:238] Fetching URIs using command '/usr/libexec/mesos/mesos-fetcher'
I1211 01:13:22.112150  9272 slave.cpp:3135] Monitoring executor 'thermos-1449796281782-www-data-devel-job15-0-aa4e4238-a791-4680-9552-29278ae9a301' of framework '20151211-003753-50331658-5050-7178-0000' in container '3a6a1cc4-fdd8-4c26-ab80-a9711e85998a'
I1211 01:13:22.213335  9272 containerizer.cpp:1111] Executor for container '3a6a1cc4-fdd8-4c26-ab80-a9711e85998a' has exited
I1211 01:13:22.215860  9272 containerizer.cpp:906] Destroying container '3a6a1cc4-fdd8-4c26-ab80-a9711e85998a'
I1211 01:13:22.216531  9272 slave.cpp:3193] Executor 'thermos-1449796281782-www-data-devel-job15-0-aa4e4238-a791-4680-9552-29278ae9a301' of framework 20151211-003753-50331658-5050-7178-0000 exited with status 0
I1211 01:13:22.217036  9272 slave.cpp:2508] Handling status update TASK_LOST (UUID: af7b1d7b-970d-4db1-b378-7213d8f64994) for task 1449796281782-www-data-devel-job15-0-aa4e4238-a791-4680-9552-29278ae9a301 of framework 20151211-003753-50331658-5050-7178-0000 from @0.0.0.0:0
W1211 01:13:22.220811  9275 containerizer.cpp:802] Ignoring update for unknown container: 3a6a1cc4-fdd8-4c26-ab80-a9711e85998a
I1211 01:13:22.221032  9274 status_update_manager.cpp:317] Received status update TASK_LOST (UUID: af7b1d7b-970d-4db1-b378-7213d8f64994) for task 1449796281782-www-data-devel-job15-0-aa4e4238-a791-4680-9552-29278ae9a301 of framework 20151211-003753-50331658-5050-7178-0000
I1211 01:13:22.221202  9274 status_update_manager.hpp:346] Checkpointing UPDATE for status update TASK_LOST (UUID: af7b1d7b-970d-4db1-b378-7213d8f64994) for task 1449796281782-www-data-devel-job15-0-aa4e4238-a791-4680-9552-29278ae9a301 of framework 20151211-003753-50331658-5050-7178-0000
I1211 01:13:22.237254  9274 slave.cpp:2753] Forwarding the update TASK_LOST (UUID: af7b1d7b-970d-4db1-b378-7213d8f64994) for task 1449796281782-www-data-devel-job15-0-aa4e4238-a791-4680-9552-29278ae9a301 of framework 20151211-003753-50331658-5050-7178-0000 to master@10.0.0.3:5050
I1211 01:13:22.306363  9279 slave.cpp:1558] Asked to kill task 1449796281782-www-data-devel-job15-0-aa4e4238-a791-4680-9552-29278ae9a301 of framework 20151211-003753-50331658-5050-7178-0000
W1211 01:13:22.306414  9279 slave.cpp:1683] Ignoring kill task 1449796281782-www-data-devel-job15-0-aa4e4238-a791-4680-9552-29278ae9a301 of framework 20151211-003753-50331658-5050-7178-0000 because the executor 'thermos-1449796281782-www-data-devel-job15-0-aa4e4238-a791-4680-9552-29278ae9a301' is terminating/terminated
I1211 01:13:22.360895  9276 status_update_manager.cpp:389] Received status update acknowledgement (UUID: af7b1d7b-970d-4db1-b378-7213d8f64994) for task 1449796281782-www-data-devel-job15-0-aa4e4238-a791-4680-9552-29278ae9a301 of framework 20151211-003753-50331658-5050-7178-0000
I1211 01:13:22.360939  9276 status_update_manager.hpp:346] Checkpointing ACK for status update TASK_LOST (UUID: af7b1d7b-970d-4db1-b378-7213d8f64994) for task 1449796281782-www-data-devel-job15-0-aa4e4238-a791-4680-9552-29278ae9a301 of framework 20151211-003753-50331658-5050-7178-0000
I1211 01:13:22.367228  9276 slave.cpp:3302] Cleaning up executor 'thermos-1449796281782-www-data-devel-job15-0-aa4e4238-a791-4680-9552-29278ae9a301' of framework 20151211-003753-50331658-5050-7178-0000
I1211 01:13:22.367437  9276 slave.cpp:3381] Cleaning up framework 20151211-003753-50331658-5050-7178-0000
I1211 01:13:22.367492  9276 gc.cpp:56] Scheduling '/var/lib/mesos/slave/slaves/20151211-010617-67108874-5050-9066-S0/frameworks/20151211-003753-50331658-5050-7178-0000/executors/thermos-1449796281782-www-data-devel-job15-0-aa4e4238-a791-4680-9552-29278ae9a301/runs/3a6a1cc4-fdd8-4c26-ab80-a9711e85998a' for gc 6.99999574800889days in the future
I1211 01:13:22.367518  9276 gc.cpp:56] Scheduling '/var/lib/mesos/slave/slaves/20151211-010617-67108874-5050-9066-S0/frameworks/20151211-003753-50331658-5050-7178-0000/executors/thermos-1449796281782-www-data-devel-job15-0-aa4e4238-a791-4680-9552-29278ae9a301' for gc 6.99999574768593days in the future
I1211 01:13:22.367532  9276 gc.cpp:56] Scheduling '/var/lib/mesos/slave/meta/slaves/20151211-010617-67108874-5050-9066-S0/frameworks/20151211-003753-50331658-5050-7178-0000/executors/thermos-1449796281782-www-data-devel-job15-0-aa4e4238-a791-4680-9552-29278ae9a301/runs/3a6a1cc4-fdd8-4c26-ab80-a9711e85998a' for gc 6.99999574747556days in the future
I1211 01:13:22.367543  9276 gc.cpp:56] Scheduling '/var/lib/mesos/slave/meta/slaves/20151211-010617-67108874-5050-9066-S0/frameworks/20151211-003753-50331658-5050-7178-0000/executors/thermos-1449796281782-www-data-devel-job15-0-aa4e4238-a791-4680-9552-29278ae9a301' for gc 6.99999574731259days in the future
I1211 01:13:22.367554  9276 gc.cpp:56] Scheduling '/var/lib/mesos/slave/slaves/20151211-010617-67108874-5050-9066-S0/frameworks/20151211-003753-50331658-5050-7178-0000' for gc 6.99999574688593days in the future
I1211 01:13:22.367565  9276 gc.cpp:56] Scheduling '/var/lib/mesos/slave/meta/slaves/20151211-010617-67108874-5050-9066-S0/frameworks/20151211-003753-50331658-5050-7178-0000' for gc 6.99999574674667days in the future
I1211 01:13:22.367576  9276 status_update_manager.cpp:279] Closing status update streams for framework 20151211-003753-50331658-5050-7178-0000
I1211 01:13:22.761926  9276 slave.cpp:1121] Got assigned task 1449796282313-www-data-devel-job16-0-1a389da2-a709-4e06-8944-261b031cce7c for framework 20151211-003753-50331658-5050-7178-0000
I1211 01:13:22.762464  9276 gc.cpp:84] Unscheduling '/var/lib/mesos/slave/slaves/20151211-010617-67108874-5050-9066-S0/frameworks/20151211-003753-50331658-5050-7178-0000' from gc
I1211 01:13:22.762497  9276 gc.cpp:84] Unscheduling '/var/lib/mesos/slave/meta/slaves/20151211-010617-67108874-5050-9066-S0/frameworks/20151211-003753-50331658-5050-7178-0000' from gc
I1211 01:13:22.762573  9276 slave.cpp:1231] Launching task 1449796282313-www-data-devel-job16-0-1a389da2-a709-4e06-8944-261b031cce7c for framework 20151211-003753-50331658-5050-7178-0000
I1211 01:13:22.763643  9276 slave.cpp:4160] Launching executor thermos-1449796282313-www-data-devel-job16-0-1a389da2-a709-4e06-8944-261b031cce7c of framework 20151211-003753-50331658-5050-7178-0000 in work directory '/var/lib/mesos/slave/slaves/20151211-010617-67108874-5050-9066-S0/frameworks/20151211-003753-50331658-5050-7178-0000/executors/thermos-1449796282313-www-data-devel-job16-0-1a389da2-a709-4e06-8944-261b031cce7c/runs/238d74e1-1566-42d9-bd99-d6be23483441'
I1211 01:13:22.763942  9275 containerizer.cpp:472] Starting container '238d74e1-1566-42d9-bd99-d6be23483441' for executor 'thermos-1449796282313-www-data-devel-job16-0-1a389da2-a709-4e06-8944-261b031cce7c' of framework '20151211-003753-50331658-5050-7178-0000'
I1211 01:13:22.764636  9275 launcher.cpp:130] Forked child with pid '9702' for container '238d74e1-1566-42d9-bd99-d6be23483441'
I1211 01:13:22.771075  9275 containerizer.cpp:682] Checkpointing executor's forked pid 9702 to '/var/lib/mesos/slave/meta/slaves/20151211-010617-67108874-5050-9066-S0/frameworks/20151211-003753-50331658-5050-7178-0000/executors/thermos-1449796282313-www-data-devel-job16-0-1a389da2-a709-4e06-8944-261b031cce7c/runs/238d74e1-1566-42d9-bd99-d6be23483441/pids/forked.pid'
I1211 01:13:22.780802  9276 slave.cpp:1378] Queuing task '1449796282313-www-data-devel-job16-0-1a389da2-a709-4e06-8944-261b031cce7c' for executor thermos-1449796282313-www-data-devel-job16-0-1a389da2-a709-4e06-8944-261b031cce7c of framework '20151211-003753-50331658-5050-7178-0000
I1211 01:13:22.817363  9275 fetcher.cpp:238] Fetching URIs using command '/usr/libexec/mesos/mesos-fetcher'
I1211 01:13:22.940930  9275 slave.cpp:3135] Monitoring executor 'thermos-1449796282313-www-data-devel-job16-0-1a389da2-a709-4e06-8944-261b031cce7c' of framework '20151211-003753-50331658-5050-7178-0000' in container '238d74e1-1566-42d9-bd99-d6be23483441'
I1211 01:13:23.043228  9275 containerizer.cpp:1111] Executor for container '238d74e1-1566-42d9-bd99-d6be23483441' has exited
I1211 01:13:23.043287  9275 containerizer.cpp:906] Destroying container '238d74e1-1566-42d9-bd99-d6be23483441'
I1211 01:13:23.044188  9275 slave.cpp:3193] Executor 'thermos-1449796282313-www-data-devel-job16-0-1a389da2-a709-4e06-8944-261b031cce7c' of framework 20151211-003753-50331658-5050-7178-0000 exited with status 0
I1211 01:13:23.044819  9275 slave.cpp:2508] Handling status update TASK_LOST (UUID: afb000f6-7924-41f1-98d2-afca87060142) for task 1449796282313-www-data-devel-job16-0-1a389da2-a709-4e06-8944-261b031cce7c of framework 20151211-003753-50331658-5050-7178-0000 from @0.0.0.0:0
W1211 01:13:23.044972  9273 containerizer.cpp:802] Ignoring update for unknown container: 238d74e1-1566-42d9-bd99-d6be23483441
I1211 01:13:23.045517  9274 status_update_manager.cpp:317] Received status update TASK_LOST (UUID: afb000f6-7924-41f1-98d2-afca87060142) for task 1449796282313-www-data-devel-job16-0-1a389da2-a709-4e06-8944-261b031cce7c of framework 20151211-003753-50331658-5050-7178-0000
I1211 01:13:23.045696  9274 status_update_manager.hpp:346] Checkpointing UPDATE for status update TASK_LOST (UUID: afb000f6-7924-41f1-98d2-afca87060142) for task 1449796282313-www-data-devel-job16-0-1a389da2-a709-4e06-8944-261b031cce7c of framework 20151211-003753-50331658-5050-7178-0000
I1211 01:13:23.049386  9274 slave.cpp:2753] Forwarding the update TASK_LOST (UUID: afb000f6-7924-41f1-98d2-afca87060142) for task 1449796282313-www-data-devel-job16-0-1a389da2-a709-4e06-8944-261b031cce7c of framework 20151211-003753-50331658-5050-7178-0000 to master@10.0.0.3:5050
I1211 01:13:23.063410  9272 slave.cpp:1558] Asked to kill task 1449796282313-www-data-devel-job16-0-1a389da2-a709-4e06-8944-261b031cce7c of framework 20151211-003753-50331658-5050-7178-0000
W1211 01:13:23.063446  9272 slave.cpp:1683] Ignoring kill task 1449796282313-www-data-devel-job16-0-1a389da2-a709-4e06-8944-261b031cce7c of framework 20151211-003753-50331658-5050-7178-0000 because the executor 'thermos-1449796282313-www-data-devel-job16-0-1a389da2-a709-4e06-8944-261b031cce7c' is terminating/terminated
I1211 01:13:23.072674  9277 status_update_manager.cpp:389] Received status update acknowledgement (UUID: afb000f6-7924-41f1-98d2-afca87060142) for task 1449796282313-www-data-devel-job16-0-1a389da2-a709-4e06-8944-261b031cce7c of framework 20151211-003753-50331658-5050-7178-0000
I1211 01:13:23.072731  9277 status_update_manager.hpp:346] Checkpointing ACK for status update TASK_LOST (UUID: afb000f6-7924-41f1-98d2-afca87060142) for task 1449796282313-www-data-devel-job16-0-1a389da2-a709-4e06-8944-261b031cce7c of framework 20151211-003753-50331658-5050-7178-0000
I1211 01:13:23.074815  9277 slave.cpp:3302] Cleaning up executor 'thermos-1449796282313-www-data-devel-job16-0-1a389da2-a709-4e06-8944-261b031cce7c' of framework 20151211-003753-50331658-5050-7178-0000
I1211 01:13:23.075027  9277 slave.cpp:3381] Cleaning up framework 20151211-003753-50331658-5050-7178-0000
I1211 01:13:23.075075  9277 gc.cpp:56] Scheduling '/var/lib/mesos/slave/slaves/20151211-010617-67108874-5050-9066-S0/frameworks/20151211-003753-50331658-5050-7178-0000/executors/thermos-1449796282313-www-data-devel-job16-0-1a389da2-a709-4e06-8944-261b031cce7c/runs/238d74e1-1566-42d9-bd99-d6be23483441' for gc 6.99999913233778days in the future
I1211 01:13:23.075100  9277 gc.cpp:56] Scheduling '/var/lib/mesos/slave/slaves/20151211-010617-67108874-5050-9066-S0/frameworks/20151211-003753-50331658-5050-7178-0000/executors/thermos-1449796282313-www-data-devel-job16-0-1a389da2-a709-4e06-8944-261b031cce7c' for gc 6.99999913203852days in the future
I1211 01:13:23.075111  9277 gc.cpp:56] Scheduling '/var/lib/mesos/slave/meta/slaves/20151211-010617-67108874-5050-9066-S0/frameworks/20151211-003753-50331658-5050-7178-0000/executors/thermos-1449796282313-www-data-devel-job16-0-1a389da2-a709-4e06-8944-261b031cce7c/runs/238d74e1-1566-42d9-bd99-d6be23483441' for gc 6.99999913184days in the future
I1211 01:13:23.075122  9277 gc.cpp:56] Scheduling '/var/lib/mesos/slave/meta/slaves/20151211-010617-67108874-5050-9066-S0/frameworks/20151211-003753-50331658-5050-7178-0000/executors/thermos-1449796282313-www-data-devel-job16-0-1a389da2-a709-4e06-8944-261b031cce7c' for gc 6.99999913168889days in the future
I1211 01:13:23.075132  9277 gc.cpp:56] Scheduling '/var/lib/mesos/slave/slaves/20151211-010617-67108874-5050-9066-S0/frameworks/20151211-003753-50331658-5050-7178-0000' for gc 6.99999913132148days in the future
I1211 01:13:23.075142  9277 gc.cpp:56] Scheduling '/var/lib/mesos/slave/meta/slaves/20151211-010617-67108874-5050-9066-S0/frameworks/20151211-003753-50331658-5050-7178-0000' for gc 6.99999913117926days in the future
I1211 01:13:23.075153  9277 status_update_manager.cpp:279] Closing status update streams for framework 20151211-003753-50331658-5050-7178-0000
I1211 01:13:23.624856  9277 slave.cpp:1121] Got assigned task 1449796283597-www-data-devel-job700-0-8a56c60c-52f5-4d1d-a5b3-a02db145337c for framework 20151211-003753-50331658-5050-7178-0000
I1211 01:13:23.625535  9277 gc.cpp:84] Unscheduling '/var/lib/mesos/slave/slaves/20151211-010617-67108874-5050-9066-S0/frameworks/20151211-003753-50331658-5050-7178-0000' from gc
I1211 01:13:23.625592  9277 gc.cpp:84] Unscheduling '/var/lib/mesos/slave/meta/slaves/20151211-010617-67108874-5050-9066-S0/frameworks/20151211-003753-50331658-5050-7178-0000' from gc
I1211 01:13:23.625634  9277 slave.cpp:1231] Launching task 1449796283597-www-data-devel-job700-0-8a56c60c-52f5-4d1d-a5b3-a02db145337c for framework 20151211-003753-50331658-5050-7178-0000
I1211 01:13:23.626641  9277 slave.cpp:4160] Launching executor thermos-1449796283597-www-data-devel-job700-0-8a56c60c-52f5-4d1d-a5b3-a02db145337c of framework 20151211-003753-50331658-5050-7178-0000 in work directory '/var/lib/mesos/slave/slaves/20151211-010617-67108874-5050-9066-S0/frameworks/20151211-003753-50331658-5050-7178-0000/executors/thermos-1449796283597-www-data-devel-job700-0-8a56c60c-52f5-4d1d-a5b3-a02db145337c/runs/7b0cdfa2-a1a4-445d-b535-5e5d8e1c8bd8'
I1211 01:13:23.626891  9276 containerizer.cpp:472] Starting container '7b0cdfa2-a1a4-445d-b535-5e5d8e1c8bd8' for executor 'thermos-1449796283597-www-data-devel-job700-0-8a56c60c-52f5-4d1d-a5b3-a02db145337c' of framework '20151211-003753-50331658-5050-7178-0000'
I1211 01:13:23.627647  9276 launcher.cpp:130] Forked child with pid '9718' for container '7b0cdfa2-a1a4-445d-b535-5e5d8e1c8bd8'
I1211 01:13:23.627813  9276 containerizer.cpp:682] Checkpointing executor's forked pid 9718 to '/var/lib/mesos/slave/meta/slaves/20151211-010617-67108874-5050-9066-S0/frameworks/20151211-003753-50331658-5050-7178-0000/executors/thermos-1449796283597-www-data-devel-job700-0-8a56c60c-52f5-4d1d-a5b3-a02db145337c/runs/7b0cdfa2-a1a4-445d-b535-5e5d8e1c8bd8/pids/forked.pid'
I1211 01:13:23.634991  9277 slave.cpp:1378] Queuing task '1449796283597-www-data-devel-job700-0-8a56c60c-52f5-4d1d-a5b3-a02db145337c' for executor thermos-1449796283597-www-data-devel-job700-0-8a56c60c-52f5-4d1d-a5b3-a02db145337c of framework '20151211-003753-50331658-5050-7178-0000
I1211 01:13:23.646469  9278 fetcher.cpp:238] Fetching URIs using command '/usr/libexec/mesos/mesos-fetcher'
I1211 01:13:23.750689  9278 slave.cpp:3135] Monitoring executor 'thermos-1449796283597-www-data-devel-job700-0-8a56c60c-52f5-4d1d-a5b3-a02db145337c' of framework '20151211-003753-50331658-5050-7178-0000' in container '7b0cdfa2-a1a4-445d-b535-5e5d8e1c8bd8'
I1211 01:13:23.852316  9278 containerizer.cpp:1111] Executor for container '7b0cdfa2-a1a4-445d-b535-5e5d8e1c8bd8' has exited
I1211 01:13:23.852378  9278 containerizer.cpp:906] Destroying container '7b0cdfa2-a1a4-445d-b535-5e5d8e1c8bd8'
I1211 01:13:23.853329  9278 slave.cpp:3193] Executor 'thermos-1449796283597-www-data-devel-job700-0-8a56c60c-52f5-4d1d-a5b3-a02db145337c' of framework 20151211-003753-50331658-5050-7178-0000 exited with status 0
I1211 01:13:23.854055  9278 slave.cpp:2508] Handling status update TASK_LOST (UUID: bce7ec45-d215-4a06-9b1d-0e5ad48c8fc8) for task 1449796283597-www-data-devel-job700-0-8a56c60c-52f5-4d1d-a5b3-a02db145337c of framework 20151211-003753-50331658-5050-7178-0000 from @0.0.0.0:0
W1211 01:13:23.854236  9272 containerizer.cpp:802] Ignoring update for unknown container: 7b0cdfa2-a1a4-445d-b535-5e5d8e1c8bd8
I1211 01:13:23.854899  9279 status_update_manager.cpp:317] Received status update TASK_LOST (UUID: bce7ec45-d215-4a06-9b1d-0e5ad48c8fc8) for task 1449796283597-www-data-devel-job700-0-8a56c60c-52f5-4d1d-a5b3-a02db145337c of framework 20151211-003753-50331658-5050-7178-0000
I1211 01:13:23.855129  9279 status_update_manager.hpp:346] Checkpointing UPDATE for status update TASK_LOST (UUID: bce7ec45-d215-4a06-9b1d-0e5ad48c8fc8) for task 1449796283597-www-data-devel-job700-0-8a56c60c-52f5-4d1d-a5b3-a02db145337c of framework 20151211-003753-50331658-5050-7178-0000
I1211 01:13:23.859158  9279 slave.cpp:2753] Forwarding the update TASK_LOST (UUID: bce7ec45-d215-4a06-9b1d-0e5ad48c8fc8) for task 1449796283597-www-data-devel-job700-0-8a56c60c-52f5-4d1d-a5b3-a02db145337c of framework 20151211-003753-50331658-5050-7178-0000 to master@10.0.0.3:5050
I1211 01:13:23.880254  9273 slave.cpp:1558] Asked to kill task 1449796283597-www-data-devel-job700-0-8a56c60c-52f5-4d1d-a5b3-a02db145337c of framework 20151211-003753-50331658-5050-7178-0000
W1211 01:13:23.880287  9273 slave.cpp:1683] Ignoring kill task 1449796283597-www-data-devel-job700-0-8a56c60c-52f5-4d1d-a5b3-a02db145337c of framework 20151211-003753-50331658-5050-7178-0000 because the executor 'thermos-1449796283597-www-data-devel-job700-0-8a56c60c-52f5-4d1d-a5b3-a02db145337c' is terminating/terminated
I1211 01:13:23.889408  9273 status_update_manager.cpp:389] Received status update acknowledgement (UUID: bce7ec45-d215-4a06-9b1d-0e5ad48c8fc8) for task 1449796283597-www-data-devel-job700-0-8a56c60c-52f5-4d1d-a5b3-a02db145337c of framework 20151211-003753-50331658-5050-7178-0000
I1211 01:13:23.889456  9273 status_update_manager.hpp:346] Checkpointing ACK for status update TASK_LOST (UUID: bce7ec45-d215-4a06-9b1d-0e5ad48c8fc8) for task 1449796283597-www-data-devel-job700-0-8a56c60c-52f5-4d1d-a5b3-a02db145337c of framework 20151211-003753-50331658-5050-7178-0000
I1211 01:13:23.891697  9273 slave.cpp:3302] Cleaning up executor 'thermos-1449796283597-www-data-devel-job700-0-8a56c60c-52f5-4d1d-a5b3-a02db145337c' of framework 20151211-003753-50331658-5050-7178-0000
I1211 01:13:23.891924  9273 slave.cpp:3381] Cleaning up framework 20151211-003753-50331658-5050-7178-0000
I1211 01:13:23.892009  9273 status_update_manager.cpp:279] Closing status update streams for framework 20151211-003753-50331658-5050-7178-0000
I1211 01:13:23.891950  9276 gc.cpp:56] Scheduling '/var/lib/mesos/slave/slaves/20151211-010617-67108874-5050-9066-S0/frameworks/20151211-003753-50331658-5050-7178-0000/executors/thermos-1449796283597-www-data-devel-job700-0-8a56c60c-52f5-4d1d-a5b3-a02db145337c/runs/7b0cdfa2-a1a4-445d-b535-5e5d8e1c8bd8' for gc 6.99998967753482days in the future
I1211 01:13:23.892036  9276 gc.cpp:56] Scheduling '/var/lib/mesos/slave/slaves/20151211-010617-67108874-5050-9066-S0/frameworks/20151211-003753-50331658-5050-7178-0000/executors/thermos-1449796283597-www-data-devel-job700-0-8a56c60c-52f5-4d1d-a5b3-a02db145337c' for gc 6.9999896772237days in the future
I1211 01:13:23.892050  9276 gc.cpp:56] Scheduling '/var/lib/mesos/slave/meta/slaves/20151211-010617-67108874-5050-9066-S0/frameworks/20151211-003753-50331658-5050-7178-0000/executors/thermos-1449796283597-www-data-devel-job700-0-8a56c60c-52f5-4d1d-a5b3-a02db145337c/runs/7b0cdfa2-a1a4-445d-b535-5e5d8e1c8bd8' for gc 6.99998967702519days in the future
I1211 01:13:23.892060  9276 gc.cpp:56] Scheduling '/var/lib/mesos/slave/meta/slaves/20151211-010617-67108874-5050-9066-S0/frameworks/20151211-003753-50331658-5050-7178-0000/executors/thermos-1449796283597-www-data-devel-job700-0-8a56c60c-52f5-4d1d-a5b3-a02db145337c' for gc 6.99998967687704days in the future
I1211 01:13:23.892071  9276 gc.cpp:56] Scheduling '/var/lib/mesos/slave/slaves/20151211-010617-67108874-5050-9066-S0/frameworks/20151211-003753-50331658-5050-7178-0000' for gc 6.99998967606519days in the future
I1211 01:13:23.892081  9276 gc.cpp:56] Scheduling '/var/lib/mesos/slave/meta/slaves/20151211-010617-67108874-5050-9066-S0/frameworks/20151211-003753-50331658-5050-7178-0000' for gc 6.99998967591407days in the future
I1211 01:13:51.742997  9274 slave.cpp:1121] Got assigned task 1449796431687-www-data-devel-job31-0-d19b161e-4e60-496c-a5f8-b207d8bca6ba for framework 20151211-003753-50331658-5050-7178-0000
I1211 01:13:51.743732  9274 gc.cpp:84] Unscheduling '/var/lib/mesos/slave/slaves/20151211-010617-67108874-5050-9066-S0/frameworks/20151211-003753-50331658-5050-7178-0000' from gc
I1211 01:13:51.743769  9274 gc.cpp:84] Unscheduling '/var/lib/mesos/slave/meta/slaves/20151211-010617-67108874-5050-9066-S0/frameworks/20151211-003753-50331658-5050-7178-0000' from gc
I1211 01:13:51.743814  9274 slave.cpp:1231] Launching task 1449796431687-www-data-devel-job31-0-d19b161e-4e60-496c-a5f8-b207d8bca6ba for framework 20151211-003753-50331658-5050-7178-0000
I1211 01:13:51.744874  9274 slave.cpp:4160] Launching executor thermos-1449796431687-www-data-devel-job31-0-d19b161e-4e60-496c-a5f8-b207d8bca6ba of framework 20151211-003753-50331658-5050-7178-0000 in work directory '/var/lib/mesos/slave/slaves/20151211-010617-67108874-5050-9066-S0/frameworks/20151211-003753-50331658-5050-7178-0000/executors/thermos-1449796431687-www-data-devel-job31-0-d19b161e-4e60-496c-a5f8-b207d8bca6ba/runs/4d04dfa5-a296-4d80-8452-5faddc2805b6'
I1211 01:13:51.745128  9272 containerizer.cpp:472] Starting container '4d04dfa5-a296-4d80-8452-5faddc2805b6' for executor 'thermos-1449796431687-www-data-devel-job31-0-d19b161e-4e60-496c-a5f8-b207d8bca6ba' of framework '20151211-003753-50331658-5050-7178-0000'
I1211 01:13:51.745836  9272 launcher.cpp:130] Forked child with pid '9728' for container '4d04dfa5-a296-4d80-8452-5faddc2805b6'
I1211 01:13:51.746788  9272 containerizer.cpp:682] Checkpointing executor's forked pid 9728 to '/var/lib/mesos/slave/meta/slaves/20151211-010617-67108874-5050-9066-S0/frameworks/20151211-003753-50331658-5050-7178-0000/executors/thermos-1449796431687-www-data-devel-job31-0-d19b161e-4e60-496c-a5f8-b207d8bca6ba/runs/4d04dfa5-a296-4d80-8452-5faddc2805b6/pids/forked.pid'
I1211 01:13:51.748230  9274 slave.cpp:1378] Queuing task '1449796431687-www-data-devel-job31-0-d19b161e-4e60-496c-a5f8-b207d8bca6ba' for executor thermos-1449796431687-www-data-devel-job31-0-d19b161e-4e60-496c-a5f8-b207d8bca6ba of framework '20151211-003753-50331658-5050-7178-0000
I1211 01:13:51.837417  9272 fetcher.cpp:238] Fetching URIs using command '/usr/libexec/mesos/mesos-fetcher'
I1211 01:13:52.032585  9272 slave.cpp:3135] Monitoring executor 'thermos-1449796431687-www-data-devel-job31-0-d19b161e-4e60-496c-a5f8-b207d8bca6ba' of framework '20151211-003753-50331658-5050-7178-0000' in container '4d04dfa5-a296-4d80-8452-5faddc2805b6'
I1211 01:13:52.144225  9272 containerizer.cpp:1111] Executor for container '4d04dfa5-a296-4d80-8452-5faddc2805b6' has exited
I1211 01:13:52.144266  9272 containerizer.cpp:906] Destroying container '4d04dfa5-a296-4d80-8452-5faddc2805b6'
I1211 01:13:52.145009  9272 slave.cpp:3193] Executor 'thermos-1449796431687-www-data-devel-job31-0-d19b161e-4e60-496c-a5f8-b207d8bca6ba' of framework 20151211-003753-50331658-5050-7178-0000 exited with status 0
I1211 01:13:52.145578  9272 slave.cpp:2508] Handling status update TASK_LOST (UUID: 2400152f-f73c-40ec-b81e-9df4d99dea25) for task 1449796431687-www-data-devel-job31-0-d19b161e-4e60-496c-a5f8-b207d8bca6ba of framework 20151211-003753-50331658-5050-7178-0000 from @0.0.0.0:0
W1211 01:13:52.145696  9272 containerizer.cpp:802] Ignoring update for unknown container: 4d04dfa5-a296-4d80-8452-5faddc2805b6
I1211 01:13:52.145756  9272 status_update_manager.cpp:317] Received status update TASK_LOST (UUID: 2400152f-f73c-40ec-b81e-9df4d99dea25) for task 1449796431687-www-data-devel-job31-0-d19b161e-4e60-496c-a5f8-b207d8bca6ba of framework 20151211-003753-50331658-5050-7178-0000
I1211 01:13:52.145908  9272 status_update_manager.hpp:346] Checkpointing UPDATE for status update TASK_LOST (UUID: 2400152f-f73c-40ec-b81e-9df4d99dea25) for task 1449796431687-www-data-devel-job31-0-d19b161e-4e60-496c-a5f8-b207d8bca6ba of framework 20151211-003753-50331658-5050-7178-0000
I1211 01:13:52.157408  9272 slave.cpp:2753] Forwarding the update TASK_LOST (UUID: 2400152f-f73c-40ec-b81e-9df4d99dea25) for task 1449796431687-www-data-devel-job31-0-d19b161e-4e60-496c-a5f8-b207d8bca6ba of framework 20151211-003753-50331658-5050-7178-0000 to master@10.0.0.3:5050
I1211 01:13:52.207645  9279 slave.cpp:1558] Asked to kill task 1449796431687-www-data-devel-job31-0-d19b161e-4e60-496c-a5f8-b207d8bca6ba of framework 20151211-003753-50331658-5050-7178-0000
W1211 01:13:52.207705  9279 slave.cpp:1683] Ignoring kill task 1449796431687-www-data-devel-job31-0-d19b161e-4e60-496c-a5f8-b207d8bca6ba of framework 20151211-003753-50331658-5050-7178-0000 because the executor 'thermos-1449796431687-www-data-devel-job31-0-d19b161e-4e60-496c-a5f8-b207d8bca6ba' is terminating/terminated
I1211 01:13:52.248116  9275 status_update_manager.cpp:389] Received status update acknowledgement (UUID: 2400152f-f73c-40ec-b81e-9df4d99dea25) for task 1449796431687-www-data-devel-job31-0-d19b161e-4e60-496c-a5f8-b207d8bca6ba of framework 20151211-003753-50331658-5050-7178-0000
I1211 01:13:52.248153  9275 status_update_manager.hpp:346] Checkpointing ACK for status update TASK_LOST (UUID: 2400152f-f73c-40ec-b81e-9df4d99dea25) for task 1449796431687-www-data-devel-job31-0-d19b161e-4e60-496c-a5f8-b207d8bca6ba of framework 20151211-003753-50331658-5050-7178-0000
I1211 01:13:52.250298  9275 slave.cpp:3302] Cleaning up executor 'thermos-1449796431687-www-data-devel-job31-0-d19b161e-4e60-496c-a5f8-b207d8bca6ba' of framework 20151211-003753-50331658-5050-7178-0000
I1211 01:13:52.250519  9275 slave.cpp:3381] Cleaning up framework 20151211-003753-50331658-5050-7178-0000
I1211 01:13:52.250622  9275 status_update_manager.cpp:279] Closing status update streams for framework 20151211-003753-50331658-5050-7178-0000
I1211 01:13:52.250555  9277 gc.cpp:56] Scheduling '/var/lib/mesos/slave/slaves/20151211-010617-67108874-5050-9066-S0/frameworks/20151211-003753-50331658-5050-7178-0000/executors/thermos-1449796431687-www-data-devel-job31-0-d19b161e-4e60-496c-a5f8-b207d8bca6ba/runs/4d04dfa5-a296-4d80-8452-5faddc2805b6' for gc 6.99999710122667days in the future
I1211 01:13:52.250672  9277 gc.cpp:56] Scheduling '/var/lib/mesos/slave/slaves/20151211-010617-67108874-5050-9066-S0/frameworks/20151211-003753-50331658-5050-7178-0000/executors/thermos-1449796431687-www-data-devel-job31-0-d19b161e-4e60-496c-a5f8-b207d8bca6ba' for gc 6.99999710091556days in the future
I1211 01:13:52.250689  9277 gc.cpp:56] Scheduling '/var/lib/mesos/slave/meta/slaves/20151211-010617-67108874-5050-9066-S0/frameworks/20151211-003753-50331658-5050-7178-0000/executors/thermos-1449796431687-www-data-devel-job31-0-d19b161e-4e60-496c-a5f8-b207d8bca6ba/runs/4d04dfa5-a296-4d80-8452-5faddc2805b6' for gc 6.99999710071704days in the future
I1211 01:13:52.250733  9277 gc.cpp:56] Scheduling '/var/lib/mesos/slave/meta/slaves/20151211-010617-67108874-5050-9066-S0/frameworks/20151211-003753-50331658-5050-7178-0000/executors/thermos-1449796431687-www-data-devel-job31-0-d19b161e-4e60-496c-a5f8-b207d8bca6ba' for gc 6.99999710055704days in the future
I1211 01:13:52.250746  9277 gc.cpp:56] Scheduling '/var/lib/mesos/slave/slaves/20151211-010617-67108874-5050-9066-S0/frameworks/20151211-003753-50331658-5050-7178-0000' for gc 6.99999709951407days in the future
I1211 01:13:52.250761  9277 gc.cpp:56] Scheduling '/var/lib/mesos/slave/meta/slaves/20151211-010617-67108874-5050-9066-S0/frameworks/20151211-003753-50331658-5050-7178-0000' for gc 6.99999709935111days in the future
I1211 01:13:52.810534  9278 slave.cpp:1121] Got assigned task 1449796432169-www-data-devel-job31-0-0ec631d4-74e2-4652-b101-684afff7c186 for framework 20151211-003753-50331658-5050-7178-0000
I1211 01:13:52.811100  9278 gc.cpp:84] Unscheduling '/var/lib/mesos/slave/slaves/20151211-010617-67108874-5050-9066-S0/frameworks/20151211-003753-50331658-5050-7178-0000' from gc
I1211 01:13:52.811136  9278 gc.cpp:84] Unscheduling '/var/lib/mesos/slave/meta/slaves/20151211-010617-67108874-5050-9066-S0/frameworks/20151211-003753-50331658-5050-7178-0000' from gc
I1211 01:13:52.811172  9278 slave.cpp:1231] Launching task 1449796432169-www-data-devel-job31-0-0ec631d4-74e2-4652-b101-684afff7c186 for framework 20151211-003753-50331658-5050-7178-0000
I1211 01:13:52.812245  9278 slave.cpp:4160] Launching executor thermos-1449796432169-www-data-devel-job31-0-0ec631d4-74e2-4652-b101-684afff7c186 of framework 20151211-003753-50331658-5050-7178-0000 in work directory '/var/lib/mesos/slave/slaves/20151211-010617-67108874-5050-9066-S0/frameworks/20151211-003753-50331658-5050-7178-0000/executors/thermos-1449796432169-www-data-devel-job31-0-0ec631d4-74e2-4652-b101-684afff7c186/runs/40f3ef05-6ffb-4cde-b372-280449a7d44f'
I1211 01:13:52.812479  9272 containerizer.cpp:472] Starting container '40f3ef05-6ffb-4cde-b372-280449a7d44f' for executor 'thermos-1449796432169-www-data-devel-job31-0-0ec631d4-74e2-4652-b101-684afff7c186' of framework '20151211-003753-50331658-5050-7178-0000'
I1211 01:13:52.813200  9272 launcher.cpp:130] Forked child with pid '9745' for container '40f3ef05-6ffb-4cde-b372-280449a7d44f'
I1211 01:13:52.813351  9272 containerizer.cpp:682] Checkpointing executor's forked pid 9745 to '/var/lib/mesos/slave/meta/slaves/20151211-010617-67108874-5050-9066-S0/frameworks/20151211-003753-50331658-5050-7178-0000/executors/thermos-1449796432169-www-data-devel-job31-0-0ec631d4-74e2-4652-b101-684afff7c186/runs/40f3ef05-6ffb-4cde-b372-280449a7d44f/pids/forked.pid'
I1211 01:13:52.816478  9278 slave.cpp:1378] Queuing task '1449796432169-www-data-devel-job31-0-0ec631d4-74e2-4652-b101-684afff7c186' for executor thermos-1449796432169-www-data-devel-job31-0-0ec631d4-74e2-4652-b101-684afff7c186 of framework '20151211-003753-50331658-5050-7178-0000
I1211 01:13:52.827060  9277 fetcher.cpp:238] Fetching URIs using command '/usr/libexec/mesos/mesos-fetcher'
I1211 01:13:52.986704  9277 slave.cpp:3135] Monitoring executor 'thermos-1449796432169-www-data-devel-job31-0-0ec631d4-74e2-4652-b101-684afff7c186' of framework '20151211-003753-50331658-5050-7178-0000' in container '40f3ef05-6ffb-4cde-b372-280449a7d44f'
I1211 01:13:53.093900  9277 containerizer.cpp:1111] Executor for container '40f3ef05-6ffb-4cde-b372-280449a7d44f' has exited
I1211 01:13:53.093971  9277 containerizer.cpp:906] Destroying container '40f3ef05-6ffb-4cde-b372-280449a7d44f'
I1211 01:13:53.094666  9277 slave.cpp:3193] Executor 'thermos-1449796432169-www-data-devel-job31-0-0ec631d4-74e2-4652-b101-684afff7c186' of framework 20151211-003753-50331658-5050-7178-0000 exited with status 0
I1211 01:13:53.095216  9277 slave.cpp:2508] Handling status update TASK_LOST (UUID: dd0a056d-aa0c-4577-9a7d-8261694c32ea) for task 1449796432169-www-data-devel-job31-0-0ec631d4-74e2-4652-b101-684afff7c186 of framework 20151211-003753-50331658-5050-7178-0000 from @0.0.0.0:0
W1211 01:13:53.095347  9276 containerizer.cpp:802] Ignoring update for unknown container: 40f3ef05-6ffb-4cde-b372-280449a7d44f
I1211 01:13:53.095547  9273 status_update_manager.cpp:317] Received status update TASK_LOST (UUID: dd0a056d-aa0c-4577-9a7d-8261694c32ea) for task 1449796432169-www-data-devel-job31-0-0ec631d4-74e2-4652-b101-684afff7c186 of framework 20151211-003753-50331658-5050-7178-0000
I1211 01:13:53.095706  9273 status_update_manager.hpp:346] Checkpointing UPDATE for status update TASK_LOST (UUID: dd0a056d-aa0c-4577-9a7d-8261694c32ea) for task 1449796432169-www-data-devel-job31-0-0ec631d4-74e2-4652-b101-684afff7c186 of framework 20151211-003753-50331658-5050-7178-0000
I1211 01:13:53.097950  9273 slave.cpp:2753] Forwarding the update TASK_LOST (UUID: dd0a056d-aa0c-4577-9a7d-8261694c32ea) for task 1449796432169-www-data-devel-job31-0-0ec631d4-74e2-4652-b101-684afff7c186 of framework 20151211-003753-50331658-5050-7178-0000 to master@10.0.0.3:5050
I1211 01:13:53.175701  9279 slave.cpp:1558] Asked to kill task 1449796432169-www-data-devel-job31-0-0ec631d4-74e2-4652-b101-684afff7c186 of framework 20151211-003753-50331658-5050-7178-0000
W1211 01:13:53.175736  9279 slave.cpp:1683] Ignoring kill task 1449796432169-www-data-devel-job31-0-0ec631d4-74e2-4652-b101-684afff7c186 of framework 20151211-003753-50331658-5050-7178-0000 because the executor 'thermos-1449796432169-www-data-devel-job31-0-0ec631d4-74e2-4652-b101-684afff7c186' is terminating/terminated
I1211 01:13:53.245256  9275 status_update_manager.cpp:389] Received status update acknowledgement (UUID: dd0a056d-aa0c-4577-9a7d-8261694c32ea) for task 1449796432169-www-data-devel-job31-0-0ec631d4-74e2-4652-b101-684afff7c186 of framework 20151211-003753-50331658-5050-7178-0000
I1211 01:13:53.245296  9275 status_update_manager.hpp:346] Checkpointing ACK for status update TASK_LOST (UUID: dd0a056d-aa0c-4577-9a7d-8261694c32ea) for task 1449796432169-www-data-devel-job31-0-0ec631d4-74e2-4652-b101-684afff7c186 of framework 20151211-003753-50331658-5050-7178-0000
I1211 01:13:53.250290  9275 slave.cpp:3302] Cleaning up executor 'thermos-1449796432169-www-data-devel-job31-0-0ec631d4-74e2-4652-b101-684afff7c186' of framework 20151211-003753-50331658-5050-7178-0000
I1211 01:13:53.250603  9275 slave.cpp:3381] Cleaning up framework 20151211-003753-50331658-5050-7178-0000
I1211 01:13:53.250680  9275 gc.cpp:56] Scheduling '/var/lib/mesos/slave/slaves/20151211-010617-67108874-5050-9066-S0/frameworks/20151211-003753-50331658-5050-7178-0000/executors/thermos-1449796432169-www-data-devel-job31-0-0ec631d4-74e2-4652-b101-684afff7c186/runs/40f3ef05-6ffb-4cde-b372-280449a7d44f' for gc 6.99999710055704days in the future
I1211 01:13:53.250725  9275 gc.cpp:56] Scheduling '/var/lib/mesos/slave/slaves/20151211-010617-67108874-5050-9066-S0/frameworks/20151211-003753-50331658-5050-7178-0000/executors/thermos-1449796432169-www-data-devel-job31-0-0ec631d4-74e2-4652-b101-684afff7c186' for gc 6.9999971000563days in the future
I1211 01:13:53.250751  9275 gc.cpp:56] Scheduling '/var/lib/mesos/slave/meta/slaves/20151211-010617-67108874-5050-9066-S0/frameworks/20151211-003753-50331658-5050-7178-0000/executors/thermos-1449796432169-www-data-devel-job31-0-0ec631d4-74e2-4652-b101-684afff7c186/runs/40f3ef05-6ffb-4cde-b372-280449a7d44f' for gc 6.99999709977778days in the future
I1211 01:13:53.253548  9275 gc.cpp:56] Scheduling '/var/lib/mesos/slave/meta/slaves/20151211-010617-67108874-5050-9066-S0/frameworks/20151211-003753-50331658-5050-7178-0000/executors/thermos-1449796432169-www-data-devel-job31-0-0ec631d4-74e2-4652-b101-684afff7c186' for gc 6.99999709959407days in the future
I1211 01:13:53.256428  9275 gc.cpp:56] Scheduling '/var/lib/mesos/slave/slaves/20151211-010617-67108874-5050-9066-S0/frameworks/20151211-003753-50331658-5050-7178-0000' for gc 6.99999709904days in the future
I1211 01:13:53.256449  9275 gc.cpp:56] Scheduling '/var/lib/mesos/slave/meta/slaves/20151211-010617-67108874-5050-9066-S0/frameworks/20151211-003753-50331658-5050-7178-0000' for gc 6.99999709876148days in the future
I1211 01:13:53.253504  9272 status_update_manager.cpp:279] Closing status update streams for framework 20151211-003753-50331658-5050-7178-0000
/usr/sbin/mesos-slave already running.
2015-12-11 01:13:56,586:9271(0x7f57e7fff700):ZOO_WARN@zookeeper_interest@1557: Exceeded deadline by 14ms
2015-12-11 01:14:03,274:9271(0x7f57e7fff700):ZOO_WARN@zookeeper_interest@1557: Exceeded deadline by 14ms
2015-12-11 01:14:06,618:9271(0x7f57e7fff700):ZOO_WARN@zookeeper_interest@1557: Exceeded deadline by 11ms
I1211 01:14:17.458817  9276 slave.cpp:3618] Current disk usage 25.66%. Max allowed age: 4.503523487673577days
I1211 01:14:21.829392  9274 slave.cpp:3534] Framework 20151211-003753-50331658-5050-7178-0000 seems to have exited. Ignoring registration timeout for executor 'thermos-1449796281782-www-data-devel-job15-0-aa4e4238-a791-4680-9552-29278ae9a301'
I1211 01:14:22.778527  9273 slave.cpp:3534] Framework 20151211-003753-50331658-5050-7178-0000 seems to have exited. Ignoring registration timeout for executor 'thermos-1449796282313-www-data-devel-job16-0-1a389da2-a709-4e06-8944-261b031cce7c'
I1211 01:14:23.634143  9274 slave.cpp:3534] Framework 20151211-003753-50331658-5050-7178-0000 seems to have exited. Ignoring registration timeout for executor 'thermos-1449796283597-www-data-devel-job700-0-8a56c60c-52f5-4d1d-a5b3-a02db145337c'
I1211 01:14:51.748823  9273 slave.cpp:3534] Framework 20151211-003753-50331658-5050-7178-0000 seems to have exited. Ignoring registration timeout for executor 'thermos-1449796431687-www-data-devel-job31-0-d19b161e-4e60-496c-a5f8-b207d8bca6ba'
I1211 01:14:52.817320  9272 slave.cpp:3534] Framework 20151211-003753-50331658-5050-7178-0000 seems to have exited. Ignoring registration timeout for executor 'thermos-1449796432169-www-data-devel-job31-0-0ec631d4-74e2-4652-b101-684afff7c186'
I1211 01:15:17.459498  9274 slave.cpp:3618] Current disk usage 25.66%. Max allowed age: 4.503489925984745days
I1211 01:16:17.460644  9278 slave.cpp:3618] Current disk usage 25.66%. Max allowed age: 4.503477072571990days
I1211 01:16:53.427865  9273 slave.cpp:1121] Got assigned task 1449796493393-www-data-devel-job31-0-36df2662-c3b9-49d7-a9f9-7fa1b83bcc29 for framework 20151211-003753-50331658-5050-7178-0000
I1211 01:16:53.428611  9273 gc.cpp:84] Unscheduling '/var/lib/mesos/slave/slaves/20151211-010617-67108874-5050-9066-S0/frameworks/20151211-003753-50331658-5050-7178-0000' from gc
I1211 01:16:53.428865  9273 gc.cpp:84] Unscheduling '/var/lib/mesos/slave/meta/slaves/20151211-010617-67108874-5050-9066-S0/frameworks/20151211-003753-50331658-5050-7178-0000' from gc
I1211 01:16:53.428905  9273 slave.cpp:1231] Launching task 1449796493393-www-data-devel-job31-0-36df2662-c3b9-49d7-a9f9-7fa1b83bcc29 for framework 20151211-003753-50331658-5050-7178-0000
I1211 01:16:53.429944  9273 slave.cpp:4160] Launching executor thermos-1449796493393-www-data-devel-job31-0-36df2662-c3b9-49d7-a9f9-7fa1b83bcc29 of framework 20151211-003753-50331658-5050-7178-0000 in work directory '/var/lib/mesos/slave/slaves/20151211-010617-67108874-5050-9066-S0/frameworks/20151211-003753-50331658-5050-7178-0000/executors/thermos-1449796493393-www-data-devel-job31-0-36df2662-c3b9-49d7-a9f9-7fa1b83bcc29/runs/24829143-ed55-433e-bfd9-d0ec3f048639'
I1211 01:16:53.430116  9274 containerizer.cpp:472] Starting container '24829143-ed55-433e-bfd9-d0ec3f048639' for executor 'thermos-1449796493393-www-data-devel-job31-0-36df2662-c3b9-49d7-a9f9-7fa1b83bcc29' of framework '20151211-003753-50331658-5050-7178-0000'
I1211 01:16:53.430933  9274 launcher.cpp:130] Forked child with pid '9906' for container '24829143-ed55-433e-bfd9-d0ec3f048639'
I1211 01:16:53.433058  9274 containerizer.cpp:682] Checkpointing executor's forked pid 9906 to '/var/lib/mesos/slave/meta/slaves/20151211-010617-67108874-5050-9066-S0/frameworks/20151211-003753-50331658-5050-7178-0000/executors/thermos-1449796493393-www-data-devel-job31-0-36df2662-c3b9-49d7-a9f9-7fa1b83bcc29/runs/24829143-ed55-433e-bfd9-d0ec3f048639/pids/forked.pid'
I1211 01:16:53.450088  9273 slave.cpp:1378] Queuing task '1449796493393-www-data-devel-job31-0-36df2662-c3b9-49d7-a9f9-7fa1b83bcc29' for executor thermos-1449796493393-www-data-devel-job31-0-36df2662-c3b9-49d7-a9f9-7fa1b83bcc29 of framework '20151211-003753-50331658-5050-7178-0000
I1211 01:16:53.456097  9277 fetcher.cpp:238] Fetching URIs using command '/usr/libexec/mesos/mesos-fetcher'
I1211 01:16:53.587779  9277 slave.cpp:3135] Monitoring executor 'thermos-1449796493393-www-data-devel-job31-0-36df2662-c3b9-49d7-a9f9-7fa1b83bcc29' of framework '20151211-003753-50331658-5050-7178-0000' in container '24829143-ed55-433e-bfd9-d0ec3f048639'
I1211 01:16:53.691385  9277 containerizer.cpp:1111] Executor for container '24829143-ed55-433e-bfd9-d0ec3f048639' has exited
I1211 01:16:53.691442  9277 containerizer.cpp:906] Destroying container '24829143-ed55-433e-bfd9-d0ec3f048639'
I1211 01:16:53.692349  9277 slave.cpp:3193] Executor 'thermos-1449796493393-www-data-devel-job31-0-36df2662-c3b9-49d7-a9f9-7fa1b83bcc29' of framework 20151211-003753-50331658-5050-7178-0000 exited with status 0
I1211 01:16:53.692999  9277 slave.cpp:2508] Handling status update TASK_LOST (UUID: cd74e2f1-0227-49b6-89d1-47901737d800) for task 1449796493393-www-data-devel-job31-0-36df2662-c3b9-49d7-a9f9-7fa1b83bcc29 of framework 20151211-003753-50331658-5050-7178-0000 from @0.0.0.0:0
W1211 01:16:53.693127  9277 containerizer.cpp:802] Ignoring update for unknown container: 24829143-ed55-433e-bfd9-d0ec3f048639
I1211 01:16:53.693202  9277 status_update_manager.cpp:317] Received status update TASK_LOST (UUID: cd74e2f1-0227-49b6-89d1-47901737d800) for task 1449796493393-www-data-devel-job31-0-36df2662-c3b9-49d7-a9f9-7fa1b83bcc29 of framework 20151211-003753-50331658-5050-7178-0000
I1211 01:16:53.693397  9277 status_update_manager.hpp:346] Checkpointing UPDATE for status update TASK_LOST (UUID: cd74e2f1-0227-49b6-89d1-47901737d800) for task 1449796493393-www-data-devel-job31-0-36df2662-c3b9-49d7-a9f9-7fa1b83bcc29 of framework 20151211-003753-50331658-5050-7178-0000
I1211 01:16:53.697942  9279 slave.cpp:2753] Forwarding the update TASK_LOST (UUID: cd74e2f1-0227-49b6-89d1-47901737d800) for task 1449796493393-www-data-devel-job31-0-36df2662-c3b9-49d7-a9f9-7fa1b83bcc29 of framework 20151211-003753-50331658-5050-7178-0000 to master@10.0.0.3:5050
I1211 01:16:53.710850  9272 slave.cpp:1558] Asked to kill task 1449796493393-www-data-devel-job31-0-36df2662-c3b9-49d7-a9f9-7fa1b83bcc29 of framework 20151211-003753-50331658-5050-7178-0000
W1211 01:16:53.710881  9272 slave.cpp:1683] Ignoring kill task 1449796493393-www-data-devel-job31-0-36df2662-c3b9-49d7-a9f9-7fa1b83bcc29 of framework 20151211-003753-50331658-5050-7178-0000 because the executor 'thermos-1449796493393-www-data-devel-job31-0-36df2662-c3b9-49d7-a9f9-7fa1b83bcc29' is terminating/terminated
I1211 01:16:53.730785  9272 status_update_manager.cpp:389] Received status update acknowledgement (UUID: cd74e2f1-0227-49b6-89d1-47901737d800) for task 1449796493393-www-data-devel-job31-0-36df2662-c3b9-49d7-a9f9-7fa1b83bcc29 of framework 20151211-003753-50331658-5050-7178-0000
I1211 01:16:53.730844  9272 status_update_manager.hpp:346] Checkpointing ACK for status update TASK_LOST (UUID: cd74e2f1-0227-49b6-89d1-47901737d800) for task 1449796493393-www-data-devel-job31-0-36df2662-c3b9-49d7-a9f9-7fa1b83bcc29 of framework 20151211-003753-50331658-5050-7178-0000
I1211 01:16:53.733018  9272 slave.cpp:3302] Cleaning up executor 'thermos-1449796493393-www-data-devel-job31-0-36df2662-c3b9-49d7-a9f9-7fa1b83bcc29' of framework 20151211-003753-50331658-5050-7178-0000
I1211 01:16:53.733232  9272 slave.cpp:3381] Cleaning up framework 20151211-003753-50331658-5050-7178-0000
I1211 01:16:53.733281  9272 gc.cpp:56] Scheduling '/var/lib/mesos/slave/slaves/20151211-010617-67108874-5050-9066-S0/frameworks/20151211-003753-50331658-5050-7178-0000/executors/thermos-1449796493393-www-data-devel-job31-0-36df2662-c3b9-49d7-a9f9-7fa1b83bcc29/runs/24829143-ed55-433e-bfd9-d0ec3f048639' for gc 6.99999151423704days in the future
I1211 01:16:53.733351  9272 gc.cpp:56] Scheduling '/var/lib/mesos/slave/slaves/20151211-010617-67108874-5050-9066-S0/frameworks/20151211-003753-50331658-5050-7178-0000/executors/thermos-1449796493393-www-data-devel-job31-0-36df2662-c3b9-49d7-a9f9-7fa1b83bcc29' for gc 6.99999151391407days in the future
I1211 01:16:53.733371  9272 gc.cpp:56] Scheduling '/var/lib/mesos/slave/meta/slaves/20151211-010617-67108874-5050-9066-S0/frameworks/20151211-003753-50331658-5050-7178-0000/executors/thermos-1449796493393-www-data-devel-job31-0-36df2662-c3b9-49d7-a9f9-7fa1b83bcc29/runs/24829143-ed55-433e-bfd9-d0ec3f048639' for gc 6.99999151372741days in the future
I1211 01:16:53.733384  9272 gc.cpp:56] Scheduling '/var/lib/mesos/slave/meta/slaves/20151211-010617-67108874-5050-9066-S0/frameworks/20151211-003753-50331658-5050-7178-0000/executors/thermos-1449796493393-www-data-devel-job31-0-36df2662-c3b9-49d7-a9f9-7fa1b83bcc29' for gc 6.99999151356444days in the future
I1211 01:16:53.733394  9272 gc.cpp:56] Scheduling '/var/lib/mesos/slave/slaves/20151211-010617-67108874-5050-9066-S0/frameworks/20151211-003753-50331658-5050-7178-0000' for gc 6.99999151319407days in the future
I1211 01:16:53.733407  9272 gc.cpp:56] Scheduling '/var/lib/mesos/slave/meta/slaves/20151211-010617-67108874-5050-9066-S0/frameworks/20151211-003753-50331658-5050-7178-0000' for gc 6.99999151305482days in the future
I1211 01:16:53.733321  9274 status_update_manager.cpp:279] Closing status update streams for framework 20151211-003753-50331658-5050-7178-0000
