2015-12-08 23:58:49,938 - INFO  [main:QuorumPeerConfig@101] - Reading configuration from: /etc/zookeeper/conf/zoo.cfg
2015-12-08 23:58:49,962 - INFO  [main:QuorumPeerConfig@334] - Defaulting to majority quorums
2015-12-08 23:58:49,971 - INFO  [main:DatadirCleanupManager@78] - autopurge.snapRetainCount set to 3
2015-12-08 23:58:49,971 - INFO  [main:DatadirCleanupManager@79] - autopurge.purgeInterval set to 0
2015-12-08 23:58:49,972 - INFO  [main:DatadirCleanupManager@101] - Purge task is not scheduled.
2015-12-08 23:58:50,107 - INFO  [main:QuorumPeerMain@127] - Starting quorum peer
2015-12-08 23:58:50,120 - INFO  [main:NIOServerCnxnFactory@94] - binding to port 0.0.0.0/0.0.0.0:2181
2015-12-08 23:58:50,166 - INFO  [main:QuorumPeer@913] - tickTime set to 2000
2015-12-08 23:58:50,166 - INFO  [main:QuorumPeer@933] - minSessionTimeout set to -1
2015-12-08 23:58:50,166 - INFO  [main:QuorumPeer@944] - maxSessionTimeout set to -1
2015-12-08 23:58:50,166 - INFO  [main:QuorumPeer@959] - initLimit set to 10
2015-12-08 23:58:50,206 - INFO  [main:QuorumPeer@429] - currentEpoch not found! Creating with a reasonable default of 0. This should only happen when you are upgrading your installation
2015-12-08 23:58:50,210 - INFO  [main:QuorumPeer@444] - acceptedEpoch not found! Creating with a reasonable default of 0. This should only happen when you are upgrading your installation
2015-12-08 23:58:50,223 - INFO  [Thread-1:QuorumCnxManager$Listener@486] - My election bind port: 0.0.0.0/0.0.0.0:3888
2015-12-08 23:58:50,240 - INFO  [QuorumPeer[myid=1]/0:0:0:0:0:0:0:0:2181:QuorumPeer@670] - LOOKING
2015-12-08 23:58:50,250 - INFO  [QuorumPeer[myid=1]/0:0:0:0:0:0:0:0:2181:FastLeaderElection@740] - New election. My id =  1, proposed zxid=0x0
2015-12-08 23:58:50,255 - INFO  [WorkerReceiver[myid=1]:FastLeaderElection@542] - Notification: 1 (n.leader), 0x0 (n.zxid), 0x1 (n.round), LOOKING (n.state), 1 (n.sid), 0x0 (n.peerEPoch), LOOKING (my state)
2015-12-08 23:58:50,260 - INFO  [WorkerSender[myid=1]:QuorumCnxManager@190] - Have smaller server identifier, so dropping the connection: (2, 1)
2015-12-08 23:58:50,261 - INFO  [WorkerSender[myid=1]:QuorumCnxManager@190] - Have smaller server identifier, so dropping the connection: (3, 1)
2015-12-08 23:58:50,261 - INFO  [WorkerSender[myid=1]:QuorumCnxManager@190] - Have smaller server identifier, so dropping the connection: (4, 1)
2015-12-08 23:58:50,271 - INFO  [n5/10.0.0.6:3888:QuorumCnxManager$Listener@493] - Received connection request /10.0.0.4:50877
2015-12-08 23:58:50,274 - INFO  [WorkerSender[myid=1]:QuorumCnxManager@190] - Have smaller server identifier, so dropping the connection: (5, 1)
2015-12-08 23:58:50,281 - INFO  [n5/10.0.0.6:3888:QuorumCnxManager$Listener@493] - Received connection request /10.0.0.3:41567
2015-12-08 23:58:50,281 - INFO  [WorkerReceiver[myid=1]:FastLeaderElection@542] - Notification: 5 (n.leader), 0x0 (n.zxid), 0x1 (n.round), LOOKING (n.state), 3 (n.sid), 0x0 (n.peerEPoch), LOOKING (my state)
2015-12-08 23:58:50,285 - INFO  [n5/10.0.0.6:3888:QuorumCnxManager$Listener@493] - Received connection request /10.0.0.5:45217
2015-12-08 23:58:50,290 - INFO  [n5/10.0.0.6:3888:QuorumCnxManager$Listener@493] - Received connection request /10.0.0.2:46358
2015-12-08 23:58:50,294 - INFO  [WorkerReceiver[myid=1]:FastLeaderElection@542] - Notification: 5 (n.leader), 0x0 (n.zxid), 0x1 (n.round), FOLLOWING (n.state), 3 (n.sid), 0x0 (n.peerEPoch), LOOKING (my state)
2015-12-08 23:58:50,295 - INFO  [WorkerReceiver[myid=1]:FastLeaderElection@542] - Notification: 5 (n.leader), 0x0 (n.zxid), 0x1 (n.round), LOOKING (n.state), 4 (n.sid), 0x0 (n.peerEPoch), LOOKING (my state)
2015-12-08 23:58:50,295 - INFO  [WorkerReceiver[myid=1]:FastLeaderElection@542] - Notification: 5 (n.leader), 0x0 (n.zxid), 0x1 (n.round), FOLLOWING (n.state), 4 (n.sid), 0x0 (n.peerEPoch), LOOKING (my state)
2015-12-08 23:58:50,295 - INFO  [WorkerReceiver[myid=1]:FastLeaderElection@542] - Notification: 5 (n.leader), 0x0 (n.zxid), 0x1 (n.round), LOOKING (n.state), 2 (n.sid), 0x0 (n.peerEPoch), LOOKING (my state)
2015-12-08 23:58:50,295 - INFO  [WorkerReceiver[myid=1]:FastLeaderElection@542] - Notification: 5 (n.leader), 0x0 (n.zxid), 0x1 (n.round), FOLLOWING (n.state), 2 (n.sid), 0x0 (n.peerEPoch), LOOKING (my state)
2015-12-08 23:58:50,299 - INFO  [WorkerReceiver[myid=1]:FastLeaderElection@542] - Notification: 5 (n.leader), 0x0 (n.zxid), 0x1 (n.round), LOOKING (n.state), 1 (n.sid), 0x0 (n.peerEPoch), LOOKING (my state)
2015-12-08 23:58:50,299 - INFO  [WorkerReceiver[myid=1]:FastLeaderElection@542] - Notification: 5 (n.leader), 0x0 (n.zxid), 0x1 (n.round), FOLLOWING (n.state), 3 (n.sid), 0x0 (n.peerEPoch), LOOKING (my state)
2015-12-08 23:58:50,299 - INFO  [WorkerReceiver[myid=1]:FastLeaderElection@542] - Notification: 5 (n.leader), 0x0 (n.zxid), 0x1 (n.round), FOLLOWING (n.state), 4 (n.sid), 0x0 (n.peerEPoch), LOOKING (my state)
2015-12-08 23:58:50,300 - INFO  [WorkerReceiver[myid=1]:FastLeaderElection@542] - Notification: 5 (n.leader), 0x0 (n.zxid), 0x1 (n.round), LOOKING (n.state), 5 (n.sid), 0x0 (n.peerEPoch), LOOKING (my state)
2015-12-08 23:58:50,300 - INFO  [WorkerReceiver[myid=1]:FastLeaderElection@542] - Notification: 5 (n.leader), 0x0 (n.zxid), 0x1 (n.round), LEADING (n.state), 5 (n.sid), 0x0 (n.peerEPoch), LOOKING (my state)
2015-12-08 23:58:50,300 - INFO  [WorkerReceiver[myid=1]:FastLeaderElection@542] - Notification: 5 (n.leader), 0x0 (n.zxid), 0x1 (n.round), LEADING (n.state), 5 (n.sid), 0x0 (n.peerEPoch), LOOKING (my state)
2015-12-08 23:58:50,301 - INFO  [WorkerReceiver[myid=1]:FastLeaderElection@542] - Notification: 5 (n.leader), 0x0 (n.zxid), 0x1 (n.round), FOLLOWING (n.state), 2 (n.sid), 0x0 (n.peerEPoch), LOOKING (my state)
2015-12-08 23:58:50,504 - INFO  [QuorumPeer[myid=1]/0:0:0:0:0:0:0:0:2181:QuorumPeer@738] - FOLLOWING
2015-12-08 23:58:50,509 - INFO  [QuorumPeer[myid=1]/0:0:0:0:0:0:0:0:2181:Learner@85] - TCP NoDelay set to: true
2015-12-08 23:58:50,529 - INFO  [QuorumPeer[myid=1]/0:0:0:0:0:0:0:0:2181:Environment@100] - Server environment:zookeeper.version=3.4.5--1, built on 03/16/2014 21:36 GMT
2015-12-08 23:58:50,530 - INFO  [QuorumPeer[myid=1]/0:0:0:0:0:0:0:0:2181:Environment@100] - Server environment:host.name=n5
2015-12-08 23:58:50,530 - INFO  [QuorumPeer[myid=1]/0:0:0:0:0:0:0:0:2181:Environment@100] - Server environment:java.version=1.7.0_91
2015-12-08 23:58:50,530 - INFO  [QuorumPeer[myid=1]/0:0:0:0:0:0:0:0:2181:Environment@100] - Server environment:java.vendor=Oracle Corporation
2015-12-08 23:58:50,530 - INFO  [QuorumPeer[myid=1]/0:0:0:0:0:0:0:0:2181:Environment@100] - Server environment:java.home=/usr/lib/jvm/java-7-openjdk-amd64/jre
2015-12-08 23:58:50,530 - INFO  [QuorumPeer[myid=1]/0:0:0:0:0:0:0:0:2181:Environment@100] - Server environment:java.class.path=/etc/zookeeper/conf:/usr/share/java/jline.jar:/usr/share/java/log4j-1.2.jar:/usr/share/java/xercesImpl.jar:/usr/share/java/xmlParserAPIs.jar:/usr/share/java/netty.jar:/usr/share/java/slf4j-api.jar:/usr/share/java/slf4j-log4j12.jar:/usr/share/java/zookeeper.jar
2015-12-08 23:58:50,530 - INFO  [QuorumPeer[myid=1]/0:0:0:0:0:0:0:0:2181:Environment@100] - Server environment:java.library.path=/usr/java/packages/lib/amd64:/usr/lib/x86_64-linux-gnu/jni:/lib/x86_64-linux-gnu:/usr/lib/x86_64-linux-gnu:/usr/lib/jni:/lib:/usr/lib
2015-12-08 23:58:50,530 - INFO  [QuorumPeer[myid=1]/0:0:0:0:0:0:0:0:2181:Environment@100] - Server environment:java.io.tmpdir=/tmp
2015-12-08 23:58:50,530 - INFO  [QuorumPeer[myid=1]/0:0:0:0:0:0:0:0:2181:Environment@100] - Server environment:java.compiler=<NA>
2015-12-08 23:58:50,530 - INFO  [QuorumPeer[myid=1]/0:0:0:0:0:0:0:0:2181:Environment@100] - Server environment:os.name=Linux
2015-12-08 23:58:50,530 - INFO  [QuorumPeer[myid=1]/0:0:0:0:0:0:0:0:2181:Environment@100] - Server environment:os.arch=amd64
2015-12-08 23:58:50,530 - INFO  [QuorumPeer[myid=1]/0:0:0:0:0:0:0:0:2181:Environment@100] - Server environment:os.version=4.1.12-boot2docker
2015-12-08 23:58:50,530 - INFO  [QuorumPeer[myid=1]/0:0:0:0:0:0:0:0:2181:Environment@100] - Server environment:user.name=zookeeper
2015-12-08 23:58:50,530 - INFO  [QuorumPeer[myid=1]/0:0:0:0:0:0:0:0:2181:Environment@100] - Server environment:user.home=/var/lib/zookeeper
2015-12-08 23:58:50,530 - INFO  [QuorumPeer[myid=1]/0:0:0:0:0:0:0:0:2181:Environment@100] - Server environment:user.dir=/
2015-12-08 23:58:50,532 - INFO  [QuorumPeer[myid=1]/0:0:0:0:0:0:0:0:2181:ZooKeeperServer@162] - Created server with tickTime 2000 minSessionTimeout 4000 maxSessionTimeout 40000 datadir /var/lib/zookeeper/version-2 snapdir /var/lib/zookeeper/version-2
2015-12-08 23:58:50,533 - INFO  [QuorumPeer[myid=1]/0:0:0:0:0:0:0:0:2181:Follower@63] - FOLLOWING - LEADER ELECTION TOOK - 283
2015-12-08 23:58:50,554 - INFO  [QuorumPeer[myid=1]/0:0:0:0:0:0:0:0:2181:Learner@325] - Getting a snapshot from leader
2015-12-08 23:58:50,566 - INFO  [QuorumPeer[myid=1]/0:0:0:0:0:0:0:0:2181:FileTxnSnapLog@240] - Snapshotting: 0x10000003a to /var/lib/zookeeper/version-2/snapshot.10000003a
2015-12-08 23:59:08,484 - WARN  [QuorumPeer[myid=1]/0:0:0:0:0:0:0:0:2181:Follower@118] - Got zxid 0x10000003b expected 0x1
2015-12-08 23:59:08,485 - INFO  [SyncThread:1:FileTxnLog@199] - Creating new log file: log.10000003b
