2015-12-08 23:46:48,537 - INFO  [main:QuorumPeerConfig@101] - Reading configuration from: /etc/zookeeper/conf/zoo.cfg
2015-12-08 23:46:48,665 - INFO  [main:QuorumPeerConfig@334] - Defaulting to majority quorums
2015-12-08 23:46:48,771 - INFO  [main:DatadirCleanupManager@78] - autopurge.snapRetainCount set to 3
2015-12-08 23:46:48,771 - INFO  [main:DatadirCleanupManager@79] - autopurge.purgeInterval set to 0
2015-12-08 23:46:48,773 - INFO  [main:DatadirCleanupManager@101] - Purge task is not scheduled.
2015-12-08 23:46:49,536 - INFO  [main:QuorumPeerMain@127] - Starting quorum peer
2015-12-08 23:46:49,683 - INFO  [main:NIOServerCnxnFactory@94] - binding to port 0.0.0.0/0.0.0.0:2181
2015-12-08 23:46:49,821 - INFO  [main:QuorumPeer@913] - tickTime set to 2000
2015-12-08 23:46:49,821 - INFO  [main:QuorumPeer@933] - minSessionTimeout set to -1
2015-12-08 23:46:49,821 - INFO  [main:QuorumPeer@944] - maxSessionTimeout set to -1
2015-12-08 23:46:49,821 - INFO  [main:QuorumPeer@959] - initLimit set to 10
2015-12-08 23:46:49,916 - INFO  [main:QuorumPeer@429] - currentEpoch not found! Creating with a reasonable default of 0. This should only happen when you are upgrading your installation
2015-12-08 23:46:49,971 - INFO  [main:QuorumPeer@444] - acceptedEpoch not found! Creating with a reasonable default of 0. This should only happen when you are upgrading your installation
2015-12-08 23:46:50,015 - INFO  [Thread-1:QuorumCnxManager$Listener@486] - My election bind port: 0.0.0.0/0.0.0.0:3888
2015-12-08 23:46:50,078 - INFO  [QuorumPeer[myid=5]/0:0:0:0:0:0:0:0:2181:QuorumPeer@670] - LOOKING
2015-12-08 23:46:50,127 - INFO  [QuorumPeer[myid=5]/0:0:0:0:0:0:0:0:2181:FastLeaderElection@740] - New election. My id =  5, proposed zxid=0x0
2015-12-08 23:46:50,160 - WARN  [WorkerSender[myid=5]:QuorumCnxManager@368] - Cannot open channel to 1 at election address n5/10.0.0.6:3888
java.net.ConnectException: Connection refused
	at java.net.PlainSocketImpl.socketConnect(Native Method)
	at java.net.AbstractPlainSocketImpl.doConnect(AbstractPlainSocketImpl.java:339)
	at java.net.AbstractPlainSocketImpl.connectToAddress(AbstractPlainSocketImpl.java:200)
	at java.net.AbstractPlainSocketImpl.connect(AbstractPlainSocketImpl.java:182)
	at java.net.SocksSocketImpl.connect(SocksSocketImpl.java:392)
	at java.net.Socket.connect(Socket.java:579)
	at org.apache.zookeeper.server.quorum.QuorumCnxManager.connectOne(QuorumCnxManager.java:354)
	at org.apache.zookeeper.server.quorum.QuorumCnxManager.toSend(QuorumCnxManager.java:327)
	at org.apache.zookeeper.server.quorum.FastLeaderElection$Messenger$WorkerSender.process(FastLeaderElection.java:393)
	at org.apache.zookeeper.server.quorum.FastLeaderElection$Messenger$WorkerSender.run(FastLeaderElection.java:365)
	at java.lang.Thread.run(Thread.java:745)
2015-12-08 23:46:50,162 - WARN  [WorkerSender[myid=5]:QuorumCnxManager@368] - Cannot open channel to 2 at election address n4/10.0.0.5:3888
java.net.ConnectException: Connection refused
	at java.net.PlainSocketImpl.socketConnect(Native Method)
	at java.net.AbstractPlainSocketImpl.doConnect(AbstractPlainSocketImpl.java:339)
	at java.net.AbstractPlainSocketImpl.connectToAddress(AbstractPlainSocketImpl.java:200)
	at java.net.AbstractPlainSocketImpl.connect(AbstractPlainSocketImpl.java:182)
	at java.net.SocksSocketImpl.connect(SocksSocketImpl.java:392)
	at java.net.Socket.connect(Socket.java:579)
	at org.apache.zookeeper.server.quorum.QuorumCnxManager.connectOne(QuorumCnxManager.java:354)
	at org.apache.zookeeper.server.quorum.QuorumCnxManager.toSend(QuorumCnxManager.java:327)
	at org.apache.zookeeper.server.quorum.FastLeaderElection$Messenger$WorkerSender.process(FastLeaderElection.java:393)
	at org.apache.zookeeper.server.quorum.FastLeaderElection$Messenger$WorkerSender.run(FastLeaderElection.java:365)
	at java.lang.Thread.run(Thread.java:745)
2015-12-08 23:46:50,163 - WARN  [WorkerSender[myid=5]:QuorumCnxManager@368] - Cannot open channel to 3 at election address n3/10.0.0.4:3888
java.net.ConnectException: Connection refused
	at java.net.PlainSocketImpl.socketConnect(Native Method)
	at java.net.AbstractPlainSocketImpl.doConnect(AbstractPlainSocketImpl.java:339)
	at java.net.AbstractPlainSocketImpl.connectToAddress(AbstractPlainSocketImpl.java:200)
	at java.net.AbstractPlainSocketImpl.connect(AbstractPlainSocketImpl.java:182)
	at java.net.SocksSocketImpl.connect(SocksSocketImpl.java:392)
	at java.net.Socket.connect(Socket.java:579)
	at org.apache.zookeeper.server.quorum.QuorumCnxManager.connectOne(QuorumCnxManager.java:354)
	at org.apache.zookeeper.server.quorum.QuorumCnxManager.toSend(QuorumCnxManager.java:327)
	at org.apache.zookeeper.server.quorum.FastLeaderElection$Messenger$WorkerSender.process(FastLeaderElection.java:393)
	at org.apache.zookeeper.server.quorum.FastLeaderElection$Messenger$WorkerSender.run(FastLeaderElection.java:365)
	at java.lang.Thread.run(Thread.java:745)
2015-12-08 23:46:50,164 - WARN  [WorkerSender[myid=5]:QuorumCnxManager@368] - Cannot open channel to 4 at election address n2/10.0.0.3:3888
java.net.ConnectException: Connection refused
	at java.net.PlainSocketImpl.socketConnect(Native Method)
	at java.net.AbstractPlainSocketImpl.doConnect(AbstractPlainSocketImpl.java:339)
	at java.net.AbstractPlainSocketImpl.connectToAddress(AbstractPlainSocketImpl.java:200)
	at java.net.AbstractPlainSocketImpl.connect(AbstractPlainSocketImpl.java:182)
	at java.net.SocksSocketImpl.connect(SocksSocketImpl.java:392)
	at java.net.Socket.connect(Socket.java:579)
	at org.apache.zookeeper.server.quorum.QuorumCnxManager.connectOne(QuorumCnxManager.java:354)
	at org.apache.zookeeper.server.quorum.QuorumCnxManager.toSend(QuorumCnxManager.java:327)
	at org.apache.zookeeper.server.quorum.FastLeaderElection$Messenger$WorkerSender.process(FastLeaderElection.java:393)
	at org.apache.zookeeper.server.quorum.FastLeaderElection$Messenger$WorkerSender.run(FastLeaderElection.java:365)
	at java.lang.Thread.run(Thread.java:745)
2015-12-08 23:46:50,212 - INFO  [WorkerReceiver[myid=5]:FastLeaderElection@542] - Notification: 5 (n.leader), 0x0 (n.zxid), 0x1 (n.round), LOOKING (n.state), 5 (n.sid), 0x0 (n.peerEPoch), LOOKING (my state)
2015-12-08 23:46:50,429 - WARN  [QuorumPeer[myid=5]/0:0:0:0:0:0:0:0:2181:QuorumCnxManager@368] - Cannot open channel to 2 at election address n4/10.0.0.5:3888
java.net.ConnectException: Connection refused
	at java.net.PlainSocketImpl.socketConnect(Native Method)
	at java.net.AbstractPlainSocketImpl.doConnect(AbstractPlainSocketImpl.java:339)
	at java.net.AbstractPlainSocketImpl.connectToAddress(AbstractPlainSocketImpl.java:200)
	at java.net.AbstractPlainSocketImpl.connect(AbstractPlainSocketImpl.java:182)
	at java.net.SocksSocketImpl.connect(SocksSocketImpl.java:392)
	at java.net.Socket.connect(Socket.java:579)
	at org.apache.zookeeper.server.quorum.QuorumCnxManager.connectOne(QuorumCnxManager.java:354)
	at org.apache.zookeeper.server.quorum.QuorumCnxManager.connectAll(QuorumCnxManager.java:388)
	at org.apache.zookeeper.server.quorum.FastLeaderElection.lookForLeader(FastLeaderElection.java:765)
	at org.apache.zookeeper.server.quorum.QuorumPeer.run(QuorumPeer.java:716)
2015-12-08 23:46:50,430 - WARN  [QuorumPeer[myid=5]/0:0:0:0:0:0:0:0:2181:QuorumCnxManager@368] - Cannot open channel to 1 at election address n5/10.0.0.6:3888
java.net.ConnectException: Connection refused
	at java.net.PlainSocketImpl.socketConnect(Native Method)
	at java.net.AbstractPlainSocketImpl.doConnect(AbstractPlainSocketImpl.java:339)
	at java.net.AbstractPlainSocketImpl.connectToAddress(AbstractPlainSocketImpl.java:200)
	at java.net.AbstractPlainSocketImpl.connect(AbstractPlainSocketImpl.java:182)
	at java.net.SocksSocketImpl.connect(SocksSocketImpl.java:392)
	at java.net.Socket.connect(Socket.java:579)
	at org.apache.zookeeper.server.quorum.QuorumCnxManager.connectOne(QuorumCnxManager.java:354)
	at org.apache.zookeeper.server.quorum.QuorumCnxManager.connectAll(QuorumCnxManager.java:388)
	at org.apache.zookeeper.server.quorum.FastLeaderElection.lookForLeader(FastLeaderElection.java:765)
	at org.apache.zookeeper.server.quorum.QuorumPeer.run(QuorumPeer.java:716)
2015-12-08 23:46:50,431 - WARN  [QuorumPeer[myid=5]/0:0:0:0:0:0:0:0:2181:QuorumCnxManager@368] - Cannot open channel to 3 at election address n3/10.0.0.4:3888
java.net.ConnectException: Connection refused
	at java.net.PlainSocketImpl.socketConnect(Native Method)
	at java.net.AbstractPlainSocketImpl.doConnect(AbstractPlainSocketImpl.java:339)
	at java.net.AbstractPlainSocketImpl.connectToAddress(AbstractPlainSocketImpl.java:200)
	at java.net.AbstractPlainSocketImpl.connect(AbstractPlainSocketImpl.java:182)
	at java.net.SocksSocketImpl.connect(SocksSocketImpl.java:392)
	at java.net.Socket.connect(Socket.java:579)
	at org.apache.zookeeper.server.quorum.QuorumCnxManager.connectOne(QuorumCnxManager.java:354)
	at org.apache.zookeeper.server.quorum.QuorumCnxManager.connectAll(QuorumCnxManager.java:388)
	at org.apache.zookeeper.server.quorum.FastLeaderElection.lookForLeader(FastLeaderElection.java:765)
	at org.apache.zookeeper.server.quorum.QuorumPeer.run(QuorumPeer.java:716)
2015-12-08 23:46:50,431 - WARN  [QuorumPeer[myid=5]/0:0:0:0:0:0:0:0:2181:QuorumCnxManager@368] - Cannot open channel to 4 at election address n2/10.0.0.3:3888
java.net.ConnectException: Connection refused
	at java.net.PlainSocketImpl.socketConnect(Native Method)
	at java.net.AbstractPlainSocketImpl.doConnect(AbstractPlainSocketImpl.java:339)
	at java.net.AbstractPlainSocketImpl.connectToAddress(AbstractPlainSocketImpl.java:200)
	at java.net.AbstractPlainSocketImpl.connect(AbstractPlainSocketImpl.java:182)
	at java.net.SocksSocketImpl.connect(SocksSocketImpl.java:392)
	at java.net.Socket.connect(Socket.java:579)
	at org.apache.zookeeper.server.quorum.QuorumCnxManager.connectOne(QuorumCnxManager.java:354)
	at org.apache.zookeeper.server.quorum.QuorumCnxManager.connectAll(QuorumCnxManager.java:388)
	at org.apache.zookeeper.server.quorum.FastLeaderElection.lookForLeader(FastLeaderElection.java:765)
	at org.apache.zookeeper.server.quorum.QuorumPeer.run(QuorumPeer.java:716)
2015-12-08 23:46:50,479 - INFO  [QuorumPeer[myid=5]/0:0:0:0:0:0:0:0:2181:FastLeaderElection@774] - Notification time out: 400
2015-12-08 23:46:50,880 - WARN  [QuorumPeer[myid=5]/0:0:0:0:0:0:0:0:2181:QuorumCnxManager@368] - Cannot open channel to 2 at election address n4/10.0.0.5:3888
java.net.ConnectException: Connection refused
	at java.net.PlainSocketImpl.socketConnect(Native Method)
	at java.net.AbstractPlainSocketImpl.doConnect(AbstractPlainSocketImpl.java:339)
	at java.net.AbstractPlainSocketImpl.connectToAddress(AbstractPlainSocketImpl.java:200)
	at java.net.AbstractPlainSocketImpl.connect(AbstractPlainSocketImpl.java:182)
	at java.net.SocksSocketImpl.connect(SocksSocketImpl.java:392)
	at java.net.Socket.connect(Socket.java:579)
	at org.apache.zookeeper.server.quorum.QuorumCnxManager.connectOne(QuorumCnxManager.java:354)
	at org.apache.zookeeper.server.quorum.QuorumCnxManager.connectAll(QuorumCnxManager.java:388)
	at org.apache.zookeeper.server.quorum.FastLeaderElection.lookForLeader(FastLeaderElection.java:765)
	at org.apache.zookeeper.server.quorum.QuorumPeer.run(QuorumPeer.java:716)
2015-12-08 23:46:50,881 - WARN  [QuorumPeer[myid=5]/0:0:0:0:0:0:0:0:2181:QuorumCnxManager@368] - Cannot open channel to 1 at election address n5/10.0.0.6:3888
java.net.ConnectException: Connection refused
	at java.net.PlainSocketImpl.socketConnect(Native Method)
	at java.net.AbstractPlainSocketImpl.doConnect(AbstractPlainSocketImpl.java:339)
	at java.net.AbstractPlainSocketImpl.connectToAddress(AbstractPlainSocketImpl.java:200)
	at java.net.AbstractPlainSocketImpl.connect(AbstractPlainSocketImpl.java:182)
	at java.net.SocksSocketImpl.connect(SocksSocketImpl.java:392)
	at java.net.Socket.connect(Socket.java:579)
	at org.apache.zookeeper.server.quorum.QuorumCnxManager.connectOne(QuorumCnxManager.java:354)
	at org.apache.zookeeper.server.quorum.QuorumCnxManager.connectAll(QuorumCnxManager.java:388)
	at org.apache.zookeeper.server.quorum.FastLeaderElection.lookForLeader(FastLeaderElection.java:765)
	at org.apache.zookeeper.server.quorum.QuorumPeer.run(QuorumPeer.java:716)
2015-12-08 23:46:50,910 - WARN  [QuorumPeer[myid=5]/0:0:0:0:0:0:0:0:2181:QuorumCnxManager@368] - Cannot open channel to 3 at election address n3/10.0.0.4:3888
java.net.ConnectException: Connection refused
	at java.net.PlainSocketImpl.socketConnect(Native Method)
	at java.net.AbstractPlainSocketImpl.doConnect(AbstractPlainSocketImpl.java:339)
	at java.net.AbstractPlainSocketImpl.connectToAddress(AbstractPlainSocketImpl.java:200)
	at java.net.AbstractPlainSocketImpl.connect(AbstractPlainSocketImpl.java:182)
	at java.net.SocksSocketImpl.connect(SocksSocketImpl.java:392)
	at java.net.Socket.connect(Socket.java:579)
	at org.apache.zookeeper.server.quorum.QuorumCnxManager.connectOne(QuorumCnxManager.java:354)
	at org.apache.zookeeper.server.quorum.QuorumCnxManager.connectAll(QuorumCnxManager.java:388)
	at org.apache.zookeeper.server.quorum.FastLeaderElection.lookForLeader(FastLeaderElection.java:765)
	at org.apache.zookeeper.server.quorum.QuorumPeer.run(QuorumPeer.java:716)
2015-12-08 23:46:50,910 - WARN  [QuorumPeer[myid=5]/0:0:0:0:0:0:0:0:2181:QuorumCnxManager@368] - Cannot open channel to 4 at election address n2/10.0.0.3:3888
java.net.ConnectException: Connection refused
	at java.net.PlainSocketImpl.socketConnect(Native Method)
	at java.net.AbstractPlainSocketImpl.doConnect(AbstractPlainSocketImpl.java:339)
	at java.net.AbstractPlainSocketImpl.connectToAddress(AbstractPlainSocketImpl.java:200)
	at java.net.AbstractPlainSocketImpl.connect(AbstractPlainSocketImpl.java:182)
	at java.net.SocksSocketImpl.connect(SocksSocketImpl.java:392)
	at java.net.Socket.connect(Socket.java:579)
	at org.apache.zookeeper.server.quorum.QuorumCnxManager.connectOne(QuorumCnxManager.java:354)
	at org.apache.zookeeper.server.quorum.QuorumCnxManager.connectAll(QuorumCnxManager.java:388)
	at org.apache.zookeeper.server.quorum.FastLeaderElection.lookForLeader(FastLeaderElection.java:765)
	at org.apache.zookeeper.server.quorum.QuorumPeer.run(QuorumPeer.java:716)
2015-12-08 23:46:50,911 - INFO  [QuorumPeer[myid=5]/0:0:0:0:0:0:0:0:2181:FastLeaderElection@774] - Notification time out: 800
2015-12-08 23:46:51,740 - WARN  [QuorumPeer[myid=5]/0:0:0:0:0:0:0:0:2181:QuorumCnxManager@368] - Cannot open channel to 2 at election address n4/10.0.0.5:3888
java.net.ConnectException: Connection refused
	at java.net.PlainSocketImpl.socketConnect(Native Method)
	at java.net.AbstractPlainSocketImpl.doConnect(AbstractPlainSocketImpl.java:339)
	at java.net.AbstractPlainSocketImpl.connectToAddress(AbstractPlainSocketImpl.java:200)
	at java.net.AbstractPlainSocketImpl.connect(AbstractPlainSocketImpl.java:182)
	at java.net.SocksSocketImpl.connect(SocksSocketImpl.java:392)
	at java.net.Socket.connect(Socket.java:579)
	at org.apache.zookeeper.server.quorum.QuorumCnxManager.connectOne(QuorumCnxManager.java:354)
	at org.apache.zookeeper.server.quorum.QuorumCnxManager.connectAll(QuorumCnxManager.java:388)
	at org.apache.zookeeper.server.quorum.FastLeaderElection.lookForLeader(FastLeaderElection.java:765)
	at org.apache.zookeeper.server.quorum.QuorumPeer.run(QuorumPeer.java:716)
2015-12-08 23:46:51,741 - WARN  [QuorumPeer[myid=5]/0:0:0:0:0:0:0:0:2181:QuorumCnxManager@368] - Cannot open channel to 1 at election address n5/10.0.0.6:3888
java.net.ConnectException: Connection refused
	at java.net.PlainSocketImpl.socketConnect(Native Method)
	at java.net.AbstractPlainSocketImpl.doConnect(AbstractPlainSocketImpl.java:339)
	at java.net.AbstractPlainSocketImpl.connectToAddress(AbstractPlainSocketImpl.java:200)
	at java.net.AbstractPlainSocketImpl.connect(AbstractPlainSocketImpl.java:182)
	at java.net.SocksSocketImpl.connect(SocksSocketImpl.java:392)
	at java.net.Socket.connect(Socket.java:579)
	at org.apache.zookeeper.server.quorum.QuorumCnxManager.connectOne(QuorumCnxManager.java:354)
	at org.apache.zookeeper.server.quorum.QuorumCnxManager.connectAll(QuorumCnxManager.java:388)
	at org.apache.zookeeper.server.quorum.FastLeaderElection.lookForLeader(FastLeaderElection.java:765)
	at org.apache.zookeeper.server.quorum.QuorumPeer.run(QuorumPeer.java:716)
2015-12-08 23:46:51,741 - WARN  [QuorumPeer[myid=5]/0:0:0:0:0:0:0:0:2181:QuorumCnxManager@368] - Cannot open channel to 3 at election address n3/10.0.0.4:3888
java.net.ConnectException: Connection refused
	at java.net.PlainSocketImpl.socketConnect(Native Method)
	at java.net.AbstractPlainSocketImpl.doConnect(AbstractPlainSocketImpl.java:339)
	at java.net.AbstractPlainSocketImpl.connectToAddress(AbstractPlainSocketImpl.java:200)
	at java.net.AbstractPlainSocketImpl.connect(AbstractPlainSocketImpl.java:182)
	at java.net.SocksSocketImpl.connect(SocksSocketImpl.java:392)
	at java.net.Socket.connect(Socket.java:579)
	at org.apache.zookeeper.server.quorum.QuorumCnxManager.connectOne(QuorumCnxManager.java:354)
	at org.apache.zookeeper.server.quorum.QuorumCnxManager.connectAll(QuorumCnxManager.java:388)
	at org.apache.zookeeper.server.quorum.FastLeaderElection.lookForLeader(FastLeaderElection.java:765)
	at org.apache.zookeeper.server.quorum.QuorumPeer.run(QuorumPeer.java:716)
2015-12-08 23:46:51,742 - WARN  [QuorumPeer[myid=5]/0:0:0:0:0:0:0:0:2181:QuorumCnxManager@368] - Cannot open channel to 4 at election address n2/10.0.0.3:3888
java.net.ConnectException: Connection refused
	at java.net.PlainSocketImpl.socketConnect(Native Method)
	at java.net.AbstractPlainSocketImpl.doConnect(AbstractPlainSocketImpl.java:339)
	at java.net.AbstractPlainSocketImpl.connectToAddress(AbstractPlainSocketImpl.java:200)
	at java.net.AbstractPlainSocketImpl.connect(AbstractPlainSocketImpl.java:182)
	at java.net.SocksSocketImpl.connect(SocksSocketImpl.java:392)
	at java.net.Socket.connect(Socket.java:579)
	at org.apache.zookeeper.server.quorum.QuorumCnxManager.connectOne(QuorumCnxManager.java:354)
	at org.apache.zookeeper.server.quorum.QuorumCnxManager.connectAll(QuorumCnxManager.java:388)
	at org.apache.zookeeper.server.quorum.FastLeaderElection.lookForLeader(FastLeaderElection.java:765)
	at org.apache.zookeeper.server.quorum.QuorumPeer.run(QuorumPeer.java:716)
2015-12-08 23:46:51,742 - INFO  [QuorumPeer[myid=5]/0:0:0:0:0:0:0:0:2181:FastLeaderElection@774] - Notification time out: 1600
2015-12-08 23:46:53,355 - WARN  [QuorumPeer[myid=5]/0:0:0:0:0:0:0:0:2181:QuorumCnxManager@368] - Cannot open channel to 2 at election address n4/10.0.0.5:3888
java.net.ConnectException: Connection refused
	at java.net.PlainSocketImpl.socketConnect(Native Method)
	at java.net.AbstractPlainSocketImpl.doConnect(AbstractPlainSocketImpl.java:339)
	at java.net.AbstractPlainSocketImpl.connectToAddress(AbstractPlainSocketImpl.java:200)
	at java.net.AbstractPlainSocketImpl.connect(AbstractPlainSocketImpl.java:182)
	at java.net.SocksSocketImpl.connect(SocksSocketImpl.java:392)
	at java.net.Socket.connect(Socket.java:579)
	at org.apache.zookeeper.server.quorum.QuorumCnxManager.connectOne(QuorumCnxManager.java:354)
	at org.apache.zookeeper.server.quorum.QuorumCnxManager.connectAll(QuorumCnxManager.java:388)
	at org.apache.zookeeper.server.quorum.FastLeaderElection.lookForLeader(FastLeaderElection.java:765)
	at org.apache.zookeeper.server.quorum.QuorumPeer.run(QuorumPeer.java:716)
2015-12-08 23:46:53,355 - WARN  [QuorumPeer[myid=5]/0:0:0:0:0:0:0:0:2181:QuorumCnxManager@368] - Cannot open channel to 1 at election address n5/10.0.0.6:3888
java.net.ConnectException: Connection refused
	at java.net.PlainSocketImpl.socketConnect(Native Method)
	at java.net.AbstractPlainSocketImpl.doConnect(AbstractPlainSocketImpl.java:339)
	at java.net.AbstractPlainSocketImpl.connectToAddress(AbstractPlainSocketImpl.java:200)
	at java.net.AbstractPlainSocketImpl.connect(AbstractPlainSocketImpl.java:182)
	at java.net.SocksSocketImpl.connect(SocksSocketImpl.java:392)
	at java.net.Socket.connect(Socket.java:579)
	at org.apache.zookeeper.server.quorum.QuorumCnxManager.connectOne(QuorumCnxManager.java:354)
	at org.apache.zookeeper.server.quorum.QuorumCnxManager.connectAll(QuorumCnxManager.java:388)
	at org.apache.zookeeper.server.quorum.FastLeaderElection.lookForLeader(FastLeaderElection.java:765)
	at org.apache.zookeeper.server.quorum.QuorumPeer.run(QuorumPeer.java:716)
2015-12-08 23:46:53,356 - WARN  [QuorumPeer[myid=5]/0:0:0:0:0:0:0:0:2181:QuorumCnxManager@368] - Cannot open channel to 3 at election address n3/10.0.0.4:3888
java.net.ConnectException: Connection refused
	at java.net.PlainSocketImpl.socketConnect(Native Method)
	at java.net.AbstractPlainSocketImpl.doConnect(AbstractPlainSocketImpl.java:339)
	at java.net.AbstractPlainSocketImpl.connectToAddress(AbstractPlainSocketImpl.java:200)
	at java.net.AbstractPlainSocketImpl.connect(AbstractPlainSocketImpl.java:182)
	at java.net.SocksSocketImpl.connect(SocksSocketImpl.java:392)
	at java.net.Socket.connect(Socket.java:579)
	at org.apache.zookeeper.server.quorum.QuorumCnxManager.connectOne(QuorumCnxManager.java:354)
	at org.apache.zookeeper.server.quorum.QuorumCnxManager.connectAll(QuorumCnxManager.java:388)
	at org.apache.zookeeper.server.quorum.FastLeaderElection.lookForLeader(FastLeaderElection.java:765)
	at org.apache.zookeeper.server.quorum.QuorumPeer.run(QuorumPeer.java:716)
2015-12-08 23:46:53,356 - WARN  [QuorumPeer[myid=5]/0:0:0:0:0:0:0:0:2181:QuorumCnxManager@368] - Cannot open channel to 4 at election address n2/10.0.0.3:3888
java.net.ConnectException: Connection refused
	at java.net.PlainSocketImpl.socketConnect(Native Method)
	at java.net.AbstractPlainSocketImpl.doConnect(AbstractPlainSocketImpl.java:339)
	at java.net.AbstractPlainSocketImpl.connectToAddress(AbstractPlainSocketImpl.java:200)
	at java.net.AbstractPlainSocketImpl.connect(AbstractPlainSocketImpl.java:182)
	at java.net.SocksSocketImpl.connect(SocksSocketImpl.java:392)
	at java.net.Socket.connect(Socket.java:579)
	at org.apache.zookeeper.server.quorum.QuorumCnxManager.connectOne(QuorumCnxManager.java:354)
	at org.apache.zookeeper.server.quorum.QuorumCnxManager.connectAll(QuorumCnxManager.java:388)
	at org.apache.zookeeper.server.quorum.FastLeaderElection.lookForLeader(FastLeaderElection.java:765)
	at org.apache.zookeeper.server.quorum.QuorumPeer.run(QuorumPeer.java:716)
2015-12-08 23:46:53,362 - INFO  [QuorumPeer[myid=5]/0:0:0:0:0:0:0:0:2181:FastLeaderElection@774] - Notification time out: 3200
2015-12-08 23:46:56,578 - WARN  [QuorumPeer[myid=5]/0:0:0:0:0:0:0:0:2181:QuorumCnxManager@368] - Cannot open channel to 2 at election address n4/10.0.0.5:3888
java.net.ConnectException: Connection refused
	at java.net.PlainSocketImpl.socketConnect(Native Method)
	at java.net.AbstractPlainSocketImpl.doConnect(AbstractPlainSocketImpl.java:339)
	at java.net.AbstractPlainSocketImpl.connectToAddress(AbstractPlainSocketImpl.java:200)
	at java.net.AbstractPlainSocketImpl.connect(AbstractPlainSocketImpl.java:182)
	at java.net.SocksSocketImpl.connect(SocksSocketImpl.java:392)
	at java.net.Socket.connect(Socket.java:579)
	at org.apache.zookeeper.server.quorum.QuorumCnxManager.connectOne(QuorumCnxManager.java:354)
	at org.apache.zookeeper.server.quorum.QuorumCnxManager.connectAll(QuorumCnxManager.java:388)
	at org.apache.zookeeper.server.quorum.FastLeaderElection.lookForLeader(FastLeaderElection.java:765)
	at org.apache.zookeeper.server.quorum.QuorumPeer.run(QuorumPeer.java:716)
2015-12-08 23:46:56,578 - WARN  [QuorumPeer[myid=5]/0:0:0:0:0:0:0:0:2181:QuorumCnxManager@368] - Cannot open channel to 1 at election address n5/10.0.0.6:3888
java.net.ConnectException: Connection refused
	at java.net.PlainSocketImpl.socketConnect(Native Method)
	at java.net.AbstractPlainSocketImpl.doConnect(AbstractPlainSocketImpl.java:339)
	at java.net.AbstractPlainSocketImpl.connectToAddress(AbstractPlainSocketImpl.java:200)
	at java.net.AbstractPlainSocketImpl.connect(AbstractPlainSocketImpl.java:182)
	at java.net.SocksSocketImpl.connect(SocksSocketImpl.java:392)
	at java.net.Socket.connect(Socket.java:579)
	at org.apache.zookeeper.server.quorum.QuorumCnxManager.connectOne(QuorumCnxManager.java:354)
	at org.apache.zookeeper.server.quorum.QuorumCnxManager.connectAll(QuorumCnxManager.java:388)
	at org.apache.zookeeper.server.quorum.FastLeaderElection.lookForLeader(FastLeaderElection.java:765)
	at org.apache.zookeeper.server.quorum.QuorumPeer.run(QuorumPeer.java:716)
2015-12-08 23:46:56,579 - WARN  [QuorumPeer[myid=5]/0:0:0:0:0:0:0:0:2181:QuorumCnxManager@368] - Cannot open channel to 3 at election address n3/10.0.0.4:3888
java.net.ConnectException: Connection refused
	at java.net.PlainSocketImpl.socketConnect(Native Method)
	at java.net.AbstractPlainSocketImpl.doConnect(AbstractPlainSocketImpl.java:339)
	at java.net.AbstractPlainSocketImpl.connectToAddress(AbstractPlainSocketImpl.java:200)
	at java.net.AbstractPlainSocketImpl.connect(AbstractPlainSocketImpl.java:182)
	at java.net.SocksSocketImpl.connect(SocksSocketImpl.java:392)
	at java.net.Socket.connect(Socket.java:579)
	at org.apache.zookeeper.server.quorum.QuorumCnxManager.connectOne(QuorumCnxManager.java:354)
	at org.apache.zookeeper.server.quorum.QuorumCnxManager.connectAll(QuorumCnxManager.java:388)
	at org.apache.zookeeper.server.quorum.FastLeaderElection.lookForLeader(FastLeaderElection.java:765)
	at org.apache.zookeeper.server.quorum.QuorumPeer.run(QuorumPeer.java:716)
2015-12-08 23:46:56,600 - WARN  [QuorumPeer[myid=5]/0:0:0:0:0:0:0:0:2181:QuorumCnxManager@368] - Cannot open channel to 4 at election address n2/10.0.0.3:3888
java.net.ConnectException: Connection refused
	at java.net.PlainSocketImpl.socketConnect(Native Method)
	at java.net.AbstractPlainSocketImpl.doConnect(AbstractPlainSocketImpl.java:339)
	at java.net.AbstractPlainSocketImpl.connectToAddress(AbstractPlainSocketImpl.java:200)
	at java.net.AbstractPlainSocketImpl.connect(AbstractPlainSocketImpl.java:182)
	at java.net.SocksSocketImpl.connect(SocksSocketImpl.java:392)
	at java.net.Socket.connect(Socket.java:579)
	at org.apache.zookeeper.server.quorum.QuorumCnxManager.connectOne(QuorumCnxManager.java:354)
	at org.apache.zookeeper.server.quorum.QuorumCnxManager.connectAll(QuorumCnxManager.java:388)
	at org.apache.zookeeper.server.quorum.FastLeaderElection.lookForLeader(FastLeaderElection.java:765)
	at org.apache.zookeeper.server.quorum.QuorumPeer.run(QuorumPeer.java:716)
2015-12-08 23:46:56,600 - INFO  [QuorumPeer[myid=5]/0:0:0:0:0:0:0:0:2181:FastLeaderElection@774] - Notification time out: 6400
2015-12-08 23:47:03,001 - WARN  [QuorumPeer[myid=5]/0:0:0:0:0:0:0:0:2181:QuorumCnxManager@368] - Cannot open channel to 2 at election address n4/10.0.0.5:3888
java.net.ConnectException: Connection refused
	at java.net.PlainSocketImpl.socketConnect(Native Method)
	at java.net.AbstractPlainSocketImpl.doConnect(AbstractPlainSocketImpl.java:339)
	at java.net.AbstractPlainSocketImpl.connectToAddress(AbstractPlainSocketImpl.java:200)
	at java.net.AbstractPlainSocketImpl.connect(AbstractPlainSocketImpl.java:182)
	at java.net.SocksSocketImpl.connect(SocksSocketImpl.java:392)
	at java.net.Socket.connect(Socket.java:579)
	at org.apache.zookeeper.server.quorum.QuorumCnxManager.connectOne(QuorumCnxManager.java:354)
	at org.apache.zookeeper.server.quorum.QuorumCnxManager.connectAll(QuorumCnxManager.java:388)
	at org.apache.zookeeper.server.quorum.FastLeaderElection.lookForLeader(FastLeaderElection.java:765)
	at org.apache.zookeeper.server.quorum.QuorumPeer.run(QuorumPeer.java:716)
2015-12-08 23:47:03,001 - WARN  [QuorumPeer[myid=5]/0:0:0:0:0:0:0:0:2181:QuorumCnxManager@368] - Cannot open channel to 1 at election address n5/10.0.0.6:3888
java.net.ConnectException: Connection refused
	at java.net.PlainSocketImpl.socketConnect(Native Method)
	at java.net.AbstractPlainSocketImpl.doConnect(AbstractPlainSocketImpl.java:339)
	at java.net.AbstractPlainSocketImpl.connectToAddress(AbstractPlainSocketImpl.java:200)
	at java.net.AbstractPlainSocketImpl.connect(AbstractPlainSocketImpl.java:182)
	at java.net.SocksSocketImpl.connect(SocksSocketImpl.java:392)
	at java.net.Socket.connect(Socket.java:579)
	at org.apache.zookeeper.server.quorum.QuorumCnxManager.connectOne(QuorumCnxManager.java:354)
	at org.apache.zookeeper.server.quorum.QuorumCnxManager.connectAll(QuorumCnxManager.java:388)
	at org.apache.zookeeper.server.quorum.FastLeaderElection.lookForLeader(FastLeaderElection.java:765)
	at org.apache.zookeeper.server.quorum.QuorumPeer.run(QuorumPeer.java:716)
2015-12-08 23:47:03,002 - WARN  [QuorumPeer[myid=5]/0:0:0:0:0:0:0:0:2181:QuorumCnxManager@368] - Cannot open channel to 3 at election address n3/10.0.0.4:3888
java.net.ConnectException: Connection refused
	at java.net.PlainSocketImpl.socketConnect(Native Method)
	at java.net.AbstractPlainSocketImpl.doConnect(AbstractPlainSocketImpl.java:339)
	at java.net.AbstractPlainSocketImpl.connectToAddress(AbstractPlainSocketImpl.java:200)
	at java.net.AbstractPlainSocketImpl.connect(AbstractPlainSocketImpl.java:182)
	at java.net.SocksSocketImpl.connect(SocksSocketImpl.java:392)
	at java.net.Socket.connect(Socket.java:579)
	at org.apache.zookeeper.server.quorum.QuorumCnxManager.connectOne(QuorumCnxManager.java:354)
	at org.apache.zookeeper.server.quorum.QuorumCnxManager.connectAll(QuorumCnxManager.java:388)
	at org.apache.zookeeper.server.quorum.FastLeaderElection.lookForLeader(FastLeaderElection.java:765)
	at org.apache.zookeeper.server.quorum.QuorumPeer.run(QuorumPeer.java:716)
2015-12-08 23:47:03,003 - WARN  [QuorumPeer[myid=5]/0:0:0:0:0:0:0:0:2181:QuorumCnxManager@368] - Cannot open channel to 4 at election address n2/10.0.0.3:3888
java.net.ConnectException: Connection refused
	at java.net.PlainSocketImpl.socketConnect(Native Method)
	at java.net.AbstractPlainSocketImpl.doConnect(AbstractPlainSocketImpl.java:339)
	at java.net.AbstractPlainSocketImpl.connectToAddress(AbstractPlainSocketImpl.java:200)
	at java.net.AbstractPlainSocketImpl.connect(AbstractPlainSocketImpl.java:182)
	at java.net.SocksSocketImpl.connect(SocksSocketImpl.java:392)
	at java.net.Socket.connect(Socket.java:579)
	at org.apache.zookeeper.server.quorum.QuorumCnxManager.connectOne(QuorumCnxManager.java:354)
	at org.apache.zookeeper.server.quorum.QuorumCnxManager.connectAll(QuorumCnxManager.java:388)
	at org.apache.zookeeper.server.quorum.FastLeaderElection.lookForLeader(FastLeaderElection.java:765)
	at org.apache.zookeeper.server.quorum.QuorumPeer.run(QuorumPeer.java:716)
2015-12-08 23:47:03,003 - INFO  [QuorumPeer[myid=5]/0:0:0:0:0:0:0:0:2181:FastLeaderElection@774] - Notification time out: 12800
2015-12-08 23:47:10,318 - INFO  [n1/10.0.0.2:3888:QuorumCnxManager$Listener@493] - Received connection request /10.0.0.3:36755
2015-12-08 23:47:10,405 - INFO  [WorkerReceiver[myid=5]:FastLeaderElection@542] - Notification: 4 (n.leader), 0x0 (n.zxid), 0x1 (n.round), LOOKING (n.state), 4 (n.sid), 0x0 (n.peerEPoch), LOOKING (my state)
2015-12-08 23:47:10,405 - INFO  [WorkerReceiver[myid=5]:FastLeaderElection@542] - Notification: 5 (n.leader), 0x0 (n.zxid), 0x1 (n.round), LOOKING (n.state), 4 (n.sid), 0x0 (n.peerEPoch), LOOKING (my state)
2015-12-08 23:47:10,689 - INFO  [WorkerReceiver[myid=5]:FastLeaderElection@542] - Notification: 5 (n.leader), 0x0 (n.zxid), 0x1 (n.round), LOOKING (n.state), 4 (n.sid), 0x0 (n.peerEPoch), LOOKING (my state)
2015-12-08 23:47:11,089 - INFO  [WorkerReceiver[myid=5]:FastLeaderElection@542] - Notification: 5 (n.leader), 0x0 (n.zxid), 0x1 (n.round), LOOKING (n.state), 4 (n.sid), 0x0 (n.peerEPoch), LOOKING (my state)
2015-12-08 23:47:11,908 - INFO  [WorkerReceiver[myid=5]:FastLeaderElection@542] - Notification: 5 (n.leader), 0x0 (n.zxid), 0x1 (n.round), LOOKING (n.state), 4 (n.sid), 0x0 (n.peerEPoch), LOOKING (my state)
2015-12-08 23:47:13,513 - INFO  [WorkerReceiver[myid=5]:FastLeaderElection@542] - Notification: 5 (n.leader), 0x0 (n.zxid), 0x1 (n.round), LOOKING (n.state), 4 (n.sid), 0x0 (n.peerEPoch), LOOKING (my state)
2015-12-08 23:47:15,427 - INFO  [n1/10.0.0.2:3888:QuorumCnxManager$Listener@493] - Received connection request /10.0.0.4:40486
2015-12-08 23:47:15,542 - INFO  [WorkerReceiver[myid=5]:FastLeaderElection@542] - Notification: 3 (n.leader), 0x0 (n.zxid), 0x1 (n.round), LOOKING (n.state), 3 (n.sid), 0x0 (n.peerEPoch), LOOKING (my state)
2015-12-08 23:47:15,542 - INFO  [WorkerReceiver[myid=5]:FastLeaderElection@542] - Notification: 5 (n.leader), 0x0 (n.zxid), 0x1 (n.round), LOOKING (n.state), 3 (n.sid), 0x0 (n.peerEPoch), LOOKING (my state)
2015-12-08 23:47:15,755 - INFO  [QuorumPeer[myid=5]/0:0:0:0:0:0:0:0:2181:QuorumPeer@750] - LEADING
2015-12-08 23:47:15,757 - INFO  [QuorumPeer[myid=5]/0:0:0:0:0:0:0:0:2181:Leader@58] - TCP NoDelay set to: true
2015-12-08 23:47:15,785 - INFO  [QuorumPeer[myid=5]/0:0:0:0:0:0:0:0:2181:Environment@100] - Server environment:zookeeper.version=3.4.5--1, built on 03/16/2014 21:36 GMT
2015-12-08 23:47:15,786 - INFO  [QuorumPeer[myid=5]/0:0:0:0:0:0:0:0:2181:Environment@100] - Server environment:host.name=n1
2015-12-08 23:47:15,786 - INFO  [QuorumPeer[myid=5]/0:0:0:0:0:0:0:0:2181:Environment@100] - Server environment:java.version=1.7.0_91
2015-12-08 23:47:15,786 - INFO  [QuorumPeer[myid=5]/0:0:0:0:0:0:0:0:2181:Environment@100] - Server environment:java.vendor=Oracle Corporation
2015-12-08 23:47:15,834 - INFO  [QuorumPeer[myid=5]/0:0:0:0:0:0:0:0:2181:Environment@100] - Server environment:java.home=/usr/lib/jvm/java-7-openjdk-amd64/jre
2015-12-08 23:47:15,835 - INFO  [QuorumPeer[myid=5]/0:0:0:0:0:0:0:0:2181:Environment@100] - Server environment:java.class.path=/etc/zookeeper/conf:/usr/share/java/jline.jar:/usr/share/java/log4j-1.2.jar:/usr/share/java/xercesImpl.jar:/usr/share/java/xmlParserAPIs.jar:/usr/share/java/netty.jar:/usr/share/java/slf4j-api.jar:/usr/share/java/slf4j-log4j12.jar:/usr/share/java/zookeeper.jar
2015-12-08 23:47:15,835 - INFO  [QuorumPeer[myid=5]/0:0:0:0:0:0:0:0:2181:Environment@100] - Server environment:java.library.path=/usr/java/packages/lib/amd64:/usr/lib/x86_64-linux-gnu/jni:/lib/x86_64-linux-gnu:/usr/lib/x86_64-linux-gnu:/usr/lib/jni:/lib:/usr/lib
2015-12-08 23:47:15,835 - INFO  [QuorumPeer[myid=5]/0:0:0:0:0:0:0:0:2181:Environment@100] - Server environment:java.io.tmpdir=/tmp
2015-12-08 23:47:15,835 - INFO  [QuorumPeer[myid=5]/0:0:0:0:0:0:0:0:2181:Environment@100] - Server environment:java.compiler=<NA>
2015-12-08 23:47:15,835 - INFO  [QuorumPeer[myid=5]/0:0:0:0:0:0:0:0:2181:Environment@100] - Server environment:os.name=Linux
2015-12-08 23:47:15,835 - INFO  [QuorumPeer[myid=5]/0:0:0:0:0:0:0:0:2181:Environment@100] - Server environment:os.arch=amd64
2015-12-08 23:47:15,835 - INFO  [QuorumPeer[myid=5]/0:0:0:0:0:0:0:0:2181:Environment@100] - Server environment:os.version=4.1.12-boot2docker
2015-12-08 23:47:15,835 - INFO  [QuorumPeer[myid=5]/0:0:0:0:0:0:0:0:2181:Environment@100] - Server environment:user.name=zookeeper
2015-12-08 23:47:15,835 - INFO  [QuorumPeer[myid=5]/0:0:0:0:0:0:0:0:2181:Environment@100] - Server environment:user.home=/var/lib/zookeeper
2015-12-08 23:47:15,835 - INFO  [QuorumPeer[myid=5]/0:0:0:0:0:0:0:0:2181:Environment@100] - Server environment:user.dir=/
2015-12-08 23:47:15,837 - INFO  [QuorumPeer[myid=5]/0:0:0:0:0:0:0:0:2181:ZooKeeperServer@162] - Created server with tickTime 2000 minSessionTimeout 4000 maxSessionTimeout 40000 datadir /var/lib/zookeeper/version-2 snapdir /var/lib/zookeeper/version-2
2015-12-08 23:47:15,838 - INFO  [QuorumPeer[myid=5]/0:0:0:0:0:0:0:0:2181:Leader@345] - LEADING - LEADER ELECTION TOOK - 25711
2015-12-08 23:47:15,886 - INFO  [QuorumPeer[myid=5]/0:0:0:0:0:0:0:0:2181:FileTxnSnapLog@240] - Snapshotting: 0x0 to /var/lib/zookeeper/version-2/snapshot.0
2015-12-08 23:47:15,973 - INFO  [LearnerHandler-/10.0.0.3:45740:LearnerHandler@263] - Follower sid: 4 : info : org.apache.zookeeper.server.quorum.QuorumPeer$QuorumServer@197d96f9
2015-12-08 23:47:15,974 - INFO  [LearnerHandler-/10.0.0.4:58713:LearnerHandler@263] - Follower sid: 3 : info : org.apache.zookeeper.server.quorum.QuorumPeer$QuorumServer@5c260a45
2015-12-08 23:47:16,013 - INFO  [LearnerHandler-/10.0.0.3:45740:LearnerHandler@318] - Synchronizing with Follower sid: 4 maxCommittedLog=0x0 minCommittedLog=0x0 peerLastZxid=0x0
2015-12-08 23:47:16,013 - INFO  [LearnerHandler-/10.0.0.3:45740:LearnerHandler@395] - Sending DIFF
2015-12-08 23:47:16,013 - INFO  [LearnerHandler-/10.0.0.4:58713:LearnerHandler@318] - Synchronizing with Follower sid: 3 maxCommittedLog=0x0 minCommittedLog=0x0 peerLastZxid=0x0
2015-12-08 23:47:16,014 - INFO  [LearnerHandler-/10.0.0.4:58713:LearnerHandler@395] - Sending DIFF
2015-12-08 23:47:16,161 - WARN  [LearnerHandler-/10.0.0.3:45740:Leader@574] - Commiting zxid 0x100000000 from /10.0.0.2:2888 not first!
2015-12-08 23:47:16,162 - WARN  [LearnerHandler-/10.0.0.3:45740:Leader@576] - First is 0x0
2015-12-08 23:47:16,162 - INFO  [LearnerHandler-/10.0.0.3:45740:Leader@598] - Have quorum of supporters; starting up and setting last processed zxid: 0x100000000
2015-12-08 23:47:19,731 - INFO  [n1/10.0.0.2:3888:QuorumCnxManager$Listener@493] - Received connection request /10.0.0.5:39256
2015-12-08 23:47:19,776 - INFO  [WorkerReceiver[myid=5]:FastLeaderElection@542] - Notification: 2 (n.leader), 0x0 (n.zxid), 0x1 (n.round), LOOKING (n.state), 2 (n.sid), 0x0 (n.peerEPoch), LEADING (my state)
2015-12-08 23:47:19,776 - INFO  [WorkerReceiver[myid=5]:FastLeaderElection@542] - Notification: 5 (n.leader), 0x0 (n.zxid), 0x1 (n.round), LOOKING (n.state), 2 (n.sid), 0x0 (n.peerEPoch), LEADING (my state)
2015-12-08 23:47:20,173 - INFO  [LearnerHandler-/10.0.0.5:37996:LearnerHandler@263] - Follower sid: 2 : info : org.apache.zookeeper.server.quorum.QuorumPeer$QuorumServer@515e5560
2015-12-08 23:47:20,204 - INFO  [LearnerHandler-/10.0.0.5:37996:LearnerHandler@318] - Synchronizing with Follower sid: 2 maxCommittedLog=0x0 minCommittedLog=0x0 peerLastZxid=0x0
2015-12-08 23:47:20,205 - INFO  [LearnerHandler-/10.0.0.5:37996:LearnerHandler@395] - Sending SNAP
2015-12-08 23:47:20,205 - INFO  [LearnerHandler-/10.0.0.5:37996:LearnerHandler@419] - Sending snapshot last zxid of peer is 0x0  zxid of leader is 0x100000000sent zxid of db as 0x100000000
2015-12-08 23:47:39,267 - INFO  [NIOServerCxn.Factory:0.0.0.0/0.0.0.0:2181:NIOServerCnxnFactory@197] - Accepted socket connection from /10.0.0.2:42626
2015-12-08 23:47:39,304 - WARN  [NIOServerCxn.Factory:0.0.0.0/0.0.0.0:2181:ZooKeeperServer@793] - Connection request from old client /10.0.0.2:42626; will be dropped if server is in r-o mode
2015-12-08 23:47:39,305 - INFO  [NIOServerCxn.Factory:0.0.0.0/0.0.0.0:2181:ZooKeeperServer@839] - Client attempting to establish new session at /10.0.0.2:42626
2015-12-08 23:47:39,319 - INFO  [SyncThread:5:FileTxnLog@199] - Creating new log file: log.100000001
2015-12-08 23:47:39,319 - INFO  [NIOServerCxn.Factory:0.0.0.0/0.0.0.0:2181:NIOServerCnxnFactory@197] - Accepted socket connection from /10.0.0.2:42627
2015-12-08 23:47:39,328 - WARN  [NIOServerCxn.Factory:0.0.0.0/0.0.0.0:2181:ZooKeeperServer@793] - Connection request from old client /10.0.0.2:42627; will be dropped if server is in r-o mode
2015-12-08 23:47:39,328 - INFO  [NIOServerCxn.Factory:0.0.0.0/0.0.0.0:2181:ZooKeeperServer@839] - Client attempting to establish new session at /10.0.0.2:42627
2015-12-08 23:47:39,400 - INFO  [CommitProcessor:5:ZooKeeperServer@595] - Established session 0x55183fdf0640000 with negotiated timeout 10000 for client /10.0.0.2:42626
2015-12-08 23:47:39,415 - INFO  [CommitProcessor:5:ZooKeeperServer@595] - Established session 0x55183fdf0640001 with negotiated timeout 10000 for client /10.0.0.2:42627
2015-12-08 23:47:39,493 - INFO  [ProcessThread(sid:5 cport:-1)::PrepRequestProcessor@627] - Got user-level KeeperException when processing sessionid:0x45183fdeff20000 type:create cxid:0x56676c20 zxid:0x100000006 txntype:-1 reqpath:n/a Error Path:/mesos Error:KeeperErrorCode = NodeExists for /mesos
2015-12-08 23:47:39,493 - INFO  [ProcessThread(sid:5 cport:-1)::PrepRequestProcessor@627] - Got user-level KeeperException when processing sessionid:0x35183fdefbd0000 type:create cxid:0x56676c24 zxid:0x100000007 txntype:-1 reqpath:n/a Error Path:/mesos Error:KeeperErrorCode = NodeExists for /mesos
2015-12-08 23:47:39,503 - INFO  [ProcessThread(sid:5 cport:-1)::PrepRequestProcessor@627] - Got user-level KeeperException when processing sessionid:0x55183fdf0640001 type:create cxid:0x56676c25 zxid:0x100000008 txntype:-1 reqpath:n/a Error Path:/mesos Error:KeeperErrorCode = NodeExists for /mesos
2015-12-08 23:47:39,683 - INFO  [ProcessThread(sid:5 cport:-1)::PrepRequestProcessor@627] - Got user-level KeeperException when processing sessionid:0x55183fdf0640001 type:create cxid:0x56676c29 zxid:0x10000000b txntype:-1 reqpath:n/a Error Path:/mesos/log_replicas Error:KeeperErrorCode = NodeExists for /mesos/log_replicas
2015-12-08 23:47:59,289 - INFO  [NIOServerCxn.Factory:0.0.0.0/0.0.0.0:2181:NIOServerCnxnFactory@197] - Accepted socket connection from /10.0.0.3:38646
2015-12-08 23:47:59,289 - INFO  [NIOServerCxn.Factory:0.0.0.0/0.0.0.0:2181:NIOServerCnxnFactory@197] - Accepted socket connection from /10.0.0.3:38648
2015-12-08 23:47:59,290 - WARN  [NIOServerCxn.Factory:0.0.0.0/0.0.0.0:2181:ZooKeeperServer@793] - Connection request from old client /10.0.0.3:38646; will be dropped if server is in r-o mode
2015-12-08 23:47:59,290 - INFO  [NIOServerCxn.Factory:0.0.0.0/0.0.0.0:2181:ZooKeeperServer@839] - Client attempting to establish new session at /10.0.0.3:38646
2015-12-08 23:47:59,292 - INFO  [CommitProcessor:5:ZooKeeperServer@595] - Established session 0x55183fdf0640002 with negotiated timeout 10000 for client /10.0.0.3:38646
2015-12-08 23:47:59,315 - WARN  [NIOServerCxn.Factory:0.0.0.0/0.0.0.0:2181:ZooKeeperServer@793] - Connection request from old client /10.0.0.3:38648; will be dropped if server is in r-o mode
2015-12-08 23:47:59,315 - INFO  [NIOServerCxn.Factory:0.0.0.0/0.0.0.0:2181:ZooKeeperServer@839] - Client attempting to establish new session at /10.0.0.3:38648
2015-12-08 23:47:59,317 - INFO  [CommitProcessor:5:ZooKeeperServer@595] - Established session 0x55183fdf0640003 with negotiated timeout 10000 for client /10.0.0.3:38648
2015-12-08 23:47:59,318 - INFO  [NIOServerCxn.Factory:0.0.0.0/0.0.0.0:2181:NIOServerCnxnFactory@197] - Accepted socket connection from /10.0.0.3:38651
2015-12-08 23:47:59,318 - WARN  [NIOServerCxn.Factory:0.0.0.0/0.0.0.0:2181:ZooKeeperServer@793] - Connection request from old client /10.0.0.3:38651; will be dropped if server is in r-o mode
2015-12-08 23:47:59,318 - INFO  [NIOServerCxn.Factory:0.0.0.0/0.0.0.0:2181:ZooKeeperServer@839] - Client attempting to establish new session at /10.0.0.3:38651
2015-12-08 23:47:59,320 - INFO  [CommitProcessor:5:ZooKeeperServer@595] - Established session 0x55183fdf0640004 with negotiated timeout 10000 for client /10.0.0.3:38651
2015-12-08 23:50:17,170 - INFO  [NIOServerCxn.Factory:0.0.0.0/0.0.0.0:2181:NIOServerCnxnFactory@197] - Accepted socket connection from /127.0.0.1:57130
2015-12-08 23:50:17,177 - WARN  [NIOServerCxn.Factory:0.0.0.0/0.0.0.0:2181:ZooKeeperServer@793] - Connection request from old client /127.0.0.1:57130; will be dropped if server is in r-o mode
2015-12-08 23:50:17,177 - INFO  [NIOServerCxn.Factory:0.0.0.0/0.0.0.0:2181:ZooKeeperServer@839] - Client attempting to establish new session at /127.0.0.1:57130
2015-12-08 23:50:17,184 - INFO  [CommitProcessor:5:ZooKeeperServer@595] - Established session 0x55183fdf0640005 with negotiated timeout 4000 for client /127.0.0.1:57130
2015-12-08 23:50:20,355 - INFO  [NIOServerCxn.Factory:0.0.0.0/0.0.0.0:2181:NIOServerCnxnFactory@197] - Accepted socket connection from /10.0.0.4:58828
2015-12-08 23:50:20,355 - WARN  [NIOServerCxn.Factory:0.0.0.0/0.0.0.0:2181:ZooKeeperServer@793] - Connection request from old client /10.0.0.4:58828; will be dropped if server is in r-o mode
2015-12-08 23:50:20,355 - INFO  [NIOServerCxn.Factory:0.0.0.0/0.0.0.0:2181:ZooKeeperServer@839] - Client attempting to establish new session at /10.0.0.4:58828
2015-12-08 23:50:20,429 - INFO  [CommitProcessor:5:ZooKeeperServer@595] - Established session 0x55183fdf0640006 with negotiated timeout 10000 for client /10.0.0.4:58828
2015-12-08 23:50:25,087 - INFO  [NIOServerCxn.Factory:0.0.0.0/0.0.0.0:2181:NIOServerCnxnFactory@197] - Accepted socket connection from /0:0:0:0:0:0:0:1:59540
2015-12-08 23:50:25,087 - WARN  [NIOServerCxn.Factory:0.0.0.0/0.0.0.0:2181:ZooKeeperServer@793] - Connection request from old client /0:0:0:0:0:0:0:1:59540; will be dropped if server is in r-o mode
2015-12-08 23:50:25,087 - INFO  [NIOServerCxn.Factory:0.0.0.0/0.0.0.0:2181:ZooKeeperServer@839] - Client attempting to establish new session at /0:0:0:0:0:0:0:1:59540
2015-12-08 23:50:25,092 - INFO  [CommitProcessor:5:ZooKeeperServer@595] - Established session 0x55183fdf0640007 with negotiated timeout 4000 for client /0:0:0:0:0:0:0:1:59540
2015-12-08 23:50:25,176 - INFO  [NIOServerCxn.Factory:0.0.0.0/0.0.0.0:2181:NIOServerCnxnFactory@197] - Accepted socket connection from /127.0.0.1:57142
2015-12-08 23:50:25,188 - WARN  [NIOServerCxn.Factory:0.0.0.0/0.0.0.0:2181:ZooKeeperServer@793] - Connection request from old client /127.0.0.1:57142; will be dropped if server is in r-o mode
2015-12-08 23:50:25,188 - INFO  [NIOServerCxn.Factory:0.0.0.0/0.0.0.0:2181:ZooKeeperServer@839] - Client attempting to establish new session at /127.0.0.1:57142
2015-12-08 23:50:25,209 - INFO  [CommitProcessor:5:ZooKeeperServer@595] - Established session 0x55183fdf0640008 with negotiated timeout 4000 for client /127.0.0.1:57142
2015-12-08 23:57:57,492 - INFO  [main:QuorumPeerConfig@101] - Reading configuration from: /etc/zookeeper/conf/zoo.cfg
2015-12-08 23:57:57,578 - INFO  [main:QuorumPeerConfig@334] - Defaulting to majority quorums
2015-12-08 23:57:57,646 - INFO  [main:DatadirCleanupManager@78] - autopurge.snapRetainCount set to 3
2015-12-08 23:57:57,646 - INFO  [main:DatadirCleanupManager@79] - autopurge.purgeInterval set to 0
2015-12-08 23:57:57,655 - INFO  [main:DatadirCleanupManager@101] - Purge task is not scheduled.
2015-12-08 23:57:58,417 - INFO  [main:QuorumPeerMain@127] - Starting quorum peer
2015-12-08 23:57:58,543 - INFO  [main:NIOServerCnxnFactory@94] - binding to port 0.0.0.0/0.0.0.0:2181
2015-12-08 23:57:58,545 - ERROR [main:QuorumPeerMain@89] - Unexpected exception, exiting abnormally
java.net.BindException: Address already in use
	at sun.nio.ch.Net.bind0(Native Method)
	at sun.nio.ch.Net.bind(Net.java:433)
	at sun.nio.ch.Net.bind(Net.java:425)
	at sun.nio.ch.ServerSocketChannelImpl.bind(ServerSocketChannelImpl.java:223)
	at sun.nio.ch.ServerSocketAdaptor.bind(ServerSocketAdaptor.java:74)
	at sun.nio.ch.ServerSocketAdaptor.bind(ServerSocketAdaptor.java:67)
	at org.apache.zookeeper.server.NIOServerCnxnFactory.configure(NIOServerCnxnFactory.java:95)
	at org.apache.zookeeper.server.quorum.QuorumPeerMain.runFromConfig(QuorumPeerMain.java:130)
	at org.apache.zookeeper.server.quorum.QuorumPeerMain.initializeAndRun(QuorumPeerMain.java:111)
	at org.apache.zookeeper.server.quorum.QuorumPeerMain.main(QuorumPeerMain.java:78)
2015-12-08 23:58:18,341 - INFO  [NIOServerCxn.Factory:0.0.0.0/0.0.0.0:2181:NIOServerCnxnFactory@197] - Accepted socket connection from /127.0.0.1:57186
2015-12-08 23:58:18,368 - WARN  [NIOServerCxn.Factory:0.0.0.0/0.0.0.0:2181:ZooKeeperServer@793] - Connection request from old client /127.0.0.1:57186; will be dropped if server is in r-o mode
2015-12-08 23:58:18,368 - INFO  [NIOServerCxn.Factory:0.0.0.0/0.0.0.0:2181:ZooKeeperServer@839] - Client attempting to establish new session at /127.0.0.1:57186
2015-12-08 23:58:18,383 - INFO  [CommitProcessor:5:ZooKeeperServer@595] - Established session 0x55183fdf0640009 with negotiated timeout 4000 for client /127.0.0.1:57186
2015-12-08 23:58:18,991 - WARN  [NIOServerCxn.Factory:0.0.0.0/0.0.0.0:2181:NIOServerCnxn@349] - caught end of stream exception
EndOfStreamException: Unable to read additional data from client sessionid 0x55183fdf0640009, likely client has closed socket
	at org.apache.zookeeper.server.NIOServerCnxn.doIO(NIOServerCnxn.java:220)
	at org.apache.zookeeper.server.NIOServerCnxnFactory.run(NIOServerCnxnFactory.java:208)
	at java.lang.Thread.run(Thread.java:745)
2015-12-08 23:58:18,991 - INFO  [NIOServerCxn.Factory:0.0.0.0/0.0.0.0:2181:NIOServerCnxn@1001] - Closed socket connection for client /127.0.0.1:57186 which had sessionid 0x55183fdf0640009
2015-12-08 23:58:24,000 - INFO  [SessionTracker:ZooKeeperServer@325] - Expiring session 0x25183fe00150007, timeout of 4000ms exceeded
2015-12-08 23:58:24,001 - INFO  [SessionTracker:ZooKeeperServer@325] - Expiring session 0x55183fdf0640009, timeout of 4000ms exceeded
2015-12-08 23:58:24,001 - INFO  [SessionTracker:ZooKeeperServer@325] - Expiring session 0x35183fdefbd0006, timeout of 4000ms exceeded
2015-12-08 23:58:24,001 - INFO  [SessionTracker:ZooKeeperServer@325] - Expiring session 0x45183fdeff20004, timeout of 4000ms exceeded
2015-12-08 23:58:24,001 - INFO  [ProcessThread(sid:5 cport:-1)::PrepRequestProcessor@476] - Processed session termination for sessionid: 0x25183fe00150007
2015-12-08 23:58:24,001 - INFO  [ProcessThread(sid:5 cport:-1)::PrepRequestProcessor@476] - Processed session termination for sessionid: 0x55183fdf0640009
2015-12-08 23:58:24,001 - INFO  [ProcessThread(sid:5 cport:-1)::PrepRequestProcessor@476] - Processed session termination for sessionid: 0x35183fdefbd0006
2015-12-08 23:58:24,001 - INFO  [ProcessThread(sid:5 cport:-1)::PrepRequestProcessor@476] - Processed session termination for sessionid: 0x45183fdeff20004
2015-12-08 23:58:50,262 - INFO  [n1/10.0.0.2:3888:QuorumCnxManager$Listener@493] - Received connection request /10.0.0.6:33712
2015-12-08 23:58:50,294 - INFO  [WorkerReceiver[myid=5]:FastLeaderElection@542] - Notification: 1 (n.leader), 0x0 (n.zxid), 0x1 (n.round), LOOKING (n.state), 1 (n.sid), 0x0 (n.peerEPoch), LEADING (my state)
2015-12-08 23:58:50,299 - INFO  [WorkerReceiver[myid=5]:FastLeaderElection@542] - Notification: 5 (n.leader), 0x0 (n.zxid), 0x1 (n.round), LOOKING (n.state), 1 (n.sid), 0x0 (n.peerEPoch), LEADING (my state)
2015-12-08 23:58:50,551 - INFO  [LearnerHandler-/10.0.0.6:58422:LearnerHandler@263] - Follower sid: 1 : info : org.apache.zookeeper.server.quorum.QuorumPeer$QuorumServer@226c172e
2015-12-08 23:58:50,554 - INFO  [LearnerHandler-/10.0.0.6:58422:LearnerHandler@318] - Synchronizing with Follower sid: 1 maxCommittedLog=0x10000003a minCommittedLog=0x100000001 peerLastZxid=0x0
2015-12-08 23:58:50,554 - WARN  [LearnerHandler-/10.0.0.6:58422:LearnerHandler@379] - Unhandled proposal scenario
2015-12-08 23:58:50,554 - INFO  [LearnerHandler-/10.0.0.6:58422:LearnerHandler@395] - Sending SNAP
2015-12-08 23:58:50,554 - INFO  [LearnerHandler-/10.0.0.6:58422:LearnerHandler@419] - Sending snapshot last zxid of peer is 0x0  zxid of leader is 0x10000003asent zxid of db as 0x10000003a
2015-12-08 23:59:08,478 - INFO  [NIOServerCxn.Factory:0.0.0.0/0.0.0.0:2181:NIOServerCnxnFactory@197] - Accepted socket connection from /10.0.0.6:47233
2015-12-08 23:59:08,479 - WARN  [NIOServerCxn.Factory:0.0.0.0/0.0.0.0:2181:ZooKeeperServer@793] - Connection request from old client /10.0.0.6:47233; will be dropped if server is in r-o mode
2015-12-08 23:59:08,479 - INFO  [NIOServerCxn.Factory:0.0.0.0/0.0.0.0:2181:ZooKeeperServer@839] - Client attempting to establish new session at /10.0.0.6:47233
2015-12-08 23:59:08,483 - INFO  [CommitProcessor:5:ZooKeeperServer@595] - Established session 0x55183fdf064000a with negotiated timeout 10000 for client /10.0.0.6:47233
