WARNING: Logging before InitGoogleLogging() is written to STDERR
I1209 00:52:51.071420  7181 process.cpp:961] libprocess is initialized on 10.0.0.3:5050 for 8 cpus
I1209 00:52:51.071514  7181 logging.cpp:172] INFO level logging started!
I1209 00:52:51.071621  7181 logging.cpp:177] Logging to /var/log/mesos
I1209 00:52:51.071633  7181 main.cpp:181] Build: 2015-03-26 13:36:52 by root
I1209 00:52:51.071641  7181 main.cpp:183] Version: 0.22.0
I1209 00:52:51.071645  7181 main.cpp:186] Git tag: 0.22.0
I1209 00:52:51.071650  7181 main.cpp:190] Git SHA: e890e2414903bb69cab730d5204f10b10d2e91bb
I1209 00:52:51.090564  7181 leveldb.cpp:176] Opened db in 11.170187ms
I1209 00:52:51.091912  7181 leveldb.cpp:183] Compacted db in 1.309466ms
I1209 00:52:51.091938  7181 leveldb.cpp:198] Created db iterator in 6572ns
I1209 00:52:51.091946  7181 leveldb.cpp:204] Seeked to beginning of db in 435ns
I1209 00:52:51.091953  7181 leveldb.cpp:273] Iterated through 0 keys in the db in 326ns
I1209 00:52:51.091985  7181 replica.cpp:744] Replica recovered with log positions 0 -> 0 with 1 holes and 0 unlearned
2015-12-09 00:52:51,092:7181(0x7effd5da0700):ZOO_INFO@log_env@712: Client environment:zookeeper.version=zookeeper C client 3.4.5
2015-12-09 00:52:51,092:7181(0x7effd5da0700):ZOO_INFO@log_env@716: Client environment:host.name=4987185f786b
2015-12-09 00:52:51,092:7181(0x7effd5da0700):ZOO_INFO@log_env@723: Client environment:os.name=Linux
2015-12-09 00:52:51,092:7181(0x7effd5da0700):ZOO_INFO@log_env@724: Client environment:os.arch=4.1.12-boot2docker
2015-12-09 00:52:51,092:7181(0x7effd5da0700):ZOO_INFO@log_env@725: Client environment:os.version=#1 SMP Tue Nov 3 06:03:36 UTC 2015
2015-12-09 00:52:51,092:7181(0x7effd5da0700):ZOO_INFO@log_env@733: Client environment:user.name=(null)
2015-12-09 00:52:51,092:7181(0x7effd5da0700):ZOO_INFO@log_env@741: Client environment:user.home=/root
2015-12-09 00:52:51,092:7181(0x7effd5da0700):ZOO_INFO@log_env@753: Client environment:user.dir=/var/lib/mesos/master
2015-12-09 00:52:51,092:7181(0x7effd5da0700):ZOO_INFO@zookeeper_init@786: Initiating client connection, host=n1:2181,n2:2181,n3:2181,n4:2181,n5:2181 sessionTimeout=10000 watcher=0x7effde9ce200 sessionId=0 sessionPasswd=<null> context=0x7effbc000930 flags=0
2015-12-09 00:52:51,093:7181(0x7effd559f700):ZOO_INFO@log_env@712: Client environment:zookeeper.version=zookeeper C client 3.4.5
2015-12-09 00:52:51,093:7181(0x7effd559f700):ZOO_INFO@log_env@716: Client environment:host.name=4987185f786b
2015-12-09 00:52:51,093:7181(0x7effd559f700):ZOO_INFO@log_env@723: Client environment:os.name=Linux
2015-12-09 00:52:51,093:7181(0x7effd559f700):ZOO_INFO@log_env@724: Client environment:os.arch=4.1.12-boot2docker
2015-12-09 00:52:51,093:7181(0x7effd559f700):ZOO_INFO@log_env@725: Client environment:os.version=#1 SMP Tue Nov 3 06:03:36 UTC 2015
2015-12-09 00:52:51,093:7181(0x7effd559f700):ZOO_INFO@log_env@733: Client environment:user.name=(null)
2015-12-09 00:52:51,093:7181(0x7effd559f700):ZOO_INFO@log_env@741: Client environment:user.home=/root
2015-12-09 00:52:51,093:7181(0x7effd559f700):ZOO_INFO@log_env@753: Client environment:user.dir=/var/lib/mesos/master
2015-12-09 00:52:51,093:7181(0x7effd559f700):ZOO_INFO@zookeeper_init@786: Initiating client connection, host=n1:2181,n2:2181,n3:2181,n4:2181,n5:2181 sessionTimeout=10000 watcher=0x7effde9ce200 sessionId=0 sessionPasswd=<null> context=0x7effb4000930 flags=0
I1209 00:52:51.103592  7184 log.cpp:238] Attempting to join replica to ZooKeeper group
I1209 00:52:51.103727  7184 recover.cpp:449] Starting replica recovery
I1209 00:52:51.103780  7184 recover.cpp:475] Replica is in EMPTY status
2015-12-09 00:52:51,104:7181(0x7effd7da4700):ZOO_INFO@log_env@712: Client environment:zookeeper.version=zookeeper C client 3.4.5
2015-12-09 00:52:51,104:7181(0x7effd7da4700):ZOO_INFO@log_env@716: Client environment:host.name=4987185f786b
2015-12-09 00:52:51,104:7181(0x7effd7da4700):ZOO_INFO@log_env@723: Client environment:os.name=Linux
2015-12-09 00:52:51,104:7181(0x7effd7da4700):ZOO_INFO@log_env@724: Client environment:os.arch=4.1.12-boot2docker
2015-12-09 00:52:51,104:7181(0x7effd7da4700):ZOO_INFO@log_env@725: Client environment:os.version=#1 SMP Tue Nov 3 06:03:36 UTC 2015
2015-12-09 00:52:51,104:7181(0x7effd7da4700):ZOO_INFO@log_env@733: Client environment:user.name=(null)
2015-12-09 00:52:51,104:7181(0x7effd7da4700):ZOO_INFO@log_env@741: Client environment:user.home=/root
2015-12-09 00:52:51,104:7181(0x7effd7da4700):ZOO_INFO@log_env@753: Client environment:user.dir=/var/lib/mesos/master
2015-12-09 00:52:51,104:7181(0x7effd7da4700):ZOO_INFO@zookeeper_init@786: Initiating client connection, host=n1:2181,n2:2181,n3:2181,n4:2181,n5:2181 sessionTimeout=10000 watcher=0x7effde9ce200 sessionId=0 sessionPasswd=<null> context=0x16e14e0 flags=0
2015-12-09 00:52:51,109:7181(0x7effd65a1700):ZOO_INFO@log_env@712: Client environment:zookeeper.version=zookeeper C client 3.4.5
2015-12-09 00:52:51,109:7181(0x7effd65a1700):ZOO_INFO@log_env@716: Client environment:host.name=4987185f786b
2015-12-09 00:52:51,109:7181(0x7effd65a1700):ZOO_INFO@log_env@723: Client environment:os.name=Linux
2015-12-09 00:52:51,109:7181(0x7effd65a1700):ZOO_INFO@log_env@724: Client environment:os.arch=4.1.12-boot2docker
2015-12-09 00:52:51,109:7181(0x7effd65a1700):ZOO_INFO@log_env@725: Client environment:os.version=#1 SMP Tue Nov 3 06:03:36 UTC 2015
2015-12-09 00:52:51,109:7181(0x7effd65a1700):ZOO_INFO@log_env@733: Client environment:user.name=(null)
2015-12-09 00:52:51,109:7181(0x7effd65a1700):ZOO_INFO@log_env@741: Client environment:user.home=/root
2015-12-09 00:52:51,109:7181(0x7effd65a1700):ZOO_INFO@log_env@753: Client environment:user.dir=/var/lib/mesos/master
2015-12-09 00:52:51,109:7181(0x7effd65a1700):ZOO_INFO@zookeeper_init@786: Initiating client connection, host=n1:2181,n2:2181,n3:2181,n4:2181,n5:2181 sessionTimeout=10000 watcher=0x7effde9ce200 sessionId=0 sessionPasswd=<null> context=0x7effac000d90 flags=0
I1209 00:52:51.109894  7181 main.cpp:306] Starting Mesos master
I1209 00:52:51.110841  7189 master.cpp:349] Master 20151209-005251-50331658-5050-7181 (n2) started on 10.0.0.3:5050
I1209 00:52:51.110864  7189 master.cpp:397] Master allowing unauthenticated frameworks to register
I1209 00:52:51.110870  7189 master.cpp:402] Master allowing unauthenticated slaves to register
I1209 00:52:51.119256  7184 hierarchical.hpp:287] Initialized hierarchical allocator process
I1209 00:52:51.119357  7183 whitelist_watcher.cpp:79] No whitelist given
I1209 00:52:51.122714  7183 contender.cpp:131] Joining the ZK group
I1209 00:52:51.122807  7189 master.cpp:1295] Successfully attached file '/var/log/mesos/mesos-master.INFO'
2015-12-09 00:52:51,134:7181(0x7effd1561700):ZOO_INFO@check_events@1703: initiated connection to server [10.0.0.2:2181]
2015-12-09 00:52:51,146:7181(0x7effb2ffd700):ZOO_INFO@check_events@1703: initiated connection to server [10.0.0.5:2181]
2015-12-09 00:52:51,146:7181(0x7effb3fff700):ZOO_INFO@check_events@1703: initiated connection to server [10.0.0.4:2181]
2015-12-09 00:52:51,150:7181(0x7effd2563700):ZOO_INFO@check_events@1703: initiated connection to server [10.0.0.5:2181]
2015-12-09 00:52:51,163:7181(0x7effd1561700):ZOO_INFO@check_events@1750: session establishment complete on server [10.0.0.2:2181], sessionId=0x55183fdf0640013, negotiated timeout=10000
I1209 00:52:51.163455  7184 group.cpp:313] Group process (group(2)@10.0.0.3:5050) connected to ZooKeeper
I1209 00:52:51.163480  7184 group.cpp:790] Syncing group operations: queue size (joins, cancels, datas) = (1, 0, 0)
I1209 00:52:51.163489  7184 group.cpp:385] Trying to create path '/mesos/log_replicas' in ZooKeeper
2015-12-09 00:52:51,164:7181(0x7effb3fff700):ZOO_INFO@check_events@1750: session establishment complete on server [10.0.0.4:2181], sessionId=0x35183fdefbd000a, negotiated timeout=10000
I1209 00:52:51.164479  7183 group.cpp:313] Group process (group(3)@10.0.0.3:5050) connected to ZooKeeper
I1209 00:52:51.164495  7183 group.cpp:790] Syncing group operations: queue size (joins, cancels, datas) = (1, 0, 0)
I1209 00:52:51.164501  7183 group.cpp:385] Trying to create path '/mesos' in ZooKeeper
2015-12-09 00:52:51,168:7181(0x7effb2ffd700):ZOO_INFO@check_events@1750: session establishment complete on server [10.0.0.5:2181], sessionId=0x25183fe0015000b, negotiated timeout=10000
I1209 00:52:51.168767  7188 group.cpp:313] Group process (group(4)@10.0.0.3:5050) connected to ZooKeeper
I1209 00:52:51.168784  7188 group.cpp:790] Syncing group operations: queue size (joins, cancels, datas) = (0, 0, 0)
I1209 00:52:51.168792  7188 group.cpp:385] Trying to create path '/mesos' in ZooKeeper
2015-12-09 00:52:51,191:7181(0x7effd2563700):ZOO_INFO@check_events@1750: session establishment complete on server [10.0.0.5:2181], sessionId=0x25183fe0015000c, negotiated timeout=10000
I1209 00:52:51.192172  7182 contender.cpp:247] New candidate (id='8') has entered the contest for leadership
I1209 00:52:51.196636  7183 group.cpp:717] Found non-sequence node 'log_replicas' at '/mesos' in ZooKeeper
I1209 00:52:51.196679  7189 group.cpp:313] Group process (group(1)@10.0.0.3:5050) connected to ZooKeeper
I1209 00:52:51.196689  7189 group.cpp:790] Syncing group operations: queue size (joins, cancels, datas) = (0, 0, 0)
I1209 00:52:51.196696  7189 group.cpp:385] Trying to create path '/mesos/log_replicas' in ZooKeeper
I1209 00:52:51.221021  7188 group.cpp:717] Found non-sequence node 'log_replicas' at '/mesos' in ZooKeeper
I1209 00:52:51.221086  7188 detector.cpp:138] Detected a new leader: (id='7')
I1209 00:52:51.221148  7188 group.cpp:659] Trying to get '/mesos/info_0000000007' in ZooKeeper
I1209 00:52:51.230864  7189 network.hpp:424] ZooKeeper group memberships changed
I1209 00:52:51.230937  7189 group.cpp:659] Trying to get '/mesos/log_replicas/0000000006' in ZooKeeper
I1209 00:52:51.232230  7188 detector.cpp:452] A new leading master (UPID=master@10.0.0.4:5050) is detected
I1209 00:52:51.232272  7188 master.cpp:1356] The newly elected leader is master@10.0.0.4:5050 with id 20151209-005250-67108874-5050-7209
I1209 00:52:51.238173  7189 group.cpp:659] Trying to get '/mesos/log_replicas/0000000007' in ZooKeeper
I1209 00:52:51.240869  7188 replica.cpp:641] Replica in EMPTY status received a broadcasted recover request
I1209 00:52:51.250273  7187 group.cpp:717] Found non-sequence node 'log_replicas' at '/mesos' in ZooKeeper
I1209 00:52:51.252434  7189 group.cpp:659] Trying to get '/mesos/log_replicas/0000000008' in ZooKeeper
I1209 00:52:51.253305  7187 replica.cpp:641] Replica in EMPTY status received a broadcasted recover request
I1209 00:52:51.253368  7184 group.cpp:717] Found non-sequence node 'log_replicas' at '/mesos' in ZooKeeper
I1209 00:52:51.254252  7189 network.hpp:466] ZooKeeper group PIDs: { log-replica(1)@10.0.0.2:5050, log-replica(1)@10.0.0.3:5050, log-replica(1)@10.0.0.4:5050 }
I1209 00:52:51.254613  7189 replica.cpp:641] Replica in EMPTY status received a broadcasted recover request
I1209 00:52:51.255589  7189 recover.cpp:195] Received a recover response from a replica in EMPTY status
I1209 00:52:51.257676  7182 recover.cpp:195] Received a recover response from a replica in STARTING status
I1209 00:52:51.258260  7183 recover.cpp:195] Received a recover response from a replica in EMPTY status
I1209 00:52:51.258368  7183 recover.cpp:566] Updating replica status to STARTING
I1209 00:52:51.260368  7183 leveldb.cpp:306] Persisting metadata (8 bytes) to leveldb took 1.938667ms
I1209 00:52:51.260396  7183 replica.cpp:323] Persisted replica status to STARTING
I1209 00:52:51.260438  7183 recover.cpp:475] Replica is in STARTING status
I1209 00:52:51.260599  7183 replica.cpp:641] Replica in STARTING status received a broadcasted recover request
I1209 00:52:51.263573  7183 recover.cpp:195] Received a recover response from a replica in STARTING status
I1209 00:52:51.263819  7186 replica.cpp:641] Replica in STARTING status received a broadcasted recover request
I1209 00:52:51.264919  7185 recover.cpp:195] Received a recover response from a replica in STARTING status
I1209 00:52:51.266438  7186 recover.cpp:195] Received a recover response from a replica in EMPTY status
I1209 00:52:51.275351  7186 replica.cpp:641] Replica in STARTING status received a broadcasted recover request
I1209 00:52:51.780858  7186 replica.cpp:641] Replica in STARTING status received a broadcasted recover request
I1209 00:52:51.782455  7188 replica.cpp:372] Replica ignoring promise request as it is in STARTING status
I1209 00:52:51.783443  7188 replica.cpp:372] Replica ignoring promise request as it is in STARTING status
I1209 00:52:51.787055  7182 replica.cpp:506] Replica ignoring write request as it is in STARTING status
I1209 00:52:51.790479  7184 replica.cpp:658] Replica received learned notice for position 0
I1209 00:52:51.790835  7184 leveldb.cpp:343] Persisting action (16 bytes) to leveldb took 333963ns
I1209 00:52:51.790856  7184 replica.cpp:679] Persisted action at 0
I1209 00:52:51.790868  7184 replica.cpp:664] Replica learned NOP action at position 0
I1209 00:52:51.795588  7187 replica.cpp:506] Replica ignoring write request as it is in STARTING status
I1209 00:52:51.808482  7183 replica.cpp:658] Replica received learned notice for position 1
I1209 00:52:51.809135  7183 leveldb.cpp:343] Persisting action (128 bytes) to leveldb took 384893ns
I1209 00:52:51.809159  7183 replica.cpp:679] Persisted action at 1
I1209 00:52:51.809166  7183 replica.cpp:664] Replica learned APPEND action at position 1
I1209 00:52:51.812175  7189 replica.cpp:506] Replica ignoring write request as it is in STARTING status
I1209 00:52:51.813624  7185 replica.cpp:658] Replica received learned notice for position 2
I1209 00:52:51.814088  7185 leveldb.cpp:343] Persisting action (18 bytes) to leveldb took 395051ns
I1209 00:52:51.814118  7185 leveldb.cpp:401] Deleting ~1 keys from leveldb took 10964ns
I1209 00:52:51.814128  7185 replica.cpp:679] Persisted action at 2
I1209 00:52:51.814136  7185 replica.cpp:664] Replica learned TRUNCATE action at position 2
I1209 00:52:52.121990  7186 hierarchical.hpp:834] No resources available to allocate!
I1209 00:52:52.122067  7186 hierarchical.hpp:741] Performed allocation for 0 slaves in 87643ns
I1209 00:52:52.254884  7188 replica.cpp:641] Replica in STARTING status received a broadcasted recover request
I1209 00:52:52.257179  7188 recover.cpp:195] Received a recover response from a replica in STARTING status
I1209 00:52:52.277699  7188 recover.cpp:195] Received a recover response from a replica in VOTING status
I1209 00:52:52.290060  7188 recover.cpp:195] Received a recover response from a replica in VOTING status
I1209 00:52:52.290124  7188 recover.cpp:566] Updating replica status to RECOVERING
I1209 00:52:52.303949  7188 leveldb.cpp:306] Persisting metadata (8 bytes) to leveldb took 13.767998ms
I1209 00:52:52.303998  7188 replica.cpp:323] Persisted replica status to RECOVERING
I1209 00:52:52.304046  7188 recover.cpp:545] Starting catch-up from position 1 to 2
I1209 00:52:52.304198  7188 recover.cpp:566] Updating replica status to VOTING
I1209 00:52:52.304463  7188 leveldb.cpp:306] Persisting metadata (8 bytes) to leveldb took 240668ns
I1209 00:52:52.304486  7188 replica.cpp:323] Persisted replica status to VOTING
I1209 00:52:52.304504  7188 recover.cpp:580] Successfully joined the Paxos group
I1209 00:52:52.304530  7188 recover.cpp:464] Recover process terminated
I1209 00:52:53.124917  7188 hierarchical.hpp:834] No resources available to allocate!
I1209 00:52:53.124989  7188 hierarchical.hpp:741] Performed allocation for 0 slaves in 92425ns
I1209 00:52:53.329470  7182 replica.cpp:511] Replica received write request for position 3
I1209 00:52:53.331262  7182 leveldb.cpp:343] Persisting action (288 bytes) to leveldb took 271679ns
I1209 00:52:53.331286  7182 replica.cpp:679] Persisted action at 3
I1209 00:52:53.348325  7184 replica.cpp:658] Replica received learned notice for position 3
I1209 00:52:53.353224  7184 leveldb.cpp:343] Persisting action (290 bytes) to leveldb took 4.860078ms
I1209 00:52:53.353277  7184 replica.cpp:679] Persisted action at 3
I1209 00:52:53.353287  7184 replica.cpp:664] Replica learned APPEND action at position 3
I1209 00:52:53.353307  7184 replica.cpp:511] Replica received write request for position 4
I1209 00:52:53.353585  7184 leveldb.cpp:343] Persisting action (16 bytes) to leveldb took 263172ns
I1209 00:52:53.353610  7184 replica.cpp:679] Persisted action at 4
I1209 00:52:53.366827  7187 replica.cpp:658] Replica received learned notice for position 4
I1209 00:52:53.367460  7187 leveldb.cpp:343] Persisting action (18 bytes) to leveldb took 599759ns
I1209 00:52:53.367491  7187 leveldb.cpp:401] Deleting ~2 keys from leveldb took 10463ns
I1209 00:52:53.367501  7187 replica.cpp:679] Persisted action at 4
I1209 00:52:53.367508  7187 replica.cpp:664] Replica learned TRUNCATE action at position 4
I1209 00:52:54.127239  7183 hierarchical.hpp:834] No resources available to allocate!
I1209 00:52:54.131392  7183 hierarchical.hpp:741] Performed allocation for 0 slaves in 4.169552ms
2015-12-09 00:52:54,604:7181(0x7effb2ffd700):ZOO_WARN@zookeeper_interest@1557: Exceeded deadline by 21ms
2015-12-09 00:52:54,604:7181(0x7effb3fff700):ZOO_WARN@zookeeper_interest@1557: Exceeded deadline by 19ms
2015-12-09 00:52:54,605:7181(0x7effd2563700):ZOO_WARN@zookeeper_interest@1557: Exceeded deadline by 18ms
I1209 00:52:55.138767  7189 hierarchical.hpp:834] No resources available to allocate!
I1209 00:52:55.138844  7189 hierarchical.hpp:741] Performed allocation for 0 slaves in 88121ns
I1209 00:52:56.147548  7185 hierarchical.hpp:834] No resources available to allocate!
I1209 00:52:56.147593  7185 hierarchical.hpp:741] Performed allocation for 0 slaves in 57280ns
I1209 00:52:57.149998  7185 hierarchical.hpp:834] No resources available to allocate!
I1209 00:52:57.152135  7185 hierarchical.hpp:741] Performed allocation for 0 slaves in 2.148577ms
I1209 00:52:58.158606  7186 hierarchical.hpp:834] No resources available to allocate!
I1209 00:52:58.158681  7186 hierarchical.hpp:741] Performed allocation for 0 slaves in 86395ns
I1209 00:52:59.170387  7188 hierarchical.hpp:834] No resources available to allocate!
I1209 00:52:59.171686  7188 hierarchical.hpp:741] Performed allocation for 0 slaves in 1.308525ms
I1209 00:53:00.173928  7182 hierarchical.hpp:834] No resources available to allocate!
I1209 00:53:00.174006  7182 hierarchical.hpp:741] Performed allocation for 0 slaves in 92257ns
I1209 00:53:01.189138  7184 hierarchical.hpp:834] No resources available to allocate!
I1209 00:53:01.189213  7184 hierarchical.hpp:741] Performed allocation for 0 slaves in 87785ns
I1209 00:53:02.200223  7187 hierarchical.hpp:834] No resources available to allocate!
I1209 00:53:02.200302  7187 hierarchical.hpp:741] Performed allocation for 0 slaves in 88792ns
I1209 00:53:03.201954  7183 hierarchical.hpp:834] No resources available to allocate!
I1209 00:53:03.201997  7183 hierarchical.hpp:741] Performed allocation for 0 slaves in 52867ns
I1209 00:53:03.881160  7183 replica.cpp:511] Replica received write request for position 5
I1209 00:53:03.881520  7183 leveldb.cpp:343] Persisting action (441 bytes) to leveldb took 313922ns
I1209 00:53:03.881541  7183 replica.cpp:679] Persisted action at 5
I1209 00:53:03.912315  7189 replica.cpp:658] Replica received learned notice for position 5
I1209 00:53:03.919312  7189 leveldb.cpp:343] Persisting action (443 bytes) to leveldb took 348595ns
I1209 00:53:03.919337  7189 replica.cpp:679] Persisted action at 5
I1209 00:53:03.919345  7189 replica.cpp:664] Replica learned APPEND action at position 5
I1209 00:53:03.919361  7189 replica.cpp:511] Replica received write request for position 6
I1209 00:53:03.919606  7189 leveldb.cpp:343] Persisting action (16 bytes) to leveldb took 234497ns
I1209 00:53:03.919651  7189 replica.cpp:679] Persisted action at 6
I1209 00:53:03.923465  7185 replica.cpp:658] Replica received learned notice for position 6
I1209 00:53:03.931717  7185 leveldb.cpp:343] Persisting action (18 bytes) to leveldb took 312378ns
I1209 00:53:03.931754  7185 leveldb.cpp:401] Deleting ~2 keys from leveldb took 10255ns
I1209 00:53:03.931766  7185 replica.cpp:679] Persisted action at 6
I1209 00:53:03.931773  7185 replica.cpp:664] Replica learned TRUNCATE action at position 6
I1209 00:53:04.209530  7186 hierarchical.hpp:834] No resources available to allocate!
I1209 00:53:04.212312  7186 hierarchical.hpp:741] Performed allocation for 0 slaves in 2.789885ms
2015-12-09 00:53:04,596:7181(0x7effd1561700):ZOO_WARN@zookeeper_interest@1557: Exceeded deadline by 19ms
