I1208 23:47:43.403122  4900 logging.cpp:172] INFO level logging started!
I1208 23:47:43.403267  4900 main.cpp:156] Build: 2015-03-26 13:36:52 by root
I1208 23:47:43.403277  4900 main.cpp:158] Version: 0.22.0
I1208 23:47:43.403283  4900 main.cpp:161] Git tag: 0.22.0
I1208 23:47:43.403287  4900 main.cpp:165] Git SHA: e890e2414903bb69cab730d5204f10b10d2e91bb
I1208 23:47:43.403347  4900 containerizer.cpp:110] Using isolation: posix/cpu,posix/mem
I1208 23:47:43.403471  4900 main.cpp:200] Starting Mesos slave
I1208 23:47:43.403627  4900 slave.cpp:174] Slave started on 1)@10.0.0.5:5051
I1208 23:47:43.403748  4900 slave.cpp:299] Slave resources: cpus(*):1; mem(*):2927; disk(*):33172; ports(*):[31000-32000]
I1208 23:47:43.403769  4900 slave.cpp:328] Slave hostname: n4
I1208 23:47:43.403774  4900 slave.cpp:329] Slave checkpoint: true
I1208 23:47:43.420725  4907 state.cpp:35] Recovering state from '/var/lib/mesos/slave/meta'
2015-12-08 23:47:43,420:4900(0x7fae13d16700):ZOO_INFO@log_env@712: Client environment:zookeeper.version=zookeeper C client 3.4.5
2015-12-08 23:47:43,420:4900(0x7fae13d16700):ZOO_INFO@log_env@716: Client environment:host.name=b58abb9488e9
2015-12-08 23:47:43,420:4900(0x7fae13d16700):ZOO_INFO@log_env@723: Client environment:os.name=Linux
2015-12-08 23:47:43,420:4900(0x7fae13d16700):ZOO_INFO@log_env@724: Client environment:os.arch=4.1.12-boot2docker
2015-12-08 23:47:43,420:4900(0x7fae13d16700):ZOO_INFO@log_env@725: Client environment:os.version=#1 SMP Tue Nov 3 06:03:36 UTC 2015
2015-12-08 23:47:43,420:4900(0x7fae13d16700):ZOO_INFO@log_env@733: Client environment:user.name=(null)
2015-12-08 23:47:43,421:4900(0x7fae13d16700):ZOO_INFO@log_env@741: Client environment:user.home=/root
2015-12-08 23:47:43,421:4900(0x7fae13d16700):ZOO_INFO@log_env@753: Client environment:user.dir=/var/lib/mesos/slave
2015-12-08 23:47:43,421:4900(0x7fae13d16700):ZOO_INFO@zookeeper_init@786: Initiating client connection, host=n1:2181,n2:2181,n3:2181,n4:2181,n5:2181 sessionTimeout=10000 watcher=0x7fae1d946200 sessionId=0 sessionPasswd=<null> context=0x7fae0c004570 flags=0
I1208 23:47:43.421432  4908 status_update_manager.cpp:197] Recovering status update manager
I1208 23:47:43.421468  4908 containerizer.cpp:307] Recovering containerizer
I1208 23:47:43.421569  4908 slave.cpp:3778] Finished recovery
2015-12-08 23:47:43,422:4900(0x7fae11cdc700):ZOO_INFO@check_events@1703: initiated connection to server [10.0.0.5:2181]
2015-12-08 23:47:43,520:4900(0x7fae11cdc700):ZOO_INFO@check_events@1750: session establishment complete on server [10.0.0.5:2181], sessionId=0x25183fe00150000, negotiated timeout=10000
I1208 23:47:43.521347  4908 group.cpp:313] Group process (group(1)@10.0.0.5:5051) connected to ZooKeeper
I1208 23:47:43.521404  4908 group.cpp:790] Syncing group operations: queue size (joins, cancels, datas) = (0, 0, 0)
I1208 23:47:43.521420  4908 group.cpp:385] Trying to create path '/mesos' in ZooKeeper
I1208 23:47:43.661092  4908 detector.cpp:138] Detected a new leader: (id='1')
I1208 23:47:43.661211  4908 group.cpp:659] Trying to get '/mesos/info_0000000001' in ZooKeeper
I1208 23:47:43.666492  4908 detector.cpp:452] A new leading master (UPID=master@10.0.0.2:5050) is detected
I1208 23:47:43.666553  4908 slave.cpp:624] New master detected at master@10.0.0.2:5050
I1208 23:47:43.666707  4908 slave.cpp:649] No credentials provided. Attempting to register without authentication
I1208 23:47:43.666733  4908 slave.cpp:660] Detecting new master
I1208 23:47:43.666754  4908 status_update_manager.cpp:171] Pausing sending status updates
2015-12-08 23:47:50,369:4900(0x7fae11cdc700):ZOO_WARN@zookeeper_interest@1557: Exceeded deadline by 37ms
2015-12-08 23:47:53,715:4900(0x7fae11cdc700):ZOO_WARN@zookeeper_interest@1557: Exceeded deadline by 13ms
2015-12-08 23:48:09,367:4900(0x7fae11cdc700):ZOO_WARN@zookeeper_interest@1557: Exceeded deadline by 23ms
I1208 23:48:15.513536  4907 slave.cpp:792] Registered with master master@10.0.0.2:5050; given slave ID 20151208-234739-33554442-5050-4904-S0
I1208 23:48:15.513973  4907 status_update_manager.cpp:178] Resuming sending status updates
I1208 23:48:43.434396  4907 slave.cpp:3618] Current disk usage 29.98%. Max allowed age: 4.201144810628414days
I1208 23:49:43.445206  4907 slave.cpp:3618] Current disk usage 34.04%. Max allowed age: 3.916995129168634days
2015-12-08 23:49:56,166:4900(0x7fae11cdc700):ZOO_WARN@zookeeper_interest@1557: Exceeded deadline by 17ms
2015-12-08 23:50:16,205:4900(0x7fae11cdc700):ZOO_WARN@zookeeper_interest@1557: Exceeded deadline by 21ms
I1208 23:50:43.453590  4907 slave.cpp:3618] Current disk usage 35.99%. Max allowed age: 3.781006022333924days
I1208 23:51:43.466866  4907 slave.cpp:3618] Current disk usage 35.99%. Max allowed age: 3.780993168921181days
I1208 23:52:43.482095  4907 slave.cpp:3618] Current disk usage 35.99%. Max allowed age: 3.780996739313611days
I1208 23:53:43.492880  4907 slave.cpp:3618] Current disk usage 35.99%. Max allowed age: 3.780985314057836days
I1208 23:54:43.503854  4907 slave.cpp:3618] Current disk usage 35.99%. Max allowed age: 3.780972460645093days
I1208 23:55:43.510012  4907 slave.cpp:3618] Current disk usage 35.99%. Max allowed age: 3.780945325662628days
I1208 23:56:43.520122  4907 slave.cpp:3618] Current disk usage 35.99%. Max allowed age: 3.780924617386539days
I1208 23:57:43.531249  4907 slave.cpp:3618] Current disk usage 35.99%. Max allowed age: 3.780900338718021days
2015-12-08 23:57:53,357:4900(0x7fae11cdc700):ZOO_WARN@zookeeper_interest@1557: Exceeded deadline by 20ms
/usr/sbin/mesos-slave already running.
2015-12-08 23:58:13,406:4900(0x7fae11cdc700):ZOO_WARN@zookeeper_interest@1557: Exceeded deadline by 20ms
2015-12-08 23:58:16,762:4900(0x7fae11cdc700):ZOO_WARN@zookeeper_interest@1557: Exceeded deadline by 22ms
I1208 23:58:43.539945  4907 slave.cpp:3618] Current disk usage 36.54%. Max allowed age: 3.742258695537743days
I1208 23:59:43.550285  4907 slave.cpp:3618] Current disk usage 36.86%. Max allowed age: 3.719578134671933days
