WARNING: Logging before InitGoogleLogging() is written to STDERR
I1216 03:37:03.369997  4974 process.cpp:961] libprocess is initialized on 10.0.0.2:5050 for 16 cpus
I1216 03:37:03.370143  4974 logging.cpp:172] INFO level logging started!
I1216 03:37:03.370272  4974 logging.cpp:177] Logging to /var/log/mesos
I1216 03:37:03.370286  4974 main.cpp:181] Build: 2015-03-26 13:36:52 by root
I1216 03:37:03.370296  4974 main.cpp:183] Version: 0.22.0
I1216 03:37:03.370301  4974 main.cpp:186] Git tag: 0.22.0
I1216 03:37:03.370306  4974 main.cpp:190] Git SHA: e890e2414903bb69cab730d5204f10b10d2e91bb
I1216 03:37:03.378394  4974 leveldb.cpp:176] Opened db in 7.891174ms
I1216 03:37:03.380554  4974 leveldb.cpp:183] Compacted db in 2.13542ms
I1216 03:37:03.380584  4974 leveldb.cpp:198] Created db iterator in 6019ns
I1216 03:37:03.380592  4974 leveldb.cpp:204] Seeked to beginning of db in 552ns
I1216 03:37:03.380600  4974 leveldb.cpp:273] Iterated through 0 keys in the db in 1252ns
I1216 03:37:03.380621  4974 replica.cpp:744] Replica recovered with log positions 0 -> 0 with 1 holes and 0 unlearned
2015-12-16 03:37:03,380:4974(0x7f14ee737700):ZOO_INFO@log_env@712: Client environment:zookeeper.version=zookeeper C client 3.4.5
2015-12-16 03:37:03,381:4974(0x7f14ee737700):ZOO_INFO@log_env@716: Client environment:host.name=98707f1e41c6
2015-12-16 03:37:03,381:4974(0x7f14ee737700):ZOO_INFO@log_env@723: Client environment:os.name=Linux
2015-12-16 03:37:03,381:4974(0x7f14ee737700):ZOO_INFO@log_env@724: Client environment:os.arch=3.13.0-48-generic
2015-12-16 03:37:03,381:4974(0x7f14ee737700):ZOO_INFO@log_env@725: Client environment:os.version=#80-Ubuntu SMP Thu Mar 12 11:16:15 UTC 2015
2015-12-16 03:37:03,381:4974(0x7f14f173d700):ZOO_INFO@log_env@712: Client environment:zookeeper.version=zookeeper C client 3.4.5
2015-12-16 03:37:03,381:4974(0x7f14f173d700):ZOO_INFO@log_env@716: Client environment:host.name=98707f1e41c6
2015-12-16 03:37:03,381:4974(0x7f14f173d700):ZOO_INFO@log_env@723: Client environment:os.name=Linux
2015-12-16 03:37:03,381:4974(0x7f14f173d700):ZOO_INFO@log_env@724: Client environment:os.arch=3.13.0-48-generic
2015-12-16 03:37:03,381:4974(0x7f14f173d700):ZOO_INFO@log_env@725: Client environment:os.version=#80-Ubuntu SMP Thu Mar 12 11:16:15 UTC 2015
I1216 03:37:03.381331  4990 log.cpp:238] Attempting to join replica to ZooKeeper group
I1216 03:37:03.381989  4989 recover.cpp:449] Starting replica recovery
2015-12-16 03:37:03,382:4974(0x7f14ecf34700):ZOO_INFO@log_env@712: Client environment:zookeeper.version=zookeeper C client 3.4.5
2015-12-16 03:37:03,382:4974(0x7f14ecf34700):ZOO_INFO@log_env@716: Client environment:host.name=98707f1e41c6
2015-12-16 03:37:03,382:4974(0x7f14ecf34700):ZOO_INFO@log_env@723: Client environment:os.name=Linux
2015-12-16 03:37:03,382:4974(0x7f14ecf34700):ZOO_INFO@log_env@724: Client environment:os.arch=3.13.0-48-generic
2015-12-16 03:37:03,382:4974(0x7f14ecf34700):ZOO_INFO@log_env@725: Client environment:os.version=#80-Ubuntu SMP Thu Mar 12 11:16:15 UTC 2015
I1216 03:37:03.382488  4986 recover.cpp:475] Replica is in EMPTY status
2015-12-16 03:37:03,382:4974(0x7f14ee737700):ZOO_INFO@log_env@733: Client environment:user.name=root
2015-12-16 03:37:03,382:4974(0x7f14ecf34700):ZOO_INFO@log_env@733: Client environment:user.name=root
2015-12-16 03:37:03,382:4974(0x7f14ee737700):ZOO_INFO@log_env@741: Client environment:user.home=/root
2015-12-16 03:37:03,382:4974(0x7f14ee737700):ZOO_INFO@log_env@753: Client environment:user.dir=/var/lib/mesos/master
2015-12-16 03:37:03,382:4974(0x7f14ee737700):ZOO_INFO@zookeeper_init@786: Initiating client connection, host=n1:2181,n2:2181,n3:2181,n4:2181,n5:2181 sessionTimeout=10000 watcher=0x7f14f8b68200 sessionId=0 sessionPasswd=<null> context=0x7f14d0001320 flags=0
2015-12-16 03:37:03,382:4974(0x7f14eaf30700):ZOO_INFO@log_env@712: Client environment:zookeeper.version=zookeeper C client 3.4.5
2015-12-16 03:37:03,382:4974(0x7f14eaf30700):ZOO_INFO@log_env@716: Client environment:host.name=98707f1e41c6
2015-12-16 03:37:03,382:4974(0x7f14eaf30700):ZOO_INFO@log_env@723: Client environment:os.name=Linux
2015-12-16 03:37:03,382:4974(0x7f14eaf30700):ZOO_INFO@log_env@724: Client environment:os.arch=3.13.0-48-generic
2015-12-16 03:37:03,382:4974(0x7f14eaf30700):ZOO_INFO@log_env@725: Client environment:os.version=#80-Ubuntu SMP Thu Mar 12 11:16:15 UTC 2015
2015-12-16 03:37:03,382:4974(0x7f14f173d700):ZOO_INFO@log_env@733: Client environment:user.name=root
2015-12-16 03:37:03,382:4974(0x7f14ecf34700):ZOO_INFO@log_env@741: Client environment:user.home=/root
2015-12-16 03:37:03,382:4974(0x7f14ecf34700):ZOO_INFO@log_env@753: Client environment:user.dir=/var/lib/mesos/master
2015-12-16 03:37:03,382:4974(0x7f14ecf34700):ZOO_INFO@zookeeper_init@786: Initiating client connection, host=n1:2181,n2:2181,n3:2181,n4:2181,n5:2181 sessionTimeout=10000 watcher=0x7f14f8b68200 sessionId=0 sessionPasswd=<null> context=0x7f14a8001730 flags=0
I1216 03:37:03.383004  4974 main.cpp:306] Starting Mesos master
2015-12-16 03:37:03,383:4974(0x7f14f173d700):ZOO_INFO@log_env@741: Client environment:user.home=/root
2015-12-16 03:37:03,383:4974(0x7f14f173d700):ZOO_INFO@log_env@753: Client environment:user.dir=/var/lib/mesos/master
2015-12-16 03:37:03,383:4974(0x7f14eaf30700):ZOO_INFO@log_env@733: Client environment:user.name=root
2015-12-16 03:37:03,383:4974(0x7f14f173d700):ZOO_INFO@zookeeper_init@786: Initiating client connection, host=n1:2181,n2:2181,n3:2181,n4:2181,n5:2181 sessionTimeout=10000 watcher=0x7f14f8b68200 sessionId=0 sessionPasswd=<null> context=0x7f14d4001130 flags=0
2015-12-16 03:37:03,383:4974(0x7f14eaf30700):ZOO_INFO@log_env@741: Client environment:user.home=/root
2015-12-16 03:37:03,383:4974(0x7f14eaf30700):ZOO_INFO@log_env@753: Client environment:user.dir=/var/lib/mesos/master
2015-12-16 03:37:03,383:4974(0x7f14eaf30700):ZOO_INFO@zookeeper_init@786: Initiating client connection, host=n1:2181,n2:2181,n3:2181,n4:2181,n5:2181 sessionTimeout=10000 watcher=0x7f14f8b68200 sessionId=0 sessionPasswd=<null> context=0x7f14c4001de0 flags=0
I1216 03:37:03.384663  4974 master.cpp:349] Master 20151216-033703-33554442-5050-4974 (n1) started on 10.0.0.2:5050
I1216 03:37:03.384779  4974 master.cpp:397] Master allowing unauthenticated frameworks to register
I1216 03:37:03.384819  4974 master.cpp:402] Master allowing unauthenticated slaves to register
I1216 03:37:03.386570  4983 whitelist_watcher.cpp:79] No whitelist given
2015-12-16 03:37:03,386:4974(0x7f14b3fff700):ZOO_INFO@check_events@1703: initiated connection to server [10.0.0.2:2181]
2015-12-16 03:37:03,386:4974(0x7f14b2ffd700):ZOO_INFO@check_events@1703: initiated connection to server [10.0.0.2:2181]
I1216 03:37:03.386646  4977 hierarchical.hpp:287] Initialized hierarchical allocator process
2015-12-16 03:37:03,387:4974(0x7f14b27fc700):ZOO_ERROR@handle_socket_error_msg@1697: Socket [10.0.0.4:2181] zk retcode=-4, errno=111(Connection refused): server refused to accept the client
2015-12-16 03:37:03,387:4974(0x7f14b27fc700):ZOO_INFO@check_events@1703: initiated connection to server [10.0.0.2:2181]
2015-12-16 03:37:03,387:4974(0x7f14b17fa700):ZOO_INFO@check_events@1703: initiated connection to server [10.0.0.5:2181]
I1216 03:37:03.389724  4974 master.cpp:1295] Successfully attached file '/var/log/mesos/mesos-master.INFO'
I1216 03:37:03.389777  4978 contender.cpp:131] Joining the ZK group
2015-12-16 03:37:03,408:4974(0x7f14b2ffd700):ZOO_INFO@check_events@1750: session establishment complete on server [10.0.0.2:2181], sessionId=0x551a8dca9870000, negotiated timeout=10000
2015-12-16 03:37:03,408:4974(0x7f14b3fff700):ZOO_INFO@check_events@1750: session establishment complete on server [10.0.0.5:2181], sessionId=0x251a8dca97d0000, negotiated timeout=10000
I1216 03:37:03.408620  4978 group.cpp:313] Group process (group(3)@10.0.0.2:5050) connected to ZooKeeper
I1216 03:37:03.408656  4978 group.cpp:790] Syncing group operations: queue size (joins, cancels, datas) = (1, 0, 0)
I1216 03:37:03.408673  4978 group.cpp:385] Trying to create path '/mesos' in ZooKeeper
I1216 03:37:03.408982  4982 group.cpp:313] Group process (group(1)@10.0.0.2:5050) connected to ZooKeeper
I1216 03:37:03.409015  4982 group.cpp:790] Syncing group operations: queue size (joins, cancels, datas) = (0, 0, 0)
I1216 03:37:03.409041  4982 group.cpp:385] Trying to create path '/mesos/log_replicas' in ZooKeeper
2015-12-16 03:37:03,409:4974(0x7f14b27fc700):ZOO_INFO@check_events@1750: session establishment complete on server [10.0.0.2:2181], sessionId=0x551a8dca9870001, negotiated timeout=10000
2015-12-16 03:37:03,409:4974(0x7f14b17fa700):ZOO_INFO@check_events@1750: session establishment complete on server [10.0.0.5:2181], sessionId=0x251a8dca97d0001, negotiated timeout=10000
I1216 03:37:03.409395  4986 group.cpp:313] Group process (group(4)@10.0.0.2:5050) connected to ZooKeeper
I1216 03:37:03.409426  4986 group.cpp:790] Syncing group operations: queue size (joins, cancels, datas) = (0, 0, 0)
I1216 03:37:03.409440  4986 group.cpp:385] Trying to create path '/mesos' in ZooKeeper
I1216 03:37:03.409531  4985 group.cpp:313] Group process (group(2)@10.0.0.2:5050) connected to ZooKeeper
I1216 03:37:03.409554  4985 group.cpp:790] Syncing group operations: queue size (joins, cancels, datas) = (1, 0, 0)
I1216 03:37:03.409564  4985 group.cpp:385] Trying to create path '/mesos/log_replicas' in ZooKeeper
I1216 03:37:03.433815  4980 contender.cpp:247] New candidate (id='1') has entered the contest for leadership
I1216 03:37:03.435304  4986 group.cpp:717] Found non-sequence node 'log_replicas' at '/mesos' in ZooKeeper
I1216 03:37:03.435534  4987 detector.cpp:138] Detected a new leader: (id='1')
I1216 03:37:03.435683  4978 group.cpp:717] Found non-sequence node 'log_replicas' at '/mesos' in ZooKeeper
I1216 03:37:03.435772  4976 group.cpp:659] Trying to get '/mesos/info_0000000001' in ZooKeeper
I1216 03:37:03.435909  4987 network.hpp:424] ZooKeeper group memberships changed
I1216 03:37:03.435988  4990 group.cpp:659] Trying to get '/mesos/log_replicas/0000000000' in ZooKeeper
I1216 03:37:03.437978  4982 detector.cpp:452] A new leading master (UPID=master@10.0.0.2:5050) is detected
I1216 03:37:03.437991  4977 network.hpp:466] ZooKeeper group PIDs: { log-replica(1)@10.0.0.2:5050 }
I1216 03:37:03.438045  4982 master.cpp:1356] The newly elected leader is master@10.0.0.2:5050 with id 20151216-033703-33554442-5050-4974
I1216 03:37:03.438204  4982 master.cpp:1369] Elected as the leading master!
I1216 03:37:03.438262  4982 master.cpp:1187] Recovering from registrar
I1216 03:37:03.438324  4977 registrar.cpp:313] Recovering registrar
I1216 03:37:03.891238  4980 network.hpp:424] ZooKeeper group memberships changed
I1216 03:37:03.891458  4986 group.cpp:659] Trying to get '/mesos/log_replicas/0000000000' in ZooKeeper
I1216 03:37:03.892637  4987 replica.cpp:641] Replica in EMPTY status received a broadcasted recover request
I1216 03:37:03.893468  4986 group.cpp:659] Trying to get '/mesos/log_replicas/0000000001' in ZooKeeper
I1216 03:37:03.894093  4985 network.hpp:466] ZooKeeper group PIDs: { log-replica(1)@10.0.0.2:5050, log-replica(1)@10.0.0.3:5050 }
I1216 03:37:03.894650  4980 replica.cpp:641] Replica in EMPTY status received a broadcasted recover request
I1216 03:37:03.894774  4982 recover.cpp:195] Received a recover response from a replica in EMPTY status
I1216 03:37:03.895001  4987 recover.cpp:195] Received a recover response from a replica in EMPTY status
I1216 03:37:03.903645  4987 group.cpp:717] Found non-sequence node 'log_replicas' at '/mesos' in ZooKeeper
I1216 03:37:03.903784  4988 group.cpp:717] Found non-sequence node 'log_replicas' at '/mesos' in ZooKeeper
I1216 03:37:04.387744  4984 hierarchical.hpp:834] No resources available to allocate!
I1216 03:37:04.387850  4984 hierarchical.hpp:741] Performed allocation for 0 slaves in 121036ns
I1216 03:37:04.490727  4983 master.cpp:1014] Dropping 'mesos.internal.RegisterSlaveMessage' message since not recovered yet
I1216 03:37:04.839655  4979 replica.cpp:641] Replica in EMPTY status received a broadcasted recover request
I1216 03:37:05.009891  4979 replica.cpp:641] Replica in EMPTY status received a broadcasted recover request
I1216 03:37:05.009943  4983 recover.cpp:195] Received a recover response from a replica in EMPTY status
I1216 03:37:05.062700  4983 recover.cpp:195] Received a recover response from a replica in EMPTY status
I1216 03:37:05.388248  4986 hierarchical.hpp:834] No resources available to allocate!
I1216 03:37:05.388339  4986 hierarchical.hpp:741] Performed allocation for 0 slaves in 97184ns
I1216 03:37:05.643543  4983 replica.cpp:641] Replica in EMPTY status received a broadcasted recover request
I1216 03:37:06.061389  4980 replica.cpp:641] Replica in EMPTY status received a broadcasted recover request
I1216 03:37:06.061493  4985 recover.cpp:195] Received a recover response from a replica in EMPTY status
I1216 03:37:06.061748  4982 recover.cpp:195] Received a recover response from a replica in EMPTY status
I1216 03:37:06.389305  4978 hierarchical.hpp:834] No resources available to allocate!
I1216 03:37:06.447965  4977 master.cpp:1014] Dropping 'mesos.internal.RegisterSlaveMessage' message since not recovered yet
I1216 03:37:06.477236  4978 hierarchical.hpp:741] Performed allocation for 0 slaves in 87.937427ms
I1216 03:37:06.491747  4980 replica.cpp:641] Replica in EMPTY status received a broadcasted recover request
I1216 03:37:06.615314  4976 replica.cpp:641] Replica in EMPTY status received a broadcasted recover request
I1216 03:37:06.615470  4979 recover.cpp:195] Received a recover response from a replica in EMPTY status
I1216 03:37:06.615734  4976 recover.cpp:195] Received a recover response from a replica in EMPTY status
I1216 03:37:07.302008  4988 replica.cpp:641] Replica in EMPTY status received a broadcasted recover request
I1216 03:37:07.302393  4987 recover.cpp:195] Received a recover response from a replica in EMPTY status
I1216 03:37:07.302533  4988 recover.cpp:195] Received a recover response from a replica in EMPTY status
I1216 03:37:07.316041  4981 replica.cpp:641] Replica in EMPTY status received a broadcasted recover request
I1216 03:37:07.478607  4976 hierarchical.hpp:834] No resources available to allocate!
I1216 03:37:07.478685  4976 hierarchical.hpp:741] Performed allocation for 0 slaves in 86537ns
I1216 03:37:07.780617  4989 master.cpp:1014] Dropping 'mesos.internal.RegisterSlaveMessage' message since not recovered yet
I1216 03:37:07.861763  4985 replica.cpp:641] Replica in EMPTY status received a broadcasted recover request
I1216 03:37:08.223022  4975 replica.cpp:641] Replica in EMPTY status received a broadcasted recover request
I1216 03:37:08.223280  4983 recover.cpp:195] Received a recover response from a replica in EMPTY status
I1216 03:37:08.223459  4985 recover.cpp:195] Received a recover response from a replica in EMPTY status
I1216 03:37:08.478803  4989 hierarchical.hpp:834] No resources available to allocate!
I1216 03:37:08.478910  4989 hierarchical.hpp:741] Performed allocation for 0 slaves in 120985ns
I1216 03:37:08.534366  4987 replica.cpp:641] Replica in EMPTY status received a broadcasted recover request
I1216 03:37:09.111659  4988 replica.cpp:641] Replica in EMPTY status received a broadcasted recover request
I1216 03:37:09.111806  4986 recover.cpp:195] Received a recover response from a replica in EMPTY status
I1216 03:37:09.112108  4988 recover.cpp:195] Received a recover response from a replica in EMPTY status
I1216 03:37:09.188854  4982 replica.cpp:641] Replica in EMPTY status received a broadcasted recover request
I1216 03:37:09.479607  4975 hierarchical.hpp:834] No resources available to allocate!
I1216 03:37:09.479732  4975 hierarchical.hpp:741] Performed allocation for 0 slaves in 135024ns
I1216 03:37:09.825491  4978 replica.cpp:641] Replica in EMPTY status received a broadcasted recover request
I1216 03:37:09.825618  4986 recover.cpp:195] Received a recover response from a replica in EMPTY status
I1216 03:37:09.825918  4979 recover.cpp:195] Received a recover response from a replica in EMPTY status
I1216 03:37:09.923483  4979 replica.cpp:641] Replica in EMPTY status received a broadcasted recover request
I1216 03:37:10.480363  4983 hierarchical.hpp:834] No resources available to allocate!
I1216 03:37:10.480456  4983 hierarchical.hpp:741] Performed allocation for 0 slaves in 104917ns
I1216 03:37:10.644454  4987 replica.cpp:641] Replica in EMPTY status received a broadcasted recover request
I1216 03:37:10.684258  4985 replica.cpp:641] Replica in EMPTY status received a broadcasted recover request
I1216 03:37:10.684407  4976 recover.cpp:195] Received a recover response from a replica in EMPTY status
I1216 03:37:10.684690  4985 recover.cpp:195] Received a recover response from a replica in EMPTY status
I1216 03:37:11.175132  4989 replica.cpp:641] Replica in EMPTY status received a broadcasted recover request
I1216 03:37:11.480736  4985 hierarchical.hpp:834] No resources available to allocate!
I1216 03:37:11.480808  4985 hierarchical.hpp:741] Performed allocation for 0 slaves in 84070ns
I1216 03:37:11.586691  4976 master.cpp:1014] Dropping 'mesos.internal.RegisterSlaveMessage' message since not recovered yet
I1216 03:37:11.666486  4980 replica.cpp:641] Replica in EMPTY status received a broadcasted recover request
I1216 03:37:11.725672  4977 recover.cpp:195] Received a recover response from a replica in EMPTY status
I1216 03:37:11.728312  4977 recover.cpp:195] Received a recover response from a replica in EMPTY status
I1216 03:37:11.961546  4977 replica.cpp:641] Replica in EMPTY status received a broadcasted recover request
I1216 03:37:12.053562  4984 master.cpp:1014] Dropping 'mesos.internal.RegisterSlaveMessage' message since not recovered yet
I1216 03:37:12.481128  4989 hierarchical.hpp:834] No resources available to allocate!
I1216 03:37:12.496381  4988 replica.cpp:641] Replica in EMPTY status received a broadcasted recover request
I1216 03:37:12.622321  4984 recover.cpp:195] Received a recover response from a replica in EMPTY status
I1216 03:37:12.661767  4989 hierarchical.hpp:741] Performed allocation for 0 slaves in 180.645985ms
I1216 03:37:12.661869  4988 replica.cpp:641] Replica in EMPTY status received a broadcasted recover request
I1216 03:37:12.661958  4982 recover.cpp:195] Received a recover response from a replica in EMPTY status
I1216 03:37:13.492393  4979 replica.cpp:641] Replica in EMPTY status received a broadcasted recover request
I1216 03:37:13.492576  4976 recover.cpp:195] Received a recover response from a replica in EMPTY status
I1216 03:37:13.492849  4979 recover.cpp:195] Received a recover response from a replica in EMPTY status
I1216 03:37:13.519515  4979 replica.cpp:641] Replica in EMPTY status received a broadcasted recover request
I1216 03:37:13.663058  4975 hierarchical.hpp:834] No resources available to allocate!
I1216 03:37:13.663153  4975 hierarchical.hpp:741] Performed allocation for 0 slaves in 103898ns
I1216 03:37:14.087965  4976 replica.cpp:641] Replica in EMPTY status received a broadcasted recover request
I1216 03:37:14.088081  4975 recover.cpp:195] Received a recover response from a replica in EMPTY status
I1216 03:37:14.088346  4976 recover.cpp:195] Received a recover response from a replica in EMPTY status
I1216 03:37:14.427105  4975 replica.cpp:641] Replica in EMPTY status received a broadcasted recover request
I1216 03:37:14.663729  4990 hierarchical.hpp:834] No resources available to allocate!
I1216 03:37:14.663820  4990 hierarchical.hpp:741] Performed allocation for 0 slaves in 102446ns
I1216 03:37:14.685304  4986 replica.cpp:641] Replica in EMPTY status received a broadcasted recover request
I1216 03:37:14.685397  4987 recover.cpp:195] Received a recover response from a replica in EMPTY status
I1216 03:37:14.685591  4989 recover.cpp:195] Received a recover response from a replica in EMPTY status
I1216 03:37:14.690032  4977 master.cpp:1014] Dropping 'mesos.internal.RegisterSlaveMessage' message since not recovered yet
I1216 03:37:14.950132  4979 replica.cpp:641] Replica in EMPTY status received a broadcasted recover request
I1216 03:37:15.491328  4975 replica.cpp:641] Replica in EMPTY status received a broadcasted recover request
I1216 03:37:15.491605  4976 recover.cpp:195] Received a recover response from a replica in EMPTY status
I1216 03:37:15.491647  4976 recover.cpp:195] Received a recover response from a replica in EMPTY status
I1216 03:37:15.663904  4982 hierarchical.hpp:834] No resources available to allocate!
I1216 03:37:15.663992  4982 hierarchical.hpp:741] Performed allocation for 0 slaves in 95577ns
I1216 03:37:15.714309  4984 replica.cpp:641] Replica in EMPTY status received a broadcasted recover request
I1216 03:37:16.284632  4980 replica.cpp:641] Replica in EMPTY status received a broadcasted recover request
I1216 03:37:16.284745  4989 recover.cpp:195] Received a recover response from a replica in EMPTY status
I1216 03:37:16.284914  4985 recover.cpp:195] Received a recover response from a replica in EMPTY status
I1216 03:37:16.640790  4989 replica.cpp:641] Replica in EMPTY status received a broadcasted recover request
I1216 03:37:16.665189  4980 hierarchical.hpp:834] No resources available to allocate!
I1216 03:37:16.665238  4980 hierarchical.hpp:741] Performed allocation for 0 slaves in 54422ns
I1216 03:37:16.806702  4987 replica.cpp:641] Replica in EMPTY status received a broadcasted recover request
I1216 03:37:16.807013  4983 recover.cpp:195] Received a recover response from a replica in EMPTY status
I1216 03:37:16.807190  4980 recover.cpp:195] Received a recover response from a replica in EMPTY status
I1216 03:37:17.433327  4981 replica.cpp:641] Replica in EMPTY status received a broadcasted recover request
I1216 03:37:17.433429  4976 recover.cpp:195] Received a recover response from a replica in EMPTY status
I1216 03:37:17.433681  4981 recover.cpp:195] Received a recover response from a replica in EMPTY status
I1216 03:37:17.495236  4989 replica.cpp:641] Replica in EMPTY status received a broadcasted recover request
I1216 03:37:17.665769  4976 hierarchical.hpp:834] No resources available to allocate!
I1216 03:37:17.668191  4976 hierarchical.hpp:741] Performed allocation for 0 slaves in 2.42483ms
I1216 03:37:18.165163  4985 replica.cpp:641] Replica in EMPTY status received a broadcasted recover request
I1216 03:37:18.186825  4983 replica.cpp:641] Replica in EMPTY status received a broadcasted recover request
I1216 03:37:18.186962  4987 recover.cpp:195] Received a recover response from a replica in EMPTY status
I1216 03:37:18.187160  4983 recover.cpp:195] Received a recover response from a replica in EMPTY status
I1216 03:37:18.668771  4983 hierarchical.hpp:834] No resources available to allocate!
I1216 03:37:18.668830  4983 hierarchical.hpp:741] Performed allocation for 0 slaves in 72045ns
I1216 03:37:18.917510  4980 replica.cpp:641] Replica in EMPTY status received a broadcasted recover request
I1216 03:37:18.917614  4976 recover.cpp:195] Received a recover response from a replica in EMPTY status
I1216 03:37:18.917953  4979 replica.cpp:641] Replica in EMPTY status received a broadcasted recover request
I1216 03:37:18.917960  4980 recover.cpp:195] Received a recover response from a replica in EMPTY status
I1216 03:37:19.517266  4975 replica.cpp:641] Replica in EMPTY status received a broadcasted recover request
I1216 03:37:19.517457  4987 recover.cpp:195] Received a recover response from a replica in EMPTY status
I1216 03:37:19.517771  4979 recover.cpp:195] Received a recover response from a replica in EMPTY status
I1216 03:37:19.526345  4982 replica.cpp:641] Replica in EMPTY status received a broadcasted recover request
I1216 03:37:19.669929  4979 hierarchical.hpp:834] No resources available to allocate!
I1216 03:37:19.670016  4979 hierarchical.hpp:741] Performed allocation for 0 slaves in 93197ns
I1216 03:37:20.103163  4980 replica.cpp:641] Replica in EMPTY status received a broadcasted recover request
I1216 03:37:20.123842  4987 replica.cpp:641] Replica in EMPTY status received a broadcasted recover request
I1216 03:37:20.123956  4990 recover.cpp:195] Received a recover response from a replica in EMPTY status
I1216 03:37:20.124218  4978 recover.cpp:195] Received a recover response from a replica in EMPTY status
I1216 03:37:20.481520  4976 master.cpp:1014] Dropping 'mesos.internal.RegisterSlaveMessage' message since not recovered yet
I1216 03:37:20.660472  4987 replica.cpp:641] Replica in EMPTY status received a broadcasted recover request
I1216 03:37:20.670917  4985 hierarchical.hpp:834] No resources available to allocate!
I1216 03:37:20.670970  4985 hierarchical.hpp:741] Performed allocation for 0 slaves in 60943ns
I1216 03:37:20.675506  4990 replica.cpp:641] Replica in EMPTY status received a broadcasted recover request
I1216 03:37:20.675865  4980 recover.cpp:195] Received a recover response from a replica in EMPTY status
I1216 03:37:20.676050  4981 recover.cpp:195] Received a recover response from a replica in EMPTY status
I1216 03:37:21.483108  4978 replica.cpp:641] Replica in EMPTY status received a broadcasted recover request
I1216 03:37:21.483217  4975 recover.cpp:195] Received a recover response from a replica in EMPTY status
I1216 03:37:21.483377  4978 recover.cpp:195] Received a recover response from a replica in EMPTY status
I1216 03:37:21.540043  4978 replica.cpp:641] Replica in EMPTY status received a broadcasted recover request
I1216 03:37:21.671648  4986 hierarchical.hpp:834] No resources available to allocate!
I1216 03:37:21.671754  4986 hierarchical.hpp:741] Performed allocation for 0 slaves in 117539ns
I1216 03:37:22.253901  4979 replica.cpp:641] Replica in EMPTY status received a broadcasted recover request
I1216 03:37:22.370908  4987 replica.cpp:641] Replica in EMPTY status received a broadcasted recover request
I1216 03:37:22.371038  4979 recover.cpp:195] Received a recover response from a replica in EMPTY status
I1216 03:37:22.371261  4987 recover.cpp:195] Received a recover response from a replica in EMPTY status
I1216 03:37:22.672581  4984 hierarchical.hpp:834] No resources available to allocate!
I1216 03:37:22.672669  4984 hierarchical.hpp:741] Performed allocation for 0 slaves in 92850ns
I1216 03:37:23.010467  4976 replica.cpp:641] Replica in EMPTY status received a broadcasted recover request
I1216 03:37:23.114224  4983 replica.cpp:641] Replica in EMPTY status received a broadcasted recover request
I1216 03:37:23.114614  4988 recover.cpp:195] Received a recover response from a replica in EMPTY status
I1216 03:37:23.114720  4988 recover.cpp:195] Received a recover response from a replica in EMPTY status
I1216 03:37:23.674499  4983 hierarchical.hpp:834] No resources available to allocate!
I1216 03:37:23.674574  4983 hierarchical.hpp:741] Performed allocation for 0 slaves in 84045ns
I1216 03:37:23.857230  4978 replica.cpp:641] Replica in EMPTY status received a broadcasted recover request
I1216 03:37:24.044309  4984 replica.cpp:641] Replica in EMPTY status received a broadcasted recover request
I1216 03:37:24.044634  4979 recover.cpp:195] Received a recover response from a replica in EMPTY status
I1216 03:37:24.044800  4986 recover.cpp:195] Received a recover response from a replica in EMPTY status
I1216 03:37:24.675681  4986 hierarchical.hpp:834] No resources available to allocate!
I1216 03:37:24.675770  4986 hierarchical.hpp:741] Performed allocation for 0 slaves in 97822ns
I1216 03:37:24.735316  4985 replica.cpp:641] Replica in EMPTY status received a broadcasted recover request
I1216 03:37:25.012279  4983 replica.cpp:641] Replica in EMPTY status received a broadcasted recover request
I1216 03:37:25.012437  4975 recover.cpp:195] Received a recover response from a replica in EMPTY status
I1216 03:37:25.012665  4984 recover.cpp:195] Received a recover response from a replica in EMPTY status
I1216 03:37:25.514816  4984 replica.cpp:641] Replica in EMPTY status received a broadcasted recover request
I1216 03:37:25.520675  4980 replica.cpp:641] Replica in EMPTY status received a broadcasted recover request
I1216 03:37:25.520859  4987 recover.cpp:195] Received a recover response from a replica in EMPTY status
I1216 03:37:25.521008  4988 recover.cpp:195] Received a recover response from a replica in EMPTY status
I1216 03:37:25.676405  4988 hierarchical.hpp:834] No resources available to allocate!
I1216 03:37:25.676528  4988 hierarchical.hpp:741] Performed allocation for 0 slaves in 131251ns
I1216 03:37:26.167629  4982 replica.cpp:641] Replica in EMPTY status received a broadcasted recover request
I1216 03:37:26.359405  4982 replica.cpp:641] Replica in EMPTY status received a broadcasted recover request
I1216 03:37:26.508987  4988 recover.cpp:195] Received a recover response from a replica in EMPTY status
I1216 03:37:26.509332  4987 recover.cpp:195] Received a recover response from a replica in EMPTY status
I1216 03:37:26.677616  4975 hierarchical.hpp:834] No resources available to allocate!
I1216 03:37:26.677690  4975 hierarchical.hpp:741] Performed allocation for 0 slaves in 77499ns
I1216 03:37:27.138638  4978 replica.cpp:641] Replica in EMPTY status received a broadcasted recover request
I1216 03:37:27.390089  4976 replica.cpp:641] Replica in EMPTY status received a broadcasted recover request
I1216 03:37:27.390429  4980 recover.cpp:195] Received a recover response from a replica in EMPTY status
I1216 03:37:27.390602  4985 recover.cpp:195] Received a recover response from a replica in EMPTY status
I1216 03:37:27.420104  4976 replica.cpp:641] Replica in EMPTY status received a broadcasted recover request
I1216 03:37:27.428027  4982 group.cpp:717] Found non-sequence node 'log_replicas' at '/mesos' in ZooKeeper
I1216 03:37:27.428262  4981 replica.cpp:641] Replica in EMPTY status received a broadcasted recover request
I1216 03:37:27.428375  4978 group.cpp:717] Found non-sequence node 'log_replicas' at '/mesos' in ZooKeeper
I1216 03:37:27.428938  4989 network.hpp:424] ZooKeeper group memberships changed
I1216 03:37:27.429054  4986 group.cpp:659] Trying to get '/mesos/log_replicas/0000000000' in ZooKeeper
I1216 03:37:27.430042  4986 group.cpp:659] Trying to get '/mesos/log_replicas/0000000001' in ZooKeeper
I1216 03:37:27.430619  4986 group.cpp:659] Trying to get '/mesos/log_replicas/0000000002' in ZooKeeper
I1216 03:37:27.431263  4986 network.hpp:466] ZooKeeper group PIDs: { log-replica(1)@10.0.0.2:5050, log-replica(1)@10.0.0.3:5050, log-replica(1)@10.0.0.4:5050 }
I1216 03:37:27.677881  4976 hierarchical.hpp:834] No resources available to allocate!
I1216 03:37:27.678006  4976 hierarchical.hpp:741] Performed allocation for 0 slaves in 136061ns
I1216 03:37:27.708777  4980 master.cpp:1014] Dropping 'mesos.internal.RegisterSlaveMessage' message since not recovered yet
I1216 03:37:27.891743  4987 replica.cpp:641] Replica in EMPTY status received a broadcasted recover request
I1216 03:37:27.895294  4979 replica.cpp:641] Replica in EMPTY status received a broadcasted recover request
I1216 03:37:27.980351  4983 master.cpp:1014] Dropping 'mesos.internal.RegisterSlaveMessage' message since not recovered yet
I1216 03:37:28.184145  4982 replica.cpp:641] Replica in EMPTY status received a broadcasted recover request
I1216 03:37:28.187372  4987 recover.cpp:195] Received a recover response from a replica in EMPTY status
I1216 03:37:28.187546  4990 recover.cpp:195] Received a recover response from a replica in STARTING status
I1216 03:37:28.187619  4990 recover.cpp:195] Received a recover response from a replica in STARTING status
I1216 03:37:28.187772  4987 recover.cpp:566] Updating replica status to STARTING
I1216 03:37:28.190985  4984 leveldb.cpp:306] Persisting metadata (8 bytes) to leveldb took 3.089787ms
I1216 03:37:28.191045  4984 replica.cpp:323] Persisted replica status to STARTING
I1216 03:37:28.191097  4984 recover.cpp:475] Replica is in STARTING status
I1216 03:37:28.191565  4975 replica.cpp:641] Replica in STARTING status received a broadcasted recover request
I1216 03:37:28.191983  4983 recover.cpp:195] Received a recover response from a replica in STARTING status
I1216 03:37:28.192492  4983 recover.cpp:195] Received a recover response from a replica in STARTING status
I1216 03:37:28.192519  4983 recover.cpp:195] Received a recover response from a replica in STARTING status
I1216 03:37:28.192592  4989 recover.cpp:566] Updating replica status to VOTING
I1216 03:37:28.196270  4985 leveldb.cpp:306] Persisting metadata (8 bytes) to leveldb took 3.479108ms
I1216 03:37:28.196327  4985 replica.cpp:323] Persisted replica status to VOTING
I1216 03:37:28.196358  4985 recover.cpp:580] Successfully joined the Paxos group
I1216 03:37:28.196394  4985 recover.cpp:464] Recover process terminated
I1216 03:37:28.196560  4989 log.cpp:660] Attempting to start the writer
I1216 03:37:28.197338  4981 replica.cpp:477] Replica received implicit promise request with proposal 1
I1216 03:37:28.200395  4981 leveldb.cpp:306] Persisting metadata (8 bytes) to leveldb took 2.651502ms
I1216 03:37:28.200443  4981 replica.cpp:345] Persisted promised to 1
I1216 03:37:28.372467  4975 replica.cpp:641] Replica in VOTING status received a broadcasted recover request
I1216 03:37:28.624508  4981 replica.cpp:641] Replica in VOTING status received a broadcasted recover request
I1216 03:37:28.629891  4985 replica.cpp:378] Replica received explicit promise request for position 0 with proposal 0
I1216 03:37:28.678190  4984 hierarchical.hpp:834] No resources available to allocate!
I1216 03:37:28.678249  4984 hierarchical.hpp:741] Performed allocation for 0 slaves in 72528ns
I1216 03:37:28.794260  4977 replica.cpp:378] Replica received explicit promise request for position 0 with proposal 2
I1216 03:37:28.797018  4977 leveldb.cpp:343] Persisting action (8 bytes) to leveldb took 2.707385ms
I1216 03:37:28.797188  4977 replica.cpp:679] Persisted action at 0
I1216 03:37:28.798130  4978 replica.cpp:511] Replica received write request for position 0
I1216 03:37:28.798243  4978 leveldb.cpp:438] Reading position from leveldb took 17932ns
I1216 03:37:28.800415  4978 leveldb.cpp:343] Persisting action (14 bytes) to leveldb took 2.148877ms
I1216 03:37:28.800446  4978 replica.cpp:679] Persisted action at 0
I1216 03:37:28.801074  4981 replica.cpp:658] Replica received learned notice for position 0
I1216 03:37:28.805181  4981 leveldb.cpp:343] Persisting action (16 bytes) to leveldb took 1.944925ms
I1216 03:37:28.805238  4981 replica.cpp:679] Persisted action at 0
I1216 03:37:28.805248  4981 replica.cpp:664] Replica learned NOP action at position 0
I1216 03:37:29.679090  4985 hierarchical.hpp:834] No resources available to allocate!
I1216 03:37:29.679195  4985 hierarchical.hpp:741] Performed allocation for 0 slaves in 113058ns
I1216 03:37:30.679925  4975 hierarchical.hpp:834] No resources available to allocate!
I1216 03:37:30.680033  4975 hierarchical.hpp:741] Performed allocation for 0 slaves in 114455ns
I1216 03:37:31.514184  4979 master.cpp:1014] Dropping 'mesos.internal.RegisterSlaveMessage' message since not recovered yet
I1216 03:37:31.680639  4984 hierarchical.hpp:834] No resources available to allocate!
I1216 03:37:31.680793  4984 hierarchical.hpp:741] Performed allocation for 0 slaves in 160605ns
I1216 03:37:32.681066  4987 hierarchical.hpp:834] No resources available to allocate!
I1216 03:37:32.681299  4987 hierarchical.hpp:741] Performed allocation for 0 slaves in 244607ns
I1216 03:37:33.681592  4980 hierarchical.hpp:834] No resources available to allocate!
I1216 03:37:33.681699  4980 hierarchical.hpp:741] Performed allocation for 0 slaves in 116708ns
I1216 03:37:34.682603  4989 hierarchical.hpp:834] No resources available to allocate!
I1216 03:37:34.682714  4989 hierarchical.hpp:741] Performed allocation for 0 slaves in 120584ns
I1216 03:37:35.481462  4990 master.cpp:1014] Dropping 'mesos.internal.RegisterSlaveMessage' message since not recovered yet
I1216 03:37:35.683948  4982 hierarchical.hpp:834] No resources available to allocate!
I1216 03:37:35.684046  4982 hierarchical.hpp:741] Performed allocation for 0 slaves in 109400ns
I1216 03:37:36.684298  4988 hierarchical.hpp:834] No resources available to allocate!
I1216 03:37:36.684386  4988 hierarchical.hpp:741] Performed allocation for 0 slaves in 95891ns
I1216 03:37:37.684602  4975 hierarchical.hpp:834] No resources available to allocate!
I1216 03:37:37.684742  4975 hierarchical.hpp:741] Performed allocation for 0 slaves in 149493ns
I1216 03:37:38.684947  4983 hierarchical.hpp:834] No resources available to allocate!
I1216 03:37:38.685094  4983 hierarchical.hpp:741] Performed allocation for 0 slaves in 158124ns
I1216 03:37:39.685317  4990 hierarchical.hpp:834] No resources available to allocate!
I1216 03:37:39.685384  4990 hierarchical.hpp:741] Performed allocation for 0 slaves in 72768ns
I1216 03:37:40.685587  4984 hierarchical.hpp:834] No resources available to allocate!
I1216 03:37:40.685693  4984 hierarchical.hpp:741] Performed allocation for 0 slaves in 115367ns
I1216 03:37:41.685910  4986 hierarchical.hpp:834] No resources available to allocate!
I1216 03:37:41.686009  4986 hierarchical.hpp:741] Performed allocation for 0 slaves in 109650ns
I1216 03:37:42.686215  4979 hierarchical.hpp:834] No resources available to allocate!
I1216 03:37:42.686331  4979 hierarchical.hpp:741] Performed allocation for 0 slaves in 124110ns
I1216 03:37:43.686696  4980 hierarchical.hpp:834] No resources available to allocate!
I1216 03:37:43.686784  4980 hierarchical.hpp:741] Performed allocation for 0 slaves in 97175ns
I1216 03:37:44.686998  4989 hierarchical.hpp:834] No resources available to allocate!
I1216 03:37:44.687108  4989 hierarchical.hpp:741] Performed allocation for 0 slaves in 120115ns
I1216 03:37:45.687321  4982 hierarchical.hpp:834] No resources available to allocate!
I1216 03:37:45.687440  4982 hierarchical.hpp:741] Performed allocation for 0 slaves in 129429ns
I1216 03:37:46.688452  4990 hierarchical.hpp:834] No resources available to allocate!
I1216 03:37:46.688549  4990 hierarchical.hpp:741] Performed allocation for 0 slaves in 107228ns
I1216 03:37:47.688779  4988 hierarchical.hpp:834] No resources available to allocate!
I1216 03:37:47.688915  4988 hierarchical.hpp:741] Performed allocation for 0 slaves in 146131ns
I1216 03:37:48.636057  4985 master.cpp:1014] Dropping 'mesos.internal.RegisterSlaveMessage' message since not recovered yet
I1216 03:37:48.689355  4986 hierarchical.hpp:834] No resources available to allocate!
I1216 03:37:48.689455  4986 hierarchical.hpp:741] Performed allocation for 0 slaves in 104306ns
I1216 03:37:49.689667  4975 hierarchical.hpp:834] No resources available to allocate!
I1216 03:37:49.689772  4975 hierarchical.hpp:741] Performed allocation for 0 slaves in 113641ns
I1216 03:37:50.690295  4987 hierarchical.hpp:834] No resources available to allocate!
I1216 03:37:50.690388  4987 hierarchical.hpp:741] Performed allocation for 0 slaves in 102531ns
I1216 03:37:51.690611  4980 hierarchical.hpp:834] No resources available to allocate!
I1216 03:37:51.690740  4980 hierarchical.hpp:741] Performed allocation for 0 slaves in 139080ns
I1216 03:37:52.690976  4984 hierarchical.hpp:834] No resources available to allocate!
I1216 03:37:52.691129  4984 hierarchical.hpp:741] Performed allocation for 0 slaves in 161763ns
I1216 03:37:53.691473  4976 hierarchical.hpp:834] No resources available to allocate!
I1216 03:37:53.691578  4976 hierarchical.hpp:741] Performed allocation for 0 slaves in 115055ns
I1216 03:37:54.691975  4989 hierarchical.hpp:834] No resources available to allocate!
I1216 03:37:54.692095  4989 hierarchical.hpp:741] Performed allocation for 0 slaves in 132912ns
I1216 03:37:55.692688  4985 hierarchical.hpp:834] No resources available to allocate!
I1216 03:37:55.692792  4985 hierarchical.hpp:741] Performed allocation for 0 slaves in 111691ns
I1216 03:37:56.692986  4990 hierarchical.hpp:834] No resources available to allocate!
I1216 03:37:56.693083  4990 hierarchical.hpp:741] Performed allocation for 0 slaves in 105575ns
I1216 03:37:57.693536  4977 hierarchical.hpp:834] No resources available to allocate!
I1216 03:37:57.693641  4977 hierarchical.hpp:741] Performed allocation for 0 slaves in 116181ns
I1216 03:37:58.693853  4978 hierarchical.hpp:834] No resources available to allocate!
I1216 03:37:58.693928  4978 hierarchical.hpp:741] Performed allocation for 0 slaves in 85486ns
I1216 03:37:59.694119  4987 hierarchical.hpp:834] No resources available to allocate!
I1216 03:37:59.694182  4987 hierarchical.hpp:741] Performed allocation for 0 slaves in 73493ns
I1216 03:38:00.694372  4975 hierarchical.hpp:834] No resources available to allocate!
I1216 03:38:00.694461  4975 hierarchical.hpp:741] Performed allocation for 0 slaves in 98859ns
I1216 03:38:01.694665  4976 hierarchical.hpp:834] No resources available to allocate!
I1216 03:38:01.694783  4976 hierarchical.hpp:741] Performed allocation for 0 slaves in 127131ns
I1216 03:38:02.694989  4989 hierarchical.hpp:834] No resources available to allocate!
I1216 03:38:02.695096  4989 hierarchical.hpp:741] Performed allocation for 0 slaves in 114604ns
I1216 03:38:02.737440  4985 master.cpp:1014] Dropping 'mesos.internal.RegisterSlaveMessage' message since not recovered yet
I1216 03:38:03.695511  4982 hierarchical.hpp:834] No resources available to allocate!
I1216 03:38:03.695616  4982 hierarchical.hpp:741] Performed allocation for 0 slaves in 111879ns
I1216 03:38:04.695986  4979 hierarchical.hpp:834] No resources available to allocate!
I1216 03:38:04.696064  4979 hierarchical.hpp:741] Performed allocation for 0 slaves in 87321ns
I1216 03:38:05.696254  4978 hierarchical.hpp:834] No resources available to allocate!
I1216 03:38:05.696347  4978 hierarchical.hpp:741] Performed allocation for 0 slaves in 102560ns
I1216 03:38:06.561430  4987 master.cpp:1014] Dropping 'mesos.internal.RegisterSlaveMessage' message since not recovered yet
I1216 03:38:06.696815  4990 hierarchical.hpp:834] No resources available to allocate!
I1216 03:38:06.697309  4990 hierarchical.hpp:741] Performed allocation for 0 slaves in 504959ns
I1216 03:38:07.697500  4985 hierarchical.hpp:834] No resources available to allocate!
I1216 03:38:07.697614  4985 hierarchical.hpp:741] Performed allocation for 0 slaves in 120029ns
I1216 03:38:08.697808  4986 hierarchical.hpp:834] No resources available to allocate!
I1216 03:38:08.697909  4986 hierarchical.hpp:741] Performed allocation for 0 slaves in 110010ns
I1216 03:38:09.698211  4975 hierarchical.hpp:834] No resources available to allocate!
I1216 03:38:09.698318  4975 hierarchical.hpp:741] Performed allocation for 0 slaves in 114572ns
I1216 03:38:10.698597  4979 hierarchical.hpp:834] No resources available to allocate!
I1216 03:38:10.698688  4979 hierarchical.hpp:741] Performed allocation for 0 slaves in 98243ns
I1216 03:38:11.698907  4987 hierarchical.hpp:834] No resources available to allocate!
I1216 03:38:11.698999  4987 hierarchical.hpp:741] Performed allocation for 0 slaves in 99619ns
I1216 03:38:12.699219  4976 hierarchical.hpp:834] No resources available to allocate!
I1216 03:38:12.699298  4976 hierarchical.hpp:741] Performed allocation for 0 slaves in 88862ns
I1216 03:38:13.699515  4977 hierarchical.hpp:834] No resources available to allocate!
I1216 03:38:13.699589  4977 hierarchical.hpp:741] Performed allocation for 0 slaves in 84168ns
I1216 03:38:14.699795  4978 hierarchical.hpp:834] No resources available to allocate!
I1216 03:38:14.699892  4978 hierarchical.hpp:741] Performed allocation for 0 slaves in 107975ns
I1216 03:38:15.700084  4989 hierarchical.hpp:834] No resources available to allocate!
I1216 03:38:15.700153  4989 hierarchical.hpp:741] Performed allocation for 0 slaves in 79643ns
I1216 03:38:16.700358  4983 hierarchical.hpp:834] No resources available to allocate!
I1216 03:38:16.700465  4983 hierarchical.hpp:741] Performed allocation for 0 slaves in 114854ns
I1216 03:38:17.701239  4982 hierarchical.hpp:834] No resources available to allocate!
I1216 03:38:17.701349  4982 hierarchical.hpp:741] Performed allocation for 0 slaves in 117660ns
I1216 03:38:18.701555  4985 hierarchical.hpp:834] No resources available to allocate!
I1216 03:38:18.701705  4985 hierarchical.hpp:741] Performed allocation for 0 slaves in 158706ns
I1216 03:38:19.589946  4981 master.cpp:1014] Dropping 'mesos.internal.RegisterSlaveMessage' message since not recovered yet
I1216 03:38:19.702322  4976 hierarchical.hpp:834] No resources available to allocate!
I1216 03:38:19.702369  4976 hierarchical.hpp:741] Performed allocation for 0 slaves in 51985ns
I1216 03:38:20.702590  4977 hierarchical.hpp:834] No resources available to allocate!
I1216 03:38:20.722256  4977 hierarchical.hpp:741] Performed allocation for 0 slaves in 19.673384ms
I1216 03:38:21.722496  4987 hierarchical.hpp:834] No resources available to allocate!
I1216 03:38:21.722573  4987 hierarchical.hpp:741] Performed allocation for 0 slaves in 83809ns
I1216 03:38:22.722775  4989 hierarchical.hpp:834] No resources available to allocate!
I1216 03:38:22.722872  4989 hierarchical.hpp:741] Performed allocation for 0 slaves in 108077ns
I1216 03:38:23.723711  4980 hierarchical.hpp:834] No resources available to allocate!
I1216 03:38:23.773977  4980 hierarchical.hpp:741] Performed allocation for 0 slaves in 50.273973ms
I1216 03:38:24.774215  4981 hierarchical.hpp:834] No resources available to allocate!
I1216 03:38:24.774317  4981 hierarchical.hpp:741] Performed allocation for 0 slaves in 108583ns
I1216 03:38:25.774551  4978 hierarchical.hpp:834] No resources available to allocate!
I1216 03:38:25.774639  4978 hierarchical.hpp:741] Performed allocation for 0 slaves in 101846ns
I1216 03:38:26.774845  4976 hierarchical.hpp:834] No resources available to allocate!
I1216 03:38:26.774930  4976 hierarchical.hpp:741] Performed allocation for 0 slaves in 94659ns
I1216 03:38:27.430156  4979 master.cpp:1014] Dropping 'mesos.internal.RegisterSlaveMessage' message since not recovered yet
I1216 03:38:27.775748  4984 hierarchical.hpp:834] No resources available to allocate!
I1216 03:38:27.775810  4984 hierarchical.hpp:741] Performed allocation for 0 slaves in 69874ns
I1216 03:38:28.776294  4982 hierarchical.hpp:834] No resources available to allocate!
I1216 03:38:28.776352  4982 hierarchical.hpp:741] Performed allocation for 0 slaves in 70382ns
I1216 03:38:29.777032  4987 hierarchical.hpp:834] No resources available to allocate!
I1216 03:38:29.777103  4987 hierarchical.hpp:741] Performed allocation for 0 slaves in 80899ns
I1216 03:38:30.777289  4983 hierarchical.hpp:834] No resources available to allocate!
I1216 03:38:30.777366  4983 hierarchical.hpp:741] Performed allocation for 0 slaves in 85238ns
I1216 03:38:31.777561  4988 hierarchical.hpp:834] No resources available to allocate!
I1216 03:38:31.960438  4988 hierarchical.hpp:741] Performed allocation for 0 slaves in 182.873393ms
I1216 03:38:32.960904  4979 hierarchical.hpp:834] No resources available to allocate!
I1216 03:38:32.961060  4979 hierarchical.hpp:741] Performed allocation for 0 slaves in 153156ns
I1216 03:38:33.961488  4981 hierarchical.hpp:834] No resources available to allocate!
I1216 03:38:33.961596  4981 hierarchical.hpp:741] Performed allocation for 0 slaves in 114415ns
I1216 03:38:34.961830  4984 hierarchical.hpp:834] No resources available to allocate!
I1216 03:38:34.961940  4984 hierarchical.hpp:741] Performed allocation for 0 slaves in 117037ns
I1216 03:38:35.963131  4978 hierarchical.hpp:834] No resources available to allocate!
I1216 03:38:35.963263  4978 hierarchical.hpp:741] Performed allocation for 0 slaves in 142304ns
I1216 03:38:36.963510  4976 hierarchical.hpp:834] No resources available to allocate!
I1216 03:38:36.966209  4976 hierarchical.hpp:741] Performed allocation for 0 slaves in 2.707054ms
I1216 03:38:37.966786  4987 hierarchical.hpp:834] No resources available to allocate!
I1216 03:38:37.966898  4987 hierarchical.hpp:741] Performed allocation for 0 slaves in 120830ns
I1216 03:38:38.967133  4983 hierarchical.hpp:834] No resources available to allocate!
I1216 03:38:38.967216  4983 hierarchical.hpp:741] Performed allocation for 0 slaves in 92660ns
I1216 03:38:39.967555  4982 hierarchical.hpp:834] No resources available to allocate!
I1216 03:38:40.029692  4982 hierarchical.hpp:741] Performed allocation for 0 slaves in 62.144993ms
I1216 03:38:41.030251  4975 hierarchical.hpp:834] No resources available to allocate!
I1216 03:38:41.094069  4975 hierarchical.hpp:741] Performed allocation for 0 slaves in 63.828628ms
I1216 03:38:41.960571  4990 master.cpp:1014] Dropping 'mesos.internal.RegisterSlaveMessage' message since not recovered yet
I1216 03:38:42.094980  4979 hierarchical.hpp:834] No resources available to allocate!
I1216 03:38:42.095088  4979 hierarchical.hpp:741] Performed allocation for 0 slaves in 118642ns
I1216 03:38:43.095317  4986 hierarchical.hpp:834] No resources available to allocate!
I1216 03:38:43.099335  4986 hierarchical.hpp:741] Performed allocation for 0 slaves in 4.025346ms
I1216 03:38:44.100312  4981 hierarchical.hpp:834] No resources available to allocate!
I1216 03:38:44.100442  4981 hierarchical.hpp:741] Performed allocation for 0 slaves in 137996ns
I1216 03:38:45.101105  4984 hierarchical.hpp:834] No resources available to allocate!
I1216 03:38:45.101197  4984 hierarchical.hpp:741] Performed allocation for 0 slaves in 102749ns
I1216 03:38:46.101462  4989 hierarchical.hpp:834] No resources available to allocate!
I1216 03:38:46.101531  4989 hierarchical.hpp:741] Performed allocation for 0 slaves in 77918ns
I1216 03:38:47.101771  4987 hierarchical.hpp:834] No resources available to allocate!
I1216 03:38:47.101861  4987 hierarchical.hpp:741] Performed allocation for 0 slaves in 99005ns
I1216 03:38:48.102088  4990 hierarchical.hpp:834] No resources available to allocate!
I1216 03:38:48.104048  4990 hierarchical.hpp:741] Performed allocation for 0 slaves in 1.965139ms
I1216 03:38:49.104677  4983 hierarchical.hpp:834] No resources available to allocate!
I1216 03:38:49.144003  4983 hierarchical.hpp:741] Performed allocation for 0 slaves in 39.357014ms
I1216 03:38:50.210728  4979 hierarchical.hpp:834] No resources available to allocate!
I1216 03:38:50.210840  4979 hierarchical.hpp:741] Performed allocation for 0 slaves in 125624ns
I1216 03:38:51.211050  4977 hierarchical.hpp:834] No resources available to allocate!
I1216 03:38:51.211177  4977 hierarchical.hpp:741] Performed allocation for 0 slaves in 137748ns
I1216 03:38:52.211427  4980 hierarchical.hpp:834] No resources available to allocate!
I1216 03:38:52.211509  4980 hierarchical.hpp:741] Performed allocation for 0 slaves in 89633ns
I1216 03:38:53.211997  4985 hierarchical.hpp:834] No resources available to allocate!
I1216 03:38:53.212110  4985 hierarchical.hpp:741] Performed allocation for 0 slaves in 121799ns
I1216 03:38:54.212323  4978 hierarchical.hpp:834] No resources available to allocate!
I1216 03:38:54.217495  4978 hierarchical.hpp:741] Performed allocation for 0 slaves in 5.180959ms
I1216 03:38:55.218755  4981 hierarchical.hpp:834] No resources available to allocate!
I1216 03:38:55.218888  4981 hierarchical.hpp:741] Performed allocation for 0 slaves in 142404ns
I1216 03:38:56.219146  4988 hierarchical.hpp:834] No resources available to allocate!
I1216 03:38:56.219971  4988 hierarchical.hpp:741] Performed allocation for 0 slaves in 837011ns
I1216 03:38:57.220237  4987 hierarchical.hpp:834] No resources available to allocate!
I1216 03:38:57.226521  4987 hierarchical.hpp:741] Performed allocation for 0 slaves in 6.2911ms
I1216 03:38:58.226790  4989 hierarchical.hpp:834] No resources available to allocate!
I1216 03:38:58.226891  4989 hierarchical.hpp:741] Performed allocation for 0 slaves in 110733ns
I1216 03:38:59.227133  4976 hierarchical.hpp:834] No resources available to allocate!
I1216 03:38:59.227242  4976 hierarchical.hpp:741] Performed allocation for 0 slaves in 116254ns
I1216 03:39:00.227468  4979 hierarchical.hpp:834] No resources available to allocate!
I1216 03:39:00.227574  4979 hierarchical.hpp:741] Performed allocation for 0 slaves in 115883ns
I1216 03:39:01.227774  4982 hierarchical.hpp:834] No resources available to allocate!
I1216 03:39:01.228647  4982 hierarchical.hpp:741] Performed allocation for 0 slaves in 880168ns
I1216 03:39:02.229537  4975 hierarchical.hpp:834] No resources available to allocate!
I1216 03:39:02.229629  4975 hierarchical.hpp:741] Performed allocation for 0 slaves in 101977ns
I1216 03:39:03.229838  4985 hierarchical.hpp:834] No resources available to allocate!
I1216 03:39:03.229954  4985 hierarchical.hpp:741] Performed allocation for 0 slaves in 127102ns
F1216 03:39:03.439431  4976 master.cpp:1176] Recovery failed: Failed to recover registrar: Failed to perform fetch within 2mins
*** Check failure stack trace: ***
    @     0x7f14f8e41bbd  google::LogMessage::Fail()
    @     0x7f14f8e43c07  google::LogMessage::SendToLog()
    @     0x7f14f8e417ac  google::LogMessage::Flush()
    @     0x7f14f8e4449d  google::LogMessageFatal::~LogMessageFatal()
    @     0x7f14f888acd5  mesos::internal::master::fail()
    @     0x7f14f88c73a0  std::tr1::_Function_handler<>::_M_invoke()
    @     0x7f14f87e65e6  process::internal::run<>()
    @     0x7f14f87e666e  process::Future<>::fail()
    @     0x7f14f89161a6  process::internal::thenf<>()
    @     0x7f14f8935b7e  process::internal::run<>()
    @     0x7f14f893745d  process::Future<>::fail()
    @     0x7f14f87e65e6  process::internal::run<>()
    @     0x7f14f893744e  process::Future<>::fail()
    @     0x7f14f892b51b  mesos::internal::master::RegistrarProcess::_recover()
    @     0x7f14f892f0c5  std::tr1::_Function_handler<>::_M_invoke()
    @     0x7f14f8dee2c7  process::ProcessManager::resume()
    @     0x7f14f8def28c  process::schedule()
    @     0x7f14f73c60a4  (unknown)
    @     0x7f14f70fb04d  (unknown)
