I1211 06:45:01.575747  4922 logging.cpp:172] INFO level logging started!
I1211 06:45:01.575894  4922 main.cpp:156] Build: 2015-03-26 13:36:52 by root
I1211 06:45:01.575904  4922 main.cpp:158] Version: 0.22.0
I1211 06:45:01.575909  4922 main.cpp:161] Git tag: 0.22.0
I1211 06:45:01.575913  4922 main.cpp:165] Git SHA: e890e2414903bb69cab730d5204f10b10d2e91bb
I1211 06:45:01.575959  4922 containerizer.cpp:110] Using isolation: posix/cpu,posix/mem
I1211 06:45:01.576066  4922 main.cpp:200] Starting Mesos slave
I1211 06:45:01.576217  4922 slave.cpp:174] Slave started on 1)@10.0.0.6:5051
I1211 06:45:01.576306  4922 slave.cpp:299] Slave resources: cpus(*):1; mem(*):2927; disk(*):33172; ports(*):[31000-32000]
I1211 06:45:01.576325  4922 slave.cpp:328] Slave hostname: n5
I1211 06:45:01.576330  4922 slave.cpp:329] Slave checkpoint: true
I1211 06:45:01.581033  4930 state.cpp:35] Recovering state from '/var/lib/mesos/slave/meta'
2015-12-11 06:45:01,581:4922(0x7f6e7abf2700):ZOO_INFO@log_env@712: Client environment:zookeeper.version=zookeeper C client 3.4.5
2015-12-11 06:45:01,581:4922(0x7f6e7abf2700):ZOO_INFO@log_env@716: Client environment:host.name=3daa746bde23
2015-12-11 06:45:01,581:4922(0x7f6e7abf2700):ZOO_INFO@log_env@723: Client environment:os.name=Linux
2015-12-11 06:45:01,581:4922(0x7f6e7abf2700):ZOO_INFO@log_env@724: Client environment:os.arch=4.1.12-boot2docker
2015-12-11 06:45:01,581:4922(0x7f6e7abf2700):ZOO_INFO@log_env@725: Client environment:os.version=#1 SMP Tue Nov 3 06:03:36 UTC 2015
2015-12-11 06:45:01,581:4922(0x7f6e7abf2700):ZOO_INFO@log_env@733: Client environment:user.name=(null)
2015-12-11 06:45:01,581:4922(0x7f6e7abf2700):ZOO_INFO@log_env@741: Client environment:user.home=/root
2015-12-11 06:45:01,581:4922(0x7f6e7abf2700):ZOO_INFO@log_env@753: Client environment:user.dir=/var/lib/mesos/slave
2015-12-11 06:45:01,581:4922(0x7f6e7abf2700):ZOO_INFO@zookeeper_init@786: Initiating client connection, host=n1:2181,n2:2181,n3:2181,n4:2181,n5:2181 sessionTimeout=10000 watcher=0x7f6e85023200 sessionId=0 sessionPasswd=<null> context=0x7f6e6c000b70 flags=0
I1211 06:45:01.581727  4928 status_update_manager.cpp:197] Recovering status update manager
I1211 06:45:01.581758  4928 containerizer.cpp:307] Recovering containerizer
I1211 06:45:01.581851  4928 slave.cpp:3778] Finished recovery
2015-12-11 06:45:01,609:4922(0x7f6e793b9700):ZOO_INFO@check_events@1703: initiated connection to server [10.0.0.2:2181]
2015-12-11 06:45:01,609:4922(0x7f6e793b9700):ZOO_INFO@check_events@1750: session establishment complete on server [10.0.0.2:2181], sessionId=0x5518fc035f60005, negotiated timeout=10000
I1211 06:45:01.610682  4928 group.cpp:313] Group process (group(1)@10.0.0.6:5051) connected to ZooKeeper
I1211 06:45:01.610718  4928 group.cpp:790] Syncing group operations: queue size (joins, cancels, datas) = (0, 0, 0)
I1211 06:45:01.610728  4928 group.cpp:385] Trying to create path '/mesos' in ZooKeeper
I1211 06:45:01.616878  4928 detector.cpp:138] Detected a new leader: (id='2')
I1211 06:45:01.616968  4928 group.cpp:659] Trying to get '/mesos/info_0000000002' in ZooKeeper
I1211 06:45:01.617538  4928 detector.cpp:452] A new leading master (UPID=master@10.0.0.2:5050) is detected
I1211 06:45:01.617583  4928 slave.cpp:624] New master detected at master@10.0.0.2:5050
I1211 06:45:01.617797  4927 status_update_manager.cpp:171] Pausing sending status updates
I1211 06:45:01.617925  4928 slave.cpp:649] No credentials provided. Attempting to register without authentication
I1211 06:45:01.617960  4928 slave.cpp:660] Detecting new master
I1211 06:45:02.544911  4925 slave.cpp:792] Registered with master master@10.0.0.2:5050; given slave ID 20151211-063437-33554442-5050-4917-S1
I1211 06:45:02.545255  4925 status_update_manager.cpp:178] Resuming sending status updates
I1211 06:46:01.855551  4925 slave.cpp:3618] Current disk usage 31.18%. Max allowed age: 4.117644042892037days
I1211 06:47:02.026068  4929 slave.cpp:3618] Current disk usage 32.50%. Max allowed age: 4.025162310039815days
I1211 06:48:02.040303  4929 slave.cpp:3618] Current disk usage 32.97%. Max allowed age: 3.992136180071817days
I1211 06:48:30.894153  4929 slave.cpp:1121] Got assigned task 1449816510497-www-data-devel-job1-0-481e82c1-96c7-4c42-94be-b2aaaf490543 for framework 20151211-063437-33554442-5050-4917-0000
I1211 06:48:30.899243  4929 slave.cpp:1231] Launching task 1449816510497-www-data-devel-job1-0-481e82c1-96c7-4c42-94be-b2aaaf490543 for framework 20151211-063437-33554442-5050-4917-0000
I1211 06:48:30.900563  4929 slave.cpp:4160] Launching executor thermos-1449816510497-www-data-devel-job1-0-481e82c1-96c7-4c42-94be-b2aaaf490543 of framework 20151211-063437-33554442-5050-4917-0000 in work directory '/var/lib/mesos/slave/slaves/20151211-063437-33554442-5050-4917-S1/frameworks/20151211-063437-33554442-5050-4917-0000/executors/thermos-1449816510497-www-data-devel-job1-0-481e82c1-96c7-4c42-94be-b2aaaf490543/runs/7d21cc01-4cb6-421b-8d0b-4d12e57cab56'
I1211 06:48:30.903856  4927 containerizer.cpp:472] Starting container '7d21cc01-4cb6-421b-8d0b-4d12e57cab56' for executor 'thermos-1449816510497-www-data-devel-job1-0-481e82c1-96c7-4c42-94be-b2aaaf490543' of framework '20151211-063437-33554442-5050-4917-0000'
I1211 06:48:30.904054  4929 slave.cpp:1378] Queuing task '1449816510497-www-data-devel-job1-0-481e82c1-96c7-4c42-94be-b2aaaf490543' for executor thermos-1449816510497-www-data-devel-job1-0-481e82c1-96c7-4c42-94be-b2aaaf490543 of framework '20151211-063437-33554442-5050-4917-0000
I1211 06:48:30.909124  4926 launcher.cpp:130] Forked child with pid '14408' for container '7d21cc01-4cb6-421b-8d0b-4d12e57cab56'
I1211 06:48:30.909248  4926 containerizer.cpp:682] Checkpointing executor's forked pid 14408 to '/var/lib/mesos/slave/meta/slaves/20151211-063437-33554442-5050-4917-S1/frameworks/20151211-063437-33554442-5050-4917-0000/executors/thermos-1449816510497-www-data-devel-job1-0-481e82c1-96c7-4c42-94be-b2aaaf490543/runs/7d21cc01-4cb6-421b-8d0b-4d12e57cab56/pids/forked.pid'
I1211 06:48:30.917830  4930 fetcher.cpp:238] Fetching URIs using command '/usr/libexec/mesos/mesos-fetcher'
I1211 06:48:31.011335  4930 containerizer.cpp:906] Destroying container '7d21cc01-4cb6-421b-8d0b-4d12e57cab56'
E1211 06:48:31.011634  4927 slave.cpp:3082] Container '7d21cc01-4cb6-421b-8d0b-4d12e57cab56' for executor 'thermos-1449816510497-www-data-devel-job1-0-481e82c1-96c7-4c42-94be-b2aaaf490543' of framework '20151211-063437-33554442-5050-4917-0000' failed to start: Failed to fetch URIs for container '7d21cc01-4cb6-421b-8d0b-4d12e57cab56'with exit status: 34304
I1211 06:48:31.112690  4924 containerizer.cpp:1111] Executor for container '7d21cc01-4cb6-421b-8d0b-4d12e57cab56' has exited
I1211 06:48:31.114629  4924 slave.cpp:3193] Executor 'thermos-1449816510497-www-data-devel-job1-0-481e82c1-96c7-4c42-94be-b2aaaf490543' of framework 20151211-063437-33554442-5050-4917-0000 exited with status 1
I1211 06:48:31.115645  4924 slave.cpp:2508] Handling status update TASK_LOST (UUID: e1634f81-fa6c-40aa-abee-845a808cfc23) for task 1449816510497-www-data-devel-job1-0-481e82c1-96c7-4c42-94be-b2aaaf490543 of framework 20151211-063437-33554442-5050-4917-0000 from @0.0.0.0:0
E1211 06:48:31.115953  4923 slave.cpp:3431] Failed to unmonitor container for executor thermos-1449816510497-www-data-devel-job1-0-481e82c1-96c7-4c42-94be-b2aaaf490543 of framework 20151211-063437-33554442-5050-4917-0000: Not monitored
W1211 06:48:31.115993  4926 containerizer.cpp:802] Ignoring update for unknown container: 7d21cc01-4cb6-421b-8d0b-4d12e57cab56
I1211 06:48:31.116549  4923 status_update_manager.cpp:317] Received status update TASK_LOST (UUID: e1634f81-fa6c-40aa-abee-845a808cfc23) for task 1449816510497-www-data-devel-job1-0-481e82c1-96c7-4c42-94be-b2aaaf490543 of framework 20151211-063437-33554442-5050-4917-0000
I1211 06:48:31.117055  4923 status_update_manager.hpp:346] Checkpointing UPDATE for status update TASK_LOST (UUID: e1634f81-fa6c-40aa-abee-845a808cfc23) for task 1449816510497-www-data-devel-job1-0-481e82c1-96c7-4c42-94be-b2aaaf490543 of framework 20151211-063437-33554442-5050-4917-0000
I1211 06:48:31.124116  4923 slave.cpp:2753] Forwarding the update TASK_LOST (UUID: e1634f81-fa6c-40aa-abee-845a808cfc23) for task 1449816510497-www-data-devel-job1-0-481e82c1-96c7-4c42-94be-b2aaaf490543 of framework 20151211-063437-33554442-5050-4917-0000 to master@10.0.0.2:5050
I1211 06:48:31.164788  4926 slave.cpp:1558] Asked to kill task 1449816510497-www-data-devel-job1-0-481e82c1-96c7-4c42-94be-b2aaaf490543 of framework 20151211-063437-33554442-5050-4917-0000
W1211 06:48:31.164839  4926 slave.cpp:1683] Ignoring kill task 1449816510497-www-data-devel-job1-0-481e82c1-96c7-4c42-94be-b2aaaf490543 of framework 20151211-063437-33554442-5050-4917-0000 because the executor 'thermos-1449816510497-www-data-devel-job1-0-481e82c1-96c7-4c42-94be-b2aaaf490543' is terminating/terminated
I1211 06:48:31.201050  4926 status_update_manager.cpp:389] Received status update acknowledgement (UUID: e1634f81-fa6c-40aa-abee-845a808cfc23) for task 1449816510497-www-data-devel-job1-0-481e82c1-96c7-4c42-94be-b2aaaf490543 of framework 20151211-063437-33554442-5050-4917-0000
I1211 06:48:31.201094  4926 status_update_manager.hpp:346] Checkpointing ACK for status update TASK_LOST (UUID: e1634f81-fa6c-40aa-abee-845a808cfc23) for task 1449816510497-www-data-devel-job1-0-481e82c1-96c7-4c42-94be-b2aaaf490543 of framework 20151211-063437-33554442-5050-4917-0000
I1211 06:48:31.203405  4926 slave.cpp:3302] Cleaning up executor 'thermos-1449816510497-www-data-devel-job1-0-481e82c1-96c7-4c42-94be-b2aaaf490543' of framework 20151211-063437-33554442-5050-4917-0000
I1211 06:48:31.203639  4927 gc.cpp:56] Scheduling '/var/lib/mesos/slave/slaves/20151211-063437-33554442-5050-4917-S1/frameworks/20151211-063437-33554442-5050-4917-0000/executors/thermos-1449816510497-www-data-devel-job1-0-481e82c1-96c7-4c42-94be-b2aaaf490543/runs/7d21cc01-4cb6-421b-8d0b-4d12e57cab56' for gc 6.99999764385185days in the future
I1211 06:48:31.204520  4926 slave.cpp:3381] Cleaning up framework 20151211-063437-33554442-5050-4917-0000
I1211 06:48:31.204598  4926 status_update_manager.cpp:279] Closing status update streams for framework 20151211-063437-33554442-5050-4917-0000
I1211 06:48:31.204541  4927 gc.cpp:56] Scheduling '/var/lib/mesos/slave/slaves/20151211-063437-33554442-5050-4917-S1/frameworks/20151211-063437-33554442-5050-4917-0000/executors/thermos-1449816510497-www-data-devel-job1-0-481e82c1-96c7-4c42-94be-b2aaaf490543' for gc 6.99999763381926days in the future
I1211 06:48:31.204622  4927 gc.cpp:56] Scheduling '/var/lib/mesos/slave/meta/slaves/20151211-063437-33554442-5050-4917-S1/frameworks/20151211-063437-33554442-5050-4917-0000/executors/thermos-1449816510497-www-data-devel-job1-0-481e82c1-96c7-4c42-94be-b2aaaf490543/runs/7d21cc01-4cb6-421b-8d0b-4d12e57cab56' for gc 6.99999763326518days in the future
I1211 06:48:31.204635  4927 gc.cpp:56] Scheduling '/var/lib/mesos/slave/meta/slaves/20151211-063437-33554442-5050-4917-S1/frameworks/20151211-063437-33554442-5050-4917-0000/executors/thermos-1449816510497-www-data-devel-job1-0-481e82c1-96c7-4c42-94be-b2aaaf490543' for gc 6.99999763310222days in the future
I1211 06:48:31.204645  4927 gc.cpp:56] Scheduling '/var/lib/mesos/slave/slaves/20151211-063437-33554442-5050-4917-S1/frameworks/20151211-063437-33554442-5050-4917-0000' for gc 6.99999763223407days in the future
I1211 06:48:31.204659  4927 gc.cpp:56] Scheduling '/var/lib/mesos/slave/meta/slaves/20151211-063437-33554442-5050-4917-S1/frameworks/20151211-063437-33554442-5050-4917-0000' for gc 6.99999763209482days in the future
I1211 06:48:45.119941  4927 slave.cpp:1121] Got assigned task 1449816525070-www-data-devel-job2-0-0d7d07b6-46f6-43f7-9a3e-ffbe0a6ddc2b for framework 20151211-063437-33554442-5050-4917-0000
I1211 06:48:45.120754  4927 gc.cpp:84] Unscheduling '/var/lib/mesos/slave/slaves/20151211-063437-33554442-5050-4917-S1/frameworks/20151211-063437-33554442-5050-4917-0000' from gc
I1211 06:48:45.120820  4927 gc.cpp:84] Unscheduling '/var/lib/mesos/slave/meta/slaves/20151211-063437-33554442-5050-4917-S1/frameworks/20151211-063437-33554442-5050-4917-0000' from gc
I1211 06:48:45.120856  4927 slave.cpp:1231] Launching task 1449816525070-www-data-devel-job2-0-0d7d07b6-46f6-43f7-9a3e-ffbe0a6ddc2b for framework 20151211-063437-33554442-5050-4917-0000
I1211 06:48:45.121918  4927 slave.cpp:4160] Launching executor thermos-1449816525070-www-data-devel-job2-0-0d7d07b6-46f6-43f7-9a3e-ffbe0a6ddc2b of framework 20151211-063437-33554442-5050-4917-0000 in work directory '/var/lib/mesos/slave/slaves/20151211-063437-33554442-5050-4917-S1/frameworks/20151211-063437-33554442-5050-4917-0000/executors/thermos-1449816525070-www-data-devel-job2-0-0d7d07b6-46f6-43f7-9a3e-ffbe0a6ddc2b/runs/10bfdd99-ea9a-48f8-aec7-a47f32a729f8'
I1211 06:48:45.122083  4929 containerizer.cpp:472] Starting container '10bfdd99-ea9a-48f8-aec7-a47f32a729f8' for executor 'thermos-1449816525070-www-data-devel-job2-0-0d7d07b6-46f6-43f7-9a3e-ffbe0a6ddc2b' of framework '20151211-063437-33554442-5050-4917-0000'
I1211 06:48:45.122814  4929 launcher.cpp:130] Forked child with pid '14413' for container '10bfdd99-ea9a-48f8-aec7-a47f32a729f8'
I1211 06:48:45.123631  4929 containerizer.cpp:682] Checkpointing executor's forked pid 14413 to '/var/lib/mesos/slave/meta/slaves/20151211-063437-33554442-5050-4917-S1/frameworks/20151211-063437-33554442-5050-4917-0000/executors/thermos-1449816525070-www-data-devel-job2-0-0d7d07b6-46f6-43f7-9a3e-ffbe0a6ddc2b/runs/10bfdd99-ea9a-48f8-aec7-a47f32a729f8/pids/forked.pid'
I1211 06:48:45.126924  4927 slave.cpp:1378] Queuing task '1449816525070-www-data-devel-job2-0-0d7d07b6-46f6-43f7-9a3e-ffbe0a6ddc2b' for executor thermos-1449816525070-www-data-devel-job2-0-0d7d07b6-46f6-43f7-9a3e-ffbe0a6ddc2b of framework '20151211-063437-33554442-5050-4917-0000
I1211 06:48:45.146455  4926 fetcher.cpp:238] Fetching URIs using command '/usr/libexec/mesos/mesos-fetcher'
I1211 06:48:45.233220  4926 containerizer.cpp:906] Destroying container '10bfdd99-ea9a-48f8-aec7-a47f32a729f8'
E1211 06:48:45.234782  4926 slave.cpp:3082] Container '10bfdd99-ea9a-48f8-aec7-a47f32a729f8' for executor 'thermos-1449816525070-www-data-devel-job2-0-0d7d07b6-46f6-43f7-9a3e-ffbe0a6ddc2b' of framework '20151211-063437-33554442-5050-4917-0000' failed to start: Failed to fetch URIs for container '10bfdd99-ea9a-48f8-aec7-a47f32a729f8'with exit status: 34304
I1211 06:48:45.336649  4923 containerizer.cpp:1111] Executor for container '10bfdd99-ea9a-48f8-aec7-a47f32a729f8' has exited
I1211 06:48:45.336936  4923 slave.cpp:3193] Executor 'thermos-1449816525070-www-data-devel-job2-0-0d7d07b6-46f6-43f7-9a3e-ffbe0a6ddc2b' of framework 20151211-063437-33554442-5050-4917-0000 terminated with signal Killed
I1211 06:48:45.337684  4923 slave.cpp:2508] Handling status update TASK_LOST (UUID: 67854c16-fefb-41f1-bff4-5821a442054a) for task 1449816525070-www-data-devel-job2-0-0d7d07b6-46f6-43f7-9a3e-ffbe0a6ddc2b of framework 20151211-063437-33554442-5050-4917-0000 from @0.0.0.0:0
E1211 06:48:45.337820  4923 slave.cpp:3431] Failed to unmonitor container for executor thermos-1449816525070-www-data-devel-job2-0-0d7d07b6-46f6-43f7-9a3e-ffbe0a6ddc2b of framework 20151211-063437-33554442-5050-4917-0000: Not monitored
W1211 06:48:45.337854  4923 containerizer.cpp:802] Ignoring update for unknown container: 10bfdd99-ea9a-48f8-aec7-a47f32a729f8
I1211 06:48:45.337918  4923 status_update_manager.cpp:317] Received status update TASK_LOST (UUID: 67854c16-fefb-41f1-bff4-5821a442054a) for task 1449816525070-www-data-devel-job2-0-0d7d07b6-46f6-43f7-9a3e-ffbe0a6ddc2b of framework 20151211-063437-33554442-5050-4917-0000
I1211 06:48:45.338145  4923 status_update_manager.hpp:346] Checkpointing UPDATE for status update TASK_LOST (UUID: 67854c16-fefb-41f1-bff4-5821a442054a) for task 1449816525070-www-data-devel-job2-0-0d7d07b6-46f6-43f7-9a3e-ffbe0a6ddc2b of framework 20151211-063437-33554442-5050-4917-0000
I1211 06:48:45.341861  4925 slave.cpp:2753] Forwarding the update TASK_LOST (UUID: 67854c16-fefb-41f1-bff4-5821a442054a) for task 1449816525070-www-data-devel-job2-0-0d7d07b6-46f6-43f7-9a3e-ffbe0a6ddc2b of framework 20151211-063437-33554442-5050-4917-0000 to master@10.0.0.2:5050
I1211 06:48:45.377038  4924 slave.cpp:1558] Asked to kill task 1449816525070-www-data-devel-job2-0-0d7d07b6-46f6-43f7-9a3e-ffbe0a6ddc2b of framework 20151211-063437-33554442-5050-4917-0000
W1211 06:48:45.377079  4924 slave.cpp:1683] Ignoring kill task 1449816525070-www-data-devel-job2-0-0d7d07b6-46f6-43f7-9a3e-ffbe0a6ddc2b of framework 20151211-063437-33554442-5050-4917-0000 because the executor 'thermos-1449816525070-www-data-devel-job2-0-0d7d07b6-46f6-43f7-9a3e-ffbe0a6ddc2b' is terminating/terminated
I1211 06:48:45.392621  4929 status_update_manager.cpp:389] Received status update acknowledgement (UUID: 67854c16-fefb-41f1-bff4-5821a442054a) for task 1449816525070-www-data-devel-job2-0-0d7d07b6-46f6-43f7-9a3e-ffbe0a6ddc2b of framework 20151211-063437-33554442-5050-4917-0000
I1211 06:48:45.392668  4929 status_update_manager.hpp:346] Checkpointing ACK for status update TASK_LOST (UUID: 67854c16-fefb-41f1-bff4-5821a442054a) for task 1449816525070-www-data-devel-job2-0-0d7d07b6-46f6-43f7-9a3e-ffbe0a6ddc2b of framework 20151211-063437-33554442-5050-4917-0000
I1211 06:48:45.394820  4929 slave.cpp:3302] Cleaning up executor 'thermos-1449816525070-www-data-devel-job2-0-0d7d07b6-46f6-43f7-9a3e-ffbe0a6ddc2b' of framework 20151211-063437-33554442-5050-4917-0000
I1211 06:48:45.395131  4929 slave.cpp:3381] Cleaning up framework 20151211-063437-33554442-5050-4917-0000
I1211 06:48:45.395205  4929 gc.cpp:56] Scheduling '/var/lib/mesos/slave/slaves/20151211-063437-33554442-5050-4917-S1/frameworks/20151211-063437-33554442-5050-4917-0000/executors/thermos-1449816525070-www-data-devel-job2-0-0d7d07b6-46f6-43f7-9a3e-ffbe0a6ddc2b/runs/10bfdd99-ea9a-48f8-aec7-a47f32a729f8' for gc 6.99999542788148days in the future
I1211 06:48:45.395261  4929 gc.cpp:56] Scheduling '/var/lib/mesos/slave/slaves/20151211-063437-33554442-5050-4917-S1/frameworks/20151211-063437-33554442-5050-4917-0000/executors/thermos-1449816525070-www-data-devel-job2-0-0d7d07b6-46f6-43f7-9a3e-ffbe0a6ddc2b' for gc 6.9999954273037days in the future
I1211 06:48:45.395280  4929 gc.cpp:56] Scheduling '/var/lib/mesos/slave/meta/slaves/20151211-063437-33554442-5050-4917-S1/frameworks/20151211-063437-33554442-5050-4917-0000/executors/thermos-1449816525070-www-data-devel-job2-0-0d7d07b6-46f6-43f7-9a3e-ffbe0a6ddc2b/runs/10bfdd99-ea9a-48f8-aec7-a47f32a729f8' for gc 6.99999542708148days in the future
I1211 06:48:45.395292  4929 gc.cpp:56] Scheduling '/var/lib/mesos/slave/meta/slaves/20151211-063437-33554442-5050-4917-S1/frameworks/20151211-063437-33554442-5050-4917-0000/executors/thermos-1449816525070-www-data-devel-job2-0-0d7d07b6-46f6-43f7-9a3e-ffbe0a6ddc2b' for gc 6.99999542690963days in the future
I1211 06:48:45.395303  4929 gc.cpp:56] Scheduling '/var/lib/mesos/slave/slaves/20151211-063437-33554442-5050-4917-S1/frameworks/20151211-063437-33554442-5050-4917-0000' for gc 6.99999542614519days in the future
I1211 06:48:45.395313  4929 gc.cpp:56] Scheduling '/var/lib/mesos/slave/meta/slaves/20151211-063437-33554442-5050-4917-S1/frameworks/20151211-063437-33554442-5050-4917-0000' for gc 6.99999542600593days in the future
I1211 06:48:45.395239  4927 status_update_manager.cpp:279] Closing status update streams for framework 20151211-063437-33554442-5050-4917-0000
I1211 06:49:02.044116  4923 slave.cpp:3618] Current disk usage 33.00%. Max allowed age: 3.990096771916389days
I1211 06:49:02.357600  4926 slave.cpp:1121] Got assigned task 1449816542273-www-data-devel-job3-0-89197f10-b937-4c07-8319-ac173bf00daa for framework 20151211-063437-33554442-5050-4917-0000
I1211 06:49:02.358425  4926 gc.cpp:84] Unscheduling '/var/lib/mesos/slave/slaves/20151211-063437-33554442-5050-4917-S1/frameworks/20151211-063437-33554442-5050-4917-0000' from gc
I1211 06:49:02.358554  4926 gc.cpp:84] Unscheduling '/var/lib/mesos/slave/meta/slaves/20151211-063437-33554442-5050-4917-S1/frameworks/20151211-063437-33554442-5050-4917-0000' from gc
I1211 06:49:02.358599  4926 slave.cpp:1231] Launching task 1449816542273-www-data-devel-job3-0-89197f10-b937-4c07-8319-ac173bf00daa for framework 20151211-063437-33554442-5050-4917-0000
I1211 06:49:02.359572  4926 slave.cpp:4160] Launching executor thermos-1449816542273-www-data-devel-job3-0-89197f10-b937-4c07-8319-ac173bf00daa of framework 20151211-063437-33554442-5050-4917-0000 in work directory '/var/lib/mesos/slave/slaves/20151211-063437-33554442-5050-4917-S1/frameworks/20151211-063437-33554442-5050-4917-0000/executors/thermos-1449816542273-www-data-devel-job3-0-89197f10-b937-4c07-8319-ac173bf00daa/runs/ac3ee658-3a8d-41a3-a161-943a9b1be0a9'
I1211 06:49:02.363481  4930 containerizer.cpp:472] Starting container 'ac3ee658-3a8d-41a3-a161-943a9b1be0a9' for executor 'thermos-1449816542273-www-data-devel-job3-0-89197f10-b937-4c07-8319-ac173bf00daa' of framework '20151211-063437-33554442-5050-4917-0000'
I1211 06:49:02.364260  4930 launcher.cpp:130] Forked child with pid '14418' for container 'ac3ee658-3a8d-41a3-a161-943a9b1be0a9'
I1211 06:49:02.370322  4930 containerizer.cpp:682] Checkpointing executor's forked pid 14418 to '/var/lib/mesos/slave/meta/slaves/20151211-063437-33554442-5050-4917-S1/frameworks/20151211-063437-33554442-5050-4917-0000/executors/thermos-1449816542273-www-data-devel-job3-0-89197f10-b937-4c07-8319-ac173bf00daa/runs/ac3ee658-3a8d-41a3-a161-943a9b1be0a9/pids/forked.pid'
I1211 06:49:02.384335  4926 slave.cpp:1378] Queuing task '1449816542273-www-data-devel-job3-0-89197f10-b937-4c07-8319-ac173bf00daa' for executor thermos-1449816542273-www-data-devel-job3-0-89197f10-b937-4c07-8319-ac173bf00daa of framework '20151211-063437-33554442-5050-4917-0000
I1211 06:49:02.425467  4928 fetcher.cpp:238] Fetching URIs using command '/usr/libexec/mesos/mesos-fetcher'
I1211 06:49:02.485512  4928 containerizer.cpp:906] Destroying container 'ac3ee658-3a8d-41a3-a161-943a9b1be0a9'
E1211 06:49:02.487354  4924 slave.cpp:3082] Container 'ac3ee658-3a8d-41a3-a161-943a9b1be0a9' for executor 'thermos-1449816542273-www-data-devel-job3-0-89197f10-b937-4c07-8319-ac173bf00daa' of framework '20151211-063437-33554442-5050-4917-0000' failed to start: Failed to fetch URIs for container 'ac3ee658-3a8d-41a3-a161-943a9b1be0a9'with exit status: 34304
I1211 06:49:02.586758  4925 containerizer.cpp:1111] Executor for container 'ac3ee658-3a8d-41a3-a161-943a9b1be0a9' has exited
I1211 06:49:02.587045  4925 slave.cpp:3193] Executor 'thermos-1449816542273-www-data-devel-job3-0-89197f10-b937-4c07-8319-ac173bf00daa' of framework 20151211-063437-33554442-5050-4917-0000 terminated with signal Killed
I1211 06:49:02.587797  4925 slave.cpp:2508] Handling status update TASK_LOST (UUID: e71d530f-e573-4303-aab2-0072def26a37) for task 1449816542273-www-data-devel-job3-0-89197f10-b937-4c07-8319-ac173bf00daa of framework 20151211-063437-33554442-5050-4917-0000 from @0.0.0.0:0
E1211 06:49:02.587934  4925 slave.cpp:3431] Failed to unmonitor container for executor thermos-1449816542273-www-data-devel-job3-0-89197f10-b937-4c07-8319-ac173bf00daa of framework 20151211-063437-33554442-5050-4917-0000: Not monitored
W1211 06:49:02.587970  4925 containerizer.cpp:802] Ignoring update for unknown container: ac3ee658-3a8d-41a3-a161-943a9b1be0a9
I1211 06:49:02.588031  4925 status_update_manager.cpp:317] Received status update TASK_LOST (UUID: e71d530f-e573-4303-aab2-0072def26a37) for task 1449816542273-www-data-devel-job3-0-89197f10-b937-4c07-8319-ac173bf00daa of framework 20151211-063437-33554442-5050-4917-0000
I1211 06:49:02.588253  4925 status_update_manager.hpp:346] Checkpointing UPDATE for status update TASK_LOST (UUID: e71d530f-e573-4303-aab2-0072def26a37) for task 1449816542273-www-data-devel-job3-0-89197f10-b937-4c07-8319-ac173bf00daa of framework 20151211-063437-33554442-5050-4917-0000
I1211 06:49:02.591703  4923 slave.cpp:2753] Forwarding the update TASK_LOST (UUID: e71d530f-e573-4303-aab2-0072def26a37) for task 1449816542273-www-data-devel-job3-0-89197f10-b937-4c07-8319-ac173bf00daa of framework 20151211-063437-33554442-5050-4917-0000 to master@10.0.0.2:5050
I1211 06:49:02.630622  4929 slave.cpp:1558] Asked to kill task 1449816542273-www-data-devel-job3-0-89197f10-b937-4c07-8319-ac173bf00daa of framework 20151211-063437-33554442-5050-4917-0000
W1211 06:49:02.630656  4929 slave.cpp:1683] Ignoring kill task 1449816542273-www-data-devel-job3-0-89197f10-b937-4c07-8319-ac173bf00daa of framework 20151211-063437-33554442-5050-4917-0000 because the executor 'thermos-1449816542273-www-data-devel-job3-0-89197f10-b937-4c07-8319-ac173bf00daa' is terminating/terminated
I1211 06:49:02.658375  4929 status_update_manager.cpp:389] Received status update acknowledgement (UUID: e71d530f-e573-4303-aab2-0072def26a37) for task 1449816542273-www-data-devel-job3-0-89197f10-b937-4c07-8319-ac173bf00daa of framework 20151211-063437-33554442-5050-4917-0000
I1211 06:49:02.658418  4929 status_update_manager.hpp:346] Checkpointing ACK for status update TASK_LOST (UUID: e71d530f-e573-4303-aab2-0072def26a37) for task 1449816542273-www-data-devel-job3-0-89197f10-b937-4c07-8319-ac173bf00daa of framework 20151211-063437-33554442-5050-4917-0000
I1211 06:49:02.660636  4929 slave.cpp:3302] Cleaning up executor 'thermos-1449816542273-www-data-devel-job3-0-89197f10-b937-4c07-8319-ac173bf00daa' of framework 20151211-063437-33554442-5050-4917-0000
I1211 06:49:02.660856  4929 slave.cpp:3381] Cleaning up framework 20151211-063437-33554442-5050-4917-0000
I1211 06:49:02.660907  4929 gc.cpp:56] Scheduling '/var/lib/mesos/slave/slaves/20151211-063437-33554442-5050-4917-S1/frameworks/20151211-063437-33554442-5050-4917-0000/executors/thermos-1449816542273-www-data-devel-job3-0-89197f10-b937-4c07-8319-ac173bf00daa/runs/ac3ee658-3a8d-41a3-a161-943a9b1be0a9' for gc 6.99999235193185days in the future
I1211 06:49:02.660959  4929 gc.cpp:56] Scheduling '/var/lib/mesos/slave/slaves/20151211-063437-33554442-5050-4917-S1/frameworks/20151211-063437-33554442-5050-4917-0000/executors/thermos-1449816542273-www-data-devel-job3-0-89197f10-b937-4c07-8319-ac173bf00daa' for gc 6.99999235162074days in the future
I1211 06:49:02.660976  4929 gc.cpp:56] Scheduling '/var/lib/mesos/slave/meta/slaves/20151211-063437-33554442-5050-4917-S1/frameworks/20151211-063437-33554442-5050-4917-0000/executors/thermos-1449816542273-www-data-devel-job3-0-89197f10-b937-4c07-8319-ac173bf00daa/runs/ac3ee658-3a8d-41a3-a161-943a9b1be0a9' for gc 6.99999235142519days in the future
I1211 06:49:02.660989  4929 gc.cpp:56] Scheduling '/var/lib/mesos/slave/meta/slaves/20151211-063437-33554442-5050-4917-S1/frameworks/20151211-063437-33554442-5050-4917-0000/executors/thermos-1449816542273-www-data-devel-job3-0-89197f10-b937-4c07-8319-ac173bf00daa' for gc 6.99999235126222days in the future
I1211 06:49:02.661000  4929 gc.cpp:56] Scheduling '/var/lib/mesos/slave/slaves/20151211-063437-33554442-5050-4917-S1/frameworks/20151211-063437-33554442-5050-4917-0000' for gc 6.99999235088days in the future
I1211 06:49:02.661010  4929 gc.cpp:56] Scheduling '/var/lib/mesos/slave/meta/slaves/20151211-063437-33554442-5050-4917-S1/frameworks/20151211-063437-33554442-5050-4917-0000' for gc 6.99999235074074days in the future
I1211 06:49:02.660938  4924 status_update_manager.cpp:279] Closing status update streams for framework 20151211-063437-33554442-5050-4917-0000
I1211 06:49:09.537142  4928 slave.cpp:1121] Got assigned task 1449816549462-www-data-devel-job4-0-b6ab6972-20fa-4829-8275-08cf4b766c29 for framework 20151211-063437-33554442-5050-4917-0000
I1211 06:49:09.537839  4928 gc.cpp:84] Unscheduling '/var/lib/mesos/slave/slaves/20151211-063437-33554442-5050-4917-S1/frameworks/20151211-063437-33554442-5050-4917-0000' from gc
I1211 06:49:09.537989  4928 gc.cpp:84] Unscheduling '/var/lib/mesos/slave/meta/slaves/20151211-063437-33554442-5050-4917-S1/frameworks/20151211-063437-33554442-5050-4917-0000' from gc
I1211 06:49:09.538031  4928 slave.cpp:1231] Launching task 1449816549462-www-data-devel-job4-0-b6ab6972-20fa-4829-8275-08cf4b766c29 for framework 20151211-063437-33554442-5050-4917-0000
I1211 06:49:09.539021  4928 slave.cpp:4160] Launching executor thermos-1449816549462-www-data-devel-job4-0-b6ab6972-20fa-4829-8275-08cf4b766c29 of framework 20151211-063437-33554442-5050-4917-0000 in work directory '/var/lib/mesos/slave/slaves/20151211-063437-33554442-5050-4917-S1/frameworks/20151211-063437-33554442-5050-4917-0000/executors/thermos-1449816549462-www-data-devel-job4-0-b6ab6972-20fa-4829-8275-08cf4b766c29/runs/50bfc5d1-38f8-488a-95d9-0a72cb7a87f8'
I1211 06:49:09.544090  4923 containerizer.cpp:472] Starting container '50bfc5d1-38f8-488a-95d9-0a72cb7a87f8' for executor 'thermos-1449816549462-www-data-devel-job4-0-b6ab6972-20fa-4829-8275-08cf4b766c29' of framework '20151211-063437-33554442-5050-4917-0000'
I1211 06:49:09.544833  4923 launcher.cpp:130] Forked child with pid '14423' for container '50bfc5d1-38f8-488a-95d9-0a72cb7a87f8'
I1211 06:49:09.544993  4923 containerizer.cpp:682] Checkpointing executor's forked pid 14423 to '/var/lib/mesos/slave/meta/slaves/20151211-063437-33554442-5050-4917-S1/frameworks/20151211-063437-33554442-5050-4917-0000/executors/thermos-1449816549462-www-data-devel-job4-0-b6ab6972-20fa-4829-8275-08cf4b766c29/runs/50bfc5d1-38f8-488a-95d9-0a72cb7a87f8/pids/forked.pid'
I1211 06:49:09.561728  4928 slave.cpp:1378] Queuing task '1449816549462-www-data-devel-job4-0-b6ab6972-20fa-4829-8275-08cf4b766c29' for executor thermos-1449816549462-www-data-devel-job4-0-b6ab6972-20fa-4829-8275-08cf4b766c29 of framework '20151211-063437-33554442-5050-4917-0000
I1211 06:49:09.573485  4925 fetcher.cpp:238] Fetching URIs using command '/usr/libexec/mesos/mesos-fetcher'
I1211 06:49:09.662972  4925 containerizer.cpp:906] Destroying container '50bfc5d1-38f8-488a-95d9-0a72cb7a87f8'
E1211 06:49:09.664685  4925 slave.cpp:3082] Container '50bfc5d1-38f8-488a-95d9-0a72cb7a87f8' for executor 'thermos-1449816549462-www-data-devel-job4-0-b6ab6972-20fa-4829-8275-08cf4b766c29' of framework '20151211-063437-33554442-5050-4917-0000' failed to start: Failed to fetch URIs for container '50bfc5d1-38f8-488a-95d9-0a72cb7a87f8'with exit status: 34304
I1211 06:49:09.766856  4927 containerizer.cpp:1111] Executor for container '50bfc5d1-38f8-488a-95d9-0a72cb7a87f8' has exited
I1211 06:49:09.767202  4927 slave.cpp:3193] Executor 'thermos-1449816549462-www-data-devel-job4-0-b6ab6972-20fa-4829-8275-08cf4b766c29' of framework 20151211-063437-33554442-5050-4917-0000 terminated with signal Killed
I1211 06:49:09.768188  4927 slave.cpp:2508] Handling status update TASK_LOST (UUID: dfc78dfa-81af-4eed-93a6-a3751b6c88df) for task 1449816549462-www-data-devel-job4-0-b6ab6972-20fa-4829-8275-08cf4b766c29 of framework 20151211-063437-33554442-5050-4917-0000 from @0.0.0.0:0
E1211 06:49:09.768362  4927 slave.cpp:3431] Failed to unmonitor container for executor thermos-1449816549462-www-data-devel-job4-0-b6ab6972-20fa-4829-8275-08cf4b766c29 of framework 20151211-063437-33554442-5050-4917-0000: Not monitored
W1211 06:49:09.768407  4927 containerizer.cpp:802] Ignoring update for unknown container: 50bfc5d1-38f8-488a-95d9-0a72cb7a87f8
I1211 06:49:09.768491  4927 status_update_manager.cpp:317] Received status update TASK_LOST (UUID: dfc78dfa-81af-4eed-93a6-a3751b6c88df) for task 1449816549462-www-data-devel-job4-0-b6ab6972-20fa-4829-8275-08cf4b766c29 of framework 20151211-063437-33554442-5050-4917-0000
I1211 06:49:09.769351  4927 status_update_manager.hpp:346] Checkpointing UPDATE for status update TASK_LOST (UUID: dfc78dfa-81af-4eed-93a6-a3751b6c88df) for task 1449816549462-www-data-devel-job4-0-b6ab6972-20fa-4829-8275-08cf4b766c29 of framework 20151211-063437-33554442-5050-4917-0000
I1211 06:49:09.772984  4923 slave.cpp:2753] Forwarding the update TASK_LOST (UUID: dfc78dfa-81af-4eed-93a6-a3751b6c88df) for task 1449816549462-www-data-devel-job4-0-b6ab6972-20fa-4829-8275-08cf4b766c29 of framework 20151211-063437-33554442-5050-4917-0000 to master@10.0.0.2:5050
I1211 06:49:09.791282  4924 slave.cpp:1558] Asked to kill task 1449816549462-www-data-devel-job4-0-b6ab6972-20fa-4829-8275-08cf4b766c29 of framework 20151211-063437-33554442-5050-4917-0000
W1211 06:49:09.791317  4924 slave.cpp:1683] Ignoring kill task 1449816549462-www-data-devel-job4-0-b6ab6972-20fa-4829-8275-08cf4b766c29 of framework 20151211-063437-33554442-5050-4917-0000 because the executor 'thermos-1449816549462-www-data-devel-job4-0-b6ab6972-20fa-4829-8275-08cf4b766c29' is terminating/terminated
I1211 06:49:09.816813  4926 status_update_manager.cpp:389] Received status update acknowledgement (UUID: dfc78dfa-81af-4eed-93a6-a3751b6c88df) for task 1449816549462-www-data-devel-job4-0-b6ab6972-20fa-4829-8275-08cf4b766c29 of framework 20151211-063437-33554442-5050-4917-0000
I1211 06:49:09.816874  4926 status_update_manager.hpp:346] Checkpointing ACK for status update TASK_LOST (UUID: dfc78dfa-81af-4eed-93a6-a3751b6c88df) for task 1449816549462-www-data-devel-job4-0-b6ab6972-20fa-4829-8275-08cf4b766c29 of framework 20151211-063437-33554442-5050-4917-0000
I1211 06:49:09.819156  4926 slave.cpp:3302] Cleaning up executor 'thermos-1449816549462-www-data-devel-job4-0-b6ab6972-20fa-4829-8275-08cf4b766c29' of framework 20151211-063437-33554442-5050-4917-0000
I1211 06:49:09.819382  4926 slave.cpp:3381] Cleaning up framework 20151211-063437-33554442-5050-4917-0000
I1211 06:49:09.819432  4926 gc.cpp:56] Scheduling '/var/lib/mesos/slave/slaves/20151211-063437-33554442-5050-4917-S1/frameworks/20151211-063437-33554442-5050-4917-0000/executors/thermos-1449816549462-www-data-devel-job4-0-b6ab6972-20fa-4829-8275-08cf4b766c29/runs/50bfc5d1-38f8-488a-95d9-0a72cb7a87f8' for gc 6.99999051716444days in the future
I1211 06:49:09.819459  4926 gc.cpp:56] Scheduling '/var/lib/mesos/slave/slaves/20151211-063437-33554442-5050-4917-S1/frameworks/20151211-063437-33554442-5050-4917-0000/executors/thermos-1449816549462-www-data-devel-job4-0-b6ab6972-20fa-4829-8275-08cf4b766c29' for gc 6.99999051682963days in the future
I1211 06:49:09.819543  4926 gc.cpp:56] Scheduling '/var/lib/mesos/slave/meta/slaves/20151211-063437-33554442-5050-4917-S1/frameworks/20151211-063437-33554442-5050-4917-0000/executors/thermos-1449816549462-www-data-devel-job4-0-b6ab6972-20fa-4829-8275-08cf4b766c29/runs/50bfc5d1-38f8-488a-95d9-0a72cb7a87f8' for gc 6.99999051663111days in the future
I1211 06:49:09.819617  4926 gc.cpp:56] Scheduling '/var/lib/mesos/slave/meta/slaves/20151211-063437-33554442-5050-4917-S1/frameworks/20151211-063437-33554442-5050-4917-0000/executors/thermos-1449816549462-www-data-devel-job4-0-b6ab6972-20fa-4829-8275-08cf4b766c29' for gc 6.99999051647111days in the future
I1211 06:49:09.819632  4926 gc.cpp:56] Scheduling '/var/lib/mesos/slave/slaves/20151211-063437-33554442-5050-4917-S1/frameworks/20151211-063437-33554442-5050-4917-0000' for gc 6.99999051608593days in the future
I1211 06:49:09.819650  4926 gc.cpp:56] Scheduling '/var/lib/mesos/slave/meta/slaves/20151211-063437-33554442-5050-4917-S1/frameworks/20151211-063437-33554442-5050-4917-0000' for gc 6.99999051596148days in the future
I1211 06:49:09.819527  4930 status_update_manager.cpp:279] Closing status update streams for framework 20151211-063437-33554442-5050-4917-0000
I1211 06:49:14.696573  4929 slave.cpp:1121] Got assigned task 1449816554630-www-data-devel-job5-0-6094a21f-394e-44eb-a4ed-370bdce760b0 for framework 20151211-063437-33554442-5050-4917-0000
I1211 06:49:14.697613  4929 gc.cpp:84] Unscheduling '/var/lib/mesos/slave/slaves/20151211-063437-33554442-5050-4917-S1/frameworks/20151211-063437-33554442-5050-4917-0000' from gc
I1211 06:49:14.697652  4929 gc.cpp:84] Unscheduling '/var/lib/mesos/slave/meta/slaves/20151211-063437-33554442-5050-4917-S1/frameworks/20151211-063437-33554442-5050-4917-0000' from gc
I1211 06:49:14.697687  4929 slave.cpp:1231] Launching task 1449816554630-www-data-devel-job5-0-6094a21f-394e-44eb-a4ed-370bdce760b0 for framework 20151211-063437-33554442-5050-4917-0000
I1211 06:49:14.698622  4929 slave.cpp:4160] Launching executor thermos-1449816554630-www-data-devel-job5-0-6094a21f-394e-44eb-a4ed-370bdce760b0 of framework 20151211-063437-33554442-5050-4917-0000 in work directory '/var/lib/mesos/slave/slaves/20151211-063437-33554442-5050-4917-S1/frameworks/20151211-063437-33554442-5050-4917-0000/executors/thermos-1449816554630-www-data-devel-job5-0-6094a21f-394e-44eb-a4ed-370bdce760b0/runs/92cb9096-b027-48b9-be89-4b6c8a054fa1'
I1211 06:49:14.698873  4925 containerizer.cpp:472] Starting container '92cb9096-b027-48b9-be89-4b6c8a054fa1' for executor 'thermos-1449816554630-www-data-devel-job5-0-6094a21f-394e-44eb-a4ed-370bdce760b0' of framework '20151211-063437-33554442-5050-4917-0000'
I1211 06:49:14.699785  4925 launcher.cpp:130] Forked child with pid '14428' for container '92cb9096-b027-48b9-be89-4b6c8a054fa1'
I1211 06:49:14.699995  4925 containerizer.cpp:682] Checkpointing executor's forked pid 14428 to '/var/lib/mesos/slave/meta/slaves/20151211-063437-33554442-5050-4917-S1/frameworks/20151211-063437-33554442-5050-4917-0000/executors/thermos-1449816554630-www-data-devel-job5-0-6094a21f-394e-44eb-a4ed-370bdce760b0/runs/92cb9096-b027-48b9-be89-4b6c8a054fa1/pids/forked.pid'
I1211 06:49:14.703102  4929 slave.cpp:1378] Queuing task '1449816554630-www-data-devel-job5-0-6094a21f-394e-44eb-a4ed-370bdce760b0' for executor thermos-1449816554630-www-data-devel-job5-0-6094a21f-394e-44eb-a4ed-370bdce760b0 of framework '20151211-063437-33554442-5050-4917-0000
I1211 06:49:14.712101  4930 fetcher.cpp:238] Fetching URIs using command '/usr/libexec/mesos/mesos-fetcher'
I1211 06:49:14.836736  4930 containerizer.cpp:906] Destroying container '92cb9096-b027-48b9-be89-4b6c8a054fa1'
E1211 06:49:14.837450  4923 slave.cpp:3082] Container '92cb9096-b027-48b9-be89-4b6c8a054fa1' for executor 'thermos-1449816554630-www-data-devel-job5-0-6094a21f-394e-44eb-a4ed-370bdce760b0' of framework '20151211-063437-33554442-5050-4917-0000' failed to start: Failed to fetch URIs for container '92cb9096-b027-48b9-be89-4b6c8a054fa1'with exit status: 34304
I1211 06:49:14.939241  4924 containerizer.cpp:1111] Executor for container '92cb9096-b027-48b9-be89-4b6c8a054fa1' has exited
I1211 06:49:14.939519  4924 slave.cpp:3193] Executor 'thermos-1449816554630-www-data-devel-job5-0-6094a21f-394e-44eb-a4ed-370bdce760b0' of framework 20151211-063437-33554442-5050-4917-0000 exited with status 1
I1211 06:49:14.940273  4924 slave.cpp:2508] Handling status update TASK_LOST (UUID: b4491846-2c3b-4576-bba6-896a742f8228) for task 1449816554630-www-data-devel-job5-0-6094a21f-394e-44eb-a4ed-370bdce760b0 of framework 20151211-063437-33554442-5050-4917-0000 from @0.0.0.0:0
E1211 06:49:14.940413  4924 slave.cpp:3431] Failed to unmonitor container for executor thermos-1449816554630-www-data-devel-job5-0-6094a21f-394e-44eb-a4ed-370bdce760b0 of framework 20151211-063437-33554442-5050-4917-0000: Not monitored
W1211 06:49:14.940450  4924 containerizer.cpp:802] Ignoring update for unknown container: 92cb9096-b027-48b9-be89-4b6c8a054fa1
I1211 06:49:14.940513  4924 status_update_manager.cpp:317] Received status update TASK_LOST (UUID: b4491846-2c3b-4576-bba6-896a742f8228) for task 1449816554630-www-data-devel-job5-0-6094a21f-394e-44eb-a4ed-370bdce760b0 of framework 20151211-063437-33554442-5050-4917-0000
I1211 06:49:14.940743  4924 status_update_manager.hpp:346] Checkpointing UPDATE for status update TASK_LOST (UUID: b4491846-2c3b-4576-bba6-896a742f8228) for task 1449816554630-www-data-devel-job5-0-6094a21f-394e-44eb-a4ed-370bdce760b0 of framework 20151211-063437-33554442-5050-4917-0000
I1211 06:49:14.945828  4925 slave.cpp:2753] Forwarding the update TASK_LOST (UUID: b4491846-2c3b-4576-bba6-896a742f8228) for task 1449816554630-www-data-devel-job5-0-6094a21f-394e-44eb-a4ed-370bdce760b0 of framework 20151211-063437-33554442-5050-4917-0000 to master@10.0.0.2:5050
I1211 06:49:14.974138  4928 slave.cpp:1558] Asked to kill task 1449816554630-www-data-devel-job5-0-6094a21f-394e-44eb-a4ed-370bdce760b0 of framework 20151211-063437-33554442-5050-4917-0000
W1211 06:49:14.974177  4928 slave.cpp:1683] Ignoring kill task 1449816554630-www-data-devel-job5-0-6094a21f-394e-44eb-a4ed-370bdce760b0 of framework 20151211-063437-33554442-5050-4917-0000 because the executor 'thermos-1449816554630-www-data-devel-job5-0-6094a21f-394e-44eb-a4ed-370bdce760b0' is terminating/terminated
I1211 06:49:14.993409  4928 status_update_manager.cpp:389] Received status update acknowledgement (UUID: b4491846-2c3b-4576-bba6-896a742f8228) for task 1449816554630-www-data-devel-job5-0-6094a21f-394e-44eb-a4ed-370bdce760b0 of framework 20151211-063437-33554442-5050-4917-0000
I1211 06:49:14.993453  4928 status_update_manager.hpp:346] Checkpointing ACK for status update TASK_LOST (UUID: b4491846-2c3b-4576-bba6-896a742f8228) for task 1449816554630-www-data-devel-job5-0-6094a21f-394e-44eb-a4ed-370bdce760b0 of framework 20151211-063437-33554442-5050-4917-0000
I1211 06:49:14.995537  4928 slave.cpp:3302] Cleaning up executor 'thermos-1449816554630-www-data-devel-job5-0-6094a21f-394e-44eb-a4ed-370bdce760b0' of framework 20151211-063437-33554442-5050-4917-0000
I1211 06:49:14.995777  4928 slave.cpp:3381] Cleaning up framework 20151211-063437-33554442-5050-4917-0000
I1211 06:49:14.995862  4928 status_update_manager.cpp:279] Closing status update streams for framework 20151211-063437-33554442-5050-4917-0000
I1211 06:49:14.995802  4927 gc.cpp:56] Scheduling '/var/lib/mesos/slave/slaves/20151211-063437-33554442-5050-4917-S1/frameworks/20151211-063437-33554442-5050-4917-0000/executors/thermos-1449816554630-www-data-devel-job5-0-6094a21f-394e-44eb-a4ed-370bdce760b0/runs/92cb9096-b027-48b9-be89-4b6c8a054fa1' for gc 6.99998847581037days in the future
I1211 06:49:14.995890  4927 gc.cpp:56] Scheduling '/var/lib/mesos/slave/slaves/20151211-063437-33554442-5050-4917-S1/frameworks/20151211-063437-33554442-5050-4917-0000/executors/thermos-1449816554630-www-data-devel-job5-0-6094a21f-394e-44eb-a4ed-370bdce760b0' for gc 6.9999884754963days in the future
I1211 06:49:14.995903  4927 gc.cpp:56] Scheduling '/var/lib/mesos/slave/meta/slaves/20151211-063437-33554442-5050-4917-S1/frameworks/20151211-063437-33554442-5050-4917-0000/executors/thermos-1449816554630-www-data-devel-job5-0-6094a21f-394e-44eb-a4ed-370bdce760b0/runs/92cb9096-b027-48b9-be89-4b6c8a054fa1' for gc 6.99998847530074days in the future
I1211 06:49:14.995925  4927 gc.cpp:56] Scheduling '/var/lib/mesos/slave/meta/slaves/20151211-063437-33554442-5050-4917-S1/frameworks/20151211-063437-33554442-5050-4917-0000/executors/thermos-1449816554630-www-data-devel-job5-0-6094a21f-394e-44eb-a4ed-370bdce760b0' for gc 6.99998847487407days in the future
I1211 06:49:14.995939  4927 gc.cpp:56] Scheduling '/var/lib/mesos/slave/slaves/20151211-063437-33554442-5050-4917-S1/frameworks/20151211-063437-33554442-5050-4917-0000' for gc 6.99998847406222days in the future
I1211 06:49:14.995949  4927 gc.cpp:56] Scheduling '/var/lib/mesos/slave/meta/slaves/20151211-063437-33554442-5050-4917-S1/frameworks/20151211-063437-33554442-5050-4917-0000' for gc 6.99998847392296days in the future
I1211 06:49:18.424845  4926 slave.cpp:1121] Got assigned task 1449816558375-www-data-devel-job6-0-dde8a868-2175-4ada-a1e3-937b1b622ff7 for framework 20151211-063437-33554442-5050-4917-0000
I1211 06:49:18.425621  4926 gc.cpp:84] Unscheduling '/var/lib/mesos/slave/slaves/20151211-063437-33554442-5050-4917-S1/frameworks/20151211-063437-33554442-5050-4917-0000' from gc
I1211 06:49:18.425670  4926 gc.cpp:84] Unscheduling '/var/lib/mesos/slave/meta/slaves/20151211-063437-33554442-5050-4917-S1/frameworks/20151211-063437-33554442-5050-4917-0000' from gc
I1211 06:49:18.425705  4926 slave.cpp:1231] Launching task 1449816558375-www-data-devel-job6-0-dde8a868-2175-4ada-a1e3-937b1b622ff7 for framework 20151211-063437-33554442-5050-4917-0000
I1211 06:49:18.426729  4926 slave.cpp:4160] Launching executor thermos-1449816558375-www-data-devel-job6-0-dde8a868-2175-4ada-a1e3-937b1b622ff7 of framework 20151211-063437-33554442-5050-4917-0000 in work directory '/var/lib/mesos/slave/slaves/20151211-063437-33554442-5050-4917-S1/frameworks/20151211-063437-33554442-5050-4917-0000/executors/thermos-1449816558375-www-data-devel-job6-0-dde8a868-2175-4ada-a1e3-937b1b622ff7/runs/d01f5d94-dd06-487a-b37f-dc064271d159'
I1211 06:49:18.426985  4930 containerizer.cpp:472] Starting container 'd01f5d94-dd06-487a-b37f-dc064271d159' for executor 'thermos-1449816558375-www-data-devel-job6-0-dde8a868-2175-4ada-a1e3-937b1b622ff7' of framework '20151211-063437-33554442-5050-4917-0000'
I1211 06:49:18.427736  4930 launcher.cpp:130] Forked child with pid '14433' for container 'd01f5d94-dd06-487a-b37f-dc064271d159'
I1211 06:49:18.429898  4930 containerizer.cpp:682] Checkpointing executor's forked pid 14433 to '/var/lib/mesos/slave/meta/slaves/20151211-063437-33554442-5050-4917-S1/frameworks/20151211-063437-33554442-5050-4917-0000/executors/thermos-1449816558375-www-data-devel-job6-0-dde8a868-2175-4ada-a1e3-937b1b622ff7/runs/d01f5d94-dd06-487a-b37f-dc064271d159/pids/forked.pid'
I1211 06:49:18.442594  4926 slave.cpp:1378] Queuing task '1449816558375-www-data-devel-job6-0-dde8a868-2175-4ada-a1e3-937b1b622ff7' for executor thermos-1449816558375-www-data-devel-job6-0-dde8a868-2175-4ada-a1e3-937b1b622ff7 of framework '20151211-063437-33554442-5050-4917-0000
I1211 06:49:18.458295  4924 fetcher.cpp:238] Fetching URIs using command '/usr/libexec/mesos/mesos-fetcher'
I1211 06:49:18.590423  4924 containerizer.cpp:906] Destroying container 'd01f5d94-dd06-487a-b37f-dc064271d159'
E1211 06:49:18.590494  4928 slave.cpp:3082] Container 'd01f5d94-dd06-487a-b37f-dc064271d159' for executor 'thermos-1449816558375-www-data-devel-job6-0-dde8a868-2175-4ada-a1e3-937b1b622ff7' of framework '20151211-063437-33554442-5050-4917-0000' failed to start: Failed to fetch URIs for container 'd01f5d94-dd06-487a-b37f-dc064271d159'with exit status: 34304
I1211 06:49:18.692430  4925 containerizer.cpp:1111] Executor for container 'd01f5d94-dd06-487a-b37f-dc064271d159' has exited
I1211 06:49:18.692706  4925 slave.cpp:3193] Executor 'thermos-1449816558375-www-data-devel-job6-0-dde8a868-2175-4ada-a1e3-937b1b622ff7' of framework 20151211-063437-33554442-5050-4917-0000 exited with status 1
I1211 06:49:18.693526  4925 slave.cpp:2508] Handling status update TASK_LOST (UUID: f4874e67-b5cf-4465-b55b-0ab1cc7402db) for task 1449816558375-www-data-devel-job6-0-dde8a868-2175-4ada-a1e3-937b1b622ff7 of framework 20151211-063437-33554442-5050-4917-0000 from @0.0.0.0:0
E1211 06:49:18.693596  4929 slave.cpp:3431] Failed to unmonitor container for executor thermos-1449816558375-www-data-devel-job6-0-dde8a868-2175-4ada-a1e3-937b1b622ff7 of framework 20151211-063437-33554442-5050-4917-0000: Not monitored
W1211 06:49:18.693737  4930 containerizer.cpp:802] Ignoring update for unknown container: d01f5d94-dd06-487a-b37f-dc064271d159
I1211 06:49:18.694412  4927 status_update_manager.cpp:317] Received status update TASK_LOST (UUID: f4874e67-b5cf-4465-b55b-0ab1cc7402db) for task 1449816558375-www-data-devel-job6-0-dde8a868-2175-4ada-a1e3-937b1b622ff7 of framework 20151211-063437-33554442-5050-4917-0000
I1211 06:49:18.694620  4927 status_update_manager.hpp:346] Checkpointing UPDATE for status update TASK_LOST (UUID: f4874e67-b5cf-4465-b55b-0ab1cc7402db) for task 1449816558375-www-data-devel-job6-0-dde8a868-2175-4ada-a1e3-937b1b622ff7 of framework 20151211-063437-33554442-5050-4917-0000
I1211 06:49:18.698477  4927 slave.cpp:2753] Forwarding the update TASK_LOST (UUID: f4874e67-b5cf-4465-b55b-0ab1cc7402db) for task 1449816558375-www-data-devel-job6-0-dde8a868-2175-4ada-a1e3-937b1b622ff7 of framework 20151211-063437-33554442-5050-4917-0000 to master@10.0.0.2:5050
I1211 06:49:18.716646  4928 slave.cpp:1558] Asked to kill task 1449816558375-www-data-devel-job6-0-dde8a868-2175-4ada-a1e3-937b1b622ff7 of framework 20151211-063437-33554442-5050-4917-0000
W1211 06:49:18.716682  4928 slave.cpp:1683] Ignoring kill task 1449816558375-www-data-devel-job6-0-dde8a868-2175-4ada-a1e3-937b1b622ff7 of framework 20151211-063437-33554442-5050-4917-0000 because the executor 'thermos-1449816558375-www-data-devel-job6-0-dde8a868-2175-4ada-a1e3-937b1b622ff7' is terminating/terminated
I1211 06:49:18.735004  4928 status_update_manager.cpp:389] Received status update acknowledgement (UUID: f4874e67-b5cf-4465-b55b-0ab1cc7402db) for task 1449816558375-www-data-devel-job6-0-dde8a868-2175-4ada-a1e3-937b1b622ff7 of framework 20151211-063437-33554442-5050-4917-0000
I1211 06:49:18.735049  4928 status_update_manager.hpp:346] Checkpointing ACK for status update TASK_LOST (UUID: f4874e67-b5cf-4465-b55b-0ab1cc7402db) for task 1449816558375-www-data-devel-job6-0-dde8a868-2175-4ada-a1e3-937b1b622ff7 of framework 20151211-063437-33554442-5050-4917-0000
I1211 06:49:18.738189  4928 slave.cpp:3302] Cleaning up executor 'thermos-1449816558375-www-data-devel-job6-0-dde8a868-2175-4ada-a1e3-937b1b622ff7' of framework 20151211-063437-33554442-5050-4917-0000
I1211 06:49:18.738463  4928 slave.cpp:3381] Cleaning up framework 20151211-063437-33554442-5050-4917-0000
I1211 06:49:18.738555  4928 status_update_manager.cpp:279] Closing status update streams for framework 20151211-063437-33554442-5050-4917-0000
I1211 06:49:18.738486  4929 gc.cpp:56] Scheduling '/var/lib/mesos/slave/slaves/20151211-063437-33554442-5050-4917-S1/frameworks/20151211-063437-33554442-5050-4917-0000/executors/thermos-1449816558375-www-data-devel-job6-0-dde8a868-2175-4ada-a1e3-937b1b622ff7/runs/d01f5d94-dd06-487a-b37f-dc064271d159' for gc 6.99999145383111days in the future
I1211 06:49:18.738598  4929 gc.cpp:56] Scheduling '/var/lib/mesos/slave/slaves/20151211-063437-33554442-5050-4917-S1/frameworks/20151211-063437-33554442-5050-4917-0000/executors/thermos-1449816558375-www-data-devel-job6-0-dde8a868-2175-4ada-a1e3-937b1b622ff7' for gc 6.99999145348444days in the future
I1211 06:49:18.738613  4929 gc.cpp:56] Scheduling '/var/lib/mesos/slave/meta/slaves/20151211-063437-33554442-5050-4917-S1/frameworks/20151211-063437-33554442-5050-4917-0000/executors/thermos-1449816558375-www-data-devel-job6-0-dde8a868-2175-4ada-a1e3-937b1b622ff7/runs/d01f5d94-dd06-487a-b37f-dc064271d159' for gc 6.99999145321778days in the future
I1211 06:49:18.738625  4929 gc.cpp:56] Scheduling '/var/lib/mesos/slave/meta/slaves/20151211-063437-33554442-5050-4917-S1/frameworks/20151211-063437-33554442-5050-4917-0000/executors/thermos-1449816558375-www-data-devel-job6-0-dde8a868-2175-4ada-a1e3-937b1b622ff7' for gc 6.99999145303407days in the future
I1211 06:49:18.738646  4929 gc.cpp:56] Scheduling '/var/lib/mesos/slave/slaves/20151211-063437-33554442-5050-4917-S1/frameworks/20151211-063437-33554442-5050-4917-0000' for gc 6.99999145216296days in the future
I1211 06:49:18.738662  4929 gc.cpp:56] Scheduling '/var/lib/mesos/slave/meta/slaves/20151211-063437-33554442-5050-4917-S1/frameworks/20151211-063437-33554442-5050-4917-0000' for gc 6.99999145201481days in the future
I1211 06:49:30.903507  4929 slave.cpp:3534] Framework 20151211-063437-33554442-5050-4917-0000 seems to have exited. Ignoring registration timeout for executor 'thermos-1449816510497-www-data-devel-job1-0-481e82c1-96c7-4c42-94be-b2aaaf490543'
2015-12-11 06:49:41,867:4922(0x7f6e793b9700):ZOO_ERROR@handle_socket_error_msg@1643: Socket [10.0.0.2:2181] zk retcode=-7, errno=110(Connection timed out): connection to 10.0.0.2:2181 timed out (exceeded timeout by 3ms)
I1211 06:49:41.868173  4928 group.cpp:418] Lost connection to ZooKeeper, attempting to reconnect ...
2015-12-11 06:49:41,869:4922(0x7f6e793b9700):ZOO_INFO@check_events@1703: initiated connection to server [10.0.0.3:2181]
I1211 06:49:45.127985  4930 slave.cpp:3534] Framework 20151211-063437-33554442-5050-4917-0000 seems to have exited. Ignoring registration timeout for executor 'thermos-1449816525070-www-data-devel-job2-0-0d7d07b6-46f6-43f7-9a3e-ffbe0a6ddc2b'
2015-12-11 06:49:45,487:4922(0x7f6e793b9700):ZOO_ERROR@handle_socket_error_msg@1721: Socket [10.0.0.3:2181] zk retcode=-4, errno=112(Host is down): failed while receiving a server response
2015-12-11 06:49:45,487:4922(0x7f6e793b9700):ZOO_INFO@check_events@1703: initiated connection to server [10.0.0.4:2181]
2015-12-11 06:49:45,501:4922(0x7f6e793b9700):ZOO_ERROR@handle_socket_error_msg@1721: Socket [10.0.0.4:2181] zk retcode=-4, errno=112(Host is down): failed while receiving a server response
2015-12-11 06:49:45,501:4922(0x7f6e793b9700):ZOO_INFO@check_events@1703: initiated connection to server [10.0.0.6:2181]
2015-12-11 06:49:45,531:4922(0x7f6e793b9700):ZOO_ERROR@handle_socket_error_msg@1721: Socket [10.0.0.6:2181] zk retcode=-4, errno=112(Host is down): failed while receiving a server response
W1211 06:49:51.873035  4927 group.cpp:456] Timed out waiting to reconnect to ZooKeeper. Forcing ZooKeeper session (sessionId=5518fc035f60005) expiration
I1211 06:49:51.873183  4927 group.cpp:472] ZooKeeper session expired
I1211 06:49:51.873311  4923 detector.cpp:138] Detected a new leader: None
I1211 06:49:51.873358  4923 slave.cpp:617] Lost leading master
I1211 06:49:51.873373  4923 slave.cpp:660] Detecting new master
I1211 06:49:51.873395  4930 status_update_manager.cpp:171] Pausing sending status updates
2015-12-11 06:49:51,873:4922(0x7f6e7c3f5700):ZOO_INFO@zookeeper_close@2522: Freeing zookeeper resources for sessionId=0x5518fc035f60005

2015-12-11 06:49:51,873:4922(0x7f6e7c3f5700):ZOO_INFO@log_env@712: Client environment:zookeeper.version=zookeeper C client 3.4.5
2015-12-11 06:49:51,873:4922(0x7f6e7c3f5700):ZOO_INFO@log_env@716: Client environment:host.name=3daa746bde23
2015-12-11 06:49:51,873:4922(0x7f6e7c3f5700):ZOO_INFO@log_env@723: Client environment:os.name=Linux
2015-12-11 06:49:51,873:4922(0x7f6e7c3f5700):ZOO_INFO@log_env@724: Client environment:os.arch=4.1.12-boot2docker
2015-12-11 06:49:51,873:4922(0x7f6e7c3f5700):ZOO_INFO@log_env@725: Client environment:os.version=#1 SMP Tue Nov 3 06:03:36 UTC 2015
2015-12-11 06:49:51,873:4922(0x7f6e7c3f5700):ZOO_INFO@log_env@733: Client environment:user.name=(null)
2015-12-11 06:49:51,873:4922(0x7f6e7c3f5700):ZOO_INFO@log_env@741: Client environment:user.home=/root
2015-12-11 06:49:51,873:4922(0x7f6e7c3f5700):ZOO_INFO@log_env@753: Client environment:user.dir=/var/lib/mesos/slave
2015-12-11 06:49:51,873:4922(0x7f6e7c3f5700):ZOO_INFO@zookeeper_init@786: Initiating client connection, host=n1:2181,n2:2181,n3:2181,n4:2181,n5:2181 sessionTimeout=10000 watcher=0x7f6e85023200 sessionId=0 sessionPasswd=<null> context=0x7f6e600094d0 flags=0
2015-12-11 06:49:51,874:4922(0x7f6e78bb8700):ZOO_INFO@check_events@1703: initiated connection to server [10.0.0.3:2181]
2015-12-11 06:49:51,877:4922(0x7f6e78bb8700):ZOO_INFO@check_events@1750: session establishment complete on server [10.0.0.3:2181], sessionId=0x4518fcd7a970006, negotiated timeout=10000
I1211 06:49:51.877169  4926 group.cpp:313] Group process (group(1)@10.0.0.6:5051) connected to ZooKeeper
I1211 06:49:51.877192  4926 group.cpp:790] Syncing group operations: queue size (joins, cancels, datas) = (0, 0, 0)
I1211 06:49:51.877199  4926 group.cpp:385] Trying to create path '/mesos' in ZooKeeper
I1211 06:49:51.893431  4926 detector.cpp:138] Detected a new leader: (id='2')
I1211 06:49:51.893518  4926 group.cpp:659] Trying to get '/mesos/info_0000000002' in ZooKeeper
I1211 06:49:51.895783  4926 detector.cpp:452] A new leading master (UPID=master@10.0.0.2:5050) is detected
I1211 06:49:51.895872  4926 slave.cpp:624] New master detected at master@10.0.0.2:5050
I1211 06:49:51.895889  4926 slave.cpp:649] No credentials provided. Attempting to register without authentication
I1211 06:49:51.895901  4926 slave.cpp:660] Detecting new master
I1211 06:49:51.895918  4926 status_update_manager.cpp:171] Pausing sending status updates
I1211 06:49:58.031111  4929 detector.cpp:138] Detected a new leader: (id='4')
I1211 06:49:58.031227  4929 group.cpp:659] Trying to get '/mesos/info_0000000004' in ZooKeeper
I1211 06:49:58.031671  4929 detector.cpp:452] A new leading master (UPID=master@10.0.0.4:5050) is detected
I1211 06:49:58.031708  4929 slave.cpp:624] New master detected at master@10.0.0.4:5050
I1211 06:49:58.031821  4929 slave.cpp:649] No credentials provided. Attempting to register without authentication
I1211 06:49:58.031838  4929 slave.cpp:660] Detecting new master
I1211 06:49:58.031855  4929 status_update_manager.cpp:171] Pausing sending status updates
I1211 06:50:02.044893  4927 slave.cpp:3618] Current disk usage 32.93%. Max allowed age: 3.994631884379676days
I1211 06:50:02.384284  4928 slave.cpp:3534] Framework 20151211-063437-33554442-5050-4917-0000 seems to have exited. Ignoring registration timeout for executor 'thermos-1449816542273-www-data-devel-job3-0-89197f10-b937-4c07-8319-ac173bf00daa'
I1211 06:50:09.562230  4926 slave.cpp:3534] Framework 20151211-063437-33554442-5050-4917-0000 seems to have exited. Ignoring registration timeout for executor 'thermos-1449816549462-www-data-devel-job4-0-b6ab6972-20fa-4829-8275-08cf4b766c29'
I1211 06:50:14.703402  4926 slave.cpp:3534] Framework 20151211-063437-33554442-5050-4917-0000 seems to have exited. Ignoring registration timeout for executor 'thermos-1449816554630-www-data-devel-job5-0-6094a21f-394e-44eb-a4ed-370bdce760b0'
I1211 06:50:18.434660  4923 slave.cpp:3534] Framework 20151211-063437-33554442-5050-4917-0000 seems to have exited. Ignoring registration timeout for executor 'thermos-1449816558375-www-data-devel-job6-0-dde8a868-2175-4ada-a1e3-937b1b622ff7'
I1211 06:50:47.563264  4926 slave.cpp:2908] No pings from master received within 75secs
I1211 06:51:02.045498  4928 slave.cpp:3618] Current disk usage 32.93%. Max allowed age: 3.994556192060174days
/usr/sbin/mesos-slave already running.
2015-12-11 06:51:24,293:4922(0x7f6e78bb8700):ZOO_WARN@zookeeper_interest@1557: Exceeded deadline by 22ms
2015-12-11 06:51:30,982:4922(0x7f6e78bb8700):ZOO_WARN@zookeeper_interest@1557: Exceeded deadline by 12ms
I1211 06:51:39.892639  4927 slave.cpp:2918] master@10.0.0.2:5050 exited
2015-12-11 06:51:41,010:4922(0x7f6e78bb8700):ZOO_WARN@zookeeper_interest@1557: Exceeded deadline by 13ms
I1211 06:51:58.062762  4923 slave.cpp:2918] master@10.0.0.4:5050 exited
W1211 06:51:58.062830  4923 slave.cpp:2921] Master disconnected! Waiting for a new master to be elected
I1211 06:52:02.046103  4927 slave.cpp:3618] Current disk usage 32.86%. Max allowed age: 3.999459769022130days
I1211 06:52:10.025446  4923 detector.cpp:138] Detected a new leader: (id='5')
I1211 06:52:10.025529  4923 group.cpp:659] Trying to get '/mesos/info_0000000005' in ZooKeeper
I1211 06:52:10.025952  4923 detector.cpp:452] A new leading master (UPID=master@10.0.0.2:5050) is detected
I1211 06:52:10.025988  4923 slave.cpp:624] New master detected at master@10.0.0.2:5050
I1211 06:52:10.026160  4924 status_update_manager.cpp:171] Pausing sending status updates
I1211 06:52:10.026324  4923 slave.cpp:649] No credentials provided. Attempting to register without authentication
I1211 06:52:10.026340  4923 slave.cpp:660] Detecting new master
I1211 06:52:10.120672  4925 slave.cpp:860] Re-registered with master master@10.0.0.2:5050
I1211 06:52:10.120723  4925 status_update_manager.cpp:178] Resuming sending status updates
I1211 06:52:10.123566  4927 slave.cpp:2010] Updated checkpointed resources from  to 
W1211 06:52:13.524750  4925 slave.cpp:1911] Ignoring updating pid for framework 20151211-065119-33554442-5050-14508-0000 because it does not exist
W1211 06:52:15.755452  4925 slave.cpp:1911] Ignoring updating pid for framework 20151211-065119-33554442-5050-14508-0000 because it does not exist
W1211 06:52:17.642514  4929 slave.cpp:1911] Ignoring updating pid for framework 20151211-065119-33554442-5050-14508-0000 because it does not exist
I1211 06:53:02.051687  4926 slave.cpp:3618] Current disk usage 32.87%. Max allowed age: 3.999434062196643days
2015-12-11 06:53:06,743:4922(0x7f6e78bb8700):ZOO_ERROR@handle_socket_error_msg@1643: Socket [10.0.0.3:2181] zk retcode=-7, errno=110(Connection timed out): connection to 10.0.0.3:2181 timed out (exceeded timeout by 5ms)
2015-12-11 06:53:06,743:4922(0x7f6e78bb8700):ZOO_INFO@check_events@1703: initiated connection to server [10.0.0.6:2181]
I1211 06:53:06.743299  4923 group.cpp:418] Lost connection to ZooKeeper, attempting to reconnect ...
2015-12-11 06:53:11,271:4922(0x7f6e78bb8700):ZOO_ERROR@handle_socket_error_msg@1721: Socket [10.0.0.6:2181] zk retcode=-4, errno=112(Host is down): failed while receiving a server response
2015-12-11 06:53:11,271:4922(0x7f6e78bb8700):ZOO_INFO@check_events@1703: initiated connection to server [10.0.0.4:2181]
2015-12-11 06:53:11,274:4922(0x7f6e78bb8700):ZOO_ERROR@handle_socket_error_msg@1721: Socket [10.0.0.4:2181] zk retcode=-4, errno=112(Host is down): failed while receiving a server response
W1211 06:53:16.744403  4928 group.cpp:456] Timed out waiting to reconnect to ZooKeeper. Forcing ZooKeeper session (sessionId=4518fcd7a970006) expiration
I1211 06:53:16.744570  4928 group.cpp:472] ZooKeeper session expired
I1211 06:53:16.744710  4924 detector.cpp:138] Detected a new leader: None
I1211 06:53:16.744772  4924 slave.cpp:617] Lost leading master
I1211 06:53:16.744786  4924 slave.cpp:660] Detecting new master
I1211 06:53:16.744810  4924 status_update_manager.cpp:171] Pausing sending status updates
2015-12-11 06:53:16,744:4922(0x7f6e7bbf4700):ZOO_INFO@zookeeper_close@2522: Freeing zookeeper resources for sessionId=0x4518fcd7a970006

2015-12-11 06:53:16,744:4922(0x7f6e7bbf4700):ZOO_INFO@log_env@712: Client environment:zookeeper.version=zookeeper C client 3.4.5
2015-12-11 06:53:16,744:4922(0x7f6e7bbf4700):ZOO_INFO@log_env@716: Client environment:host.name=3daa746bde23
2015-12-11 06:53:16,744:4922(0x7f6e7bbf4700):ZOO_INFO@log_env@723: Client environment:os.name=Linux
2015-12-11 06:53:16,744:4922(0x7f6e7bbf4700):ZOO_INFO@log_env@724: Client environment:os.arch=4.1.12-boot2docker
2015-12-11 06:53:16,744:4922(0x7f6e7bbf4700):ZOO_INFO@log_env@725: Client environment:os.version=#1 SMP Tue Nov 3 06:03:36 UTC 2015
2015-12-11 06:53:16,745:4922(0x7f6e7bbf4700):ZOO_INFO@log_env@733: Client environment:user.name=(null)
2015-12-11 06:53:16,745:4922(0x7f6e7bbf4700):ZOO_INFO@log_env@741: Client environment:user.home=/root
2015-12-11 06:53:16,745:4922(0x7f6e7bbf4700):ZOO_INFO@log_env@753: Client environment:user.dir=/var/lib/mesos/slave
2015-12-11 06:53:16,745:4922(0x7f6e7bbf4700):ZOO_INFO@zookeeper_init@786: Initiating client connection, host=n1:2181,n2:2181,n3:2181,n4:2181,n5:2181 sessionTimeout=10000 watcher=0x7f6e85023200 sessionId=0 sessionPasswd=<null> context=0x7f6e700022e0 flags=0
2015-12-11 06:53:16,746:4922(0x7f6e793b9700):ZOO_INFO@check_events@1703: initiated connection to server [10.0.0.5:2181]
2015-12-11 06:53:16,752:4922(0x7f6e793b9700):ZOO_INFO@check_events@1750: session establishment complete on server [10.0.0.5:2181], sessionId=0x2518fd09df80000, negotiated timeout=10000
I1211 06:53:16.752765  4923 group.cpp:313] Group process (group(1)@10.0.0.6:5051) connected to ZooKeeper
I1211 06:53:16.754205  4923 group.cpp:790] Syncing group operations: queue size (joins, cancels, datas) = (0, 0, 0)
I1211 06:53:16.754238  4923 group.cpp:385] Trying to create path '/mesos' in ZooKeeper
I1211 06:53:16.765020  4923 detector.cpp:138] Detected a new leader: (id='5')
I1211 06:53:16.765096  4923 group.cpp:659] Trying to get '/mesos/info_0000000005' in ZooKeeper
I1211 06:53:16.772166  4923 detector.cpp:452] A new leading master (UPID=master@10.0.0.2:5050) is detected
I1211 06:53:16.772205  4923 slave.cpp:624] New master detected at master@10.0.0.2:5050
I1211 06:53:16.772217  4923 slave.cpp:649] No credentials provided. Attempting to register without authentication
I1211 06:53:16.772228  4923 slave.cpp:660] Detecting new master
I1211 06:53:16.772243  4923 status_update_manager.cpp:171] Pausing sending status updates
I1211 06:53:24.052945  4930 detector.cpp:138] Detected a new leader: None
I1211 06:53:24.053025  4930 slave.cpp:617] Lost leading master
I1211 06:53:24.053035  4930 slave.cpp:660] Detecting new master
I1211 06:53:24.053067  4926 status_update_manager.cpp:171] Pausing sending status updates
I1211 06:53:26.704954  4924 slave.cpp:948] Skipping registration because no master present
I1211 06:54:02.052356  4924 slave.cpp:3618] Current disk usage 32.87%. Max allowed age: 3.999313382932535days
I1211 06:54:10.123543  4923 slave.cpp:2908] No pings from master received within 75secs
I1211 06:54:46.745734  4924 detector.cpp:138] Detected a new leader: (id='7')
I1211 06:54:46.745827  4924 group.cpp:659] Trying to get '/mesos/info_0000000007' in ZooKeeper
I1211 06:54:46.746564  4924 detector.cpp:452] A new leading master (UPID=master@10.0.0.3:5050) is detected
I1211 06:54:46.746600  4924 slave.cpp:624] New master detected at master@10.0.0.3:5050
I1211 06:54:46.746687  4924 slave.cpp:649] No credentials provided. Attempting to register without authentication
I1211 06:54:46.746704  4924 slave.cpp:660] Detecting new master
I1211 06:54:46.746723  4924 status_update_manager.cpp:171] Pausing sending status updates
I1211 06:54:53.197825  4926 slave.cpp:860] Re-registered with master master@10.0.0.3:5050
I1211 06:54:53.198029  4926 slave.cpp:2010] Updated checkpointed resources from  to 
I1211 06:54:53.198081  4926 status_update_manager.cpp:178] Resuming sending status updates
/usr/sbin/mesos-slave already running.
2015-12-11 06:54:59,957:4922(0x7f6e793b9700):ZOO_WARN@zookeeper_interest@1557: Exceeded deadline by 20ms
I1211 06:55:02.061141  4926 slave.cpp:3618] Current disk usage 32.87%. Max allowed age: 3.999172709470833days
I1211 06:55:05.185915  4929 slave.cpp:2918] master@10.0.0.2:5050 exited
2015-12-11 06:55:06,650:4922(0x7f6e793b9700):ZOO_WARN@zookeeper_interest@1557: Exceeded deadline by 15ms
2015-12-11 06:55:09,996:4922(0x7f6e793b9700):ZOO_WARN@zookeeper_interest@1557: Exceeded deadline by 13ms
2015-12-11 06:55:13,343:4922(0x7f6e793b9700):ZOO_WARN@zookeeper_interest@1557: Exceeded deadline by 13ms
2015-12-11 06:55:23,379:4922(0x7f6e793b9700):ZOO_WARN@zookeeper_interest@1557: Exceeded deadline by 20ms
W1211 06:55:28.385530  4928 slave.cpp:1911] Ignoring updating pid for framework 20151211-065119-33554442-5050-14508-0000 because it does not exist
W1211 06:55:30.103304  4926 slave.cpp:1911] Ignoring updating pid for framework 20151211-065119-33554442-5050-14508-0000 because it does not exist
W1211 06:55:32.007936  4927 slave.cpp:1911] Ignoring updating pid for framework 20151211-065119-33554442-5050-14508-0000 because it does not exist
W1211 06:55:33.799283  4924 slave.cpp:1911] Ignoring updating pid for framework 20151211-065119-33554442-5050-14508-0000 because it does not exist
W1211 06:55:35.850229  4930 slave.cpp:1911] Ignoring updating pid for framework 20151211-065119-33554442-5050-14508-0000 because it does not exist
I1211 06:56:02.061661  4927 slave.cpp:3618] Current disk usage 32.87%. Max allowed age: 3.999189847354502days
I1211 06:57:02.062075  4929 slave.cpp:3618] Current disk usage 32.87%. Max allowed age: 3.999159856058090days
I1211 06:58:02.063683  4926 slave.cpp:3618] Current disk usage 32.87%. Max allowed age: 3.999127722526227days
