I1211 01:43:49.278208 11074 logging.cpp:172] INFO level logging started!
I1211 01:43:49.278372 11074 main.cpp:156] Build: 2015-03-26 13:36:52 by root
I1211 01:43:49.278381 11074 main.cpp:158] Version: 0.22.0
I1211 01:43:49.278386 11074 main.cpp:161] Git tag: 0.22.0
I1211 01:43:49.278391 11074 main.cpp:165] Git SHA: e890e2414903bb69cab730d5204f10b10d2e91bb
I1211 01:43:49.278444 11074 containerizer.cpp:110] Using isolation: posix/cpu,posix/mem
I1211 01:43:49.278550 11074 main.cpp:200] Starting Mesos slave
I1211 01:43:49.278693 11074 slave.cpp:174] Slave started on 1)@10.0.0.5:5051
Failed to determine slave resources: Bad type for resource disk value 1000" type TEXT
I1211 01:47:31.817528 11324 logging.cpp:172] INFO level logging started!
I1211 01:47:31.817718 11324 main.cpp:156] Build: 2015-03-26 13:36:52 by root
I1211 01:47:31.817729 11324 main.cpp:158] Version: 0.22.0
I1211 01:47:31.817734 11324 main.cpp:161] Git tag: 0.22.0
I1211 01:47:31.817739 11324 main.cpp:165] Git SHA: e890e2414903bb69cab730d5204f10b10d2e91bb
I1211 01:47:31.817791 11324 containerizer.cpp:110] Using isolation: posix/cpu,posix/mem
I1211 01:47:31.817900 11324 main.cpp:200] Starting Mesos slave
I1211 01:47:31.818055 11324 slave.cpp:174] Slave started on 1)@10.0.0.5:5051
Failed to determine slave resources: Bad type for resource disk value 1000" type TEXT
I1211 01:51:09.572094 11518 logging.cpp:172] INFO level logging started!
I1211 01:51:09.572279 11518 main.cpp:156] Build: 2015-03-26 13:36:52 by root
I1211 01:51:09.572289 11518 main.cpp:158] Version: 0.22.0
I1211 01:51:09.572295 11518 main.cpp:161] Git tag: 0.22.0
I1211 01:51:09.572300 11518 main.cpp:165] Git SHA: e890e2414903bb69cab730d5204f10b10d2e91bb
I1211 01:51:09.572360 11518 containerizer.cpp:110] Using isolation: posix/cpu,posix/mem
I1211 01:51:09.572476 11518 main.cpp:200] Starting Mesos slave
I1211 01:51:09.572638 11518 slave.cpp:174] Slave started on 1)@10.0.0.5:5051
2015-12-11 01:51:09,604:11518(0x7f65c30bb700):ZOO_INFO@log_env@712: Client environment:zookeeper.version=zookeeper C client 3.4.5
2015-12-11 01:51:09,604:11518(0x7f65c30bb700):ZOO_INFO@log_env@716: Client environment:host.name=aab7befaccb5
2015-12-11 01:51:09,604:11518(0x7f65c30bb700):ZOO_INFO@log_env@723: Client environment:os.name=Linux
2015-12-11 01:51:09,604:11518(0x7f65c30bb700):ZOO_INFO@log_env@724: Client environment:os.arch=4.1.12-boot2docker
2015-12-11 01:51:09,604:11518(0x7f65c30bb700):ZOO_INFO@log_env@725: Client environment:os.version=#1 SMP Tue Nov 3 06:03:36 UTC 2015
2015-12-11 01:51:09,604:11518(0x7f65c30bb700):ZOO_INFO@log_env@733: Client environment:user.name=(null)
2015-12-11 01:51:09,605:11518(0x7f65c30bb700):ZOO_INFO@log_env@741: Client environment:user.home=/root
2015-12-11 01:51:09,605:11518(0x7f65c30bb700):ZOO_INFO@log_env@753: Client environment:user.dir=/var/lib/mesos/slave
2015-12-11 01:51:09,605:11518(0x7f65c30bb700):ZOO_INFO@zookeeper_init@786: Initiating client connection, host=n1:2181,n2:2181,n3:2181,n4:2181,n5:2181 sessionTimeout=10000 watcher=0x7f65ccceb200 sessionId=0 sessionPasswd=<null> context=0x7f65bc004160 flags=0
2015-12-11 01:51:09,609:11518(0x7f65c1081700):ZOO_INFO@check_events@1703: initiated connection to server [10.0.0.4:2181]
2015-12-11 01:51:09,624:11518(0x7f65c1081700):ZOO_ERROR@handle_socket_error_msg@1721: Socket [10.0.0.4:2181] zk retcode=-4, errno=112(Host is down): failed while receiving a server response
2015-12-11 01:51:09,625:11518(0x7f65c1081700):ZOO_INFO@check_events@1703: initiated connection to server [10.0.0.5:2181]
2015-12-11 01:51:09,625:11518(0x7f65c1081700):ZOO_ERROR@handle_socket_error_msg@1721: Socket [10.0.0.5:2181] zk retcode=-4, errno=112(Host is down): failed while receiving a server response
2015-12-11 01:51:09,625:11518(0x7f65c1081700):ZOO_INFO@check_events@1703: initiated connection to server [10.0.0.2:2181]
Failed to determine slave resources: Bad type for resource disk value 1000" type TEXT
