WARNING: Logging before InitGoogleLogging() is written to STDERR
I1209 00:23:49.764637  6960 process.cpp:961] libprocess is initialized on 10.0.0.2:5050 for 8 cpus
I1209 00:23:49.764739  6960 logging.cpp:172] INFO level logging started!
I1209 00:23:49.764850  6960 logging.cpp:177] Logging to /var/log/mesos
I1209 00:23:49.764861  6960 main.cpp:181] Build: 2015-03-26 13:36:52 by root
I1209 00:23:49.764869  6960 main.cpp:183] Version: 0.22.0
I1209 00:23:49.764874  6960 main.cpp:186] Git tag: 0.22.0
I1209 00:23:49.764879  6960 main.cpp:190] Git SHA: e890e2414903bb69cab730d5204f10b10d2e91bb
I1209 00:23:49.794026  6960 leveldb.cpp:176] Opened db in 9.310616ms
I1209 00:23:49.810703  6960 leveldb.cpp:183] Compacted db in 16.635164ms
I1209 00:23:49.810744  6960 leveldb.cpp:198] Created db iterator in 7837ns
I1209 00:23:49.810753  6960 leveldb.cpp:204] Seeked to beginning of db in 796ns
I1209 00:23:49.810760  6960 leveldb.cpp:273] Iterated through 0 keys in the db in 361ns
I1209 00:23:49.810789  6960 replica.cpp:744] Replica recovered with log positions 0 -> 0 with 1 holes and 0 unlearned
2015-12-09 00:23:49,811:6960(0x7f8704e45700):ZOO_INFO@log_env@712: Client environment:zookeeper.version=zookeeper C client 3.4.5
2015-12-09 00:23:49,811:6960(0x7f8704e45700):ZOO_INFO@log_env@716: Client environment:host.name=50fc3801d9f2
2015-12-09 00:23:49,811:6960(0x7f8704e45700):ZOO_INFO@log_env@723: Client environment:os.name=Linux
2015-12-09 00:23:49,811:6960(0x7f8704e45700):ZOO_INFO@log_env@724: Client environment:os.arch=4.1.12-boot2docker
2015-12-09 00:23:49,811:6960(0x7f8704e45700):ZOO_INFO@log_env@725: Client environment:os.version=#1 SMP Tue Nov 3 06:03:36 UTC 2015
2015-12-09 00:23:49,811:6960(0x7f8704e45700):ZOO_INFO@log_env@733: Client environment:user.name=(null)
2015-12-09 00:23:49,811:6960(0x7f8704e45700):ZOO_INFO@log_env@741: Client environment:user.home=/root
2015-12-09 00:23:49,811:6960(0x7f8704e45700):ZOO_INFO@log_env@753: Client environment:user.dir=/var/lib/mesos/master
2015-12-09 00:23:49,811:6960(0x7f8704e45700):ZOO_INFO@zookeeper_init@786: Initiating client connection, host=n1:2181,n2:2181,n3:2181,n4:2181,n5:2181 sessionTimeout=10000 watcher=0x7f870da73200 sessionId=0 sessionPasswd=<null> context=0x7f86ec000930 flags=0
2015-12-09 00:23:49,811:6960(0x7f8704644700):ZOO_INFO@log_env@712: Client environment:zookeeper.version=zookeeper C client 3.4.5
2015-12-09 00:23:49,811:6960(0x7f8704644700):ZOO_INFO@log_env@716: Client environment:host.name=50fc3801d9f2
2015-12-09 00:23:49,811:6960(0x7f8704644700):ZOO_INFO@log_env@723: Client environment:os.name=Linux
2015-12-09 00:23:49,811:6960(0x7f8704644700):ZOO_INFO@log_env@724: Client environment:os.arch=4.1.12-boot2docker
2015-12-09 00:23:49,811:6960(0x7f8704644700):ZOO_INFO@log_env@725: Client environment:os.version=#1 SMP Tue Nov 3 06:03:36 UTC 2015
2015-12-09 00:23:49,811:6960(0x7f8704644700):ZOO_INFO@log_env@733: Client environment:user.name=(null)
2015-12-09 00:23:49,811:6960(0x7f8704644700):ZOO_INFO@log_env@741: Client environment:user.home=/root
2015-12-09 00:23:49,811:6960(0x7f8704644700):ZOO_INFO@log_env@753: Client environment:user.dir=/var/lib/mesos/master
2015-12-09 00:23:49,811:6960(0x7f8704644700):ZOO_INFO@zookeeper_init@786: Initiating client connection, host=n1:2181,n2:2181,n3:2181,n4:2181,n5:2181 sessionTimeout=10000 watcher=0x7f870da73200 sessionId=0 sessionPasswd=<null> context=0x7f86e4000930 flags=0
I1209 00:23:49.812300  6963 log.cpp:238] Attempting to join replica to ZooKeeper group
I1209 00:23:49.812434  6963 recover.cpp:449] Starting replica recovery
I1209 00:23:49.812489  6963 recover.cpp:475] Replica is in EMPTY status
2015-12-09 00:23:49,834:6960(0x7f8706e49700):ZOO_INFO@log_env@712: Client environment:zookeeper.version=zookeeper C client 3.4.5
2015-12-09 00:23:49,834:6960(0x7f8706e49700):ZOO_INFO@log_env@716: Client environment:host.name=50fc3801d9f2
2015-12-09 00:23:49,834:6960(0x7f8706e49700):ZOO_INFO@log_env@723: Client environment:os.name=Linux
2015-12-09 00:23:49,834:6960(0x7f8706e49700):ZOO_INFO@log_env@724: Client environment:os.arch=4.1.12-boot2docker
2015-12-09 00:23:49,834:6960(0x7f8706e49700):ZOO_INFO@log_env@725: Client environment:os.version=#1 SMP Tue Nov 3 06:03:36 UTC 2015
2015-12-09 00:23:49,834:6960(0x7f8706e49700):ZOO_INFO@log_env@733: Client environment:user.name=(null)
2015-12-09 00:23:49,834:6960(0x7f8706e49700):ZOO_INFO@log_env@741: Client environment:user.home=/root
2015-12-09 00:23:49,834:6960(0x7f8706e49700):ZOO_INFO@log_env@753: Client environment:user.dir=/var/lib/mesos/master
2015-12-09 00:23:49,834:6960(0x7f8706e49700):ZOO_INFO@zookeeper_init@786: Initiating client connection, host=n1:2181,n2:2181,n3:2181,n4:2181,n5:2181 sessionTimeout=10000 watcher=0x7f870da73200 sessionId=0 sessionPasswd=<null> context=0x1b8b4e0 flags=0
2015-12-09 00:23:49,834:6960(0x7f8705646700):ZOO_INFO@log_env@712: Client environment:zookeeper.version=zookeeper C client 3.4.5
2015-12-09 00:23:49,834:6960(0x7f8705646700):ZOO_INFO@log_env@716: Client environment:host.name=50fc3801d9f2
2015-12-09 00:23:49,834:6960(0x7f8705646700):ZOO_INFO@log_env@723: Client environment:os.name=Linux
2015-12-09 00:23:49,834:6960(0x7f8705646700):ZOO_INFO@log_env@724: Client environment:os.arch=4.1.12-boot2docker
2015-12-09 00:23:49,834:6960(0x7f8705646700):ZOO_INFO@log_env@725: Client environment:os.version=#1 SMP Tue Nov 3 06:03:36 UTC 2015
2015-12-09 00:23:49,834:6960(0x7f8705646700):ZOO_INFO@log_env@733: Client environment:user.name=(null)
2015-12-09 00:23:49,834:6960(0x7f8705646700):ZOO_INFO@log_env@741: Client environment:user.home=/root
2015-12-09 00:23:49,834:6960(0x7f8705646700):ZOO_INFO@log_env@753: Client environment:user.dir=/var/lib/mesos/master
2015-12-09 00:23:49,834:6960(0x7f8705646700):ZOO_INFO@zookeeper_init@786: Initiating client connection, host=n1:2181,n2:2181,n3:2181,n4:2181,n5:2181 sessionTimeout=10000 watcher=0x7f870da73200 sessionId=0 sessionPasswd=<null> context=0x7f86d8000d90 flags=0
I1209 00:23:49.834854  6960 main.cpp:306] Starting Mesos master
I1209 00:23:49.835800  6968 master.cpp:349] Master 20151209-002349-33554442-5050-6960 (n1) started on 10.0.0.2:5050
I1209 00:23:49.835826  6968 master.cpp:397] Master allowing unauthenticated frameworks to register
I1209 00:23:49.835832  6968 master.cpp:402] Master allowing unauthenticated slaves to register
I1209 00:23:49.836086  6963 hierarchical.hpp:287] Initialized hierarchical allocator process
I1209 00:23:49.839910  6963 whitelist_watcher.cpp:79] No whitelist given
I1209 00:23:49.842211  6963 contender.cpp:131] Joining the ZK group
I1209 00:23:49.842298  6968 master.cpp:1295] Successfully attached file '/var/log/mesos/mesos-master.INFO'
2015-12-09 00:23:49,862:6960(0x7f86e9ffb700):ZOO_INFO@check_events@1703: initiated connection to server [10.0.0.2:2181]
2015-12-09 00:23:49,862:6960(0x7f86e9ffb700):ZOO_INFO@check_events@1750: session establishment complete on server [10.0.0.2:2181], sessionId=0x55183fdf064000d, negotiated timeout=10000
I1209 00:23:49.863443  6963 group.cpp:313] Group process (group(4)@10.0.0.2:5050) connected to ZooKeeper
I1209 00:23:49.863468  6963 group.cpp:790] Syncing group operations: queue size (joins, cancels, datas) = (0, 0, 0)
I1209 00:23:49.863477  6963 group.cpp:385] Trying to create path '/mesos' in ZooKeeper
2015-12-09 00:23:49,886:6960(0x7f86ebfff700):ZOO_INFO@check_events@1703: initiated connection to server [10.0.0.6:2181]
2015-12-09 00:23:49,886:6960(0x7f86ebfff700):ZOO_INFO@check_events@1750: session establishment complete on server [10.0.0.6:2181], sessionId=0x151840888c60007, negotiated timeout=10000
I1209 00:23:49.886940  6966 group.cpp:313] Group process (group(2)@10.0.0.2:5050) connected to ZooKeeper
I1209 00:23:49.886963  6966 group.cpp:790] Syncing group operations: queue size (joins, cancels, datas) = (1, 0, 0)
I1209 00:23:49.886971  6966 group.cpp:385] Trying to create path '/mesos/log_replicas' in ZooKeeper
2015-12-09 00:23:49,895:6960(0x7f86eaffd700):ZOO_INFO@check_events@1703: initiated connection to server [10.0.0.3:2181]
2015-12-09 00:23:49,895:6960(0x7f86eaffd700):ZOO_INFO@check_events@1750: session establishment complete on server [10.0.0.3:2181], sessionId=0x45183fdeff20005, negotiated timeout=10000
I1209 00:23:49.895866  6967 group.cpp:313] Group process (group(3)@10.0.0.2:5050) connected to ZooKeeper
I1209 00:23:49.895886  6967 group.cpp:790] Syncing group operations: queue size (joins, cancels, datas) = (1, 0, 0)
I1209 00:23:49.895894  6967 group.cpp:385] Trying to create path '/mesos' in ZooKeeper
2015-12-09 00:23:49,915:6960(0x7f8701608700):ZOO_INFO@check_events@1703: initiated connection to server [10.0.0.3:2181]
2015-12-09 00:23:49,915:6960(0x7f8701608700):ZOO_INFO@check_events@1750: session establishment complete on server [10.0.0.3:2181], sessionId=0x45183fdeff20006, negotiated timeout=10000
I1209 00:23:49.926553  6964 master.cpp:1000] Dropping 'mesos.internal.RegisterFrameworkMessage' message since not elected yet
I1209 00:23:49.926798  6968 group.cpp:313] Group process (group(1)@10.0.0.2:5050) connected to ZooKeeper
I1209 00:23:49.926817  6968 group.cpp:790] Syncing group operations: queue size (joins, cancels, datas) = (0, 0, 0)
I1209 00:23:49.926825  6968 group.cpp:385] Trying to create path '/mesos/log_replicas' in ZooKeeper
I1209 00:23:49.940718  6963 group.cpp:717] Found non-sequence node 'log_replicas' at '/mesos' in ZooKeeper
I1209 00:23:49.940830  6963 detector.cpp:138] Detected a new leader: (id='1')
I1209 00:23:49.940909  6963 group.cpp:659] Trying to get '/mesos/info_0000000001' in ZooKeeper
I1209 00:23:49.941416  6963 detector.cpp:452] A new leading master (UPID=master@10.0.0.2:5050) is detected
I1209 00:23:49.941457  6963 master.cpp:1356] The newly elected leader is master@10.0.0.2:5050 with id 20151208-234739-33554442-5050-4904
I1209 00:23:49.952422  6962 contender.cpp:247] New candidate (id='4') has entered the contest for leadership
I1209 00:23:49.952865  6968 network.hpp:424] ZooKeeper group memberships changed
I1209 00:23:49.955585  6968 group.cpp:659] Trying to get '/mesos/log_replicas/0000000000' in ZooKeeper
I1209 00:23:49.956534  6967 group.cpp:717] Found non-sequence node 'log_replicas' at '/mesos' in ZooKeeper
I1209 00:23:49.960244  6968 group.cpp:659] Trying to get '/mesos/log_replicas/0000000001' in ZooKeeper
I1209 00:23:49.960626  6968 group.cpp:659] Trying to get '/mesos/log_replicas/0000000002' in ZooKeeper
I1209 00:23:49.960945  6968 group.cpp:659] Trying to get '/mesos/log_replicas/0000000003' in ZooKeeper
I1209 00:23:49.961288  6968 network.hpp:466] ZooKeeper group PIDs: { log-replica(1)@10.0.0.2:5050, log-replica(1)@10.0.0.3:5050, log-replica(1)@10.0.0.4:5050 }
I1209 00:23:49.961632  6968 replica.cpp:641] Replica in EMPTY status received a broadcasted recover request
I1209 00:23:49.961858  6968 recover.cpp:195] Received a recover response from a replica in EMPTY status
I1209 00:23:49.961678  6969 poll_socket.cpp:94] Socket error while connecting
I1209 00:23:49.961904  6969 process.cpp:1278] Failed to link, connect: Socket error while connecting
I1209 00:23:49.961940  6969 poll_socket.cpp:94] Socket error while connecting
I1209 00:23:49.961951  6969 process.cpp:1278] Failed to link, connect: Socket error while connecting
I1209 00:23:49.962191  6961 group.cpp:717] Found non-sequence node 'log_replicas' at '/mesos' in ZooKeeper
I1209 00:23:50.033483  6961 network.hpp:424] ZooKeeper group memberships changed
I1209 00:23:50.033584  6961 group.cpp:659] Trying to get '/mesos/log_replicas/0000000001' in ZooKeeper
I1209 00:23:50.042888  6967 group.cpp:717] Found non-sequence node 'log_replicas' at '/mesos' in ZooKeeper
I1209 00:23:50.043120  6961 group.cpp:659] Trying to get '/mesos/log_replicas/0000000002' in ZooKeeper
I1209 00:23:50.059886  6961 group.cpp:659] Trying to get '/mesos/log_replicas/0000000003' in ZooKeeper
I1209 00:23:50.083094  6964 master.cpp:1000] Dropping 'mesos.internal.RegisterFrameworkMessage' message since not elected yet
I1209 00:23:50.096108  6966 group.cpp:717] Found non-sequence node 'log_replicas' at '/mesos' in ZooKeeper
I1209 00:23:50.100561  6967 detector.cpp:126] The current leader (id=1) is lost
I1209 00:23:50.100580  6967 detector.cpp:138] Detected a new leader: (id='4')
I1209 00:23:50.100641  6967 group.cpp:659] Trying to get '/mesos/info_0000000004' in ZooKeeper
I1209 00:23:50.100975  6963 network.hpp:466] ZooKeeper group PIDs: { log-replica(1)@10.0.0.2:5050, log-replica(1)@10.0.0.4:5050 }
I1209 00:23:50.108265  6969 poll_socket.cpp:94] Socket error while connecting
I1209 00:23:50.108292  6969 process.cpp:1278] Failed to link, connect: Socket error while connecting
I1209 00:23:50.108350  6966 group.cpp:717] Found non-sequence node 'log_replicas' at '/mesos' in ZooKeeper
I1209 00:23:50.109765  6967 detector.cpp:452] A new leading master (UPID=master@10.0.0.2:5050) is detected
I1209 00:23:50.110648  6967 master.cpp:1356] The newly elected leader is master@10.0.0.2:5050 with id 20151209-002349-33554442-5050-6960
I1209 00:23:50.110677  6967 master.cpp:1369] Elected as the leading master!
I1209 00:23:50.110685  6967 master.cpp:1187] Recovering from registrar
I1209 00:23:50.110728  6967 registrar.cpp:313] Recovering registrar
I1209 00:23:50.124681  6961 network.hpp:424] ZooKeeper group memberships changed
I1209 00:23:50.124769  6961 group.cpp:659] Trying to get '/mesos/log_replicas/0000000003' in ZooKeeper
I1209 00:23:50.126368  6961 network.hpp:466] ZooKeeper group PIDs: { log-replica(1)@10.0.0.2:5050 }
I1209 00:23:50.373071  6961 master.cpp:1014] Dropping 'mesos.internal.ReregisterSlaveMessage' message since not recovered yet
I1209 00:23:50.376915  6965 group.cpp:717] Found non-sequence node 'log_replicas' at '/mesos' in ZooKeeper
I1209 00:23:50.381253  6965 group.cpp:717] Found non-sequence node 'log_replicas' at '/mesos' in ZooKeeper
I1209 00:23:50.416029  6966 replica.cpp:641] Replica in EMPTY status received a broadcasted recover request
I1209 00:23:50.416872  6968 network.hpp:424] ZooKeeper group memberships changed
I1209 00:23:50.417687  6968 group.cpp:659] Trying to get '/mesos/log_replicas/0000000003' in ZooKeeper
I1209 00:23:50.419507  6968 group.cpp:659] Trying to get '/mesos/log_replicas/0000000004' in ZooKeeper
I1209 00:23:50.433148  6968 network.hpp:466] ZooKeeper group PIDs: { log-replica(1)@10.0.0.2:5050, log-replica(1)@10.0.0.3:5050 }
I1209 00:23:50.513241  6968 network.hpp:424] ZooKeeper group memberships changed
I1209 00:23:50.513312  6968 group.cpp:659] Trying to get '/mesos/log_replicas/0000000003' in ZooKeeper
I1209 00:23:50.516616  6968 group.cpp:659] Trying to get '/mesos/log_replicas/0000000004' in ZooKeeper
I1209 00:23:50.517009  6968 group.cpp:659] Trying to get '/mesos/log_replicas/0000000005' in ZooKeeper
I1209 00:23:50.522490  6968 network.hpp:466] ZooKeeper group PIDs: { log-replica(1)@10.0.0.2:5050, log-replica(1)@10.0.0.3:5050, log-replica(1)@10.0.0.4:5050 }
I1209 00:23:50.598147  6968 group.cpp:717] Found non-sequence node 'log_replicas' at '/mesos' in ZooKeeper
I1209 00:23:50.605159  6968 master.cpp:1014] Dropping 'mesos.internal.RegisterSlaveMessage' message since not recovered yet
I1209 00:23:50.608455  6962 group.cpp:717] Found non-sequence node 'log_replicas' at '/mesos' in ZooKeeper
I1209 00:23:50.619529  6964 replica.cpp:641] Replica in EMPTY status received a broadcasted recover request
I1209 00:23:50.632887  6967 replica.cpp:641] Replica in EMPTY status received a broadcasted recover request
I1209 00:23:50.659818  6961 master.cpp:1014] Dropping 'mesos.internal.RegisterSlaveMessage' message since not recovered yet
I1209 00:23:50.840366  6961 hierarchical.hpp:834] No resources available to allocate!
I1209 00:23:50.840772  6961 hierarchical.hpp:741] Performed allocation for 0 slaves in 413530ns
I1209 00:23:50.952476  6965 master.cpp:1014] Dropping 'mesos.internal.RegisterSlaveMessage' message since not recovered yet
I1209 00:23:51.282387  6965 replica.cpp:641] Replica in EMPTY status received a broadcasted recover request
I1209 00:23:51.407347  6963 replica.cpp:641] Replica in EMPTY status received a broadcasted recover request
I1209 00:23:51.441587  6966 replica.cpp:641] Replica in EMPTY status received a broadcasted recover request
I1209 00:23:51.825393  6968 replica.cpp:641] Replica in EMPTY status received a broadcasted recover request
I1209 00:23:51.841372  6962 hierarchical.hpp:834] No resources available to allocate!
I1209 00:23:51.842031  6962 hierarchical.hpp:741] Performed allocation for 0 slaves in 666170ns
I1209 00:23:52.382987  6964 replica.cpp:641] Replica in EMPTY status received a broadcasted recover request
I1209 00:23:52.699659  6967 master.cpp:1014] Dropping 'mesos.internal.RegisterSlaveMessage' message since not recovered yet
I1209 00:23:52.755944  6961 replica.cpp:641] Replica in EMPTY status received a broadcasted recover request
I1209 00:23:52.843885  6965 hierarchical.hpp:834] No resources available to allocate!
I1209 00:23:52.845703  6965 hierarchical.hpp:741] Performed allocation for 0 slaves in 1.82568ms
I1209 00:23:52.970270  6963 replica.cpp:641] Replica in EMPTY status received a broadcasted recover request
I1209 00:23:53.433537  6966 replica.cpp:641] Replica in EMPTY status received a broadcasted recover request
I1209 00:23:53.654110  6968 replica.cpp:641] Replica in EMPTY status received a broadcasted recover request
I1209 00:23:53.854046  6962 hierarchical.hpp:834] No resources available to allocate!
I1209 00:23:53.860748  6962 hierarchical.hpp:741] Performed allocation for 0 slaves in 6.70604ms
2015-12-09 00:23:53,950:6960(0x7f86e9ffb700):ZOO_WARN@zookeeper_interest@1557: Exceeded deadline by 20ms
2015-12-09 00:23:53,950:6960(0x7f86eaffd700):ZOO_WARN@zookeeper_interest@1557: Exceeded deadline by 19ms
I1209 00:23:54.203429  6964 replica.cpp:641] Replica in EMPTY status received a broadcasted recover request
I1209 00:23:54.367682  6967 replica.cpp:641] Replica in EMPTY status received a broadcasted recover request
I1209 00:23:54.562024  6961 master.cpp:1014] Dropping 'mesos.internal.RegisterSlaveMessage' message since not recovered yet
I1209 00:23:54.760671  6965 master.cpp:1014] Dropping 'mesos.internal.RegisterSlaveMessage' message since not recovered yet
I1209 00:23:54.807600  6963 replica.cpp:641] Replica in EMPTY status received a broadcasted recover request
I1209 00:23:54.871018  6966 hierarchical.hpp:834] No resources available to allocate!
I1209 00:23:54.871114  6966 hierarchical.hpp:741] Performed allocation for 0 slaves in 103341ns
I1209 00:23:55.204406  6968 replica.cpp:641] Replica in EMPTY status received a broadcasted recover request
I1209 00:23:55.433068  6962 master.cpp:1014] Dropping 'mesos.internal.RegisterSlaveMessage' message since not recovered yet
I1209 00:23:55.436192  6964 replica.cpp:641] Replica in EMPTY status received a broadcasted recover request
I1209 00:23:55.874409  6967 hierarchical.hpp:834] No resources available to allocate!
I1209 00:23:55.874487  6967 hierarchical.hpp:741] Performed allocation for 0 slaves in 88584ns
I1209 00:23:56.150852  6961 replica.cpp:641] Replica in EMPTY status received a broadcasted recover request
I1209 00:23:56.334796  6965 replica.cpp:641] Replica in EMPTY status received a broadcasted recover request
I1209 00:23:56.877121  6963 hierarchical.hpp:834] No resources available to allocate!
I1209 00:23:56.877194  6963 hierarchical.hpp:741] Performed allocation for 0 slaves in 85261ns
I1209 00:23:56.997649  6966 replica.cpp:641] Replica in EMPTY status received a broadcasted recover request
I1209 00:23:57.010479  6968 master.cpp:1014] Dropping 'mesos.internal.RegisterSlaveMessage' message since not recovered yet
I1209 00:23:57.101279  6964 replica.cpp:641] Replica in EMPTY status received a broadcasted recover request
2015-12-09 00:23:57,228:6960(0x7f8701608700):ZOO_WARN@zookeeper_interest@1557: Exceeded deadline by 33ms
2015-12-09 00:23:57,228:6960(0x7f86ebfff700):ZOO_WARN@zookeeper_interest@1557: Exceeded deadline by 33ms
I1209 00:23:57.835711  6967 master.cpp:1014] Dropping 'mesos.internal.RegisterSlaveMessage' message since not recovered yet
I1209 00:23:57.859453  6967 master.cpp:1014] Dropping 'mesos.internal.RegisterSlaveMessage' message since not recovered yet
I1209 00:23:57.882527  6961 hierarchical.hpp:834] No resources available to allocate!
I1209 00:23:57.882601  6961 hierarchical.hpp:741] Performed allocation for 0 slaves in 83178ns
I1209 00:23:57.882570  6965 replica.cpp:641] Replica in EMPTY status received a broadcasted recover request
I1209 00:23:57.978098  6963 replica.cpp:641] Replica in EMPTY status received a broadcasted recover request
I1209 00:23:58.572238  6968 replica.cpp:641] Replica in EMPTY status received a broadcasted recover request
I1209 00:23:58.749864  6966 replica.cpp:641] Replica in EMPTY status received a broadcasted recover request
I1209 00:23:58.896973  6962 hierarchical.hpp:834] No resources available to allocate!
I1209 00:23:58.897048  6962 hierarchical.hpp:741] Performed allocation for 0 slaves in 85424ns
I1209 00:23:59.301847  6964 replica.cpp:641] Replica in EMPTY status received a broadcasted recover request
I1209 00:23:59.309917  6967 replica.cpp:641] Replica in EMPTY status received a broadcasted recover request
I1209 00:23:59.833966  6969 recover.cpp:111] Unable to finish the recover protocol in 10secs, retrying
I1209 00:23:59.834334  6961 replica.cpp:641] Replica in EMPTY status received a broadcasted recover request
I1209 00:23:59.834378  6961 recover.cpp:195] Received a recover response from a replica in EMPTY status
I1209 00:23:59.860357  6961 recover.cpp:195] Received a recover response from a replica in STARTING status
I1209 00:23:59.862043  6965 replica.cpp:641] Replica in EMPTY status received a broadcasted recover request
I1209 00:23:59.884784  6963 recover.cpp:195] Received a recover response from a replica in STARTING status
I1209 00:23:59.887128  6963 recover.cpp:566] Updating replica status to STARTING
I1209 00:23:59.888943  6963 leveldb.cpp:306] Persisting metadata (8 bytes) to leveldb took 1.729028ms
I1209 00:23:59.888986  6963 replica.cpp:323] Persisted replica status to STARTING
I1209 00:23:59.889032  6963 recover.cpp:475] Replica is in STARTING status
I1209 00:23:59.889219  6963 replica.cpp:641] Replica in STARTING status received a broadcasted recover request
I1209 00:23:59.890426  6963 recover.cpp:195] Received a recover response from a replica in STARTING status
I1209 00:23:59.913787  6963 hierarchical.hpp:834] No resources available to allocate!
I1209 00:23:59.913931  6963 hierarchical.hpp:741] Performed allocation for 0 slaves in 150625ns
I1209 00:23:59.913887  6968 recover.cpp:195] Received a recover response from a replica in STARTING status
I1209 00:23:59.920403  6968 recover.cpp:195] Received a recover response from a replica in STARTING status
I1209 00:23:59.920497  6968 recover.cpp:566] Updating replica status to VOTING
I1209 00:23:59.920828  6968 leveldb.cpp:306] Persisting metadata (8 bytes) to leveldb took 297435ns
I1209 00:23:59.920846  6968 replica.cpp:323] Persisted replica status to VOTING
I1209 00:23:59.920868  6968 recover.cpp:580] Successfully joined the Paxos group
I1209 00:23:59.920892  6968 recover.cpp:464] Recover process terminated
I1209 00:23:59.920948  6968 log.cpp:660] Attempting to start the writer
I1209 00:23:59.921167  6968 replica.cpp:477] Replica received implicit promise request with proposal 1
I1209 00:23:59.927055  6968 leveldb.cpp:306] Persisting metadata (8 bytes) to leveldb took 277548ns
I1209 00:23:59.927078  6968 replica.cpp:345] Persisted promised to 1
I1209 00:24:00.164669  6968 replica.cpp:641] Replica in VOTING status received a broadcasted recover request
2015-12-09 00:24:00,630:6960(0x7f86e9ffb700):ZOO_WARN@zookeeper_interest@1557: Exceeded deadline by 12ms
2015-12-09 00:24:00,630:6960(0x7f86eaffd700):ZOO_WARN@zookeeper_interest@1557: Exceeded deadline by 11ms
I1209 00:24:00.732300  6966 replica.cpp:641] Replica in VOTING status received a broadcasted recover request
I1209 00:24:00.770664  6962 replica.cpp:378] Replica received explicit promise request for position 0 with proposal 0
I1209 00:24:00.914549  6964 replica.cpp:378] Replica received explicit promise request for position 0 with proposal 2
I1209 00:24:00.932772  6967 hierarchical.hpp:834] No resources available to allocate!
I1209 00:24:00.932843  6967 hierarchical.hpp:741] Performed allocation for 0 slaves in 81101ns
I1209 00:24:00.933037  6964 leveldb.cpp:343] Persisting action (8 bytes) to leveldb took 18.39466ms
I1209 00:24:00.933068  6964 replica.cpp:679] Persisted action at 0
I1209 00:24:00.968628  6965 replica.cpp:511] Replica received write request for position 0
I1209 00:24:00.968722  6965 leveldb.cpp:438] Reading position from leveldb took 20048ns
I1209 00:24:00.975611  6965 leveldb.cpp:343] Persisting action (14 bytes) to leveldb took 6.861223ms
I1209 00:24:00.975661  6965 replica.cpp:679] Persisted action at 0
I1209 00:24:00.994530  6961 replica.cpp:658] Replica received learned notice for position 0
I1209 00:24:00.996700  6961 leveldb.cpp:343] Persisting action (16 bytes) to leveldb took 892647ns
I1209 00:24:00.996727  6961 replica.cpp:679] Persisted action at 0
I1209 00:24:00.996737  6961 replica.cpp:664] Replica learned NOP action at position 0
I1209 00:24:01.937652  6963 hierarchical.hpp:834] No resources available to allocate!
I1209 00:24:01.937729  6963 hierarchical.hpp:741] Performed allocation for 0 slaves in 101147ns
I1209 00:24:02.537776  6968 master.cpp:1014] Dropping 'mesos.internal.RegisterSlaveMessage' message since not recovered yet
I1209 00:24:02.872316  6966 master.cpp:1014] Dropping 'mesos.internal.RegisterSlaveMessage' message since not recovered yet
I1209 00:24:02.943347  6962 hierarchical.hpp:834] No resources available to allocate!
I1209 00:24:02.943419  6962 hierarchical.hpp:741] Performed allocation for 0 slaves in 82640ns
I1209 00:24:03.795948  6967 master.cpp:1014] Dropping 'mesos.internal.RegisterSlaveMessage' message since not recovered yet
I1209 00:24:03.956257  6964 hierarchical.hpp:834] No resources available to allocate!
I1209 00:24:03.956339  6964 hierarchical.hpp:741] Performed allocation for 0 slaves in 89764ns
